[2025-02-23T04:46:43.772+0000] {processor.py:186} INFO - Started process (PID=110) to work on /home/airflow/.local/lib/python3.12/site-packages/airflow/example_dags/example_short_circuit_operator.py
[2025-02-23T04:46:43.772+0000] {processor.py:914} INFO - Processing file /home/airflow/.local/lib/python3.12/site-packages/airflow/example_dags/example_short_circuit_operator.py for tasks to queue
[2025-02-23T04:46:43.774+0000] {logging_mixin.py:190} INFO - [2025-02-23T04:46:43.774+0000] {dagbag.py:588} INFO - Filling up the DagBag from /home/airflow/.local/lib/python3.12/site-packages/airflow/example_dags/example_short_circuit_operator.py
[2025-02-23T04:46:43.784+0000] {processor.py:925} INFO - DAG(s) 'example_short_circuit_operator' retrieved from /home/airflow/.local/lib/python3.12/site-packages/airflow/example_dags/example_short_circuit_operator.py
[2025-02-23T04:46:43.883+0000] {logging_mixin.py:190} INFO - [2025-02-23T04:46:43.882+0000] {override.py:1911} INFO - Created Permission View: can read on DAG:example_short_circuit_operator
[2025-02-23T04:46:43.890+0000] {logging_mixin.py:190} INFO - [2025-02-23T04:46:43.889+0000] {override.py:1911} INFO - Created Permission View: can delete on DAG:example_short_circuit_operator
[2025-02-23T04:46:43.894+0000] {logging_mixin.py:190} INFO - [2025-02-23T04:46:43.894+0000] {override.py:1911} INFO - Created Permission View: can edit on DAG:example_short_circuit_operator
[2025-02-23T04:46:43.898+0000] {logging_mixin.py:190} INFO - [2025-02-23T04:46:43.898+0000] {override.py:1911} INFO - Created Permission View: can read on DAG Run:example_short_circuit_operator
[2025-02-23T04:46:43.902+0000] {logging_mixin.py:190} INFO - [2025-02-23T04:46:43.902+0000] {override.py:1911} INFO - Created Permission View: can create on DAG Run:example_short_circuit_operator
[2025-02-23T04:46:43.907+0000] {logging_mixin.py:190} INFO - [2025-02-23T04:46:43.907+0000] {override.py:1911} INFO - Created Permission View: can delete on DAG Run:example_short_circuit_operator
[2025-02-23T04:46:43.911+0000] {logging_mixin.py:190} INFO - [2025-02-23T04:46:43.911+0000] {override.py:1911} INFO - Created Permission View: menu access on DAG Run:example_short_circuit_operator
[2025-02-23T04:46:43.911+0000] {logging_mixin.py:190} INFO - [2025-02-23T04:46:43.911+0000] {dag.py:3239} INFO - Sync 1 DAGs
[2025-02-23T04:46:43.922+0000] {logging_mixin.py:190} INFO - [2025-02-23T04:46:43.921+0000] {dag.py:3262} INFO - Creating ORM DAG for example_short_circuit_operator
[2025-02-23T04:46:43.922+0000] {logging_mixin.py:190} INFO - [2025-02-23T04:46:43.922+0000] {dag.py:4180} INFO - Setting next_dagrun for example_short_circuit_operator to None, run_after=None
[2025-02-23T04:46:43.933+0000] {processor.py:208} INFO - Processing /home/airflow/.local/lib/python3.12/site-packages/airflow/example_dags/example_short_circuit_operator.py took 0.167 seconds
[2025-02-23T04:47:14.715+0000] {processor.py:186} INFO - Started process (PID=173) to work on /home/airflow/.local/lib/python3.12/site-packages/airflow/example_dags/example_short_circuit_operator.py
[2025-02-23T04:47:14.716+0000] {processor.py:914} INFO - Processing file /home/airflow/.local/lib/python3.12/site-packages/airflow/example_dags/example_short_circuit_operator.py for tasks to queue
[2025-02-23T04:47:14.718+0000] {logging_mixin.py:190} INFO - [2025-02-23T04:47:14.718+0000] {dagbag.py:588} INFO - Filling up the DagBag from /home/airflow/.local/lib/python3.12/site-packages/airflow/example_dags/example_short_circuit_operator.py
[2025-02-23T04:47:14.726+0000] {processor.py:925} INFO - DAG(s) 'example_short_circuit_operator' retrieved from /home/airflow/.local/lib/python3.12/site-packages/airflow/example_dags/example_short_circuit_operator.py
[2025-02-23T04:47:14.746+0000] {logging_mixin.py:190} INFO - [2025-02-23T04:47:14.746+0000] {dag.py:3239} INFO - Sync 1 DAGs
[2025-02-23T04:47:14.760+0000] {logging_mixin.py:190} INFO - [2025-02-23T04:47:14.760+0000] {dag.py:4180} INFO - Setting next_dagrun for example_short_circuit_operator to None, run_after=None
[2025-02-23T04:47:14.773+0000] {processor.py:208} INFO - Processing /home/airflow/.local/lib/python3.12/site-packages/airflow/example_dags/example_short_circuit_operator.py took 0.062 seconds
[2025-02-23T04:47:45.711+0000] {processor.py:186} INFO - Started process (PID=236) to work on /home/airflow/.local/lib/python3.12/site-packages/airflow/example_dags/example_short_circuit_operator.py
[2025-02-23T04:47:45.712+0000] {processor.py:914} INFO - Processing file /home/airflow/.local/lib/python3.12/site-packages/airflow/example_dags/example_short_circuit_operator.py for tasks to queue
[2025-02-23T04:47:45.714+0000] {logging_mixin.py:190} INFO - [2025-02-23T04:47:45.713+0000] {dagbag.py:588} INFO - Filling up the DagBag from /home/airflow/.local/lib/python3.12/site-packages/airflow/example_dags/example_short_circuit_operator.py
[2025-02-23T04:47:45.720+0000] {processor.py:925} INFO - DAG(s) 'example_short_circuit_operator' retrieved from /home/airflow/.local/lib/python3.12/site-packages/airflow/example_dags/example_short_circuit_operator.py
[2025-02-23T04:47:45.737+0000] {logging_mixin.py:190} INFO - [2025-02-23T04:47:45.736+0000] {dag.py:3239} INFO - Sync 1 DAGs
[2025-02-23T04:47:45.747+0000] {logging_mixin.py:190} INFO - [2025-02-23T04:47:45.747+0000] {dag.py:4180} INFO - Setting next_dagrun for example_short_circuit_operator to None, run_after=None
[2025-02-23T04:47:45.759+0000] {processor.py:208} INFO - Processing /home/airflow/.local/lib/python3.12/site-packages/airflow/example_dags/example_short_circuit_operator.py took 0.052 seconds
[2025-02-23T04:48:16.633+0000] {processor.py:186} INFO - Started process (PID=300) to work on /home/airflow/.local/lib/python3.12/site-packages/airflow/example_dags/example_short_circuit_operator.py
[2025-02-23T04:48:16.633+0000] {processor.py:914} INFO - Processing file /home/airflow/.local/lib/python3.12/site-packages/airflow/example_dags/example_short_circuit_operator.py for tasks to queue
[2025-02-23T04:48:16.635+0000] {logging_mixin.py:190} INFO - [2025-02-23T04:48:16.635+0000] {dagbag.py:588} INFO - Filling up the DagBag from /home/airflow/.local/lib/python3.12/site-packages/airflow/example_dags/example_short_circuit_operator.py
[2025-02-23T04:48:16.641+0000] {processor.py:925} INFO - DAG(s) 'example_short_circuit_operator' retrieved from /home/airflow/.local/lib/python3.12/site-packages/airflow/example_dags/example_short_circuit_operator.py
[2025-02-23T04:48:16.658+0000] {logging_mixin.py:190} INFO - [2025-02-23T04:48:16.658+0000] {dag.py:3239} INFO - Sync 1 DAGs
[2025-02-23T04:48:16.669+0000] {logging_mixin.py:190} INFO - [2025-02-23T04:48:16.669+0000] {dag.py:4180} INFO - Setting next_dagrun for example_short_circuit_operator to None, run_after=None
[2025-02-23T04:48:16.681+0000] {processor.py:208} INFO - Processing /home/airflow/.local/lib/python3.12/site-packages/airflow/example_dags/example_short_circuit_operator.py took 0.052 seconds
[2025-02-23T04:48:47.222+0000] {processor.py:186} INFO - Started process (PID=363) to work on /home/airflow/.local/lib/python3.12/site-packages/airflow/example_dags/example_short_circuit_operator.py
[2025-02-23T04:48:47.223+0000] {processor.py:914} INFO - Processing file /home/airflow/.local/lib/python3.12/site-packages/airflow/example_dags/example_short_circuit_operator.py for tasks to queue
[2025-02-23T04:48:47.224+0000] {logging_mixin.py:190} INFO - [2025-02-23T04:48:47.224+0000] {dagbag.py:588} INFO - Filling up the DagBag from /home/airflow/.local/lib/python3.12/site-packages/airflow/example_dags/example_short_circuit_operator.py
[2025-02-23T04:48:47.231+0000] {processor.py:925} INFO - DAG(s) 'example_short_circuit_operator' retrieved from /home/airflow/.local/lib/python3.12/site-packages/airflow/example_dags/example_short_circuit_operator.py
[2025-02-23T04:48:47.249+0000] {logging_mixin.py:190} INFO - [2025-02-23T04:48:47.249+0000] {dag.py:3239} INFO - Sync 1 DAGs
[2025-02-23T04:48:47.262+0000] {logging_mixin.py:190} INFO - [2025-02-23T04:48:47.262+0000] {dag.py:4180} INFO - Setting next_dagrun for example_short_circuit_operator to None, run_after=None
[2025-02-23T04:48:47.280+0000] {processor.py:208} INFO - Processing /home/airflow/.local/lib/python3.12/site-packages/airflow/example_dags/example_short_circuit_operator.py took 0.062 seconds
[2025-02-23T04:49:18.363+0000] {processor.py:186} INFO - Started process (PID=426) to work on /home/airflow/.local/lib/python3.12/site-packages/airflow/example_dags/example_short_circuit_operator.py
[2025-02-23T04:49:18.364+0000] {processor.py:914} INFO - Processing file /home/airflow/.local/lib/python3.12/site-packages/airflow/example_dags/example_short_circuit_operator.py for tasks to queue
[2025-02-23T04:49:18.365+0000] {logging_mixin.py:190} INFO - [2025-02-23T04:49:18.365+0000] {dagbag.py:588} INFO - Filling up the DagBag from /home/airflow/.local/lib/python3.12/site-packages/airflow/example_dags/example_short_circuit_operator.py
[2025-02-23T04:49:18.372+0000] {processor.py:925} INFO - DAG(s) 'example_short_circuit_operator' retrieved from /home/airflow/.local/lib/python3.12/site-packages/airflow/example_dags/example_short_circuit_operator.py
[2025-02-23T04:49:18.392+0000] {logging_mixin.py:190} INFO - [2025-02-23T04:49:18.392+0000] {dag.py:3239} INFO - Sync 1 DAGs
[2025-02-23T04:49:18.403+0000] {logging_mixin.py:190} INFO - [2025-02-23T04:49:18.403+0000] {dag.py:4180} INFO - Setting next_dagrun for example_short_circuit_operator to None, run_after=None
[2025-02-23T04:49:18.416+0000] {processor.py:208} INFO - Processing /home/airflow/.local/lib/python3.12/site-packages/airflow/example_dags/example_short_circuit_operator.py took 0.056 seconds
[2025-02-23T04:49:49.514+0000] {processor.py:186} INFO - Started process (PID=489) to work on /home/airflow/.local/lib/python3.12/site-packages/airflow/example_dags/example_short_circuit_operator.py
[2025-02-23T04:49:49.515+0000] {processor.py:914} INFO - Processing file /home/airflow/.local/lib/python3.12/site-packages/airflow/example_dags/example_short_circuit_operator.py for tasks to queue
[2025-02-23T04:49:49.517+0000] {logging_mixin.py:190} INFO - [2025-02-23T04:49:49.516+0000] {dagbag.py:588} INFO - Filling up the DagBag from /home/airflow/.local/lib/python3.12/site-packages/airflow/example_dags/example_short_circuit_operator.py
[2025-02-23T04:49:49.524+0000] {processor.py:925} INFO - DAG(s) 'example_short_circuit_operator' retrieved from /home/airflow/.local/lib/python3.12/site-packages/airflow/example_dags/example_short_circuit_operator.py
[2025-02-23T04:49:49.543+0000] {logging_mixin.py:190} INFO - [2025-02-23T04:49:49.543+0000] {dag.py:3239} INFO - Sync 1 DAGs
[2025-02-23T04:49:49.559+0000] {logging_mixin.py:190} INFO - [2025-02-23T04:49:49.558+0000] {dag.py:4180} INFO - Setting next_dagrun for example_short_circuit_operator to None, run_after=None
[2025-02-23T04:49:49.573+0000] {processor.py:208} INFO - Processing /home/airflow/.local/lib/python3.12/site-packages/airflow/example_dags/example_short_circuit_operator.py took 0.063 seconds
[2025-02-23T04:50:20.700+0000] {processor.py:186} INFO - Started process (PID=552) to work on /home/airflow/.local/lib/python3.12/site-packages/airflow/example_dags/example_short_circuit_operator.py
[2025-02-23T04:50:20.701+0000] {processor.py:914} INFO - Processing file /home/airflow/.local/lib/python3.12/site-packages/airflow/example_dags/example_short_circuit_operator.py for tasks to queue
[2025-02-23T04:50:20.703+0000] {logging_mixin.py:190} INFO - [2025-02-23T04:50:20.703+0000] {dagbag.py:588} INFO - Filling up the DagBag from /home/airflow/.local/lib/python3.12/site-packages/airflow/example_dags/example_short_circuit_operator.py
[2025-02-23T04:50:20.710+0000] {processor.py:925} INFO - DAG(s) 'example_short_circuit_operator' retrieved from /home/airflow/.local/lib/python3.12/site-packages/airflow/example_dags/example_short_circuit_operator.py
[2025-02-23T04:50:20.728+0000] {logging_mixin.py:190} INFO - [2025-02-23T04:50:20.728+0000] {dag.py:3239} INFO - Sync 1 DAGs
[2025-02-23T04:50:20.740+0000] {logging_mixin.py:190} INFO - [2025-02-23T04:50:20.740+0000] {dag.py:4180} INFO - Setting next_dagrun for example_short_circuit_operator to None, run_after=None
[2025-02-23T04:50:20.759+0000] {processor.py:208} INFO - Processing /home/airflow/.local/lib/python3.12/site-packages/airflow/example_dags/example_short_circuit_operator.py took 0.063 seconds
[2025-02-23T04:50:51.811+0000] {processor.py:186} INFO - Started process (PID=615) to work on /home/airflow/.local/lib/python3.12/site-packages/airflow/example_dags/example_short_circuit_operator.py
[2025-02-23T04:50:51.812+0000] {processor.py:914} INFO - Processing file /home/airflow/.local/lib/python3.12/site-packages/airflow/example_dags/example_short_circuit_operator.py for tasks to queue
[2025-02-23T04:50:51.815+0000] {logging_mixin.py:190} INFO - [2025-02-23T04:50:51.814+0000] {dagbag.py:588} INFO - Filling up the DagBag from /home/airflow/.local/lib/python3.12/site-packages/airflow/example_dags/example_short_circuit_operator.py
[2025-02-23T04:50:51.824+0000] {processor.py:925} INFO - DAG(s) 'example_short_circuit_operator' retrieved from /home/airflow/.local/lib/python3.12/site-packages/airflow/example_dags/example_short_circuit_operator.py
[2025-02-23T04:50:51.862+0000] {logging_mixin.py:190} INFO - [2025-02-23T04:50:51.862+0000] {dag.py:3239} INFO - Sync 1 DAGs
[2025-02-23T04:50:51.878+0000] {logging_mixin.py:190} INFO - [2025-02-23T04:50:51.877+0000] {dag.py:4180} INFO - Setting next_dagrun for example_short_circuit_operator to None, run_after=None
[2025-02-23T04:50:51.894+0000] {processor.py:208} INFO - Processing /home/airflow/.local/lib/python3.12/site-packages/airflow/example_dags/example_short_circuit_operator.py took 0.090 seconds
[2025-02-23T04:51:22.839+0000] {processor.py:186} INFO - Started process (PID=678) to work on /home/airflow/.local/lib/python3.12/site-packages/airflow/example_dags/example_short_circuit_operator.py
[2025-02-23T04:51:22.839+0000] {processor.py:914} INFO - Processing file /home/airflow/.local/lib/python3.12/site-packages/airflow/example_dags/example_short_circuit_operator.py for tasks to queue
[2025-02-23T04:51:22.841+0000] {logging_mixin.py:190} INFO - [2025-02-23T04:51:22.841+0000] {dagbag.py:588} INFO - Filling up the DagBag from /home/airflow/.local/lib/python3.12/site-packages/airflow/example_dags/example_short_circuit_operator.py
[2025-02-23T04:51:22.848+0000] {processor.py:925} INFO - DAG(s) 'example_short_circuit_operator' retrieved from /home/airflow/.local/lib/python3.12/site-packages/airflow/example_dags/example_short_circuit_operator.py
[2025-02-23T04:51:22.868+0000] {logging_mixin.py:190} INFO - [2025-02-23T04:51:22.868+0000] {dag.py:3239} INFO - Sync 1 DAGs
[2025-02-23T04:51:22.882+0000] {logging_mixin.py:190} INFO - [2025-02-23T04:51:22.882+0000] {dag.py:4180} INFO - Setting next_dagrun for example_short_circuit_operator to None, run_after=None
[2025-02-23T04:51:22.898+0000] {processor.py:208} INFO - Processing /home/airflow/.local/lib/python3.12/site-packages/airflow/example_dags/example_short_circuit_operator.py took 0.064 seconds
[2025-02-23T04:51:53.667+0000] {processor.py:186} INFO - Started process (PID=741) to work on /home/airflow/.local/lib/python3.12/site-packages/airflow/example_dags/example_short_circuit_operator.py
[2025-02-23T04:51:53.668+0000] {processor.py:914} INFO - Processing file /home/airflow/.local/lib/python3.12/site-packages/airflow/example_dags/example_short_circuit_operator.py for tasks to queue
[2025-02-23T04:51:53.669+0000] {logging_mixin.py:190} INFO - [2025-02-23T04:51:53.669+0000] {dagbag.py:588} INFO - Filling up the DagBag from /home/airflow/.local/lib/python3.12/site-packages/airflow/example_dags/example_short_circuit_operator.py
[2025-02-23T04:51:53.676+0000] {processor.py:925} INFO - DAG(s) 'example_short_circuit_operator' retrieved from /home/airflow/.local/lib/python3.12/site-packages/airflow/example_dags/example_short_circuit_operator.py
[2025-02-23T04:51:53.696+0000] {logging_mixin.py:190} INFO - [2025-02-23T04:51:53.696+0000] {dag.py:3239} INFO - Sync 1 DAGs
[2025-02-23T04:51:53.709+0000] {logging_mixin.py:190} INFO - [2025-02-23T04:51:53.709+0000] {dag.py:4180} INFO - Setting next_dagrun for example_short_circuit_operator to None, run_after=None
[2025-02-23T04:51:53.722+0000] {processor.py:208} INFO - Processing /home/airflow/.local/lib/python3.12/site-packages/airflow/example_dags/example_short_circuit_operator.py took 0.060 seconds
[2025-02-23T04:52:24.382+0000] {processor.py:186} INFO - Started process (PID=804) to work on /home/airflow/.local/lib/python3.12/site-packages/airflow/example_dags/example_short_circuit_operator.py
[2025-02-23T04:52:24.383+0000] {processor.py:914} INFO - Processing file /home/airflow/.local/lib/python3.12/site-packages/airflow/example_dags/example_short_circuit_operator.py for tasks to queue
[2025-02-23T04:52:24.385+0000] {logging_mixin.py:190} INFO - [2025-02-23T04:52:24.384+0000] {dagbag.py:588} INFO - Filling up the DagBag from /home/airflow/.local/lib/python3.12/site-packages/airflow/example_dags/example_short_circuit_operator.py
[2025-02-23T04:52:24.393+0000] {processor.py:925} INFO - DAG(s) 'example_short_circuit_operator' retrieved from /home/airflow/.local/lib/python3.12/site-packages/airflow/example_dags/example_short_circuit_operator.py
[2025-02-23T04:52:24.415+0000] {logging_mixin.py:190} INFO - [2025-02-23T04:52:24.415+0000] {dag.py:3239} INFO - Sync 1 DAGs
[2025-02-23T04:52:24.429+0000] {logging_mixin.py:190} INFO - [2025-02-23T04:52:24.429+0000] {dag.py:4180} INFO - Setting next_dagrun for example_short_circuit_operator to None, run_after=None
[2025-02-23T04:52:24.445+0000] {processor.py:208} INFO - Processing /home/airflow/.local/lib/python3.12/site-packages/airflow/example_dags/example_short_circuit_operator.py took 0.067 seconds
[2025-02-23T04:52:55.120+0000] {processor.py:186} INFO - Started process (PID=867) to work on /home/airflow/.local/lib/python3.12/site-packages/airflow/example_dags/example_short_circuit_operator.py
[2025-02-23T04:52:55.121+0000] {processor.py:914} INFO - Processing file /home/airflow/.local/lib/python3.12/site-packages/airflow/example_dags/example_short_circuit_operator.py for tasks to queue
[2025-02-23T04:52:55.122+0000] {logging_mixin.py:190} INFO - [2025-02-23T04:52:55.122+0000] {dagbag.py:588} INFO - Filling up the DagBag from /home/airflow/.local/lib/python3.12/site-packages/airflow/example_dags/example_short_circuit_operator.py
[2025-02-23T04:52:55.129+0000] {processor.py:925} INFO - DAG(s) 'example_short_circuit_operator' retrieved from /home/airflow/.local/lib/python3.12/site-packages/airflow/example_dags/example_short_circuit_operator.py
[2025-02-23T04:52:55.147+0000] {logging_mixin.py:190} INFO - [2025-02-23T04:52:55.147+0000] {dag.py:3239} INFO - Sync 1 DAGs
[2025-02-23T04:52:55.159+0000] {logging_mixin.py:190} INFO - [2025-02-23T04:52:55.159+0000] {dag.py:4180} INFO - Setting next_dagrun for example_short_circuit_operator to None, run_after=None
[2025-02-23T04:52:55.172+0000] {processor.py:208} INFO - Processing /home/airflow/.local/lib/python3.12/site-packages/airflow/example_dags/example_short_circuit_operator.py took 0.056 seconds
[2025-02-23T04:53:25.775+0000] {processor.py:186} INFO - Started process (PID=930) to work on /home/airflow/.local/lib/python3.12/site-packages/airflow/example_dags/example_short_circuit_operator.py
[2025-02-23T04:53:25.776+0000] {processor.py:914} INFO - Processing file /home/airflow/.local/lib/python3.12/site-packages/airflow/example_dags/example_short_circuit_operator.py for tasks to queue
[2025-02-23T04:53:25.777+0000] {logging_mixin.py:190} INFO - [2025-02-23T04:53:25.777+0000] {dagbag.py:588} INFO - Filling up the DagBag from /home/airflow/.local/lib/python3.12/site-packages/airflow/example_dags/example_short_circuit_operator.py
[2025-02-23T04:53:25.785+0000] {processor.py:925} INFO - DAG(s) 'example_short_circuit_operator' retrieved from /home/airflow/.local/lib/python3.12/site-packages/airflow/example_dags/example_short_circuit_operator.py
[2025-02-23T04:53:25.806+0000] {logging_mixin.py:190} INFO - [2025-02-23T04:53:25.806+0000] {dag.py:3239} INFO - Sync 1 DAGs
[2025-02-23T04:53:25.818+0000] {logging_mixin.py:190} INFO - [2025-02-23T04:53:25.817+0000] {dag.py:4180} INFO - Setting next_dagrun for example_short_circuit_operator to None, run_after=None
[2025-02-23T04:53:25.832+0000] {processor.py:208} INFO - Processing /home/airflow/.local/lib/python3.12/site-packages/airflow/example_dags/example_short_circuit_operator.py took 0.062 seconds
[2025-02-23T04:53:56.462+0000] {processor.py:186} INFO - Started process (PID=993) to work on /home/airflow/.local/lib/python3.12/site-packages/airflow/example_dags/example_short_circuit_operator.py
[2025-02-23T04:53:56.463+0000] {processor.py:914} INFO - Processing file /home/airflow/.local/lib/python3.12/site-packages/airflow/example_dags/example_short_circuit_operator.py for tasks to queue
[2025-02-23T04:53:56.464+0000] {logging_mixin.py:190} INFO - [2025-02-23T04:53:56.464+0000] {dagbag.py:588} INFO - Filling up the DagBag from /home/airflow/.local/lib/python3.12/site-packages/airflow/example_dags/example_short_circuit_operator.py
[2025-02-23T04:53:56.471+0000] {processor.py:925} INFO - DAG(s) 'example_short_circuit_operator' retrieved from /home/airflow/.local/lib/python3.12/site-packages/airflow/example_dags/example_short_circuit_operator.py
[2025-02-23T04:53:56.490+0000] {logging_mixin.py:190} INFO - [2025-02-23T04:53:56.490+0000] {dag.py:3239} INFO - Sync 1 DAGs
[2025-02-23T04:53:56.502+0000] {logging_mixin.py:190} INFO - [2025-02-23T04:53:56.502+0000] {dag.py:4180} INFO - Setting next_dagrun for example_short_circuit_operator to None, run_after=None
[2025-02-23T04:53:56.517+0000] {processor.py:208} INFO - Processing /home/airflow/.local/lib/python3.12/site-packages/airflow/example_dags/example_short_circuit_operator.py took 0.060 seconds
[2025-02-23T04:54:27.199+0000] {processor.py:186} INFO - Started process (PID=1056) to work on /home/airflow/.local/lib/python3.12/site-packages/airflow/example_dags/example_short_circuit_operator.py
[2025-02-23T04:54:27.199+0000] {processor.py:914} INFO - Processing file /home/airflow/.local/lib/python3.12/site-packages/airflow/example_dags/example_short_circuit_operator.py for tasks to queue
[2025-02-23T04:54:27.201+0000] {logging_mixin.py:190} INFO - [2025-02-23T04:54:27.201+0000] {dagbag.py:588} INFO - Filling up the DagBag from /home/airflow/.local/lib/python3.12/site-packages/airflow/example_dags/example_short_circuit_operator.py
[2025-02-23T04:54:27.208+0000] {processor.py:925} INFO - DAG(s) 'example_short_circuit_operator' retrieved from /home/airflow/.local/lib/python3.12/site-packages/airflow/example_dags/example_short_circuit_operator.py
[2025-02-23T04:54:27.230+0000] {logging_mixin.py:190} INFO - [2025-02-23T04:54:27.230+0000] {dag.py:3239} INFO - Sync 1 DAGs
[2025-02-23T04:54:27.242+0000] {logging_mixin.py:190} INFO - [2025-02-23T04:54:27.242+0000] {dag.py:4180} INFO - Setting next_dagrun for example_short_circuit_operator to None, run_after=None
[2025-02-23T04:54:27.256+0000] {processor.py:208} INFO - Processing /home/airflow/.local/lib/python3.12/site-packages/airflow/example_dags/example_short_circuit_operator.py took 0.061 seconds
[2025-02-23T04:54:58.640+0000] {processor.py:186} INFO - Started process (PID=1119) to work on /home/airflow/.local/lib/python3.12/site-packages/airflow/example_dags/example_short_circuit_operator.py
[2025-02-23T04:54:58.641+0000] {processor.py:914} INFO - Processing file /home/airflow/.local/lib/python3.12/site-packages/airflow/example_dags/example_short_circuit_operator.py for tasks to queue
[2025-02-23T04:54:58.642+0000] {logging_mixin.py:190} INFO - [2025-02-23T04:54:58.642+0000] {dagbag.py:588} INFO - Filling up the DagBag from /home/airflow/.local/lib/python3.12/site-packages/airflow/example_dags/example_short_circuit_operator.py
[2025-02-23T04:54:58.649+0000] {processor.py:925} INFO - DAG(s) 'example_short_circuit_operator' retrieved from /home/airflow/.local/lib/python3.12/site-packages/airflow/example_dags/example_short_circuit_operator.py
[2025-02-23T04:54:58.665+0000] {logging_mixin.py:190} INFO - [2025-02-23T04:54:58.665+0000] {dag.py:3239} INFO - Sync 1 DAGs
[2025-02-23T04:54:58.677+0000] {logging_mixin.py:190} INFO - [2025-02-23T04:54:58.677+0000] {dag.py:4180} INFO - Setting next_dagrun for example_short_circuit_operator to None, run_after=None
[2025-02-23T04:54:58.690+0000] {processor.py:208} INFO - Processing /home/airflow/.local/lib/python3.12/site-packages/airflow/example_dags/example_short_circuit_operator.py took 0.054 seconds
[2025-02-23T04:55:29.889+0000] {processor.py:186} INFO - Started process (PID=1182) to work on /home/airflow/.local/lib/python3.12/site-packages/airflow/example_dags/example_short_circuit_operator.py
[2025-02-23T04:55:29.889+0000] {processor.py:914} INFO - Processing file /home/airflow/.local/lib/python3.12/site-packages/airflow/example_dags/example_short_circuit_operator.py for tasks to queue
[2025-02-23T04:55:29.891+0000] {logging_mixin.py:190} INFO - [2025-02-23T04:55:29.891+0000] {dagbag.py:588} INFO - Filling up the DagBag from /home/airflow/.local/lib/python3.12/site-packages/airflow/example_dags/example_short_circuit_operator.py
[2025-02-23T04:55:29.898+0000] {processor.py:925} INFO - DAG(s) 'example_short_circuit_operator' retrieved from /home/airflow/.local/lib/python3.12/site-packages/airflow/example_dags/example_short_circuit_operator.py
[2025-02-23T04:55:29.915+0000] {logging_mixin.py:190} INFO - [2025-02-23T04:55:29.915+0000] {dag.py:3239} INFO - Sync 1 DAGs
[2025-02-23T04:55:29.927+0000] {logging_mixin.py:190} INFO - [2025-02-23T04:55:29.927+0000] {dag.py:4180} INFO - Setting next_dagrun for example_short_circuit_operator to None, run_after=None
[2025-02-23T04:55:29.941+0000] {processor.py:208} INFO - Processing /home/airflow/.local/lib/python3.12/site-packages/airflow/example_dags/example_short_circuit_operator.py took 0.056 seconds
[2025-02-23T04:56:01.265+0000] {processor.py:186} INFO - Started process (PID=1245) to work on /home/airflow/.local/lib/python3.12/site-packages/airflow/example_dags/example_short_circuit_operator.py
[2025-02-23T04:56:01.266+0000] {processor.py:914} INFO - Processing file /home/airflow/.local/lib/python3.12/site-packages/airflow/example_dags/example_short_circuit_operator.py for tasks to queue
[2025-02-23T04:56:01.268+0000] {logging_mixin.py:190} INFO - [2025-02-23T04:56:01.268+0000] {dagbag.py:588} INFO - Filling up the DagBag from /home/airflow/.local/lib/python3.12/site-packages/airflow/example_dags/example_short_circuit_operator.py
[2025-02-23T04:56:01.276+0000] {processor.py:925} INFO - DAG(s) 'example_short_circuit_operator' retrieved from /home/airflow/.local/lib/python3.12/site-packages/airflow/example_dags/example_short_circuit_operator.py
[2025-02-23T04:56:01.296+0000] {logging_mixin.py:190} INFO - [2025-02-23T04:56:01.296+0000] {dag.py:3239} INFO - Sync 1 DAGs
[2025-02-23T04:56:01.310+0000] {logging_mixin.py:190} INFO - [2025-02-23T04:56:01.309+0000] {dag.py:4180} INFO - Setting next_dagrun for example_short_circuit_operator to None, run_after=None
[2025-02-23T04:56:01.323+0000] {processor.py:208} INFO - Processing /home/airflow/.local/lib/python3.12/site-packages/airflow/example_dags/example_short_circuit_operator.py took 0.062 seconds
[2025-02-23T04:56:32.407+0000] {processor.py:186} INFO - Started process (PID=1309) to work on /home/airflow/.local/lib/python3.12/site-packages/airflow/example_dags/example_short_circuit_operator.py
[2025-02-23T04:56:32.407+0000] {processor.py:914} INFO - Processing file /home/airflow/.local/lib/python3.12/site-packages/airflow/example_dags/example_short_circuit_operator.py for tasks to queue
[2025-02-23T04:56:32.409+0000] {logging_mixin.py:190} INFO - [2025-02-23T04:56:32.408+0000] {dagbag.py:588} INFO - Filling up the DagBag from /home/airflow/.local/lib/python3.12/site-packages/airflow/example_dags/example_short_circuit_operator.py
[2025-02-23T04:56:32.415+0000] {processor.py:925} INFO - DAG(s) 'example_short_circuit_operator' retrieved from /home/airflow/.local/lib/python3.12/site-packages/airflow/example_dags/example_short_circuit_operator.py
[2025-02-23T04:56:32.432+0000] {logging_mixin.py:190} INFO - [2025-02-23T04:56:32.432+0000] {dag.py:3239} INFO - Sync 1 DAGs
[2025-02-23T04:56:32.443+0000] {logging_mixin.py:190} INFO - [2025-02-23T04:56:32.443+0000] {dag.py:4180} INFO - Setting next_dagrun for example_short_circuit_operator to None, run_after=None
[2025-02-23T04:56:32.455+0000] {processor.py:208} INFO - Processing /home/airflow/.local/lib/python3.12/site-packages/airflow/example_dags/example_short_circuit_operator.py took 0.053 seconds
[2025-02-23T04:57:03.543+0000] {processor.py:186} INFO - Started process (PID=1375) to work on /home/airflow/.local/lib/python3.12/site-packages/airflow/example_dags/example_short_circuit_operator.py
[2025-02-23T04:57:03.544+0000] {processor.py:914} INFO - Processing file /home/airflow/.local/lib/python3.12/site-packages/airflow/example_dags/example_short_circuit_operator.py for tasks to queue
[2025-02-23T04:57:03.545+0000] {logging_mixin.py:190} INFO - [2025-02-23T04:57:03.545+0000] {dagbag.py:588} INFO - Filling up the DagBag from /home/airflow/.local/lib/python3.12/site-packages/airflow/example_dags/example_short_circuit_operator.py
[2025-02-23T04:57:03.553+0000] {processor.py:925} INFO - DAG(s) 'example_short_circuit_operator' retrieved from /home/airflow/.local/lib/python3.12/site-packages/airflow/example_dags/example_short_circuit_operator.py
[2025-02-23T04:57:03.574+0000] {logging_mixin.py:190} INFO - [2025-02-23T04:57:03.574+0000] {dag.py:3239} INFO - Sync 1 DAGs
[2025-02-23T04:57:03.588+0000] {logging_mixin.py:190} INFO - [2025-02-23T04:57:03.588+0000] {dag.py:4180} INFO - Setting next_dagrun for example_short_circuit_operator to None, run_after=None
[2025-02-23T04:57:03.602+0000] {processor.py:208} INFO - Processing /home/airflow/.local/lib/python3.12/site-packages/airflow/example_dags/example_short_circuit_operator.py took 0.063 seconds
