[2025-02-23T04:46:41.915+0000] {processor.py:186} INFO - Started process (PID=101) to work on /home/airflow/.local/lib/python3.12/site-packages/airflow/example_dags/example_dataset_alias_with_no_taskflow.py
[2025-02-23T04:46:41.916+0000] {processor.py:914} INFO - Processing file /home/airflow/.local/lib/python3.12/site-packages/airflow/example_dags/example_dataset_alias_with_no_taskflow.py for tasks to queue
[2025-02-23T04:46:41.918+0000] {logging_mixin.py:190} INFO - [2025-02-23T04:46:41.918+0000] {dagbag.py:588} INFO - Filling up the DagBag from /home/airflow/.local/lib/python3.12/site-packages/airflow/example_dags/example_dataset_alias_with_no_taskflow.py
[2025-02-23T04:46:42.583+0000] {processor.py:925} INFO - DAG(s) 'dataset_s3_bucket_consumer_with_no_taskflow', 'dataset_alias_example_alias_consumer_with_no_taskflow', 'dataset_s3_bucket_producer_with_no_taskflow', 'dataset_alias_example_alias_producer_with_no_taskflow' retrieved from /home/airflow/.local/lib/python3.12/site-packages/airflow/example_dags/example_dataset_alias_with_no_taskflow.py
[2025-02-23T04:46:42.686+0000] {logging_mixin.py:190} INFO - [2025-02-23T04:46:42.685+0000] {override.py:1911} INFO - Created Permission View: can read on DAG:dataset_s3_bucket_consumer_with_no_taskflow
[2025-02-23T04:46:42.696+0000] {logging_mixin.py:190} INFO - [2025-02-23T04:46:42.696+0000] {override.py:1911} INFO - Created Permission View: can delete on DAG:dataset_s3_bucket_consumer_with_no_taskflow
[2025-02-23T04:46:42.704+0000] {logging_mixin.py:190} INFO - [2025-02-23T04:46:42.704+0000] {override.py:1911} INFO - Created Permission View: can edit on DAG:dataset_s3_bucket_consumer_with_no_taskflow
[2025-02-23T04:46:42.710+0000] {logging_mixin.py:190} INFO - [2025-02-23T04:46:42.709+0000] {override.py:1911} INFO - Created Permission View: can read on DAG Run:dataset_s3_bucket_consumer_with_no_taskflow
[2025-02-23T04:46:42.715+0000] {logging_mixin.py:190} INFO - [2025-02-23T04:46:42.715+0000] {override.py:1911} INFO - Created Permission View: can create on DAG Run:dataset_s3_bucket_consumer_with_no_taskflow
[2025-02-23T04:46:42.721+0000] {logging_mixin.py:190} INFO - [2025-02-23T04:46:42.720+0000] {override.py:1911} INFO - Created Permission View: can delete on DAG Run:dataset_s3_bucket_consumer_with_no_taskflow
[2025-02-23T04:46:42.726+0000] {logging_mixin.py:190} INFO - [2025-02-23T04:46:42.726+0000] {override.py:1911} INFO - Created Permission View: menu access on DAG Run:dataset_s3_bucket_consumer_with_no_taskflow
[2025-02-23T04:46:42.736+0000] {logging_mixin.py:190} INFO - [2025-02-23T04:46:42.736+0000] {override.py:1911} INFO - Created Permission View: can read on DAG:dataset_alias_example_alias_consumer_with_no_taskflow
[2025-02-23T04:46:42.742+0000] {logging_mixin.py:190} INFO - [2025-02-23T04:46:42.741+0000] {override.py:1911} INFO - Created Permission View: can delete on DAG:dataset_alias_example_alias_consumer_with_no_taskflow
[2025-02-23T04:46:42.747+0000] {logging_mixin.py:190} INFO - [2025-02-23T04:46:42.746+0000] {override.py:1911} INFO - Created Permission View: can edit on DAG:dataset_alias_example_alias_consumer_with_no_taskflow
[2025-02-23T04:46:42.752+0000] {logging_mixin.py:190} INFO - [2025-02-23T04:46:42.752+0000] {override.py:1911} INFO - Created Permission View: can read on DAG Run:dataset_alias_example_alias_consumer_with_no_taskflow
[2025-02-23T04:46:42.757+0000] {logging_mixin.py:190} INFO - [2025-02-23T04:46:42.757+0000] {override.py:1911} INFO - Created Permission View: can create on DAG Run:dataset_alias_example_alias_consumer_with_no_taskflow
[2025-02-23T04:46:42.762+0000] {logging_mixin.py:190} INFO - [2025-02-23T04:46:42.762+0000] {override.py:1911} INFO - Created Permission View: can delete on DAG Run:dataset_alias_example_alias_consumer_with_no_taskflow
[2025-02-23T04:46:42.767+0000] {logging_mixin.py:190} INFO - [2025-02-23T04:46:42.767+0000] {override.py:1911} INFO - Created Permission View: menu access on DAG Run:dataset_alias_example_alias_consumer_with_no_taskflow
[2025-02-23T04:46:42.777+0000] {logging_mixin.py:190} INFO - [2025-02-23T04:46:42.777+0000] {override.py:1911} INFO - Created Permission View: can read on DAG:dataset_s3_bucket_producer_with_no_taskflow
[2025-02-23T04:46:42.783+0000] {logging_mixin.py:190} INFO - [2025-02-23T04:46:42.782+0000] {override.py:1911} INFO - Created Permission View: can delete on DAG:dataset_s3_bucket_producer_with_no_taskflow
[2025-02-23T04:46:42.788+0000] {logging_mixin.py:190} INFO - [2025-02-23T04:46:42.787+0000] {override.py:1911} INFO - Created Permission View: can edit on DAG:dataset_s3_bucket_producer_with_no_taskflow
[2025-02-23T04:46:42.792+0000] {logging_mixin.py:190} INFO - [2025-02-23T04:46:42.792+0000] {override.py:1911} INFO - Created Permission View: can read on DAG Run:dataset_s3_bucket_producer_with_no_taskflow
[2025-02-23T04:46:42.797+0000] {logging_mixin.py:190} INFO - [2025-02-23T04:46:42.797+0000] {override.py:1911} INFO - Created Permission View: can create on DAG Run:dataset_s3_bucket_producer_with_no_taskflow
[2025-02-23T04:46:42.802+0000] {logging_mixin.py:190} INFO - [2025-02-23T04:46:42.802+0000] {override.py:1911} INFO - Created Permission View: can delete on DAG Run:dataset_s3_bucket_producer_with_no_taskflow
[2025-02-23T04:46:42.807+0000] {logging_mixin.py:190} INFO - [2025-02-23T04:46:42.807+0000] {override.py:1911} INFO - Created Permission View: menu access on DAG Run:dataset_s3_bucket_producer_with_no_taskflow
[2025-02-23T04:46:42.817+0000] {logging_mixin.py:190} INFO - [2025-02-23T04:46:42.817+0000] {override.py:1911} INFO - Created Permission View: can read on DAG:dataset_alias_example_alias_producer_with_no_taskflow
[2025-02-23T04:46:42.822+0000] {logging_mixin.py:190} INFO - [2025-02-23T04:46:42.822+0000] {override.py:1911} INFO - Created Permission View: can delete on DAG:dataset_alias_example_alias_producer_with_no_taskflow
[2025-02-23T04:46:42.828+0000] {logging_mixin.py:190} INFO - [2025-02-23T04:46:42.828+0000] {override.py:1911} INFO - Created Permission View: can edit on DAG:dataset_alias_example_alias_producer_with_no_taskflow
[2025-02-23T04:46:42.834+0000] {logging_mixin.py:190} INFO - [2025-02-23T04:46:42.834+0000] {override.py:1911} INFO - Created Permission View: can read on DAG Run:dataset_alias_example_alias_producer_with_no_taskflow
[2025-02-23T04:46:42.840+0000] {logging_mixin.py:190} INFO - [2025-02-23T04:46:42.840+0000] {override.py:1911} INFO - Created Permission View: can create on DAG Run:dataset_alias_example_alias_producer_with_no_taskflow
[2025-02-23T04:46:42.847+0000] {logging_mixin.py:190} INFO - [2025-02-23T04:46:42.846+0000] {override.py:1911} INFO - Created Permission View: can delete on DAG Run:dataset_alias_example_alias_producer_with_no_taskflow
[2025-02-23T04:46:42.852+0000] {logging_mixin.py:190} INFO - [2025-02-23T04:46:42.852+0000] {override.py:1911} INFO - Created Permission View: menu access on DAG Run:dataset_alias_example_alias_producer_with_no_taskflow
[2025-02-23T04:46:42.853+0000] {logging_mixin.py:190} INFO - [2025-02-23T04:46:42.853+0000] {dag.py:3239} INFO - Sync 4 DAGs
[2025-02-23T04:46:42.869+0000] {logging_mixin.py:190} INFO - [2025-02-23T04:46:42.869+0000] {dag.py:3262} INFO - Creating ORM DAG for dataset_alias_example_alias_consumer_with_no_taskflow
[2025-02-23T04:46:42.870+0000] {logging_mixin.py:190} INFO - [2025-02-23T04:46:42.870+0000] {dag.py:3262} INFO - Creating ORM DAG for dataset_alias_example_alias_producer_with_no_taskflow
[2025-02-23T04:46:42.871+0000] {logging_mixin.py:190} INFO - [2025-02-23T04:46:42.871+0000] {dag.py:3262} INFO - Creating ORM DAG for dataset_s3_bucket_producer_with_no_taskflow
[2025-02-23T04:46:42.871+0000] {logging_mixin.py:190} INFO - [2025-02-23T04:46:42.871+0000] {dag.py:3262} INFO - Creating ORM DAG for dataset_s3_bucket_consumer_with_no_taskflow
[2025-02-23T04:46:42.883+0000] {logging_mixin.py:190} INFO - [2025-02-23T04:46:42.883+0000] {dag.py:4180} INFO - Setting next_dagrun for dataset_alias_example_alias_consumer_with_no_taskflow to None, run_after=None
[2025-02-23T04:46:42.884+0000] {logging_mixin.py:190} INFO - [2025-02-23T04:46:42.884+0000] {dag.py:4180} INFO - Setting next_dagrun for dataset_alias_example_alias_producer_with_no_taskflow to None, run_after=None
[2025-02-23T04:46:42.884+0000] {logging_mixin.py:190} INFO - [2025-02-23T04:46:42.884+0000] {dag.py:4180} INFO - Setting next_dagrun for dataset_s3_bucket_consumer_with_no_taskflow to None, run_after=None
[2025-02-23T04:46:42.885+0000] {logging_mixin.py:190} INFO - [2025-02-23T04:46:42.885+0000] {dag.py:4180} INFO - Setting next_dagrun for dataset_s3_bucket_producer_with_no_taskflow to None, run_after=None
[2025-02-23T04:46:42.913+0000] {processor.py:208} INFO - Processing /home/airflow/.local/lib/python3.12/site-packages/airflow/example_dags/example_dataset_alias_with_no_taskflow.py took 1.004 seconds
[2025-02-23T04:47:13.866+0000] {processor.py:186} INFO - Started process (PID=165) to work on /home/airflow/.local/lib/python3.12/site-packages/airflow/example_dags/example_dataset_alias_with_no_taskflow.py
[2025-02-23T04:47:13.867+0000] {processor.py:914} INFO - Processing file /home/airflow/.local/lib/python3.12/site-packages/airflow/example_dags/example_dataset_alias_with_no_taskflow.py for tasks to queue
[2025-02-23T04:47:13.868+0000] {logging_mixin.py:190} INFO - [2025-02-23T04:47:13.868+0000] {dagbag.py:588} INFO - Filling up the DagBag from /home/airflow/.local/lib/python3.12/site-packages/airflow/example_dags/example_dataset_alias_with_no_taskflow.py
[2025-02-23T04:47:14.386+0000] {processor.py:925} INFO - DAG(s) 'dataset_alias_example_alias_producer_with_no_taskflow', 'dataset_s3_bucket_producer_with_no_taskflow', 'dataset_alias_example_alias_consumer_with_no_taskflow', 'dataset_s3_bucket_consumer_with_no_taskflow' retrieved from /home/airflow/.local/lib/python3.12/site-packages/airflow/example_dags/example_dataset_alias_with_no_taskflow.py
[2025-02-23T04:47:14.406+0000] {logging_mixin.py:190} INFO - [2025-02-23T04:47:14.406+0000] {dag.py:3239} INFO - Sync 4 DAGs
[2025-02-23T04:47:14.429+0000] {logging_mixin.py:190} INFO - [2025-02-23T04:47:14.429+0000] {dag.py:4180} INFO - Setting next_dagrun for dataset_alias_example_alias_consumer_with_no_taskflow to None, run_after=None
[2025-02-23T04:47:14.431+0000] {logging_mixin.py:190} INFO - [2025-02-23T04:47:14.430+0000] {dag.py:4180} INFO - Setting next_dagrun for dataset_alias_example_alias_producer_with_no_taskflow to None, run_after=None
[2025-02-23T04:47:14.432+0000] {logging_mixin.py:190} INFO - [2025-02-23T04:47:14.431+0000] {dag.py:4180} INFO - Setting next_dagrun for dataset_s3_bucket_consumer_with_no_taskflow to None, run_after=None
[2025-02-23T04:47:14.432+0000] {logging_mixin.py:190} INFO - [2025-02-23T04:47:14.432+0000] {dag.py:4180} INFO - Setting next_dagrun for dataset_s3_bucket_producer_with_no_taskflow to None, run_after=None
[2025-02-23T04:47:14.448+0000] {processor.py:208} INFO - Processing /home/airflow/.local/lib/python3.12/site-packages/airflow/example_dags/example_dataset_alias_with_no_taskflow.py took 0.586 seconds
[2025-02-23T04:47:44.787+0000] {processor.py:186} INFO - Started process (PID=228) to work on /home/airflow/.local/lib/python3.12/site-packages/airflow/example_dags/example_dataset_alias_with_no_taskflow.py
[2025-02-23T04:47:44.787+0000] {processor.py:914} INFO - Processing file /home/airflow/.local/lib/python3.12/site-packages/airflow/example_dags/example_dataset_alias_with_no_taskflow.py for tasks to queue
[2025-02-23T04:47:44.789+0000] {logging_mixin.py:190} INFO - [2025-02-23T04:47:44.788+0000] {dagbag.py:588} INFO - Filling up the DagBag from /home/airflow/.local/lib/python3.12/site-packages/airflow/example_dags/example_dataset_alias_with_no_taskflow.py
[2025-02-23T04:47:45.295+0000] {processor.py:925} INFO - DAG(s) 'dataset_s3_bucket_consumer_with_no_taskflow', 'dataset_alias_example_alias_producer_with_no_taskflow', 'dataset_alias_example_alias_consumer_with_no_taskflow', 'dataset_s3_bucket_producer_with_no_taskflow' retrieved from /home/airflow/.local/lib/python3.12/site-packages/airflow/example_dags/example_dataset_alias_with_no_taskflow.py
[2025-02-23T04:47:45.319+0000] {logging_mixin.py:190} INFO - [2025-02-23T04:47:45.318+0000] {dag.py:3239} INFO - Sync 4 DAGs
[2025-02-23T04:47:45.337+0000] {logging_mixin.py:190} INFO - [2025-02-23T04:47:45.337+0000] {dag.py:4180} INFO - Setting next_dagrun for dataset_alias_example_alias_consumer_with_no_taskflow to None, run_after=None
[2025-02-23T04:47:45.339+0000] {logging_mixin.py:190} INFO - [2025-02-23T04:47:45.339+0000] {dag.py:4180} INFO - Setting next_dagrun for dataset_alias_example_alias_producer_with_no_taskflow to None, run_after=None
[2025-02-23T04:47:45.341+0000] {logging_mixin.py:190} INFO - [2025-02-23T04:47:45.340+0000] {dag.py:4180} INFO - Setting next_dagrun for dataset_s3_bucket_consumer_with_no_taskflow to None, run_after=None
[2025-02-23T04:47:45.342+0000] {logging_mixin.py:190} INFO - [2025-02-23T04:47:45.342+0000] {dag.py:4180} INFO - Setting next_dagrun for dataset_s3_bucket_producer_with_no_taskflow to None, run_after=None
[2025-02-23T04:47:45.365+0000] {processor.py:208} INFO - Processing /home/airflow/.local/lib/python3.12/site-packages/airflow/example_dags/example_dataset_alias_with_no_taskflow.py took 0.582 seconds
[2025-02-23T04:48:15.683+0000] {processor.py:186} INFO - Started process (PID=292) to work on /home/airflow/.local/lib/python3.12/site-packages/airflow/example_dags/example_dataset_alias_with_no_taskflow.py
[2025-02-23T04:48:15.683+0000] {processor.py:914} INFO - Processing file /home/airflow/.local/lib/python3.12/site-packages/airflow/example_dags/example_dataset_alias_with_no_taskflow.py for tasks to queue
[2025-02-23T04:48:15.685+0000] {logging_mixin.py:190} INFO - [2025-02-23T04:48:15.685+0000] {dagbag.py:588} INFO - Filling up the DagBag from /home/airflow/.local/lib/python3.12/site-packages/airflow/example_dags/example_dataset_alias_with_no_taskflow.py
[2025-02-23T04:48:16.209+0000] {processor.py:925} INFO - DAG(s) 'dataset_alias_example_alias_producer_with_no_taskflow', 'dataset_s3_bucket_consumer_with_no_taskflow', 'dataset_s3_bucket_producer_with_no_taskflow', 'dataset_alias_example_alias_consumer_with_no_taskflow' retrieved from /home/airflow/.local/lib/python3.12/site-packages/airflow/example_dags/example_dataset_alias_with_no_taskflow.py
[2025-02-23T04:48:16.230+0000] {logging_mixin.py:190} INFO - [2025-02-23T04:48:16.229+0000] {dag.py:3239} INFO - Sync 4 DAGs
[2025-02-23T04:48:16.254+0000] {logging_mixin.py:190} INFO - [2025-02-23T04:48:16.254+0000] {dag.py:4180} INFO - Setting next_dagrun for dataset_alias_example_alias_consumer_with_no_taskflow to None, run_after=None
[2025-02-23T04:48:16.257+0000] {logging_mixin.py:190} INFO - [2025-02-23T04:48:16.257+0000] {dag.py:4180} INFO - Setting next_dagrun for dataset_alias_example_alias_producer_with_no_taskflow to None, run_after=None
[2025-02-23T04:48:16.258+0000] {logging_mixin.py:190} INFO - [2025-02-23T04:48:16.258+0000] {dag.py:4180} INFO - Setting next_dagrun for dataset_s3_bucket_consumer_with_no_taskflow to None, run_after=None
[2025-02-23T04:48:16.259+0000] {logging_mixin.py:190} INFO - [2025-02-23T04:48:16.259+0000] {dag.py:4180} INFO - Setting next_dagrun for dataset_s3_bucket_producer_with_no_taskflow to None, run_after=None
[2025-02-23T04:48:16.277+0000] {processor.py:208} INFO - Processing /home/airflow/.local/lib/python3.12/site-packages/airflow/example_dags/example_dataset_alias_with_no_taskflow.py took 0.598 seconds
[2025-02-23T04:48:46.390+0000] {processor.py:186} INFO - Started process (PID=355) to work on /home/airflow/.local/lib/python3.12/site-packages/airflow/example_dags/example_dataset_alias_with_no_taskflow.py
[2025-02-23T04:48:46.391+0000] {processor.py:914} INFO - Processing file /home/airflow/.local/lib/python3.12/site-packages/airflow/example_dags/example_dataset_alias_with_no_taskflow.py for tasks to queue
[2025-02-23T04:48:46.393+0000] {logging_mixin.py:190} INFO - [2025-02-23T04:48:46.392+0000] {dagbag.py:588} INFO - Filling up the DagBag from /home/airflow/.local/lib/python3.12/site-packages/airflow/example_dags/example_dataset_alias_with_no_taskflow.py
[2025-02-23T04:48:46.892+0000] {processor.py:925} INFO - DAG(s) 'dataset_alias_example_alias_consumer_with_no_taskflow', 'dataset_alias_example_alias_producer_with_no_taskflow', 'dataset_s3_bucket_consumer_with_no_taskflow', 'dataset_s3_bucket_producer_with_no_taskflow' retrieved from /home/airflow/.local/lib/python3.12/site-packages/airflow/example_dags/example_dataset_alias_with_no_taskflow.py
[2025-02-23T04:48:46.909+0000] {logging_mixin.py:190} INFO - [2025-02-23T04:48:46.908+0000] {dag.py:3239} INFO - Sync 4 DAGs
[2025-02-23T04:48:46.929+0000] {logging_mixin.py:190} INFO - [2025-02-23T04:48:46.929+0000] {dag.py:4180} INFO - Setting next_dagrun for dataset_alias_example_alias_consumer_with_no_taskflow to None, run_after=None
[2025-02-23T04:48:46.931+0000] {logging_mixin.py:190} INFO - [2025-02-23T04:48:46.931+0000] {dag.py:4180} INFO - Setting next_dagrun for dataset_alias_example_alias_producer_with_no_taskflow to None, run_after=None
[2025-02-23T04:48:46.932+0000] {logging_mixin.py:190} INFO - [2025-02-23T04:48:46.932+0000] {dag.py:4180} INFO - Setting next_dagrun for dataset_s3_bucket_consumer_with_no_taskflow to None, run_after=None
[2025-02-23T04:48:46.934+0000] {logging_mixin.py:190} INFO - [2025-02-23T04:48:46.933+0000] {dag.py:4180} INFO - Setting next_dagrun for dataset_s3_bucket_producer_with_no_taskflow to None, run_after=None
[2025-02-23T04:48:46.949+0000] {processor.py:208} INFO - Processing /home/airflow/.local/lib/python3.12/site-packages/airflow/example_dags/example_dataset_alias_with_no_taskflow.py took 0.563 seconds
[2025-02-23T04:49:17.462+0000] {processor.py:186} INFO - Started process (PID=418) to work on /home/airflow/.local/lib/python3.12/site-packages/airflow/example_dags/example_dataset_alias_with_no_taskflow.py
[2025-02-23T04:49:17.463+0000] {processor.py:914} INFO - Processing file /home/airflow/.local/lib/python3.12/site-packages/airflow/example_dags/example_dataset_alias_with_no_taskflow.py for tasks to queue
[2025-02-23T04:49:17.464+0000] {logging_mixin.py:190} INFO - [2025-02-23T04:49:17.464+0000] {dagbag.py:588} INFO - Filling up the DagBag from /home/airflow/.local/lib/python3.12/site-packages/airflow/example_dags/example_dataset_alias_with_no_taskflow.py
[2025-02-23T04:49:17.971+0000] {processor.py:925} INFO - DAG(s) 'dataset_s3_bucket_producer_with_no_taskflow', 'dataset_alias_example_alias_producer_with_no_taskflow', 'dataset_s3_bucket_consumer_with_no_taskflow', 'dataset_alias_example_alias_consumer_with_no_taskflow' retrieved from /home/airflow/.local/lib/python3.12/site-packages/airflow/example_dags/example_dataset_alias_with_no_taskflow.py
[2025-02-23T04:49:17.992+0000] {logging_mixin.py:190} INFO - [2025-02-23T04:49:17.991+0000] {dag.py:3239} INFO - Sync 4 DAGs
[2025-02-23T04:49:18.015+0000] {logging_mixin.py:190} INFO - [2025-02-23T04:49:18.014+0000] {dag.py:4180} INFO - Setting next_dagrun for dataset_alias_example_alias_consumer_with_no_taskflow to None, run_after=None
[2025-02-23T04:49:18.017+0000] {logging_mixin.py:190} INFO - [2025-02-23T04:49:18.017+0000] {dag.py:4180} INFO - Setting next_dagrun for dataset_alias_example_alias_producer_with_no_taskflow to None, run_after=None
[2025-02-23T04:49:18.020+0000] {logging_mixin.py:190} INFO - [2025-02-23T04:49:18.020+0000] {dag.py:4180} INFO - Setting next_dagrun for dataset_s3_bucket_consumer_with_no_taskflow to None, run_after=None
[2025-02-23T04:49:18.021+0000] {logging_mixin.py:190} INFO - [2025-02-23T04:49:18.021+0000] {dag.py:4180} INFO - Setting next_dagrun for dataset_s3_bucket_producer_with_no_taskflow to None, run_after=None
[2025-02-23T04:49:18.038+0000] {processor.py:208} INFO - Processing /home/airflow/.local/lib/python3.12/site-packages/airflow/example_dags/example_dataset_alias_with_no_taskflow.py took 0.580 seconds
[2025-02-23T04:49:48.670+0000] {processor.py:186} INFO - Started process (PID=481) to work on /home/airflow/.local/lib/python3.12/site-packages/airflow/example_dags/example_dataset_alias_with_no_taskflow.py
[2025-02-23T04:49:48.671+0000] {processor.py:914} INFO - Processing file /home/airflow/.local/lib/python3.12/site-packages/airflow/example_dags/example_dataset_alias_with_no_taskflow.py for tasks to queue
[2025-02-23T04:49:48.672+0000] {logging_mixin.py:190} INFO - [2025-02-23T04:49:48.672+0000] {dagbag.py:588} INFO - Filling up the DagBag from /home/airflow/.local/lib/python3.12/site-packages/airflow/example_dags/example_dataset_alias_with_no_taskflow.py
[2025-02-23T04:49:49.194+0000] {processor.py:925} INFO - DAG(s) 'dataset_s3_bucket_producer_with_no_taskflow', 'dataset_s3_bucket_consumer_with_no_taskflow', 'dataset_alias_example_alias_producer_with_no_taskflow', 'dataset_alias_example_alias_consumer_with_no_taskflow' retrieved from /home/airflow/.local/lib/python3.12/site-packages/airflow/example_dags/example_dataset_alias_with_no_taskflow.py
[2025-02-23T04:49:49.210+0000] {logging_mixin.py:190} INFO - [2025-02-23T04:49:49.209+0000] {dag.py:3239} INFO - Sync 4 DAGs
[2025-02-23T04:49:49.228+0000] {logging_mixin.py:190} INFO - [2025-02-23T04:49:49.228+0000] {dag.py:4180} INFO - Setting next_dagrun for dataset_alias_example_alias_consumer_with_no_taskflow to None, run_after=None
[2025-02-23T04:49:49.230+0000] {logging_mixin.py:190} INFO - [2025-02-23T04:49:49.230+0000] {dag.py:4180} INFO - Setting next_dagrun for dataset_alias_example_alias_producer_with_no_taskflow to None, run_after=None
[2025-02-23T04:49:49.232+0000] {logging_mixin.py:190} INFO - [2025-02-23T04:49:49.231+0000] {dag.py:4180} INFO - Setting next_dagrun for dataset_s3_bucket_consumer_with_no_taskflow to None, run_after=None
[2025-02-23T04:49:49.233+0000] {logging_mixin.py:190} INFO - [2025-02-23T04:49:49.232+0000] {dag.py:4180} INFO - Setting next_dagrun for dataset_s3_bucket_producer_with_no_taskflow to None, run_after=None
[2025-02-23T04:49:49.248+0000] {processor.py:208} INFO - Processing /home/airflow/.local/lib/python3.12/site-packages/airflow/example_dags/example_dataset_alias_with_no_taskflow.py took 0.583 seconds
[2025-02-23T04:50:19.711+0000] {processor.py:186} INFO - Started process (PID=544) to work on /home/airflow/.local/lib/python3.12/site-packages/airflow/example_dags/example_dataset_alias_with_no_taskflow.py
[2025-02-23T04:50:19.712+0000] {processor.py:914} INFO - Processing file /home/airflow/.local/lib/python3.12/site-packages/airflow/example_dags/example_dataset_alias_with_no_taskflow.py for tasks to queue
[2025-02-23T04:50:19.714+0000] {logging_mixin.py:190} INFO - [2025-02-23T04:50:19.714+0000] {dagbag.py:588} INFO - Filling up the DagBag from /home/airflow/.local/lib/python3.12/site-packages/airflow/example_dags/example_dataset_alias_with_no_taskflow.py
[2025-02-23T04:50:20.250+0000] {processor.py:925} INFO - DAG(s) 'dataset_alias_example_alias_producer_with_no_taskflow', 'dataset_alias_example_alias_consumer_with_no_taskflow', 'dataset_s3_bucket_consumer_with_no_taskflow', 'dataset_s3_bucket_producer_with_no_taskflow' retrieved from /home/airflow/.local/lib/python3.12/site-packages/airflow/example_dags/example_dataset_alias_with_no_taskflow.py
[2025-02-23T04:50:20.266+0000] {logging_mixin.py:190} INFO - [2025-02-23T04:50:20.265+0000] {dag.py:3239} INFO - Sync 4 DAGs
[2025-02-23T04:50:20.284+0000] {logging_mixin.py:190} INFO - [2025-02-23T04:50:20.284+0000] {dag.py:4180} INFO - Setting next_dagrun for dataset_alias_example_alias_consumer_with_no_taskflow to None, run_after=None
[2025-02-23T04:50:20.287+0000] {logging_mixin.py:190} INFO - [2025-02-23T04:50:20.287+0000] {dag.py:4180} INFO - Setting next_dagrun for dataset_alias_example_alias_producer_with_no_taskflow to None, run_after=None
[2025-02-23T04:50:20.288+0000] {logging_mixin.py:190} INFO - [2025-02-23T04:50:20.288+0000] {dag.py:4180} INFO - Setting next_dagrun for dataset_s3_bucket_consumer_with_no_taskflow to None, run_after=None
[2025-02-23T04:50:20.289+0000] {logging_mixin.py:190} INFO - [2025-02-23T04:50:20.289+0000] {dag.py:4180} INFO - Setting next_dagrun for dataset_s3_bucket_producer_with_no_taskflow to None, run_after=None
[2025-02-23T04:50:20.305+0000] {processor.py:208} INFO - Processing /home/airflow/.local/lib/python3.12/site-packages/airflow/example_dags/example_dataset_alias_with_no_taskflow.py took 0.598 seconds
[2025-02-23T04:50:50.710+0000] {processor.py:186} INFO - Started process (PID=607) to work on /home/airflow/.local/lib/python3.12/site-packages/airflow/example_dags/example_dataset_alias_with_no_taskflow.py
[2025-02-23T04:50:50.711+0000] {processor.py:914} INFO - Processing file /home/airflow/.local/lib/python3.12/site-packages/airflow/example_dags/example_dataset_alias_with_no_taskflow.py for tasks to queue
[2025-02-23T04:50:50.713+0000] {logging_mixin.py:190} INFO - [2025-02-23T04:50:50.713+0000] {dagbag.py:588} INFO - Filling up the DagBag from /home/airflow/.local/lib/python3.12/site-packages/airflow/example_dags/example_dataset_alias_with_no_taskflow.py
[2025-02-23T04:50:51.332+0000] {processor.py:925} INFO - DAG(s) 'dataset_alias_example_alias_consumer_with_no_taskflow', 'dataset_alias_example_alias_producer_with_no_taskflow', 'dataset_s3_bucket_producer_with_no_taskflow', 'dataset_s3_bucket_consumer_with_no_taskflow' retrieved from /home/airflow/.local/lib/python3.12/site-packages/airflow/example_dags/example_dataset_alias_with_no_taskflow.py
[2025-02-23T04:50:51.350+0000] {logging_mixin.py:190} INFO - [2025-02-23T04:50:51.349+0000] {dag.py:3239} INFO - Sync 4 DAGs
[2025-02-23T04:50:51.369+0000] {logging_mixin.py:190} INFO - [2025-02-23T04:50:51.369+0000] {dag.py:4180} INFO - Setting next_dagrun for dataset_alias_example_alias_consumer_with_no_taskflow to None, run_after=None
[2025-02-23T04:50:51.371+0000] {logging_mixin.py:190} INFO - [2025-02-23T04:50:51.371+0000] {dag.py:4180} INFO - Setting next_dagrun for dataset_alias_example_alias_producer_with_no_taskflow to None, run_after=None
[2025-02-23T04:50:51.372+0000] {logging_mixin.py:190} INFO - [2025-02-23T04:50:51.372+0000] {dag.py:4180} INFO - Setting next_dagrun for dataset_s3_bucket_consumer_with_no_taskflow to None, run_after=None
[2025-02-23T04:50:51.373+0000] {logging_mixin.py:190} INFO - [2025-02-23T04:50:51.373+0000] {dag.py:4180} INFO - Setting next_dagrun for dataset_s3_bucket_producer_with_no_taskflow to None, run_after=None
[2025-02-23T04:50:51.389+0000] {processor.py:208} INFO - Processing /home/airflow/.local/lib/python3.12/site-packages/airflow/example_dags/example_dataset_alias_with_no_taskflow.py took 0.685 seconds
[2025-02-23T04:51:21.751+0000] {processor.py:186} INFO - Started process (PID=670) to work on /home/airflow/.local/lib/python3.12/site-packages/airflow/example_dags/example_dataset_alias_with_no_taskflow.py
[2025-02-23T04:51:21.751+0000] {processor.py:914} INFO - Processing file /home/airflow/.local/lib/python3.12/site-packages/airflow/example_dags/example_dataset_alias_with_no_taskflow.py for tasks to queue
[2025-02-23T04:51:21.754+0000] {logging_mixin.py:190} INFO - [2025-02-23T04:51:21.753+0000] {dagbag.py:588} INFO - Filling up the DagBag from /home/airflow/.local/lib/python3.12/site-packages/airflow/example_dags/example_dataset_alias_with_no_taskflow.py
[2025-02-23T04:51:22.421+0000] {processor.py:925} INFO - DAG(s) 'dataset_s3_bucket_consumer_with_no_taskflow', 'dataset_alias_example_alias_producer_with_no_taskflow', 'dataset_s3_bucket_producer_with_no_taskflow', 'dataset_alias_example_alias_consumer_with_no_taskflow' retrieved from /home/airflow/.local/lib/python3.12/site-packages/airflow/example_dags/example_dataset_alias_with_no_taskflow.py
[2025-02-23T04:51:22.444+0000] {logging_mixin.py:190} INFO - [2025-02-23T04:51:22.443+0000] {dag.py:3239} INFO - Sync 4 DAGs
[2025-02-23T04:51:22.472+0000] {logging_mixin.py:190} INFO - [2025-02-23T04:51:22.472+0000] {dag.py:4180} INFO - Setting next_dagrun for dataset_alias_example_alias_consumer_with_no_taskflow to None, run_after=None
[2025-02-23T04:51:22.475+0000] {logging_mixin.py:190} INFO - [2025-02-23T04:51:22.475+0000] {dag.py:4180} INFO - Setting next_dagrun for dataset_alias_example_alias_producer_with_no_taskflow to None, run_after=None
[2025-02-23T04:51:22.476+0000] {logging_mixin.py:190} INFO - [2025-02-23T04:51:22.476+0000] {dag.py:4180} INFO - Setting next_dagrun for dataset_s3_bucket_consumer_with_no_taskflow to None, run_after=None
[2025-02-23T04:51:22.478+0000] {logging_mixin.py:190} INFO - [2025-02-23T04:51:22.477+0000] {dag.py:4180} INFO - Setting next_dagrun for dataset_s3_bucket_producer_with_no_taskflow to None, run_after=None
[2025-02-23T04:51:22.499+0000] {processor.py:208} INFO - Processing /home/airflow/.local/lib/python3.12/site-packages/airflow/example_dags/example_dataset_alias_with_no_taskflow.py took 0.755 seconds
[2025-02-23T04:51:52.724+0000] {processor.py:186} INFO - Started process (PID=733) to work on /home/airflow/.local/lib/python3.12/site-packages/airflow/example_dags/example_dataset_alias_with_no_taskflow.py
[2025-02-23T04:51:52.725+0000] {processor.py:914} INFO - Processing file /home/airflow/.local/lib/python3.12/site-packages/airflow/example_dags/example_dataset_alias_with_no_taskflow.py for tasks to queue
[2025-02-23T04:51:52.727+0000] {logging_mixin.py:190} INFO - [2025-02-23T04:51:52.726+0000] {dagbag.py:588} INFO - Filling up the DagBag from /home/airflow/.local/lib/python3.12/site-packages/airflow/example_dags/example_dataset_alias_with_no_taskflow.py
[2025-02-23T04:51:53.267+0000] {processor.py:925} INFO - DAG(s) 'dataset_s3_bucket_consumer_with_no_taskflow', 'dataset_s3_bucket_producer_with_no_taskflow', 'dataset_alias_example_alias_consumer_with_no_taskflow', 'dataset_alias_example_alias_producer_with_no_taskflow' retrieved from /home/airflow/.local/lib/python3.12/site-packages/airflow/example_dags/example_dataset_alias_with_no_taskflow.py
[2025-02-23T04:51:53.289+0000] {logging_mixin.py:190} INFO - [2025-02-23T04:51:53.288+0000] {dag.py:3239} INFO - Sync 4 DAGs
[2025-02-23T04:51:53.310+0000] {logging_mixin.py:190} INFO - [2025-02-23T04:51:53.310+0000] {dag.py:4180} INFO - Setting next_dagrun for dataset_alias_example_alias_consumer_with_no_taskflow to None, run_after=None
[2025-02-23T04:51:53.312+0000] {logging_mixin.py:190} INFO - [2025-02-23T04:51:53.312+0000] {dag.py:4180} INFO - Setting next_dagrun for dataset_alias_example_alias_producer_with_no_taskflow to None, run_after=None
[2025-02-23T04:51:53.313+0000] {logging_mixin.py:190} INFO - [2025-02-23T04:51:53.313+0000] {dag.py:4180} INFO - Setting next_dagrun for dataset_s3_bucket_consumer_with_no_taskflow to None, run_after=None
[2025-02-23T04:51:53.314+0000] {logging_mixin.py:190} INFO - [2025-02-23T04:51:53.314+0000] {dag.py:4180} INFO - Setting next_dagrun for dataset_s3_bucket_producer_with_no_taskflow to None, run_after=None
[2025-02-23T04:51:53.329+0000] {processor.py:208} INFO - Processing /home/airflow/.local/lib/python3.12/site-packages/airflow/example_dags/example_dataset_alias_with_no_taskflow.py took 0.609 seconds
[2025-02-23T04:52:23.415+0000] {processor.py:186} INFO - Started process (PID=796) to work on /home/airflow/.local/lib/python3.12/site-packages/airflow/example_dags/example_dataset_alias_with_no_taskflow.py
[2025-02-23T04:52:23.415+0000] {processor.py:914} INFO - Processing file /home/airflow/.local/lib/python3.12/site-packages/airflow/example_dags/example_dataset_alias_with_no_taskflow.py for tasks to queue
[2025-02-23T04:52:23.417+0000] {logging_mixin.py:190} INFO - [2025-02-23T04:52:23.417+0000] {dagbag.py:588} INFO - Filling up the DagBag from /home/airflow/.local/lib/python3.12/site-packages/airflow/example_dags/example_dataset_alias_with_no_taskflow.py
[2025-02-23T04:52:23.989+0000] {processor.py:925} INFO - DAG(s) 'dataset_s3_bucket_producer_with_no_taskflow', 'dataset_alias_example_alias_consumer_with_no_taskflow', 'dataset_alias_example_alias_producer_with_no_taskflow', 'dataset_s3_bucket_consumer_with_no_taskflow' retrieved from /home/airflow/.local/lib/python3.12/site-packages/airflow/example_dags/example_dataset_alias_with_no_taskflow.py
[2025-02-23T04:52:24.005+0000] {logging_mixin.py:190} INFO - [2025-02-23T04:52:24.004+0000] {dag.py:3239} INFO - Sync 4 DAGs
[2025-02-23T04:52:24.025+0000] {logging_mixin.py:190} INFO - [2025-02-23T04:52:24.025+0000] {dag.py:4180} INFO - Setting next_dagrun for dataset_alias_example_alias_consumer_with_no_taskflow to None, run_after=None
[2025-02-23T04:52:24.027+0000] {logging_mixin.py:190} INFO - [2025-02-23T04:52:24.027+0000] {dag.py:4180} INFO - Setting next_dagrun for dataset_alias_example_alias_producer_with_no_taskflow to None, run_after=None
[2025-02-23T04:52:24.029+0000] {logging_mixin.py:190} INFO - [2025-02-23T04:52:24.029+0000] {dag.py:4180} INFO - Setting next_dagrun for dataset_s3_bucket_consumer_with_no_taskflow to None, run_after=None
[2025-02-23T04:52:24.030+0000] {logging_mixin.py:190} INFO - [2025-02-23T04:52:24.030+0000] {dag.py:4180} INFO - Setting next_dagrun for dataset_s3_bucket_producer_with_no_taskflow to None, run_after=None
[2025-02-23T04:52:24.045+0000] {processor.py:208} INFO - Processing /home/airflow/.local/lib/python3.12/site-packages/airflow/example_dags/example_dataset_alias_with_no_taskflow.py took 0.637 seconds
[2025-02-23T04:52:54.124+0000] {processor.py:186} INFO - Started process (PID=859) to work on /home/airflow/.local/lib/python3.12/site-packages/airflow/example_dags/example_dataset_alias_with_no_taskflow.py
[2025-02-23T04:52:54.125+0000] {processor.py:914} INFO - Processing file /home/airflow/.local/lib/python3.12/site-packages/airflow/example_dags/example_dataset_alias_with_no_taskflow.py for tasks to queue
[2025-02-23T04:52:54.127+0000] {logging_mixin.py:190} INFO - [2025-02-23T04:52:54.127+0000] {dagbag.py:588} INFO - Filling up the DagBag from /home/airflow/.local/lib/python3.12/site-packages/airflow/example_dags/example_dataset_alias_with_no_taskflow.py
[2025-02-23T04:52:54.709+0000] {processor.py:925} INFO - DAG(s) 'dataset_alias_example_alias_producer_with_no_taskflow', 'dataset_s3_bucket_consumer_with_no_taskflow', 'dataset_alias_example_alias_consumer_with_no_taskflow', 'dataset_s3_bucket_producer_with_no_taskflow' retrieved from /home/airflow/.local/lib/python3.12/site-packages/airflow/example_dags/example_dataset_alias_with_no_taskflow.py
[2025-02-23T04:52:54.732+0000] {logging_mixin.py:190} INFO - [2025-02-23T04:52:54.731+0000] {dag.py:3239} INFO - Sync 4 DAGs
[2025-02-23T04:52:54.755+0000] {logging_mixin.py:190} INFO - [2025-02-23T04:52:54.755+0000] {dag.py:4180} INFO - Setting next_dagrun for dataset_alias_example_alias_consumer_with_no_taskflow to None, run_after=None
[2025-02-23T04:52:54.757+0000] {logging_mixin.py:190} INFO - [2025-02-23T04:52:54.757+0000] {dag.py:4180} INFO - Setting next_dagrun for dataset_alias_example_alias_producer_with_no_taskflow to None, run_after=None
[2025-02-23T04:52:54.758+0000] {logging_mixin.py:190} INFO - [2025-02-23T04:52:54.758+0000] {dag.py:4180} INFO - Setting next_dagrun for dataset_s3_bucket_consumer_with_no_taskflow to None, run_after=None
[2025-02-23T04:52:54.759+0000] {logging_mixin.py:190} INFO - [2025-02-23T04:52:54.759+0000] {dag.py:4180} INFO - Setting next_dagrun for dataset_s3_bucket_producer_with_no_taskflow to None, run_after=None
[2025-02-23T04:52:54.774+0000] {processor.py:208} INFO - Processing /home/airflow/.local/lib/python3.12/site-packages/airflow/example_dags/example_dataset_alias_with_no_taskflow.py took 0.656 seconds
[2025-02-23T04:53:24.898+0000] {processor.py:186} INFO - Started process (PID=922) to work on /home/airflow/.local/lib/python3.12/site-packages/airflow/example_dags/example_dataset_alias_with_no_taskflow.py
[2025-02-23T04:53:24.899+0000] {processor.py:914} INFO - Processing file /home/airflow/.local/lib/python3.12/site-packages/airflow/example_dags/example_dataset_alias_with_no_taskflow.py for tasks to queue
[2025-02-23T04:53:24.901+0000] {logging_mixin.py:190} INFO - [2025-02-23T04:53:24.901+0000] {dagbag.py:588} INFO - Filling up the DagBag from /home/airflow/.local/lib/python3.12/site-packages/airflow/example_dags/example_dataset_alias_with_no_taskflow.py
[2025-02-23T04:53:25.461+0000] {processor.py:925} INFO - DAG(s) 'dataset_alias_example_alias_producer_with_no_taskflow', 'dataset_s3_bucket_consumer_with_no_taskflow', 'dataset_s3_bucket_producer_with_no_taskflow', 'dataset_alias_example_alias_consumer_with_no_taskflow' retrieved from /home/airflow/.local/lib/python3.12/site-packages/airflow/example_dags/example_dataset_alias_with_no_taskflow.py
[2025-02-23T04:53:25.478+0000] {logging_mixin.py:190} INFO - [2025-02-23T04:53:25.477+0000] {dag.py:3239} INFO - Sync 4 DAGs
[2025-02-23T04:53:25.496+0000] {logging_mixin.py:190} INFO - [2025-02-23T04:53:25.496+0000] {dag.py:4180} INFO - Setting next_dagrun for dataset_alias_example_alias_consumer_with_no_taskflow to None, run_after=None
[2025-02-23T04:53:25.498+0000] {logging_mixin.py:190} INFO - [2025-02-23T04:53:25.498+0000] {dag.py:4180} INFO - Setting next_dagrun for dataset_alias_example_alias_producer_with_no_taskflow to None, run_after=None
[2025-02-23T04:53:25.499+0000] {logging_mixin.py:190} INFO - [2025-02-23T04:53:25.499+0000] {dag.py:4180} INFO - Setting next_dagrun for dataset_s3_bucket_consumer_with_no_taskflow to None, run_after=None
[2025-02-23T04:53:25.500+0000] {logging_mixin.py:190} INFO - [2025-02-23T04:53:25.500+0000] {dag.py:4180} INFO - Setting next_dagrun for dataset_s3_bucket_producer_with_no_taskflow to None, run_after=None
[2025-02-23T04:53:25.515+0000] {processor.py:208} INFO - Processing /home/airflow/.local/lib/python3.12/site-packages/airflow/example_dags/example_dataset_alias_with_no_taskflow.py took 0.621 seconds
[2025-02-23T04:53:55.600+0000] {processor.py:186} INFO - Started process (PID=986) to work on /home/airflow/.local/lib/python3.12/site-packages/airflow/example_dags/example_dataset_alias_with_no_taskflow.py
[2025-02-23T04:53:55.600+0000] {processor.py:914} INFO - Processing file /home/airflow/.local/lib/python3.12/site-packages/airflow/example_dags/example_dataset_alias_with_no_taskflow.py for tasks to queue
[2025-02-23T04:53:55.602+0000] {logging_mixin.py:190} INFO - [2025-02-23T04:53:55.602+0000] {dagbag.py:588} INFO - Filling up the DagBag from /home/airflow/.local/lib/python3.12/site-packages/airflow/example_dags/example_dataset_alias_with_no_taskflow.py
[2025-02-23T04:53:56.137+0000] {processor.py:925} INFO - DAG(s) 'dataset_s3_bucket_consumer_with_no_taskflow', 'dataset_alias_example_alias_producer_with_no_taskflow', 'dataset_s3_bucket_producer_with_no_taskflow', 'dataset_alias_example_alias_consumer_with_no_taskflow' retrieved from /home/airflow/.local/lib/python3.12/site-packages/airflow/example_dags/example_dataset_alias_with_no_taskflow.py
[2025-02-23T04:53:56.158+0000] {logging_mixin.py:190} INFO - [2025-02-23T04:53:56.157+0000] {dag.py:3239} INFO - Sync 4 DAGs
[2025-02-23T04:53:56.184+0000] {logging_mixin.py:190} INFO - [2025-02-23T04:53:56.184+0000] {dag.py:4180} INFO - Setting next_dagrun for dataset_alias_example_alias_consumer_with_no_taskflow to None, run_after=None
[2025-02-23T04:53:56.186+0000] {logging_mixin.py:190} INFO - [2025-02-23T04:53:56.186+0000] {dag.py:4180} INFO - Setting next_dagrun for dataset_alias_example_alias_producer_with_no_taskflow to None, run_after=None
[2025-02-23T04:53:56.187+0000] {logging_mixin.py:190} INFO - [2025-02-23T04:53:56.187+0000] {dag.py:4180} INFO - Setting next_dagrun for dataset_s3_bucket_consumer_with_no_taskflow to None, run_after=None
[2025-02-23T04:53:56.188+0000] {logging_mixin.py:190} INFO - [2025-02-23T04:53:56.188+0000] {dag.py:4180} INFO - Setting next_dagrun for dataset_s3_bucket_producer_with_no_taskflow to None, run_after=None
[2025-02-23T04:53:56.204+0000] {processor.py:208} INFO - Processing /home/airflow/.local/lib/python3.12/site-packages/airflow/example_dags/example_dataset_alias_with_no_taskflow.py took 0.609 seconds
[2025-02-23T04:54:26.310+0000] {processor.py:186} INFO - Started process (PID=1049) to work on /home/airflow/.local/lib/python3.12/site-packages/airflow/example_dags/example_dataset_alias_with_no_taskflow.py
[2025-02-23T04:54:26.311+0000] {processor.py:914} INFO - Processing file /home/airflow/.local/lib/python3.12/site-packages/airflow/example_dags/example_dataset_alias_with_no_taskflow.py for tasks to queue
[2025-02-23T04:54:26.312+0000] {logging_mixin.py:190} INFO - [2025-02-23T04:54:26.312+0000] {dagbag.py:588} INFO - Filling up the DagBag from /home/airflow/.local/lib/python3.12/site-packages/airflow/example_dags/example_dataset_alias_with_no_taskflow.py
[2025-02-23T04:54:26.834+0000] {processor.py:925} INFO - DAG(s) 'dataset_alias_example_alias_consumer_with_no_taskflow', 'dataset_s3_bucket_producer_with_no_taskflow', 'dataset_alias_example_alias_producer_with_no_taskflow', 'dataset_s3_bucket_consumer_with_no_taskflow' retrieved from /home/airflow/.local/lib/python3.12/site-packages/airflow/example_dags/example_dataset_alias_with_no_taskflow.py
[2025-02-23T04:54:26.855+0000] {logging_mixin.py:190} INFO - [2025-02-23T04:54:26.855+0000] {dag.py:3239} INFO - Sync 4 DAGs
[2025-02-23T04:54:26.883+0000] {logging_mixin.py:190} INFO - [2025-02-23T04:54:26.882+0000] {dag.py:4180} INFO - Setting next_dagrun for dataset_alias_example_alias_consumer_with_no_taskflow to None, run_after=None
[2025-02-23T04:54:26.885+0000] {logging_mixin.py:190} INFO - [2025-02-23T04:54:26.885+0000] {dag.py:4180} INFO - Setting next_dagrun for dataset_alias_example_alias_producer_with_no_taskflow to None, run_after=None
[2025-02-23T04:54:26.886+0000] {logging_mixin.py:190} INFO - [2025-02-23T04:54:26.886+0000] {dag.py:4180} INFO - Setting next_dagrun for dataset_s3_bucket_consumer_with_no_taskflow to None, run_after=None
[2025-02-23T04:54:26.888+0000] {logging_mixin.py:190} INFO - [2025-02-23T04:54:26.888+0000] {dag.py:4180} INFO - Setting next_dagrun for dataset_s3_bucket_producer_with_no_taskflow to None, run_after=None
[2025-02-23T04:54:26.907+0000] {processor.py:208} INFO - Processing /home/airflow/.local/lib/python3.12/site-packages/airflow/example_dags/example_dataset_alias_with_no_taskflow.py took 0.601 seconds
[2025-02-23T04:54:57.690+0000] {processor.py:186} INFO - Started process (PID=1111) to work on /home/airflow/.local/lib/python3.12/site-packages/airflow/example_dags/example_dataset_alias_with_no_taskflow.py
[2025-02-23T04:54:57.690+0000] {processor.py:914} INFO - Processing file /home/airflow/.local/lib/python3.12/site-packages/airflow/example_dags/example_dataset_alias_with_no_taskflow.py for tasks to queue
[2025-02-23T04:54:57.692+0000] {logging_mixin.py:190} INFO - [2025-02-23T04:54:57.692+0000] {dagbag.py:588} INFO - Filling up the DagBag from /home/airflow/.local/lib/python3.12/site-packages/airflow/example_dags/example_dataset_alias_with_no_taskflow.py
[2025-02-23T04:54:58.213+0000] {processor.py:925} INFO - DAG(s) 'dataset_alias_example_alias_producer_with_no_taskflow', 'dataset_s3_bucket_producer_with_no_taskflow', 'dataset_alias_example_alias_consumer_with_no_taskflow', 'dataset_s3_bucket_consumer_with_no_taskflow' retrieved from /home/airflow/.local/lib/python3.12/site-packages/airflow/example_dags/example_dataset_alias_with_no_taskflow.py
[2025-02-23T04:54:58.229+0000] {logging_mixin.py:190} INFO - [2025-02-23T04:54:58.229+0000] {dag.py:3239} INFO - Sync 4 DAGs
[2025-02-23T04:54:58.246+0000] {logging_mixin.py:190} INFO - [2025-02-23T04:54:58.246+0000] {dag.py:4180} INFO - Setting next_dagrun for dataset_alias_example_alias_consumer_with_no_taskflow to None, run_after=None
[2025-02-23T04:54:58.248+0000] {logging_mixin.py:190} INFO - [2025-02-23T04:54:58.248+0000] {dag.py:4180} INFO - Setting next_dagrun for dataset_alias_example_alias_producer_with_no_taskflow to None, run_after=None
[2025-02-23T04:54:58.249+0000] {logging_mixin.py:190} INFO - [2025-02-23T04:54:58.249+0000] {dag.py:4180} INFO - Setting next_dagrun for dataset_s3_bucket_consumer_with_no_taskflow to None, run_after=None
[2025-02-23T04:54:58.250+0000] {logging_mixin.py:190} INFO - [2025-02-23T04:54:58.250+0000] {dag.py:4180} INFO - Setting next_dagrun for dataset_s3_bucket_producer_with_no_taskflow to None, run_after=None
[2025-02-23T04:54:58.270+0000] {processor.py:208} INFO - Processing /home/airflow/.local/lib/python3.12/site-packages/airflow/example_dags/example_dataset_alias_with_no_taskflow.py took 0.584 seconds
[2025-02-23T04:55:28.990+0000] {processor.py:186} INFO - Started process (PID=1174) to work on /home/airflow/.local/lib/python3.12/site-packages/airflow/example_dags/example_dataset_alias_with_no_taskflow.py
[2025-02-23T04:55:28.990+0000] {processor.py:914} INFO - Processing file /home/airflow/.local/lib/python3.12/site-packages/airflow/example_dags/example_dataset_alias_with_no_taskflow.py for tasks to queue
[2025-02-23T04:55:28.993+0000] {logging_mixin.py:190} INFO - [2025-02-23T04:55:28.992+0000] {dagbag.py:588} INFO - Filling up the DagBag from /home/airflow/.local/lib/python3.12/site-packages/airflow/example_dags/example_dataset_alias_with_no_taskflow.py
[2025-02-23T04:55:29.522+0000] {processor.py:925} INFO - DAG(s) 'dataset_alias_example_alias_producer_with_no_taskflow', 'dataset_alias_example_alias_consumer_with_no_taskflow', 'dataset_s3_bucket_consumer_with_no_taskflow', 'dataset_s3_bucket_producer_with_no_taskflow' retrieved from /home/airflow/.local/lib/python3.12/site-packages/airflow/example_dags/example_dataset_alias_with_no_taskflow.py
[2025-02-23T04:55:29.541+0000] {logging_mixin.py:190} INFO - [2025-02-23T04:55:29.540+0000] {dag.py:3239} INFO - Sync 4 DAGs
[2025-02-23T04:55:29.560+0000] {logging_mixin.py:190} INFO - [2025-02-23T04:55:29.560+0000] {dag.py:4180} INFO - Setting next_dagrun for dataset_alias_example_alias_consumer_with_no_taskflow to None, run_after=None
[2025-02-23T04:55:29.562+0000] {logging_mixin.py:190} INFO - [2025-02-23T04:55:29.562+0000] {dag.py:4180} INFO - Setting next_dagrun for dataset_alias_example_alias_producer_with_no_taskflow to None, run_after=None
[2025-02-23T04:55:29.563+0000] {logging_mixin.py:190} INFO - [2025-02-23T04:55:29.563+0000] {dag.py:4180} INFO - Setting next_dagrun for dataset_s3_bucket_consumer_with_no_taskflow to None, run_after=None
[2025-02-23T04:55:29.564+0000] {logging_mixin.py:190} INFO - [2025-02-23T04:55:29.564+0000] {dag.py:4180} INFO - Setting next_dagrun for dataset_s3_bucket_producer_with_no_taskflow to None, run_after=None
[2025-02-23T04:55:29.580+0000] {processor.py:208} INFO - Processing /home/airflow/.local/lib/python3.12/site-packages/airflow/example_dags/example_dataset_alias_with_no_taskflow.py took 0.597 seconds
[2025-02-23T04:56:00.396+0000] {processor.py:186} INFO - Started process (PID=1237) to work on /home/airflow/.local/lib/python3.12/site-packages/airflow/example_dags/example_dataset_alias_with_no_taskflow.py
[2025-02-23T04:56:00.396+0000] {processor.py:914} INFO - Processing file /home/airflow/.local/lib/python3.12/site-packages/airflow/example_dags/example_dataset_alias_with_no_taskflow.py for tasks to queue
[2025-02-23T04:56:00.398+0000] {logging_mixin.py:190} INFO - [2025-02-23T04:56:00.398+0000] {dagbag.py:588} INFO - Filling up the DagBag from /home/airflow/.local/lib/python3.12/site-packages/airflow/example_dags/example_dataset_alias_with_no_taskflow.py
[2025-02-23T04:56:00.922+0000] {processor.py:925} INFO - DAG(s) 'dataset_s3_bucket_producer_with_no_taskflow', 'dataset_alias_example_alias_consumer_with_no_taskflow', 'dataset_s3_bucket_consumer_with_no_taskflow', 'dataset_alias_example_alias_producer_with_no_taskflow' retrieved from /home/airflow/.local/lib/python3.12/site-packages/airflow/example_dags/example_dataset_alias_with_no_taskflow.py
[2025-02-23T04:56:00.942+0000] {logging_mixin.py:190} INFO - [2025-02-23T04:56:00.942+0000] {dag.py:3239} INFO - Sync 4 DAGs
[2025-02-23T04:56:00.961+0000] {logging_mixin.py:190} INFO - [2025-02-23T04:56:00.961+0000] {dag.py:4180} INFO - Setting next_dagrun for dataset_alias_example_alias_consumer_with_no_taskflow to None, run_after=None
[2025-02-23T04:56:00.963+0000] {logging_mixin.py:190} INFO - [2025-02-23T04:56:00.963+0000] {dag.py:4180} INFO - Setting next_dagrun for dataset_alias_example_alias_producer_with_no_taskflow to None, run_after=None
[2025-02-23T04:56:00.965+0000] {logging_mixin.py:190} INFO - [2025-02-23T04:56:00.964+0000] {dag.py:4180} INFO - Setting next_dagrun for dataset_s3_bucket_consumer_with_no_taskflow to None, run_after=None
[2025-02-23T04:56:00.966+0000] {logging_mixin.py:190} INFO - [2025-02-23T04:56:00.965+0000] {dag.py:4180} INFO - Setting next_dagrun for dataset_s3_bucket_producer_with_no_taskflow to None, run_after=None
[2025-02-23T04:56:00.981+0000] {processor.py:208} INFO - Processing /home/airflow/.local/lib/python3.12/site-packages/airflow/example_dags/example_dataset_alias_with_no_taskflow.py took 0.589 seconds
[2025-02-23T04:56:31.503+0000] {processor.py:186} INFO - Started process (PID=1301) to work on /home/airflow/.local/lib/python3.12/site-packages/airflow/example_dags/example_dataset_alias_with_no_taskflow.py
[2025-02-23T04:56:31.504+0000] {processor.py:914} INFO - Processing file /home/airflow/.local/lib/python3.12/site-packages/airflow/example_dags/example_dataset_alias_with_no_taskflow.py for tasks to queue
[2025-02-23T04:56:31.505+0000] {logging_mixin.py:190} INFO - [2025-02-23T04:56:31.505+0000] {dagbag.py:588} INFO - Filling up the DagBag from /home/airflow/.local/lib/python3.12/site-packages/airflow/example_dags/example_dataset_alias_with_no_taskflow.py
[2025-02-23T04:56:32.048+0000] {processor.py:925} INFO - DAG(s) 'dataset_alias_example_alias_consumer_with_no_taskflow', 'dataset_s3_bucket_producer_with_no_taskflow', 'dataset_alias_example_alias_producer_with_no_taskflow', 'dataset_s3_bucket_consumer_with_no_taskflow' retrieved from /home/airflow/.local/lib/python3.12/site-packages/airflow/example_dags/example_dataset_alias_with_no_taskflow.py
[2025-02-23T04:56:32.063+0000] {logging_mixin.py:190} INFO - [2025-02-23T04:56:32.063+0000] {dag.py:3239} INFO - Sync 4 DAGs
[2025-02-23T04:56:32.082+0000] {logging_mixin.py:190} INFO - [2025-02-23T04:56:32.082+0000] {dag.py:4180} INFO - Setting next_dagrun for dataset_alias_example_alias_consumer_with_no_taskflow to None, run_after=None
[2025-02-23T04:56:32.084+0000] {logging_mixin.py:190} INFO - [2025-02-23T04:56:32.084+0000] {dag.py:4180} INFO - Setting next_dagrun for dataset_alias_example_alias_producer_with_no_taskflow to None, run_after=None
[2025-02-23T04:56:32.085+0000] {logging_mixin.py:190} INFO - [2025-02-23T04:56:32.085+0000] {dag.py:4180} INFO - Setting next_dagrun for dataset_s3_bucket_consumer_with_no_taskflow to None, run_after=None
[2025-02-23T04:56:32.086+0000] {logging_mixin.py:190} INFO - [2025-02-23T04:56:32.086+0000] {dag.py:4180} INFO - Setting next_dagrun for dataset_s3_bucket_producer_with_no_taskflow to None, run_after=None
[2025-02-23T04:56:32.100+0000] {processor.py:208} INFO - Processing /home/airflow/.local/lib/python3.12/site-packages/airflow/example_dags/example_dataset_alias_with_no_taskflow.py took 0.602 seconds
