[2025-02-23T04:46:43.857+0000] {processor.py:186} INFO - Started process (PID=111) to work on /home/airflow/.local/lib/python3.12/site-packages/airflow/example_dags/example_workday_timetable.py
[2025-02-23T04:46:43.857+0000] {processor.py:914} INFO - Processing file /home/airflow/.local/lib/python3.12/site-packages/airflow/example_dags/example_workday_timetable.py for tasks to queue
[2025-02-23T04:46:43.860+0000] {logging_mixin.py:190} INFO - [2025-02-23T04:46:43.860+0000] {dagbag.py:588} INFO - Filling up the DagBag from /home/airflow/.local/lib/python3.12/site-packages/airflow/example_dags/example_workday_timetable.py
[2025-02-23T04:46:43.866+0000] {processor.py:925} INFO - DAG(s) 'example_workday_timetable' retrieved from /home/airflow/.local/lib/python3.12/site-packages/airflow/example_dags/example_workday_timetable.py
[2025-02-23T04:46:43.983+0000] {logging_mixin.py:190} INFO - [2025-02-23T04:46:43.982+0000] {override.py:1911} INFO - Created Permission View: can read on DAG:example_workday_timetable
[2025-02-23T04:46:43.991+0000] {logging_mixin.py:190} INFO - [2025-02-23T04:46:43.991+0000] {override.py:1911} INFO - Created Permission View: can delete on DAG:example_workday_timetable
[2025-02-23T04:46:43.996+0000] {logging_mixin.py:190} INFO - [2025-02-23T04:46:43.996+0000] {override.py:1911} INFO - Created Permission View: can edit on DAG:example_workday_timetable
[2025-02-23T04:46:44.002+0000] {logging_mixin.py:190} INFO - [2025-02-23T04:46:44.001+0000] {override.py:1911} INFO - Created Permission View: can read on DAG Run:example_workday_timetable
[2025-02-23T04:46:44.007+0000] {logging_mixin.py:190} INFO - [2025-02-23T04:46:44.007+0000] {override.py:1911} INFO - Created Permission View: can create on DAG Run:example_workday_timetable
[2025-02-23T04:46:44.012+0000] {logging_mixin.py:190} INFO - [2025-02-23T04:46:44.012+0000] {override.py:1911} INFO - Created Permission View: can delete on DAG Run:example_workday_timetable
[2025-02-23T04:46:44.018+0000] {logging_mixin.py:190} INFO - [2025-02-23T04:46:44.017+0000] {override.py:1911} INFO - Created Permission View: menu access on DAG Run:example_workday_timetable
[2025-02-23T04:46:44.018+0000] {logging_mixin.py:190} INFO - [2025-02-23T04:46:44.018+0000] {dag.py:3239} INFO - Sync 1 DAGs
[2025-02-23T04:46:44.033+0000] {logging_mixin.py:190} INFO - [2025-02-23T04:46:44.033+0000] {dag.py:3262} INFO - Creating ORM DAG for example_workday_timetable
[2025-02-23T04:46:44.096+0000] {logging_mixin.py:190} INFO - [2025-02-23T04:46:44.096+0000] {dag.py:4180} INFO - Setting next_dagrun for example_workday_timetable to 2021-01-04 00:00:00+00:00, run_after=2021-01-05 00:00:00+00:00
[2025-02-23T04:46:44.112+0000] {processor.py:208} INFO - Processing /home/airflow/.local/lib/python3.12/site-packages/airflow/example_dags/example_workday_timetable.py took 0.261 seconds
[2025-02-23T04:47:14.744+0000] {processor.py:186} INFO - Started process (PID=174) to work on /home/airflow/.local/lib/python3.12/site-packages/airflow/example_dags/example_workday_timetable.py
[2025-02-23T04:47:14.745+0000] {processor.py:914} INFO - Processing file /home/airflow/.local/lib/python3.12/site-packages/airflow/example_dags/example_workday_timetable.py for tasks to queue
[2025-02-23T04:47:14.747+0000] {logging_mixin.py:190} INFO - [2025-02-23T04:47:14.747+0000] {dagbag.py:588} INFO - Filling up the DagBag from /home/airflow/.local/lib/python3.12/site-packages/airflow/example_dags/example_workday_timetable.py
[2025-02-23T04:47:14.752+0000] {processor.py:925} INFO - DAG(s) 'example_workday_timetable' retrieved from /home/airflow/.local/lib/python3.12/site-packages/airflow/example_dags/example_workday_timetable.py
[2025-02-23T04:47:14.767+0000] {logging_mixin.py:190} INFO - [2025-02-23T04:47:14.766+0000] {dag.py:3239} INFO - Sync 1 DAGs
[2025-02-23T04:47:14.819+0000] {logging_mixin.py:190} INFO - [2025-02-23T04:47:14.819+0000] {dag.py:4180} INFO - Setting next_dagrun for example_workday_timetable to 2021-01-04 00:00:00+00:00, run_after=2021-01-05 00:00:00+00:00
[2025-02-23T04:47:14.834+0000] {processor.py:208} INFO - Processing /home/airflow/.local/lib/python3.12/site-packages/airflow/example_dags/example_workday_timetable.py took 0.094 seconds
[2025-02-23T04:47:45.780+0000] {processor.py:186} INFO - Started process (PID=237) to work on /home/airflow/.local/lib/python3.12/site-packages/airflow/example_dags/example_workday_timetable.py
[2025-02-23T04:47:45.781+0000] {processor.py:914} INFO - Processing file /home/airflow/.local/lib/python3.12/site-packages/airflow/example_dags/example_workday_timetable.py for tasks to queue
[2025-02-23T04:47:45.783+0000] {logging_mixin.py:190} INFO - [2025-02-23T04:47:45.782+0000] {dagbag.py:588} INFO - Filling up the DagBag from /home/airflow/.local/lib/python3.12/site-packages/airflow/example_dags/example_workday_timetable.py
[2025-02-23T04:47:45.787+0000] {processor.py:925} INFO - DAG(s) 'example_workday_timetable' retrieved from /home/airflow/.local/lib/python3.12/site-packages/airflow/example_dags/example_workday_timetable.py
[2025-02-23T04:47:45.804+0000] {logging_mixin.py:190} INFO - [2025-02-23T04:47:45.803+0000] {dag.py:3239} INFO - Sync 1 DAGs
[2025-02-23T04:47:45.881+0000] {logging_mixin.py:190} INFO - [2025-02-23T04:47:45.880+0000] {dag.py:4180} INFO - Setting next_dagrun for example_workday_timetable to 2021-01-04 00:00:00+00:00, run_after=2021-01-05 00:00:00+00:00
[2025-02-23T04:47:45.895+0000] {processor.py:208} INFO - Processing /home/airflow/.local/lib/python3.12/site-packages/airflow/example_dags/example_workday_timetable.py took 0.119 seconds
[2025-02-23T04:48:16.702+0000] {processor.py:186} INFO - Started process (PID=301) to work on /home/airflow/.local/lib/python3.12/site-packages/airflow/example_dags/example_workday_timetable.py
[2025-02-23T04:48:16.703+0000] {processor.py:914} INFO - Processing file /home/airflow/.local/lib/python3.12/site-packages/airflow/example_dags/example_workday_timetable.py for tasks to queue
[2025-02-23T04:48:16.704+0000] {logging_mixin.py:190} INFO - [2025-02-23T04:48:16.704+0000] {dagbag.py:588} INFO - Filling up the DagBag from /home/airflow/.local/lib/python3.12/site-packages/airflow/example_dags/example_workday_timetable.py
[2025-02-23T04:48:16.709+0000] {processor.py:925} INFO - DAG(s) 'example_workday_timetable' retrieved from /home/airflow/.local/lib/python3.12/site-packages/airflow/example_dags/example_workday_timetable.py
[2025-02-23T04:48:16.723+0000] {logging_mixin.py:190} INFO - [2025-02-23T04:48:16.723+0000] {dag.py:3239} INFO - Sync 1 DAGs
[2025-02-23T04:48:16.771+0000] {logging_mixin.py:190} INFO - [2025-02-23T04:48:16.771+0000] {dag.py:4180} INFO - Setting next_dagrun for example_workday_timetable to 2021-01-04 00:00:00+00:00, run_after=2021-01-05 00:00:00+00:00
[2025-02-23T04:48:16.783+0000] {processor.py:208} INFO - Processing /home/airflow/.local/lib/python3.12/site-packages/airflow/example_dags/example_workday_timetable.py took 0.086 seconds
[2025-02-23T04:48:47.248+0000] {processor.py:186} INFO - Started process (PID=364) to work on /home/airflow/.local/lib/python3.12/site-packages/airflow/example_dags/example_workday_timetable.py
[2025-02-23T04:48:47.249+0000] {processor.py:914} INFO - Processing file /home/airflow/.local/lib/python3.12/site-packages/airflow/example_dags/example_workday_timetable.py for tasks to queue
[2025-02-23T04:48:47.251+0000] {logging_mixin.py:190} INFO - [2025-02-23T04:48:47.250+0000] {dagbag.py:588} INFO - Filling up the DagBag from /home/airflow/.local/lib/python3.12/site-packages/airflow/example_dags/example_workday_timetable.py
[2025-02-23T04:48:47.255+0000] {processor.py:925} INFO - DAG(s) 'example_workday_timetable' retrieved from /home/airflow/.local/lib/python3.12/site-packages/airflow/example_dags/example_workday_timetable.py
[2025-02-23T04:48:47.272+0000] {logging_mixin.py:190} INFO - [2025-02-23T04:48:47.272+0000] {dag.py:3239} INFO - Sync 1 DAGs
[2025-02-23T04:48:47.327+0000] {logging_mixin.py:190} INFO - [2025-02-23T04:48:47.326+0000] {dag.py:4180} INFO - Setting next_dagrun for example_workday_timetable to 2021-01-04 00:00:00+00:00, run_after=2021-01-05 00:00:00+00:00
[2025-02-23T04:48:47.342+0000] {processor.py:208} INFO - Processing /home/airflow/.local/lib/python3.12/site-packages/airflow/example_dags/example_workday_timetable.py took 0.098 seconds
[2025-02-23T04:49:18.446+0000] {processor.py:186} INFO - Started process (PID=427) to work on /home/airflow/.local/lib/python3.12/site-packages/airflow/example_dags/example_workday_timetable.py
[2025-02-23T04:49:18.447+0000] {processor.py:914} INFO - Processing file /home/airflow/.local/lib/python3.12/site-packages/airflow/example_dags/example_workday_timetable.py for tasks to queue
[2025-02-23T04:49:18.448+0000] {logging_mixin.py:190} INFO - [2025-02-23T04:49:18.448+0000] {dagbag.py:588} INFO - Filling up the DagBag from /home/airflow/.local/lib/python3.12/site-packages/airflow/example_dags/example_workday_timetable.py
[2025-02-23T04:49:18.453+0000] {processor.py:925} INFO - DAG(s) 'example_workday_timetable' retrieved from /home/airflow/.local/lib/python3.12/site-packages/airflow/example_dags/example_workday_timetable.py
[2025-02-23T04:49:18.468+0000] {logging_mixin.py:190} INFO - [2025-02-23T04:49:18.468+0000] {dag.py:3239} INFO - Sync 1 DAGs
[2025-02-23T04:49:18.519+0000] {logging_mixin.py:190} INFO - [2025-02-23T04:49:18.519+0000] {dag.py:4180} INFO - Setting next_dagrun for example_workday_timetable to 2021-01-04 00:00:00+00:00, run_after=2021-01-05 00:00:00+00:00
[2025-02-23T04:49:18.534+0000] {processor.py:208} INFO - Processing /home/airflow/.local/lib/python3.12/site-packages/airflow/example_dags/example_workday_timetable.py took 0.094 seconds
[2025-02-23T04:49:49.544+0000] {processor.py:186} INFO - Started process (PID=490) to work on /home/airflow/.local/lib/python3.12/site-packages/airflow/example_dags/example_workday_timetable.py
[2025-02-23T04:49:49.545+0000] {processor.py:914} INFO - Processing file /home/airflow/.local/lib/python3.12/site-packages/airflow/example_dags/example_workday_timetable.py for tasks to queue
[2025-02-23T04:49:49.547+0000] {logging_mixin.py:190} INFO - [2025-02-23T04:49:49.547+0000] {dagbag.py:588} INFO - Filling up the DagBag from /home/airflow/.local/lib/python3.12/site-packages/airflow/example_dags/example_workday_timetable.py
[2025-02-23T04:49:49.553+0000] {processor.py:925} INFO - DAG(s) 'example_workday_timetable' retrieved from /home/airflow/.local/lib/python3.12/site-packages/airflow/example_dags/example_workday_timetable.py
[2025-02-23T04:49:49.573+0000] {logging_mixin.py:190} INFO - [2025-02-23T04:49:49.572+0000] {dag.py:3239} INFO - Sync 1 DAGs
[2025-02-23T04:49:49.623+0000] {logging_mixin.py:190} INFO - [2025-02-23T04:49:49.623+0000] {dag.py:4180} INFO - Setting next_dagrun for example_workday_timetable to 2021-01-04 00:00:00+00:00, run_after=2021-01-05 00:00:00+00:00
[2025-02-23T04:49:49.637+0000] {processor.py:208} INFO - Processing /home/airflow/.local/lib/python3.12/site-packages/airflow/example_dags/example_workday_timetable.py took 0.098 seconds
[2025-02-23T04:50:20.751+0000] {processor.py:186} INFO - Started process (PID=553) to work on /home/airflow/.local/lib/python3.12/site-packages/airflow/example_dags/example_workday_timetable.py
[2025-02-23T04:50:20.752+0000] {processor.py:914} INFO - Processing file /home/airflow/.local/lib/python3.12/site-packages/airflow/example_dags/example_workday_timetable.py for tasks to queue
[2025-02-23T04:50:20.754+0000] {logging_mixin.py:190} INFO - [2025-02-23T04:50:20.754+0000] {dagbag.py:588} INFO - Filling up the DagBag from /home/airflow/.local/lib/python3.12/site-packages/airflow/example_dags/example_workday_timetable.py
[2025-02-23T04:50:20.760+0000] {processor.py:925} INFO - DAG(s) 'example_workday_timetable' retrieved from /home/airflow/.local/lib/python3.12/site-packages/airflow/example_dags/example_workday_timetable.py
[2025-02-23T04:50:20.780+0000] {logging_mixin.py:190} INFO - [2025-02-23T04:50:20.780+0000] {dag.py:3239} INFO - Sync 1 DAGs
[2025-02-23T04:50:20.847+0000] {logging_mixin.py:190} INFO - [2025-02-23T04:50:20.847+0000] {dag.py:4180} INFO - Setting next_dagrun for example_workday_timetable to 2021-01-04 00:00:00+00:00, run_after=2021-01-05 00:00:00+00:00
[2025-02-23T04:50:20.863+0000] {processor.py:208} INFO - Processing /home/airflow/.local/lib/python3.12/site-packages/airflow/example_dags/example_workday_timetable.py took 0.120 seconds
[2025-02-23T04:50:51.854+0000] {processor.py:186} INFO - Started process (PID=616) to work on /home/airflow/.local/lib/python3.12/site-packages/airflow/example_dags/example_workday_timetable.py
[2025-02-23T04:50:51.855+0000] {processor.py:914} INFO - Processing file /home/airflow/.local/lib/python3.12/site-packages/airflow/example_dags/example_workday_timetable.py for tasks to queue
[2025-02-23T04:50:51.858+0000] {logging_mixin.py:190} INFO - [2025-02-23T04:50:51.857+0000] {dagbag.py:588} INFO - Filling up the DagBag from /home/airflow/.local/lib/python3.12/site-packages/airflow/example_dags/example_workday_timetable.py
[2025-02-23T04:50:51.864+0000] {processor.py:925} INFO - DAG(s) 'example_workday_timetable' retrieved from /home/airflow/.local/lib/python3.12/site-packages/airflow/example_dags/example_workday_timetable.py
[2025-02-23T04:50:51.881+0000] {logging_mixin.py:190} INFO - [2025-02-23T04:50:51.881+0000] {dag.py:3239} INFO - Sync 1 DAGs
[2025-02-23T04:50:51.938+0000] {logging_mixin.py:190} INFO - [2025-02-23T04:50:51.937+0000] {dag.py:4180} INFO - Setting next_dagrun for example_workday_timetable to 2021-01-04 00:00:00+00:00, run_after=2021-01-05 00:00:00+00:00
[2025-02-23T04:50:51.952+0000] {processor.py:208} INFO - Processing /home/airflow/.local/lib/python3.12/site-packages/airflow/example_dags/example_workday_timetable.py took 0.103 seconds
[2025-02-23T04:51:22.882+0000] {processor.py:186} INFO - Started process (PID=679) to work on /home/airflow/.local/lib/python3.12/site-packages/airflow/example_dags/example_workday_timetable.py
[2025-02-23T04:51:22.882+0000] {processor.py:914} INFO - Processing file /home/airflow/.local/lib/python3.12/site-packages/airflow/example_dags/example_workday_timetable.py for tasks to queue
[2025-02-23T04:51:22.885+0000] {logging_mixin.py:190} INFO - [2025-02-23T04:51:22.884+0000] {dagbag.py:588} INFO - Filling up the DagBag from /home/airflow/.local/lib/python3.12/site-packages/airflow/example_dags/example_workday_timetable.py
[2025-02-23T04:51:22.891+0000] {processor.py:925} INFO - DAG(s) 'example_workday_timetable' retrieved from /home/airflow/.local/lib/python3.12/site-packages/airflow/example_dags/example_workday_timetable.py
[2025-02-23T04:51:22.912+0000] {logging_mixin.py:190} INFO - [2025-02-23T04:51:22.911+0000] {dag.py:3239} INFO - Sync 1 DAGs
[2025-02-23T04:51:22.977+0000] {logging_mixin.py:190} INFO - [2025-02-23T04:51:22.977+0000] {dag.py:4180} INFO - Setting next_dagrun for example_workday_timetable to 2021-01-04 00:00:00+00:00, run_after=2021-01-05 00:00:00+00:00
[2025-02-23T04:51:22.991+0000] {processor.py:208} INFO - Processing /home/airflow/.local/lib/python3.12/site-packages/airflow/example_dags/example_workday_timetable.py took 0.116 seconds
[2025-02-23T04:51:53.708+0000] {processor.py:186} INFO - Started process (PID=742) to work on /home/airflow/.local/lib/python3.12/site-packages/airflow/example_dags/example_workday_timetable.py
[2025-02-23T04:51:53.709+0000] {processor.py:914} INFO - Processing file /home/airflow/.local/lib/python3.12/site-packages/airflow/example_dags/example_workday_timetable.py for tasks to queue
[2025-02-23T04:51:53.711+0000] {logging_mixin.py:190} INFO - [2025-02-23T04:51:53.711+0000] {dagbag.py:588} INFO - Filling up the DagBag from /home/airflow/.local/lib/python3.12/site-packages/airflow/example_dags/example_workday_timetable.py
[2025-02-23T04:51:53.715+0000] {processor.py:925} INFO - DAG(s) 'example_workday_timetable' retrieved from /home/airflow/.local/lib/python3.12/site-packages/airflow/example_dags/example_workday_timetable.py
[2025-02-23T04:51:53.730+0000] {logging_mixin.py:190} INFO - [2025-02-23T04:51:53.730+0000] {dag.py:3239} INFO - Sync 1 DAGs
[2025-02-23T04:51:53.796+0000] {logging_mixin.py:190} INFO - [2025-02-23T04:51:53.796+0000] {dag.py:4180} INFO - Setting next_dagrun for example_workday_timetable to 2021-01-04 00:00:00+00:00, run_after=2021-01-05 00:00:00+00:00
[2025-02-23T04:51:53.809+0000] {processor.py:208} INFO - Processing /home/airflow/.local/lib/python3.12/site-packages/airflow/example_dags/example_workday_timetable.py took 0.106 seconds
[2025-02-23T04:52:24.401+0000] {processor.py:186} INFO - Started process (PID=805) to work on /home/airflow/.local/lib/python3.12/site-packages/airflow/example_dags/example_workday_timetable.py
[2025-02-23T04:52:24.401+0000] {processor.py:914} INFO - Processing file /home/airflow/.local/lib/python3.12/site-packages/airflow/example_dags/example_workday_timetable.py for tasks to queue
[2025-02-23T04:52:24.404+0000] {logging_mixin.py:190} INFO - [2025-02-23T04:52:24.403+0000] {dagbag.py:588} INFO - Filling up the DagBag from /home/airflow/.local/lib/python3.12/site-packages/airflow/example_dags/example_workday_timetable.py
[2025-02-23T04:52:24.409+0000] {processor.py:925} INFO - DAG(s) 'example_workday_timetable' retrieved from /home/airflow/.local/lib/python3.12/site-packages/airflow/example_dags/example_workday_timetable.py
[2025-02-23T04:52:24.426+0000] {logging_mixin.py:190} INFO - [2025-02-23T04:52:24.426+0000] {dag.py:3239} INFO - Sync 1 DAGs
[2025-02-23T04:52:24.481+0000] {logging_mixin.py:190} INFO - [2025-02-23T04:52:24.481+0000] {dag.py:4180} INFO - Setting next_dagrun for example_workday_timetable to 2021-01-04 00:00:00+00:00, run_after=2021-01-05 00:00:00+00:00
[2025-02-23T04:52:24.496+0000] {processor.py:208} INFO - Processing /home/airflow/.local/lib/python3.12/site-packages/airflow/example_dags/example_workday_timetable.py took 0.100 seconds
[2025-02-23T04:52:55.157+0000] {processor.py:186} INFO - Started process (PID=868) to work on /home/airflow/.local/lib/python3.12/site-packages/airflow/example_dags/example_workday_timetable.py
[2025-02-23T04:52:55.158+0000] {processor.py:914} INFO - Processing file /home/airflow/.local/lib/python3.12/site-packages/airflow/example_dags/example_workday_timetable.py for tasks to queue
[2025-02-23T04:52:55.160+0000] {logging_mixin.py:190} INFO - [2025-02-23T04:52:55.159+0000] {dagbag.py:588} INFO - Filling up the DagBag from /home/airflow/.local/lib/python3.12/site-packages/airflow/example_dags/example_workday_timetable.py
[2025-02-23T04:52:55.164+0000] {processor.py:925} INFO - DAG(s) 'example_workday_timetable' retrieved from /home/airflow/.local/lib/python3.12/site-packages/airflow/example_dags/example_workday_timetable.py
[2025-02-23T04:52:55.179+0000] {logging_mixin.py:190} INFO - [2025-02-23T04:52:55.179+0000] {dag.py:3239} INFO - Sync 1 DAGs
[2025-02-23T04:52:55.230+0000] {logging_mixin.py:190} INFO - [2025-02-23T04:52:55.230+0000] {dag.py:4180} INFO - Setting next_dagrun for example_workday_timetable to 2021-01-04 00:00:00+00:00, run_after=2021-01-05 00:00:00+00:00
[2025-02-23T04:52:55.245+0000] {processor.py:208} INFO - Processing /home/airflow/.local/lib/python3.12/site-packages/airflow/example_dags/example_workday_timetable.py took 0.093 seconds
[2025-02-23T04:53:25.812+0000] {processor.py:186} INFO - Started process (PID=931) to work on /home/airflow/.local/lib/python3.12/site-packages/airflow/example_dags/example_workday_timetable.py
[2025-02-23T04:53:25.813+0000] {processor.py:914} INFO - Processing file /home/airflow/.local/lib/python3.12/site-packages/airflow/example_dags/example_workday_timetable.py for tasks to queue
[2025-02-23T04:53:25.815+0000] {logging_mixin.py:190} INFO - [2025-02-23T04:53:25.814+0000] {dagbag.py:588} INFO - Filling up the DagBag from /home/airflow/.local/lib/python3.12/site-packages/airflow/example_dags/example_workday_timetable.py
[2025-02-23T04:53:25.820+0000] {processor.py:925} INFO - DAG(s) 'example_workday_timetable' retrieved from /home/airflow/.local/lib/python3.12/site-packages/airflow/example_dags/example_workday_timetable.py
[2025-02-23T04:53:25.836+0000] {logging_mixin.py:190} INFO - [2025-02-23T04:53:25.836+0000] {dag.py:3239} INFO - Sync 1 DAGs
[2025-02-23T04:53:25.894+0000] {logging_mixin.py:190} INFO - [2025-02-23T04:53:25.894+0000] {dag.py:4180} INFO - Setting next_dagrun for example_workday_timetable to 2021-01-04 00:00:00+00:00, run_after=2021-01-05 00:00:00+00:00
[2025-02-23T04:53:25.910+0000] {processor.py:208} INFO - Processing /home/airflow/.local/lib/python3.12/site-packages/airflow/example_dags/example_workday_timetable.py took 0.102 seconds
[2025-02-23T04:53:56.521+0000] {processor.py:186} INFO - Started process (PID=994) to work on /home/airflow/.local/lib/python3.12/site-packages/airflow/example_dags/example_workday_timetable.py
[2025-02-23T04:53:56.522+0000] {processor.py:914} INFO - Processing file /home/airflow/.local/lib/python3.12/site-packages/airflow/example_dags/example_workday_timetable.py for tasks to queue
[2025-02-23T04:53:56.523+0000] {logging_mixin.py:190} INFO - [2025-02-23T04:53:56.523+0000] {dagbag.py:588} INFO - Filling up the DagBag from /home/airflow/.local/lib/python3.12/site-packages/airflow/example_dags/example_workday_timetable.py
[2025-02-23T04:53:56.528+0000] {processor.py:925} INFO - DAG(s) 'example_workday_timetable' retrieved from /home/airflow/.local/lib/python3.12/site-packages/airflow/example_dags/example_workday_timetable.py
[2025-02-23T04:53:56.543+0000] {logging_mixin.py:190} INFO - [2025-02-23T04:53:56.543+0000] {dag.py:3239} INFO - Sync 1 DAGs
[2025-02-23T04:53:56.593+0000] {logging_mixin.py:190} INFO - [2025-02-23T04:53:56.593+0000] {dag.py:4180} INFO - Setting next_dagrun for example_workday_timetable to 2021-01-04 00:00:00+00:00, run_after=2021-01-05 00:00:00+00:00
[2025-02-23T04:53:56.606+0000] {processor.py:208} INFO - Processing /home/airflow/.local/lib/python3.12/site-packages/airflow/example_dags/example_workday_timetable.py took 0.090 seconds
[2025-02-23T04:54:27.271+0000] {processor.py:186} INFO - Started process (PID=1057) to work on /home/airflow/.local/lib/python3.12/site-packages/airflow/example_dags/example_workday_timetable.py
[2025-02-23T04:54:27.272+0000] {processor.py:914} INFO - Processing file /home/airflow/.local/lib/python3.12/site-packages/airflow/example_dags/example_workday_timetable.py for tasks to queue
[2025-02-23T04:54:27.274+0000] {logging_mixin.py:190} INFO - [2025-02-23T04:54:27.273+0000] {dagbag.py:588} INFO - Filling up the DagBag from /home/airflow/.local/lib/python3.12/site-packages/airflow/example_dags/example_workday_timetable.py
[2025-02-23T04:54:27.280+0000] {processor.py:925} INFO - DAG(s) 'example_workday_timetable' retrieved from /home/airflow/.local/lib/python3.12/site-packages/airflow/example_dags/example_workday_timetable.py
[2025-02-23T04:54:27.296+0000] {logging_mixin.py:190} INFO - [2025-02-23T04:54:27.296+0000] {dag.py:3239} INFO - Sync 1 DAGs
[2025-02-23T04:54:27.362+0000] {logging_mixin.py:190} INFO - [2025-02-23T04:54:27.361+0000] {dag.py:4180} INFO - Setting next_dagrun for example_workday_timetable to 2021-01-04 00:00:00+00:00, run_after=2021-01-05 00:00:00+00:00
[2025-02-23T04:54:27.377+0000] {processor.py:208} INFO - Processing /home/airflow/.local/lib/python3.12/site-packages/airflow/example_dags/example_workday_timetable.py took 0.111 seconds
[2025-02-23T04:54:58.705+0000] {processor.py:186} INFO - Started process (PID=1120) to work on /home/airflow/.local/lib/python3.12/site-packages/airflow/example_dags/example_workday_timetable.py
[2025-02-23T04:54:58.706+0000] {processor.py:914} INFO - Processing file /home/airflow/.local/lib/python3.12/site-packages/airflow/example_dags/example_workday_timetable.py for tasks to queue
[2025-02-23T04:54:58.708+0000] {logging_mixin.py:190} INFO - [2025-02-23T04:54:58.707+0000] {dagbag.py:588} INFO - Filling up the DagBag from /home/airflow/.local/lib/python3.12/site-packages/airflow/example_dags/example_workday_timetable.py
[2025-02-23T04:54:58.713+0000] {processor.py:925} INFO - DAG(s) 'example_workday_timetable' retrieved from /home/airflow/.local/lib/python3.12/site-packages/airflow/example_dags/example_workday_timetable.py
[2025-02-23T04:54:58.729+0000] {logging_mixin.py:190} INFO - [2025-02-23T04:54:58.728+0000] {dag.py:3239} INFO - Sync 1 DAGs
[2025-02-23T04:54:58.795+0000] {logging_mixin.py:190} INFO - [2025-02-23T04:54:58.795+0000] {dag.py:4180} INFO - Setting next_dagrun for example_workday_timetable to 2021-01-04 00:00:00+00:00, run_after=2021-01-05 00:00:00+00:00
[2025-02-23T04:54:58.808+0000] {processor.py:208} INFO - Processing /home/airflow/.local/lib/python3.12/site-packages/airflow/example_dags/example_workday_timetable.py took 0.108 seconds
[2025-02-23T04:55:29.921+0000] {processor.py:186} INFO - Started process (PID=1183) to work on /home/airflow/.local/lib/python3.12/site-packages/airflow/example_dags/example_workday_timetable.py
[2025-02-23T04:55:29.921+0000] {processor.py:914} INFO - Processing file /home/airflow/.local/lib/python3.12/site-packages/airflow/example_dags/example_workday_timetable.py for tasks to queue
[2025-02-23T04:55:29.923+0000] {logging_mixin.py:190} INFO - [2025-02-23T04:55:29.923+0000] {dagbag.py:588} INFO - Filling up the DagBag from /home/airflow/.local/lib/python3.12/site-packages/airflow/example_dags/example_workday_timetable.py
[2025-02-23T04:55:29.928+0000] {processor.py:925} INFO - DAG(s) 'example_workday_timetable' retrieved from /home/airflow/.local/lib/python3.12/site-packages/airflow/example_dags/example_workday_timetable.py
[2025-02-23T04:55:29.944+0000] {logging_mixin.py:190} INFO - [2025-02-23T04:55:29.944+0000] {dag.py:3239} INFO - Sync 1 DAGs
[2025-02-23T04:55:29.996+0000] {logging_mixin.py:190} INFO - [2025-02-23T04:55:29.995+0000] {dag.py:4180} INFO - Setting next_dagrun for example_workday_timetable to 2021-01-04 00:00:00+00:00, run_after=2021-01-05 00:00:00+00:00
[2025-02-23T04:55:30.009+0000] {processor.py:208} INFO - Processing /home/airflow/.local/lib/python3.12/site-packages/airflow/example_dags/example_workday_timetable.py took 0.093 seconds
[2025-02-23T04:56:01.317+0000] {processor.py:186} INFO - Started process (PID=1246) to work on /home/airflow/.local/lib/python3.12/site-packages/airflow/example_dags/example_workday_timetable.py
[2025-02-23T04:56:01.317+0000] {processor.py:914} INFO - Processing file /home/airflow/.local/lib/python3.12/site-packages/airflow/example_dags/example_workday_timetable.py for tasks to queue
[2025-02-23T04:56:01.319+0000] {logging_mixin.py:190} INFO - [2025-02-23T04:56:01.319+0000] {dagbag.py:588} INFO - Filling up the DagBag from /home/airflow/.local/lib/python3.12/site-packages/airflow/example_dags/example_workday_timetable.py
[2025-02-23T04:56:01.324+0000] {processor.py:925} INFO - DAG(s) 'example_workday_timetable' retrieved from /home/airflow/.local/lib/python3.12/site-packages/airflow/example_dags/example_workday_timetable.py
[2025-02-23T04:56:01.339+0000] {logging_mixin.py:190} INFO - [2025-02-23T04:56:01.339+0000] {dag.py:3239} INFO - Sync 1 DAGs
[2025-02-23T04:56:01.402+0000] {logging_mixin.py:190} INFO - [2025-02-23T04:56:01.401+0000] {dag.py:4180} INFO - Setting next_dagrun for example_workday_timetable to 2021-01-04 00:00:00+00:00, run_after=2021-01-05 00:00:00+00:00
[2025-02-23T04:56:01.417+0000] {processor.py:208} INFO - Processing /home/airflow/.local/lib/python3.12/site-packages/airflow/example_dags/example_workday_timetable.py took 0.105 seconds
[2025-02-23T04:56:32.478+0000] {processor.py:186} INFO - Started process (PID=1310) to work on /home/airflow/.local/lib/python3.12/site-packages/airflow/example_dags/example_workday_timetable.py
[2025-02-23T04:56:32.478+0000] {processor.py:914} INFO - Processing file /home/airflow/.local/lib/python3.12/site-packages/airflow/example_dags/example_workday_timetable.py for tasks to queue
[2025-02-23T04:56:32.480+0000] {logging_mixin.py:190} INFO - [2025-02-23T04:56:32.479+0000] {dagbag.py:588} INFO - Filling up the DagBag from /home/airflow/.local/lib/python3.12/site-packages/airflow/example_dags/example_workday_timetable.py
[2025-02-23T04:56:32.485+0000] {processor.py:925} INFO - DAG(s) 'example_workday_timetable' retrieved from /home/airflow/.local/lib/python3.12/site-packages/airflow/example_dags/example_workday_timetable.py
[2025-02-23T04:56:32.501+0000] {logging_mixin.py:190} INFO - [2025-02-23T04:56:32.501+0000] {dag.py:3239} INFO - Sync 1 DAGs
[2025-02-23T04:56:32.566+0000] {logging_mixin.py:190} INFO - [2025-02-23T04:56:32.566+0000] {dag.py:4180} INFO - Setting next_dagrun for example_workday_timetable to 2021-01-04 00:00:00+00:00, run_after=2021-01-05 00:00:00+00:00
[2025-02-23T04:56:32.581+0000] {processor.py:208} INFO - Processing /home/airflow/.local/lib/python3.12/site-packages/airflow/example_dags/example_workday_timetable.py took 0.107 seconds
