[2025-02-23T04:46:40.563+0000] {processor.py:186} INFO - Started process (PID=94) to work on /home/airflow/.local/lib/python3.12/site-packages/airflow/example_dags/example_complex.py
[2025-02-23T04:46:40.564+0000] {processor.py:914} INFO - Processing file /home/airflow/.local/lib/python3.12/site-packages/airflow/example_dags/example_complex.py for tasks to queue
[2025-02-23T04:46:40.566+0000] {logging_mixin.py:190} INFO - [2025-02-23T04:46:40.566+0000] {dagbag.py:588} INFO - Filling up the DagBag from /home/airflow/.local/lib/python3.12/site-packages/airflow/example_dags/example_complex.py
[2025-02-23T04:46:40.586+0000] {processor.py:925} INFO - DAG(s) 'example_complex' retrieved from /home/airflow/.local/lib/python3.12/site-packages/airflow/example_dags/example_complex.py
[2025-02-23T04:46:40.721+0000] {logging_mixin.py:190} INFO - [2025-02-23T04:46:40.721+0000] {override.py:1911} INFO - Created Permission View: can read on DAG:example_complex
[2025-02-23T04:46:40.730+0000] {logging_mixin.py:190} INFO - [2025-02-23T04:46:40.730+0000] {override.py:1911} INFO - Created Permission View: can delete on DAG:example_complex
[2025-02-23T04:46:40.736+0000] {logging_mixin.py:190} INFO - [2025-02-23T04:46:40.735+0000] {override.py:1911} INFO - Created Permission View: can edit on DAG:example_complex
[2025-02-23T04:46:40.741+0000] {logging_mixin.py:190} INFO - [2025-02-23T04:46:40.741+0000] {override.py:1911} INFO - Created Permission View: can read on DAG Run:example_complex
[2025-02-23T04:46:40.746+0000] {logging_mixin.py:190} INFO - [2025-02-23T04:46:40.746+0000] {override.py:1911} INFO - Created Permission View: can create on DAG Run:example_complex
[2025-02-23T04:46:40.753+0000] {logging_mixin.py:190} INFO - [2025-02-23T04:46:40.753+0000] {override.py:1911} INFO - Created Permission View: can delete on DAG Run:example_complex
[2025-02-23T04:46:40.758+0000] {logging_mixin.py:190} INFO - [2025-02-23T04:46:40.757+0000] {override.py:1911} INFO - Created Permission View: menu access on DAG Run:example_complex
[2025-02-23T04:46:40.758+0000] {logging_mixin.py:190} INFO - [2025-02-23T04:46:40.758+0000] {dag.py:3239} INFO - Sync 1 DAGs
[2025-02-23T04:46:40.767+0000] {logging_mixin.py:190} INFO - [2025-02-23T04:46:40.767+0000] {dag.py:3262} INFO - Creating ORM DAG for example_complex
[2025-02-23T04:46:40.768+0000] {logging_mixin.py:190} INFO - [2025-02-23T04:46:40.768+0000] {dag.py:4180} INFO - Setting next_dagrun for example_complex to None, run_after=None
[2025-02-23T04:46:40.792+0000] {processor.py:208} INFO - Processing /home/airflow/.local/lib/python3.12/site-packages/airflow/example_dags/example_complex.py took 0.235 seconds
[2025-02-23T04:47:10.899+0000] {processor.py:186} INFO - Started process (PID=157) to work on /home/airflow/.local/lib/python3.12/site-packages/airflow/example_dags/example_complex.py
[2025-02-23T04:47:10.900+0000] {processor.py:914} INFO - Processing file /home/airflow/.local/lib/python3.12/site-packages/airflow/example_dags/example_complex.py for tasks to queue
[2025-02-23T04:47:10.901+0000] {logging_mixin.py:190} INFO - [2025-02-23T04:47:10.901+0000] {dagbag.py:588} INFO - Filling up the DagBag from /home/airflow/.local/lib/python3.12/site-packages/airflow/example_dags/example_complex.py
[2025-02-23T04:47:10.911+0000] {processor.py:925} INFO - DAG(s) 'example_complex' retrieved from /home/airflow/.local/lib/python3.12/site-packages/airflow/example_dags/example_complex.py
[2025-02-23T04:47:10.939+0000] {logging_mixin.py:190} INFO - [2025-02-23T04:47:10.939+0000] {dag.py:3239} INFO - Sync 1 DAGs
[2025-02-23T04:47:10.949+0000] {logging_mixin.py:190} INFO - [2025-02-23T04:47:10.949+0000] {dag.py:4180} INFO - Setting next_dagrun for example_complex to None, run_after=None
[2025-02-23T04:47:10.961+0000] {processor.py:208} INFO - Processing /home/airflow/.local/lib/python3.12/site-packages/airflow/example_dags/example_complex.py took 0.066 seconds
[2025-02-23T04:47:41.327+0000] {processor.py:186} INFO - Started process (PID=220) to work on /home/airflow/.local/lib/python3.12/site-packages/airflow/example_dags/example_complex.py
[2025-02-23T04:47:41.328+0000] {processor.py:914} INFO - Processing file /home/airflow/.local/lib/python3.12/site-packages/airflow/example_dags/example_complex.py for tasks to queue
[2025-02-23T04:47:41.329+0000] {logging_mixin.py:190} INFO - [2025-02-23T04:47:41.329+0000] {dagbag.py:588} INFO - Filling up the DagBag from /home/airflow/.local/lib/python3.12/site-packages/airflow/example_dags/example_complex.py
[2025-02-23T04:47:41.343+0000] {processor.py:925} INFO - DAG(s) 'example_complex' retrieved from /home/airflow/.local/lib/python3.12/site-packages/airflow/example_dags/example_complex.py
[2025-02-23T04:47:41.376+0000] {logging_mixin.py:190} INFO - [2025-02-23T04:47:41.376+0000] {dag.py:3239} INFO - Sync 1 DAGs
[2025-02-23T04:47:41.390+0000] {logging_mixin.py:190} INFO - [2025-02-23T04:47:41.390+0000] {dag.py:4180} INFO - Setting next_dagrun for example_complex to None, run_after=None
[2025-02-23T04:47:41.405+0000] {processor.py:208} INFO - Processing /home/airflow/.local/lib/python3.12/site-packages/airflow/example_dags/example_complex.py took 0.084 seconds
[2025-02-23T04:48:11.629+0000] {processor.py:186} INFO - Started process (PID=283) to work on /home/airflow/.local/lib/python3.12/site-packages/airflow/example_dags/example_complex.py
[2025-02-23T04:48:11.630+0000] {processor.py:914} INFO - Processing file /home/airflow/.local/lib/python3.12/site-packages/airflow/example_dags/example_complex.py for tasks to queue
[2025-02-23T04:48:11.631+0000] {logging_mixin.py:190} INFO - [2025-02-23T04:48:11.631+0000] {dagbag.py:588} INFO - Filling up the DagBag from /home/airflow/.local/lib/python3.12/site-packages/airflow/example_dags/example_complex.py
[2025-02-23T04:48:11.641+0000] {processor.py:925} INFO - DAG(s) 'example_complex' retrieved from /home/airflow/.local/lib/python3.12/site-packages/airflow/example_dags/example_complex.py
[2025-02-23T04:48:11.666+0000] {logging_mixin.py:190} INFO - [2025-02-23T04:48:11.666+0000] {dag.py:3239} INFO - Sync 1 DAGs
[2025-02-23T04:48:11.679+0000] {logging_mixin.py:190} INFO - [2025-02-23T04:48:11.679+0000] {dag.py:4180} INFO - Setting next_dagrun for example_complex to None, run_after=None
[2025-02-23T04:48:11.692+0000] {processor.py:208} INFO - Processing /home/airflow/.local/lib/python3.12/site-packages/airflow/example_dags/example_complex.py took 0.067 seconds
[2025-02-23T04:48:42.046+0000] {processor.py:186} INFO - Started process (PID=346) to work on /home/airflow/.local/lib/python3.12/site-packages/airflow/example_dags/example_complex.py
[2025-02-23T04:48:42.047+0000] {processor.py:914} INFO - Processing file /home/airflow/.local/lib/python3.12/site-packages/airflow/example_dags/example_complex.py for tasks to queue
[2025-02-23T04:48:42.049+0000] {logging_mixin.py:190} INFO - [2025-02-23T04:48:42.049+0000] {dagbag.py:588} INFO - Filling up the DagBag from /home/airflow/.local/lib/python3.12/site-packages/airflow/example_dags/example_complex.py
[2025-02-23T04:48:42.059+0000] {processor.py:925} INFO - DAG(s) 'example_complex' retrieved from /home/airflow/.local/lib/python3.12/site-packages/airflow/example_dags/example_complex.py
[2025-02-23T04:48:42.084+0000] {logging_mixin.py:190} INFO - [2025-02-23T04:48:42.084+0000] {dag.py:3239} INFO - Sync 1 DAGs
[2025-02-23T04:48:42.099+0000] {logging_mixin.py:190} INFO - [2025-02-23T04:48:42.099+0000] {dag.py:4180} INFO - Setting next_dagrun for example_complex to None, run_after=None
[2025-02-23T04:48:42.114+0000] {processor.py:208} INFO - Processing /home/airflow/.local/lib/python3.12/site-packages/airflow/example_dags/example_complex.py took 0.074 seconds
[2025-02-23T04:49:13.104+0000] {processor.py:186} INFO - Started process (PID=409) to work on /home/airflow/.local/lib/python3.12/site-packages/airflow/example_dags/example_complex.py
[2025-02-23T04:49:13.104+0000] {processor.py:914} INFO - Processing file /home/airflow/.local/lib/python3.12/site-packages/airflow/example_dags/example_complex.py for tasks to queue
[2025-02-23T04:49:13.106+0000] {logging_mixin.py:190} INFO - [2025-02-23T04:49:13.106+0000] {dagbag.py:588} INFO - Filling up the DagBag from /home/airflow/.local/lib/python3.12/site-packages/airflow/example_dags/example_complex.py
[2025-02-23T04:49:13.115+0000] {processor.py:925} INFO - DAG(s) 'example_complex' retrieved from /home/airflow/.local/lib/python3.12/site-packages/airflow/example_dags/example_complex.py
[2025-02-23T04:49:13.142+0000] {logging_mixin.py:190} INFO - [2025-02-23T04:49:13.142+0000] {dag.py:3239} INFO - Sync 1 DAGs
[2025-02-23T04:49:13.152+0000] {logging_mixin.py:190} INFO - [2025-02-23T04:49:13.152+0000] {dag.py:4180} INFO - Setting next_dagrun for example_complex to None, run_after=None
[2025-02-23T04:49:13.166+0000] {processor.py:208} INFO - Processing /home/airflow/.local/lib/python3.12/site-packages/airflow/example_dags/example_complex.py took 0.066 seconds
[2025-02-23T04:49:43.209+0000] {processor.py:186} INFO - Started process (PID=472) to work on /home/airflow/.local/lib/python3.12/site-packages/airflow/example_dags/example_complex.py
[2025-02-23T04:49:43.210+0000] {processor.py:914} INFO - Processing file /home/airflow/.local/lib/python3.12/site-packages/airflow/example_dags/example_complex.py for tasks to queue
[2025-02-23T04:49:43.212+0000] {logging_mixin.py:190} INFO - [2025-02-23T04:49:43.212+0000] {dagbag.py:588} INFO - Filling up the DagBag from /home/airflow/.local/lib/python3.12/site-packages/airflow/example_dags/example_complex.py
[2025-02-23T04:49:43.226+0000] {processor.py:925} INFO - DAG(s) 'example_complex' retrieved from /home/airflow/.local/lib/python3.12/site-packages/airflow/example_dags/example_complex.py
[2025-02-23T04:49:43.263+0000] {logging_mixin.py:190} INFO - [2025-02-23T04:49:43.262+0000] {dag.py:3239} INFO - Sync 1 DAGs
[2025-02-23T04:49:43.276+0000] {logging_mixin.py:190} INFO - [2025-02-23T04:49:43.276+0000] {dag.py:4180} INFO - Setting next_dagrun for example_complex to None, run_after=None
[2025-02-23T04:49:43.290+0000] {processor.py:208} INFO - Processing /home/airflow/.local/lib/python3.12/site-packages/airflow/example_dags/example_complex.py took 0.086 seconds
[2025-02-23T04:50:13.397+0000] {processor.py:186} INFO - Started process (PID=535) to work on /home/airflow/.local/lib/python3.12/site-packages/airflow/example_dags/example_complex.py
[2025-02-23T04:50:13.397+0000] {processor.py:914} INFO - Processing file /home/airflow/.local/lib/python3.12/site-packages/airflow/example_dags/example_complex.py for tasks to queue
[2025-02-23T04:50:13.399+0000] {logging_mixin.py:190} INFO - [2025-02-23T04:50:13.398+0000] {dagbag.py:588} INFO - Filling up the DagBag from /home/airflow/.local/lib/python3.12/site-packages/airflow/example_dags/example_complex.py
[2025-02-23T04:50:13.408+0000] {processor.py:925} INFO - DAG(s) 'example_complex' retrieved from /home/airflow/.local/lib/python3.12/site-packages/airflow/example_dags/example_complex.py
[2025-02-23T04:50:13.432+0000] {logging_mixin.py:190} INFO - [2025-02-23T04:50:13.432+0000] {dag.py:3239} INFO - Sync 1 DAGs
[2025-02-23T04:50:13.443+0000] {logging_mixin.py:190} INFO - [2025-02-23T04:50:13.442+0000] {dag.py:4180} INFO - Setting next_dagrun for example_complex to None, run_after=None
[2025-02-23T04:50:13.455+0000] {processor.py:208} INFO - Processing /home/airflow/.local/lib/python3.12/site-packages/airflow/example_dags/example_complex.py took 0.062 seconds
[2025-02-23T04:50:43.573+0000] {processor.py:186} INFO - Started process (PID=598) to work on /home/airflow/.local/lib/python3.12/site-packages/airflow/example_dags/example_complex.py
[2025-02-23T04:50:43.573+0000] {processor.py:914} INFO - Processing file /home/airflow/.local/lib/python3.12/site-packages/airflow/example_dags/example_complex.py for tasks to queue
[2025-02-23T04:50:43.575+0000] {logging_mixin.py:190} INFO - [2025-02-23T04:50:43.574+0000] {dagbag.py:588} INFO - Filling up the DagBag from /home/airflow/.local/lib/python3.12/site-packages/airflow/example_dags/example_complex.py
[2025-02-23T04:50:43.584+0000] {processor.py:925} INFO - DAG(s) 'example_complex' retrieved from /home/airflow/.local/lib/python3.12/site-packages/airflow/example_dags/example_complex.py
[2025-02-23T04:50:43.607+0000] {logging_mixin.py:190} INFO - [2025-02-23T04:50:43.607+0000] {dag.py:3239} INFO - Sync 1 DAGs
[2025-02-23T04:50:43.617+0000] {logging_mixin.py:190} INFO - [2025-02-23T04:50:43.617+0000] {dag.py:4180} INFO - Setting next_dagrun for example_complex to None, run_after=None
[2025-02-23T04:50:43.629+0000] {processor.py:208} INFO - Processing /home/airflow/.local/lib/python3.12/site-packages/airflow/example_dags/example_complex.py took 0.061 seconds
[2025-02-23T04:51:13.717+0000] {processor.py:186} INFO - Started process (PID=661) to work on /home/airflow/.local/lib/python3.12/site-packages/airflow/example_dags/example_complex.py
[2025-02-23T04:51:13.718+0000] {processor.py:914} INFO - Processing file /home/airflow/.local/lib/python3.12/site-packages/airflow/example_dags/example_complex.py for tasks to queue
[2025-02-23T04:51:13.720+0000] {logging_mixin.py:190} INFO - [2025-02-23T04:51:13.719+0000] {dagbag.py:588} INFO - Filling up the DagBag from /home/airflow/.local/lib/python3.12/site-packages/airflow/example_dags/example_complex.py
[2025-02-23T04:51:13.729+0000] {processor.py:925} INFO - DAG(s) 'example_complex' retrieved from /home/airflow/.local/lib/python3.12/site-packages/airflow/example_dags/example_complex.py
[2025-02-23T04:51:13.753+0000] {logging_mixin.py:190} INFO - [2025-02-23T04:51:13.752+0000] {dag.py:3239} INFO - Sync 1 DAGs
[2025-02-23T04:51:13.764+0000] {logging_mixin.py:190} INFO - [2025-02-23T04:51:13.764+0000] {dag.py:4180} INFO - Setting next_dagrun for example_complex to None, run_after=None
[2025-02-23T04:51:13.776+0000] {processor.py:208} INFO - Processing /home/airflow/.local/lib/python3.12/site-packages/airflow/example_dags/example_complex.py took 0.063 seconds
[2025-02-23T04:51:43.803+0000] {processor.py:186} INFO - Started process (PID=724) to work on /home/airflow/.local/lib/python3.12/site-packages/airflow/example_dags/example_complex.py
[2025-02-23T04:51:43.804+0000] {processor.py:914} INFO - Processing file /home/airflow/.local/lib/python3.12/site-packages/airflow/example_dags/example_complex.py for tasks to queue
[2025-02-23T04:51:43.805+0000] {logging_mixin.py:190} INFO - [2025-02-23T04:51:43.805+0000] {dagbag.py:588} INFO - Filling up the DagBag from /home/airflow/.local/lib/python3.12/site-packages/airflow/example_dags/example_complex.py
[2025-02-23T04:51:43.816+0000] {processor.py:925} INFO - DAG(s) 'example_complex' retrieved from /home/airflow/.local/lib/python3.12/site-packages/airflow/example_dags/example_complex.py
[2025-02-23T04:51:43.844+0000] {logging_mixin.py:190} INFO - [2025-02-23T04:51:43.844+0000] {dag.py:3239} INFO - Sync 1 DAGs
[2025-02-23T04:51:43.856+0000] {logging_mixin.py:190} INFO - [2025-02-23T04:51:43.855+0000] {dag.py:4180} INFO - Setting next_dagrun for example_complex to None, run_after=None
[2025-02-23T04:51:43.870+0000] {processor.py:208} INFO - Processing /home/airflow/.local/lib/python3.12/site-packages/airflow/example_dags/example_complex.py took 0.071 seconds
[2025-02-23T04:52:14.020+0000] {processor.py:186} INFO - Started process (PID=787) to work on /home/airflow/.local/lib/python3.12/site-packages/airflow/example_dags/example_complex.py
[2025-02-23T04:52:14.020+0000] {processor.py:914} INFO - Processing file /home/airflow/.local/lib/python3.12/site-packages/airflow/example_dags/example_complex.py for tasks to queue
[2025-02-23T04:52:14.022+0000] {logging_mixin.py:190} INFO - [2025-02-23T04:52:14.022+0000] {dagbag.py:588} INFO - Filling up the DagBag from /home/airflow/.local/lib/python3.12/site-packages/airflow/example_dags/example_complex.py
[2025-02-23T04:52:14.031+0000] {processor.py:925} INFO - DAG(s) 'example_complex' retrieved from /home/airflow/.local/lib/python3.12/site-packages/airflow/example_dags/example_complex.py
[2025-02-23T04:52:14.055+0000] {logging_mixin.py:190} INFO - [2025-02-23T04:52:14.055+0000] {dag.py:3239} INFO - Sync 1 DAGs
[2025-02-23T04:52:14.067+0000] {logging_mixin.py:190} INFO - [2025-02-23T04:52:14.067+0000] {dag.py:4180} INFO - Setting next_dagrun for example_complex to None, run_after=None
[2025-02-23T04:52:14.080+0000] {processor.py:208} INFO - Processing /home/airflow/.local/lib/python3.12/site-packages/airflow/example_dags/example_complex.py took 0.065 seconds
[2025-02-23T04:52:44.140+0000] {processor.py:186} INFO - Started process (PID=850) to work on /home/airflow/.local/lib/python3.12/site-packages/airflow/example_dags/example_complex.py
[2025-02-23T04:52:44.140+0000] {processor.py:914} INFO - Processing file /home/airflow/.local/lib/python3.12/site-packages/airflow/example_dags/example_complex.py for tasks to queue
[2025-02-23T04:52:44.142+0000] {logging_mixin.py:190} INFO - [2025-02-23T04:52:44.142+0000] {dagbag.py:588} INFO - Filling up the DagBag from /home/airflow/.local/lib/python3.12/site-packages/airflow/example_dags/example_complex.py
[2025-02-23T04:52:44.152+0000] {processor.py:925} INFO - DAG(s) 'example_complex' retrieved from /home/airflow/.local/lib/python3.12/site-packages/airflow/example_dags/example_complex.py
[2025-02-23T04:52:44.186+0000] {logging_mixin.py:190} INFO - [2025-02-23T04:52:44.186+0000] {dag.py:3239} INFO - Sync 1 DAGs
[2025-02-23T04:52:44.197+0000] {logging_mixin.py:190} INFO - [2025-02-23T04:52:44.197+0000] {dag.py:4180} INFO - Setting next_dagrun for example_complex to None, run_after=None
[2025-02-23T04:52:44.209+0000] {processor.py:208} INFO - Processing /home/airflow/.local/lib/python3.12/site-packages/airflow/example_dags/example_complex.py took 0.075 seconds
[2025-02-23T04:53:14.405+0000] {processor.py:186} INFO - Started process (PID=913) to work on /home/airflow/.local/lib/python3.12/site-packages/airflow/example_dags/example_complex.py
[2025-02-23T04:53:14.406+0000] {processor.py:914} INFO - Processing file /home/airflow/.local/lib/python3.12/site-packages/airflow/example_dags/example_complex.py for tasks to queue
[2025-02-23T04:53:14.407+0000] {logging_mixin.py:190} INFO - [2025-02-23T04:53:14.407+0000] {dagbag.py:588} INFO - Filling up the DagBag from /home/airflow/.local/lib/python3.12/site-packages/airflow/example_dags/example_complex.py
[2025-02-23T04:53:14.418+0000] {processor.py:925} INFO - DAG(s) 'example_complex' retrieved from /home/airflow/.local/lib/python3.12/site-packages/airflow/example_dags/example_complex.py
[2025-02-23T04:53:14.442+0000] {logging_mixin.py:190} INFO - [2025-02-23T04:53:14.441+0000] {dag.py:3239} INFO - Sync 1 DAGs
[2025-02-23T04:53:14.452+0000] {logging_mixin.py:190} INFO - [2025-02-23T04:53:14.452+0000] {dag.py:4180} INFO - Setting next_dagrun for example_complex to None, run_after=None
[2025-02-23T04:53:14.464+0000] {processor.py:208} INFO - Processing /home/airflow/.local/lib/python3.12/site-packages/airflow/example_dags/example_complex.py took 0.064 seconds
[2025-02-23T04:53:45.014+0000] {processor.py:186} INFO - Started process (PID=976) to work on /home/airflow/.local/lib/python3.12/site-packages/airflow/example_dags/example_complex.py
[2025-02-23T04:53:45.014+0000] {processor.py:914} INFO - Processing file /home/airflow/.local/lib/python3.12/site-packages/airflow/example_dags/example_complex.py for tasks to queue
[2025-02-23T04:53:45.016+0000] {logging_mixin.py:190} INFO - [2025-02-23T04:53:45.016+0000] {dagbag.py:588} INFO - Filling up the DagBag from /home/airflow/.local/lib/python3.12/site-packages/airflow/example_dags/example_complex.py
[2025-02-23T04:53:45.027+0000] {processor.py:925} INFO - DAG(s) 'example_complex' retrieved from /home/airflow/.local/lib/python3.12/site-packages/airflow/example_dags/example_complex.py
[2025-02-23T04:53:45.053+0000] {logging_mixin.py:190} INFO - [2025-02-23T04:53:45.053+0000] {dag.py:3239} INFO - Sync 1 DAGs
[2025-02-23T04:53:45.064+0000] {logging_mixin.py:190} INFO - [2025-02-23T04:53:45.063+0000] {dag.py:4180} INFO - Setting next_dagrun for example_complex to None, run_after=None
[2025-02-23T04:53:45.076+0000] {processor.py:208} INFO - Processing /home/airflow/.local/lib/python3.12/site-packages/airflow/example_dags/example_complex.py took 0.067 seconds
[2025-02-23T04:54:15.221+0000] {processor.py:186} INFO - Started process (PID=1039) to work on /home/airflow/.local/lib/python3.12/site-packages/airflow/example_dags/example_complex.py
[2025-02-23T04:54:15.221+0000] {processor.py:914} INFO - Processing file /home/airflow/.local/lib/python3.12/site-packages/airflow/example_dags/example_complex.py for tasks to queue
[2025-02-23T04:54:15.223+0000] {logging_mixin.py:190} INFO - [2025-02-23T04:54:15.223+0000] {dagbag.py:588} INFO - Filling up the DagBag from /home/airflow/.local/lib/python3.12/site-packages/airflow/example_dags/example_complex.py
[2025-02-23T04:54:15.233+0000] {processor.py:925} INFO - DAG(s) 'example_complex' retrieved from /home/airflow/.local/lib/python3.12/site-packages/airflow/example_dags/example_complex.py
[2025-02-23T04:54:15.259+0000] {logging_mixin.py:190} INFO - [2025-02-23T04:54:15.259+0000] {dag.py:3239} INFO - Sync 1 DAGs
[2025-02-23T04:54:15.273+0000] {logging_mixin.py:190} INFO - [2025-02-23T04:54:15.273+0000] {dag.py:4180} INFO - Setting next_dagrun for example_complex to None, run_after=None
[2025-02-23T04:54:15.288+0000] {processor.py:208} INFO - Processing /home/airflow/.local/lib/python3.12/site-packages/airflow/example_dags/example_complex.py took 0.072 seconds
[2025-02-23T04:54:45.727+0000] {processor.py:186} INFO - Started process (PID=1102) to work on /home/airflow/.local/lib/python3.12/site-packages/airflow/example_dags/example_complex.py
[2025-02-23T04:54:45.728+0000] {processor.py:914} INFO - Processing file /home/airflow/.local/lib/python3.12/site-packages/airflow/example_dags/example_complex.py for tasks to queue
[2025-02-23T04:54:45.730+0000] {logging_mixin.py:190} INFO - [2025-02-23T04:54:45.730+0000] {dagbag.py:588} INFO - Filling up the DagBag from /home/airflow/.local/lib/python3.12/site-packages/airflow/example_dags/example_complex.py
[2025-02-23T04:54:45.741+0000] {processor.py:925} INFO - DAG(s) 'example_complex' retrieved from /home/airflow/.local/lib/python3.12/site-packages/airflow/example_dags/example_complex.py
[2025-02-23T04:54:45.774+0000] {logging_mixin.py:190} INFO - [2025-02-23T04:54:45.774+0000] {dag.py:3239} INFO - Sync 1 DAGs
[2025-02-23T04:54:45.788+0000] {logging_mixin.py:190} INFO - [2025-02-23T04:54:45.788+0000] {dag.py:4180} INFO - Setting next_dagrun for example_complex to None, run_after=None
[2025-02-23T04:54:45.800+0000] {processor.py:208} INFO - Processing /home/airflow/.local/lib/python3.12/site-packages/airflow/example_dags/example_complex.py took 0.079 seconds
[2025-02-23T04:55:15.917+0000] {processor.py:186} INFO - Started process (PID=1165) to work on /home/airflow/.local/lib/python3.12/site-packages/airflow/example_dags/example_complex.py
[2025-02-23T04:55:15.918+0000] {processor.py:914} INFO - Processing file /home/airflow/.local/lib/python3.12/site-packages/airflow/example_dags/example_complex.py for tasks to queue
[2025-02-23T04:55:15.920+0000] {logging_mixin.py:190} INFO - [2025-02-23T04:55:15.920+0000] {dagbag.py:588} INFO - Filling up the DagBag from /home/airflow/.local/lib/python3.12/site-packages/airflow/example_dags/example_complex.py
[2025-02-23T04:55:15.930+0000] {processor.py:925} INFO - DAG(s) 'example_complex' retrieved from /home/airflow/.local/lib/python3.12/site-packages/airflow/example_dags/example_complex.py
[2025-02-23T04:55:15.953+0000] {logging_mixin.py:190} INFO - [2025-02-23T04:55:15.953+0000] {dag.py:3239} INFO - Sync 1 DAGs
[2025-02-23T04:55:15.965+0000] {logging_mixin.py:190} INFO - [2025-02-23T04:55:15.964+0000] {dag.py:4180} INFO - Setting next_dagrun for example_complex to None, run_after=None
[2025-02-23T04:55:15.977+0000] {processor.py:208} INFO - Processing /home/airflow/.local/lib/python3.12/site-packages/airflow/example_dags/example_complex.py took 0.065 seconds
[2025-02-23T04:55:46.391+0000] {processor.py:186} INFO - Started process (PID=1228) to work on /home/airflow/.local/lib/python3.12/site-packages/airflow/example_dags/example_complex.py
[2025-02-23T04:55:46.392+0000] {processor.py:914} INFO - Processing file /home/airflow/.local/lib/python3.12/site-packages/airflow/example_dags/example_complex.py for tasks to queue
[2025-02-23T04:55:46.394+0000] {logging_mixin.py:190} INFO - [2025-02-23T04:55:46.393+0000] {dagbag.py:588} INFO - Filling up the DagBag from /home/airflow/.local/lib/python3.12/site-packages/airflow/example_dags/example_complex.py
[2025-02-23T04:55:46.407+0000] {processor.py:925} INFO - DAG(s) 'example_complex' retrieved from /home/airflow/.local/lib/python3.12/site-packages/airflow/example_dags/example_complex.py
[2025-02-23T04:55:46.444+0000] {logging_mixin.py:190} INFO - [2025-02-23T04:55:46.443+0000] {dag.py:3239} INFO - Sync 1 DAGs
[2025-02-23T04:55:46.459+0000] {logging_mixin.py:190} INFO - [2025-02-23T04:55:46.459+0000] {dag.py:4180} INFO - Setting next_dagrun for example_complex to None, run_after=None
[2025-02-23T04:55:46.476+0000] {processor.py:208} INFO - Processing /home/airflow/.local/lib/python3.12/site-packages/airflow/example_dags/example_complex.py took 0.091 seconds
[2025-02-23T04:56:16.520+0000] {processor.py:186} INFO - Started process (PID=1292) to work on /home/airflow/.local/lib/python3.12/site-packages/airflow/example_dags/example_complex.py
[2025-02-23T04:56:16.521+0000] {processor.py:914} INFO - Processing file /home/airflow/.local/lib/python3.12/site-packages/airflow/example_dags/example_complex.py for tasks to queue
[2025-02-23T04:56:16.523+0000] {logging_mixin.py:190} INFO - [2025-02-23T04:56:16.522+0000] {dagbag.py:588} INFO - Filling up the DagBag from /home/airflow/.local/lib/python3.12/site-packages/airflow/example_dags/example_complex.py
[2025-02-23T04:56:16.533+0000] {processor.py:925} INFO - DAG(s) 'example_complex' retrieved from /home/airflow/.local/lib/python3.12/site-packages/airflow/example_dags/example_complex.py
[2025-02-23T04:56:16.557+0000] {logging_mixin.py:190} INFO - [2025-02-23T04:56:16.557+0000] {dag.py:3239} INFO - Sync 1 DAGs
[2025-02-23T04:56:16.568+0000] {logging_mixin.py:190} INFO - [2025-02-23T04:56:16.568+0000] {dag.py:4180} INFO - Setting next_dagrun for example_complex to None, run_after=None
[2025-02-23T04:56:16.582+0000] {processor.py:208} INFO - Processing /home/airflow/.local/lib/python3.12/site-packages/airflow/example_dags/example_complex.py took 0.067 seconds
