[2025-02-23T04:46:36.034+0000] {processor.py:186} INFO - Started process (PID=75) to work on /home/airflow/.local/lib/python3.12/site-packages/airflow/example_dags/example_subdag_operator.py
[2025-02-23T04:46:36.035+0000] {processor.py:914} INFO - Processing file /home/airflow/.local/lib/python3.12/site-packages/airflow/example_dags/example_subdag_operator.py for tasks to queue
[2025-02-23T04:46:36.037+0000] {logging_mixin.py:190} INFO - [2025-02-23T04:46:36.036+0000] {dagbag.py:588} INFO - Filling up the DagBag from /home/airflow/.local/lib/python3.12/site-packages/airflow/example_dags/example_subdag_operator.py
[2025-02-23T04:46:36.065+0000] {processor.py:925} INFO - DAG(s) 'example_subdag_operator.section-1', 'example_subdag_operator.section-2', 'example_subdag_operator' retrieved from /home/airflow/.local/lib/python3.12/site-packages/airflow/example_dags/example_subdag_operator.py
[2025-02-23T04:46:36.204+0000] {logging_mixin.py:190} INFO - [2025-02-23T04:46:36.204+0000] {override.py:1911} INFO - Created Permission View: can read on DAG:example_subdag_operator
[2025-02-23T04:46:36.214+0000] {logging_mixin.py:190} INFO - [2025-02-23T04:46:36.213+0000] {override.py:1911} INFO - Created Permission View: can delete on DAG:example_subdag_operator
[2025-02-23T04:46:36.219+0000] {logging_mixin.py:190} INFO - [2025-02-23T04:46:36.219+0000] {override.py:1911} INFO - Created Permission View: can edit on DAG:example_subdag_operator
[2025-02-23T04:46:36.224+0000] {logging_mixin.py:190} INFO - [2025-02-23T04:46:36.224+0000] {override.py:1911} INFO - Created Permission View: can read on DAG Run:example_subdag_operator
[2025-02-23T04:46:36.230+0000] {logging_mixin.py:190} INFO - [2025-02-23T04:46:36.229+0000] {override.py:1911} INFO - Created Permission View: can create on DAG Run:example_subdag_operator
[2025-02-23T04:46:36.235+0000] {logging_mixin.py:190} INFO - [2025-02-23T04:46:36.235+0000] {override.py:1911} INFO - Created Permission View: can delete on DAG Run:example_subdag_operator
[2025-02-23T04:46:36.240+0000] {logging_mixin.py:190} INFO - [2025-02-23T04:46:36.240+0000] {override.py:1911} INFO - Created Permission View: menu access on DAG Run:example_subdag_operator
[2025-02-23T04:46:36.241+0000] {logging_mixin.py:190} INFO - [2025-02-23T04:46:36.241+0000] {dag.py:3239} INFO - Sync 3 DAGs
[2025-02-23T04:46:36.255+0000] {logging_mixin.py:190} INFO - [2025-02-23T04:46:36.254+0000] {dag.py:3262} INFO - Creating ORM DAG for example_subdag_operator.section-1
[2025-02-23T04:46:36.255+0000] {logging_mixin.py:190} INFO - [2025-02-23T04:46:36.255+0000] {dag.py:3262} INFO - Creating ORM DAG for example_subdag_operator
[2025-02-23T04:46:36.256+0000] {logging_mixin.py:190} INFO - [2025-02-23T04:46:36.256+0000] {dag.py:3262} INFO - Creating ORM DAG for example_subdag_operator.section-2
[2025-02-23T04:46:36.266+0000] {logging_mixin.py:190} INFO - [2025-02-23T04:46:36.265+0000] {dag.py:4180} INFO - Setting next_dagrun for example_subdag_operator to 2022-01-01 00:00:00+00:00, run_after=2022-01-01 00:00:00+00:00
[2025-02-23T04:46:36.266+0000] {logging_mixin.py:190} INFO - [2025-02-23T04:46:36.266+0000] {dag.py:4180} INFO - Setting next_dagrun for example_subdag_operator.section-1 to None, run_after=None
[2025-02-23T04:46:36.267+0000] {logging_mixin.py:190} INFO - [2025-02-23T04:46:36.267+0000] {dag.py:4180} INFO - Setting next_dagrun for example_subdag_operator.section-2 to None, run_after=None
[2025-02-23T04:46:36.275+0000] {logging_mixin.py:190} INFO - [2025-02-23T04:46:36.275+0000] {dag.py:3239} INFO - Sync 2 DAGs
[2025-02-23T04:46:36.281+0000] {logging_mixin.py:190} INFO - [2025-02-23T04:46:36.281+0000] {dag.py:4180} INFO - Setting next_dagrun for example_subdag_operator.section-1 to None, run_after=None
[2025-02-23T04:46:36.284+0000] {logging_mixin.py:190} INFO - [2025-02-23T04:46:36.284+0000] {dag.py:4180} INFO - Setting next_dagrun for example_subdag_operator.section-2 to None, run_after=None
[2025-02-23T04:46:36.295+0000] {processor.py:208} INFO - Processing /home/airflow/.local/lib/python3.12/site-packages/airflow/example_dags/example_subdag_operator.py took 0.268 seconds
[2025-02-23T04:47:06.783+0000] {processor.py:186} INFO - Started process (PID=138) to work on /home/airflow/.local/lib/python3.12/site-packages/airflow/example_dags/example_subdag_operator.py
[2025-02-23T04:47:06.784+0000] {processor.py:914} INFO - Processing file /home/airflow/.local/lib/python3.12/site-packages/airflow/example_dags/example_subdag_operator.py for tasks to queue
[2025-02-23T04:47:06.786+0000] {logging_mixin.py:190} INFO - [2025-02-23T04:47:06.785+0000] {dagbag.py:588} INFO - Filling up the DagBag from /home/airflow/.local/lib/python3.12/site-packages/airflow/example_dags/example_subdag_operator.py
[2025-02-23T04:47:06.809+0000] {processor.py:925} INFO - DAG(s) 'example_subdag_operator.section-1', 'example_subdag_operator.section-2', 'example_subdag_operator' retrieved from /home/airflow/.local/lib/python3.12/site-packages/airflow/example_dags/example_subdag_operator.py
[2025-02-23T04:47:06.824+0000] {logging_mixin.py:190} INFO - [2025-02-23T04:47:06.824+0000] {dag.py:3239} INFO - Sync 3 DAGs
[2025-02-23T04:47:06.844+0000] {logging_mixin.py:190} INFO - [2025-02-23T04:47:06.844+0000] {dag.py:4180} INFO - Setting next_dagrun for example_subdag_operator to 2022-01-01 00:00:00+00:00, run_after=2022-01-01 00:00:00+00:00
[2025-02-23T04:47:06.847+0000] {logging_mixin.py:190} INFO - [2025-02-23T04:47:06.847+0000] {dag.py:4180} INFO - Setting next_dagrun for example_subdag_operator.section-1 to None, run_after=None
[2025-02-23T04:47:06.848+0000] {logging_mixin.py:190} INFO - [2025-02-23T04:47:06.847+0000] {dag.py:4180} INFO - Setting next_dagrun for example_subdag_operator.section-2 to None, run_after=None
[2025-02-23T04:47:06.852+0000] {logging_mixin.py:190} INFO - [2025-02-23T04:47:06.852+0000] {dag.py:3239} INFO - Sync 2 DAGs
[2025-02-23T04:47:06.856+0000] {logging_mixin.py:190} INFO - [2025-02-23T04:47:06.856+0000] {dag.py:4180} INFO - Setting next_dagrun for example_subdag_operator.section-1 to None, run_after=None
[2025-02-23T04:47:06.856+0000] {logging_mixin.py:190} INFO - [2025-02-23T04:47:06.856+0000] {dag.py:4180} INFO - Setting next_dagrun for example_subdag_operator.section-2 to None, run_after=None
[2025-02-23T04:47:06.864+0000] {processor.py:208} INFO - Processing /home/airflow/.local/lib/python3.12/site-packages/airflow/example_dags/example_subdag_operator.py took 0.086 seconds
[2025-02-23T04:47:37.368+0000] {processor.py:186} INFO - Started process (PID=201) to work on /home/airflow/.local/lib/python3.12/site-packages/airflow/example_dags/example_subdag_operator.py
[2025-02-23T04:47:37.369+0000] {processor.py:914} INFO - Processing file /home/airflow/.local/lib/python3.12/site-packages/airflow/example_dags/example_subdag_operator.py for tasks to queue
[2025-02-23T04:47:37.370+0000] {logging_mixin.py:190} INFO - [2025-02-23T04:47:37.370+0000] {dagbag.py:588} INFO - Filling up the DagBag from /home/airflow/.local/lib/python3.12/site-packages/airflow/example_dags/example_subdag_operator.py
[2025-02-23T04:47:37.390+0000] {processor.py:925} INFO - DAG(s) 'example_subdag_operator.section-1', 'example_subdag_operator.section-2', 'example_subdag_operator' retrieved from /home/airflow/.local/lib/python3.12/site-packages/airflow/example_dags/example_subdag_operator.py
[2025-02-23T04:47:37.403+0000] {logging_mixin.py:190} INFO - [2025-02-23T04:47:37.403+0000] {dag.py:3239} INFO - Sync 3 DAGs
[2025-02-23T04:47:37.422+0000] {logging_mixin.py:190} INFO - [2025-02-23T04:47:37.422+0000] {dag.py:4180} INFO - Setting next_dagrun for example_subdag_operator to 2022-01-01 00:00:00+00:00, run_after=2022-01-01 00:00:00+00:00
[2025-02-23T04:47:37.425+0000] {logging_mixin.py:190} INFO - [2025-02-23T04:47:37.425+0000] {dag.py:4180} INFO - Setting next_dagrun for example_subdag_operator.section-1 to None, run_after=None
[2025-02-23T04:47:37.426+0000] {logging_mixin.py:190} INFO - [2025-02-23T04:47:37.425+0000] {dag.py:4180} INFO - Setting next_dagrun for example_subdag_operator.section-2 to None, run_after=None
[2025-02-23T04:47:37.431+0000] {logging_mixin.py:190} INFO - [2025-02-23T04:47:37.431+0000] {dag.py:3239} INFO - Sync 2 DAGs
[2025-02-23T04:47:37.435+0000] {logging_mixin.py:190} INFO - [2025-02-23T04:47:37.434+0000] {dag.py:4180} INFO - Setting next_dagrun for example_subdag_operator.section-1 to None, run_after=None
[2025-02-23T04:47:37.435+0000] {logging_mixin.py:190} INFO - [2025-02-23T04:47:37.435+0000] {dag.py:4180} INFO - Setting next_dagrun for example_subdag_operator.section-2 to None, run_after=None
[2025-02-23T04:47:37.443+0000] {processor.py:208} INFO - Processing /home/airflow/.local/lib/python3.12/site-packages/airflow/example_dags/example_subdag_operator.py took 0.080 seconds
[2025-02-23T04:48:07.752+0000] {processor.py:186} INFO - Started process (PID=265) to work on /home/airflow/.local/lib/python3.12/site-packages/airflow/example_dags/example_subdag_operator.py
[2025-02-23T04:48:07.753+0000] {processor.py:914} INFO - Processing file /home/airflow/.local/lib/python3.12/site-packages/airflow/example_dags/example_subdag_operator.py for tasks to queue
[2025-02-23T04:48:07.755+0000] {logging_mixin.py:190} INFO - [2025-02-23T04:48:07.755+0000] {dagbag.py:588} INFO - Filling up the DagBag from /home/airflow/.local/lib/python3.12/site-packages/airflow/example_dags/example_subdag_operator.py
[2025-02-23T04:48:07.778+0000] {processor.py:925} INFO - DAG(s) 'example_subdag_operator.section-1', 'example_subdag_operator.section-2', 'example_subdag_operator' retrieved from /home/airflow/.local/lib/python3.12/site-packages/airflow/example_dags/example_subdag_operator.py
[2025-02-23T04:48:07.797+0000] {logging_mixin.py:190} INFO - [2025-02-23T04:48:07.797+0000] {dag.py:3239} INFO - Sync 3 DAGs
[2025-02-23T04:48:07.823+0000] {logging_mixin.py:190} INFO - [2025-02-23T04:48:07.823+0000] {dag.py:4180} INFO - Setting next_dagrun for example_subdag_operator to 2022-01-01 00:00:00+00:00, run_after=2022-01-01 00:00:00+00:00
[2025-02-23T04:48:07.827+0000] {logging_mixin.py:190} INFO - [2025-02-23T04:48:07.827+0000] {dag.py:4180} INFO - Setting next_dagrun for example_subdag_operator.section-1 to None, run_after=None
[2025-02-23T04:48:07.829+0000] {logging_mixin.py:190} INFO - [2025-02-23T04:48:07.829+0000] {dag.py:4180} INFO - Setting next_dagrun for example_subdag_operator.section-2 to None, run_after=None
[2025-02-23T04:48:07.836+0000] {logging_mixin.py:190} INFO - [2025-02-23T04:48:07.835+0000] {dag.py:3239} INFO - Sync 2 DAGs
[2025-02-23T04:48:07.841+0000] {logging_mixin.py:190} INFO - [2025-02-23T04:48:07.841+0000] {dag.py:4180} INFO - Setting next_dagrun for example_subdag_operator.section-1 to None, run_after=None
[2025-02-23T04:48:07.841+0000] {logging_mixin.py:190} INFO - [2025-02-23T04:48:07.841+0000] {dag.py:4180} INFO - Setting next_dagrun for example_subdag_operator.section-2 to None, run_after=None
[2025-02-23T04:48:07.851+0000] {processor.py:208} INFO - Processing /home/airflow/.local/lib/python3.12/site-packages/airflow/example_dags/example_subdag_operator.py took 0.103 seconds
[2025-02-23T04:48:38.179+0000] {processor.py:186} INFO - Started process (PID=328) to work on /home/airflow/.local/lib/python3.12/site-packages/airflow/example_dags/example_subdag_operator.py
[2025-02-23T04:48:38.179+0000] {processor.py:914} INFO - Processing file /home/airflow/.local/lib/python3.12/site-packages/airflow/example_dags/example_subdag_operator.py for tasks to queue
[2025-02-23T04:48:38.182+0000] {logging_mixin.py:190} INFO - [2025-02-23T04:48:38.181+0000] {dagbag.py:588} INFO - Filling up the DagBag from /home/airflow/.local/lib/python3.12/site-packages/airflow/example_dags/example_subdag_operator.py
[2025-02-23T04:48:38.204+0000] {processor.py:925} INFO - DAG(s) 'example_subdag_operator.section-1', 'example_subdag_operator.section-2', 'example_subdag_operator' retrieved from /home/airflow/.local/lib/python3.12/site-packages/airflow/example_dags/example_subdag_operator.py
[2025-02-23T04:48:38.219+0000] {logging_mixin.py:190} INFO - [2025-02-23T04:48:38.219+0000] {dag.py:3239} INFO - Sync 3 DAGs
[2025-02-23T04:48:38.242+0000] {logging_mixin.py:190} INFO - [2025-02-23T04:48:38.242+0000] {dag.py:4180} INFO - Setting next_dagrun for example_subdag_operator to 2022-01-01 00:00:00+00:00, run_after=2022-01-01 00:00:00+00:00
[2025-02-23T04:48:38.246+0000] {logging_mixin.py:190} INFO - [2025-02-23T04:48:38.245+0000] {dag.py:4180} INFO - Setting next_dagrun for example_subdag_operator.section-1 to None, run_after=None
[2025-02-23T04:48:38.247+0000] {logging_mixin.py:190} INFO - [2025-02-23T04:48:38.246+0000] {dag.py:4180} INFO - Setting next_dagrun for example_subdag_operator.section-2 to None, run_after=None
[2025-02-23T04:48:38.253+0000] {logging_mixin.py:190} INFO - [2025-02-23T04:48:38.253+0000] {dag.py:3239} INFO - Sync 2 DAGs
[2025-02-23T04:48:38.258+0000] {logging_mixin.py:190} INFO - [2025-02-23T04:48:38.258+0000] {dag.py:4180} INFO - Setting next_dagrun for example_subdag_operator.section-1 to None, run_after=None
[2025-02-23T04:48:38.258+0000] {logging_mixin.py:190} INFO - [2025-02-23T04:48:38.258+0000] {dag.py:4180} INFO - Setting next_dagrun for example_subdag_operator.section-2 to None, run_after=None
[2025-02-23T04:48:38.267+0000] {processor.py:208} INFO - Processing /home/airflow/.local/lib/python3.12/site-packages/airflow/example_dags/example_subdag_operator.py took 0.094 seconds
[2025-02-23T04:49:09.226+0000] {processor.py:186} INFO - Started process (PID=391) to work on /home/airflow/.local/lib/python3.12/site-packages/airflow/example_dags/example_subdag_operator.py
[2025-02-23T04:49:09.227+0000] {processor.py:914} INFO - Processing file /home/airflow/.local/lib/python3.12/site-packages/airflow/example_dags/example_subdag_operator.py for tasks to queue
[2025-02-23T04:49:09.229+0000] {logging_mixin.py:190} INFO - [2025-02-23T04:49:09.228+0000] {dagbag.py:588} INFO - Filling up the DagBag from /home/airflow/.local/lib/python3.12/site-packages/airflow/example_dags/example_subdag_operator.py
[2025-02-23T04:49:09.253+0000] {processor.py:925} INFO - DAG(s) 'example_subdag_operator.section-1', 'example_subdag_operator.section-2', 'example_subdag_operator' retrieved from /home/airflow/.local/lib/python3.12/site-packages/airflow/example_dags/example_subdag_operator.py
[2025-02-23T04:49:09.267+0000] {logging_mixin.py:190} INFO - [2025-02-23T04:49:09.266+0000] {dag.py:3239} INFO - Sync 3 DAGs
[2025-02-23T04:49:09.290+0000] {logging_mixin.py:190} INFO - [2025-02-23T04:49:09.290+0000] {dag.py:4180} INFO - Setting next_dagrun for example_subdag_operator to 2022-01-01 00:00:00+00:00, run_after=2022-01-01 00:00:00+00:00
[2025-02-23T04:49:09.294+0000] {logging_mixin.py:190} INFO - [2025-02-23T04:49:09.293+0000] {dag.py:4180} INFO - Setting next_dagrun for example_subdag_operator.section-1 to None, run_after=None
[2025-02-23T04:49:09.295+0000] {logging_mixin.py:190} INFO - [2025-02-23T04:49:09.295+0000] {dag.py:4180} INFO - Setting next_dagrun for example_subdag_operator.section-2 to None, run_after=None
[2025-02-23T04:49:09.302+0000] {logging_mixin.py:190} INFO - [2025-02-23T04:49:09.302+0000] {dag.py:3239} INFO - Sync 2 DAGs
[2025-02-23T04:49:09.307+0000] {logging_mixin.py:190} INFO - [2025-02-23T04:49:09.307+0000] {dag.py:4180} INFO - Setting next_dagrun for example_subdag_operator.section-1 to None, run_after=None
[2025-02-23T04:49:09.308+0000] {logging_mixin.py:190} INFO - [2025-02-23T04:49:09.308+0000] {dag.py:4180} INFO - Setting next_dagrun for example_subdag_operator.section-2 to None, run_after=None
[2025-02-23T04:49:09.316+0000] {processor.py:208} INFO - Processing /home/airflow/.local/lib/python3.12/site-packages/airflow/example_dags/example_subdag_operator.py took 0.095 seconds
[2025-02-23T04:49:39.390+0000] {processor.py:186} INFO - Started process (PID=455) to work on /home/airflow/.local/lib/python3.12/site-packages/airflow/example_dags/example_subdag_operator.py
[2025-02-23T04:49:39.391+0000] {processor.py:914} INFO - Processing file /home/airflow/.local/lib/python3.12/site-packages/airflow/example_dags/example_subdag_operator.py for tasks to queue
[2025-02-23T04:49:39.394+0000] {logging_mixin.py:190} INFO - [2025-02-23T04:49:39.393+0000] {dagbag.py:588} INFO - Filling up the DagBag from /home/airflow/.local/lib/python3.12/site-packages/airflow/example_dags/example_subdag_operator.py
[2025-02-23T04:49:39.420+0000] {processor.py:925} INFO - DAG(s) 'example_subdag_operator.section-1', 'example_subdag_operator.section-2', 'example_subdag_operator' retrieved from /home/airflow/.local/lib/python3.12/site-packages/airflow/example_dags/example_subdag_operator.py
[2025-02-23T04:49:39.433+0000] {logging_mixin.py:190} INFO - [2025-02-23T04:49:39.433+0000] {dag.py:3239} INFO - Sync 3 DAGs
[2025-02-23T04:49:39.452+0000] {logging_mixin.py:190} INFO - [2025-02-23T04:49:39.452+0000] {dag.py:4180} INFO - Setting next_dagrun for example_subdag_operator to 2022-01-01 00:00:00+00:00, run_after=2022-01-01 00:00:00+00:00
[2025-02-23T04:49:39.455+0000] {logging_mixin.py:190} INFO - [2025-02-23T04:49:39.455+0000] {dag.py:4180} INFO - Setting next_dagrun for example_subdag_operator.section-1 to None, run_after=None
[2025-02-23T04:49:39.456+0000] {logging_mixin.py:190} INFO - [2025-02-23T04:49:39.456+0000] {dag.py:4180} INFO - Setting next_dagrun for example_subdag_operator.section-2 to None, run_after=None
[2025-02-23T04:49:39.461+0000] {logging_mixin.py:190} INFO - [2025-02-23T04:49:39.461+0000] {dag.py:3239} INFO - Sync 2 DAGs
[2025-02-23T04:49:39.464+0000] {logging_mixin.py:190} INFO - [2025-02-23T04:49:39.464+0000] {dag.py:4180} INFO - Setting next_dagrun for example_subdag_operator.section-1 to None, run_after=None
[2025-02-23T04:49:39.465+0000] {logging_mixin.py:190} INFO - [2025-02-23T04:49:39.465+0000] {dag.py:4180} INFO - Setting next_dagrun for example_subdag_operator.section-2 to None, run_after=None
[2025-02-23T04:49:39.472+0000] {processor.py:208} INFO - Processing /home/airflow/.local/lib/python3.12/site-packages/airflow/example_dags/example_subdag_operator.py took 0.088 seconds
[2025-02-23T04:50:09.534+0000] {processor.py:186} INFO - Started process (PID=518) to work on /home/airflow/.local/lib/python3.12/site-packages/airflow/example_dags/example_subdag_operator.py
[2025-02-23T04:50:09.534+0000] {processor.py:914} INFO - Processing file /home/airflow/.local/lib/python3.12/site-packages/airflow/example_dags/example_subdag_operator.py for tasks to queue
[2025-02-23T04:50:09.536+0000] {logging_mixin.py:190} INFO - [2025-02-23T04:50:09.536+0000] {dagbag.py:588} INFO - Filling up the DagBag from /home/airflow/.local/lib/python3.12/site-packages/airflow/example_dags/example_subdag_operator.py
[2025-02-23T04:50:09.556+0000] {processor.py:925} INFO - DAG(s) 'example_subdag_operator.section-1', 'example_subdag_operator.section-2', 'example_subdag_operator' retrieved from /home/airflow/.local/lib/python3.12/site-packages/airflow/example_dags/example_subdag_operator.py
[2025-02-23T04:50:09.567+0000] {logging_mixin.py:190} INFO - [2025-02-23T04:50:09.567+0000] {dag.py:3239} INFO - Sync 3 DAGs
[2025-02-23T04:50:09.590+0000] {logging_mixin.py:190} INFO - [2025-02-23T04:50:09.590+0000] {dag.py:4180} INFO - Setting next_dagrun for example_subdag_operator to 2022-01-01 00:00:00+00:00, run_after=2022-01-01 00:00:00+00:00
[2025-02-23T04:50:09.594+0000] {logging_mixin.py:190} INFO - [2025-02-23T04:50:09.594+0000] {dag.py:4180} INFO - Setting next_dagrun for example_subdag_operator.section-1 to None, run_after=None
[2025-02-23T04:50:09.595+0000] {logging_mixin.py:190} INFO - [2025-02-23T04:50:09.595+0000] {dag.py:4180} INFO - Setting next_dagrun for example_subdag_operator.section-2 to None, run_after=None
[2025-02-23T04:50:09.601+0000] {logging_mixin.py:190} INFO - [2025-02-23T04:50:09.600+0000] {dag.py:3239} INFO - Sync 2 DAGs
[2025-02-23T04:50:09.605+0000] {logging_mixin.py:190} INFO - [2025-02-23T04:50:09.605+0000] {dag.py:4180} INFO - Setting next_dagrun for example_subdag_operator.section-1 to None, run_after=None
[2025-02-23T04:50:09.606+0000] {logging_mixin.py:190} INFO - [2025-02-23T04:50:09.606+0000] {dag.py:4180} INFO - Setting next_dagrun for example_subdag_operator.section-2 to None, run_after=None
[2025-02-23T04:50:09.614+0000] {processor.py:208} INFO - Processing /home/airflow/.local/lib/python3.12/site-packages/airflow/example_dags/example_subdag_operator.py took 0.086 seconds
[2025-02-23T04:50:39.745+0000] {processor.py:186} INFO - Started process (PID=580) to work on /home/airflow/.local/lib/python3.12/site-packages/airflow/example_dags/example_subdag_operator.py
[2025-02-23T04:50:39.745+0000] {processor.py:914} INFO - Processing file /home/airflow/.local/lib/python3.12/site-packages/airflow/example_dags/example_subdag_operator.py for tasks to queue
[2025-02-23T04:50:39.747+0000] {logging_mixin.py:190} INFO - [2025-02-23T04:50:39.746+0000] {dagbag.py:588} INFO - Filling up the DagBag from /home/airflow/.local/lib/python3.12/site-packages/airflow/example_dags/example_subdag_operator.py
[2025-02-23T04:50:39.768+0000] {processor.py:925} INFO - DAG(s) 'example_subdag_operator.section-1', 'example_subdag_operator.section-2', 'example_subdag_operator' retrieved from /home/airflow/.local/lib/python3.12/site-packages/airflow/example_dags/example_subdag_operator.py
[2025-02-23T04:50:39.784+0000] {logging_mixin.py:190} INFO - [2025-02-23T04:50:39.784+0000] {dag.py:3239} INFO - Sync 3 DAGs
[2025-02-23T04:50:39.807+0000] {logging_mixin.py:190} INFO - [2025-02-23T04:50:39.806+0000] {dag.py:4180} INFO - Setting next_dagrun for example_subdag_operator to 2022-01-01 00:00:00+00:00, run_after=2022-01-01 00:00:00+00:00
[2025-02-23T04:50:39.809+0000] {logging_mixin.py:190} INFO - [2025-02-23T04:50:39.809+0000] {dag.py:4180} INFO - Setting next_dagrun for example_subdag_operator.section-1 to None, run_after=None
[2025-02-23T04:50:39.811+0000] {logging_mixin.py:190} INFO - [2025-02-23T04:50:39.810+0000] {dag.py:4180} INFO - Setting next_dagrun for example_subdag_operator.section-2 to None, run_after=None
[2025-02-23T04:50:39.816+0000] {logging_mixin.py:190} INFO - [2025-02-23T04:50:39.816+0000] {dag.py:3239} INFO - Sync 2 DAGs
[2025-02-23T04:50:39.821+0000] {logging_mixin.py:190} INFO - [2025-02-23T04:50:39.821+0000] {dag.py:4180} INFO - Setting next_dagrun for example_subdag_operator.section-1 to None, run_after=None
[2025-02-23T04:50:39.822+0000] {logging_mixin.py:190} INFO - [2025-02-23T04:50:39.821+0000] {dag.py:4180} INFO - Setting next_dagrun for example_subdag_operator.section-2 to None, run_after=None
[2025-02-23T04:50:39.829+0000] {processor.py:208} INFO - Processing /home/airflow/.local/lib/python3.12/site-packages/airflow/example_dags/example_subdag_operator.py took 0.089 seconds
[2025-02-23T04:51:09.905+0000] {processor.py:186} INFO - Started process (PID=643) to work on /home/airflow/.local/lib/python3.12/site-packages/airflow/example_dags/example_subdag_operator.py
[2025-02-23T04:51:09.905+0000] {processor.py:914} INFO - Processing file /home/airflow/.local/lib/python3.12/site-packages/airflow/example_dags/example_subdag_operator.py for tasks to queue
[2025-02-23T04:51:09.907+0000] {logging_mixin.py:190} INFO - [2025-02-23T04:51:09.907+0000] {dagbag.py:588} INFO - Filling up the DagBag from /home/airflow/.local/lib/python3.12/site-packages/airflow/example_dags/example_subdag_operator.py
[2025-02-23T04:51:09.927+0000] {processor.py:925} INFO - DAG(s) 'example_subdag_operator.section-1', 'example_subdag_operator.section-2', 'example_subdag_operator' retrieved from /home/airflow/.local/lib/python3.12/site-packages/airflow/example_dags/example_subdag_operator.py
[2025-02-23T04:51:09.937+0000] {logging_mixin.py:190} INFO - [2025-02-23T04:51:09.937+0000] {dag.py:3239} INFO - Sync 3 DAGs
[2025-02-23T04:51:09.954+0000] {logging_mixin.py:190} INFO - [2025-02-23T04:51:09.954+0000] {dag.py:4180} INFO - Setting next_dagrun for example_subdag_operator to 2022-01-01 00:00:00+00:00, run_after=2022-01-01 00:00:00+00:00
[2025-02-23T04:51:09.956+0000] {logging_mixin.py:190} INFO - [2025-02-23T04:51:09.956+0000] {dag.py:4180} INFO - Setting next_dagrun for example_subdag_operator.section-1 to None, run_after=None
[2025-02-23T04:51:09.958+0000] {logging_mixin.py:190} INFO - [2025-02-23T04:51:09.958+0000] {dag.py:4180} INFO - Setting next_dagrun for example_subdag_operator.section-2 to None, run_after=None
[2025-02-23T04:51:09.963+0000] {logging_mixin.py:190} INFO - [2025-02-23T04:51:09.963+0000] {dag.py:3239} INFO - Sync 2 DAGs
[2025-02-23T04:51:09.968+0000] {logging_mixin.py:190} INFO - [2025-02-23T04:51:09.968+0000] {dag.py:4180} INFO - Setting next_dagrun for example_subdag_operator.section-1 to None, run_after=None
[2025-02-23T04:51:09.969+0000] {logging_mixin.py:190} INFO - [2025-02-23T04:51:09.969+0000] {dag.py:4180} INFO - Setting next_dagrun for example_subdag_operator.section-2 to None, run_after=None
[2025-02-23T04:51:09.978+0000] {processor.py:208} INFO - Processing /home/airflow/.local/lib/python3.12/site-packages/airflow/example_dags/example_subdag_operator.py took 0.077 seconds
[2025-02-23T04:51:40.039+0000] {processor.py:186} INFO - Started process (PID=706) to work on /home/airflow/.local/lib/python3.12/site-packages/airflow/example_dags/example_subdag_operator.py
[2025-02-23T04:51:40.039+0000] {processor.py:914} INFO - Processing file /home/airflow/.local/lib/python3.12/site-packages/airflow/example_dags/example_subdag_operator.py for tasks to queue
[2025-02-23T04:51:40.041+0000] {logging_mixin.py:190} INFO - [2025-02-23T04:51:40.041+0000] {dagbag.py:588} INFO - Filling up the DagBag from /home/airflow/.local/lib/python3.12/site-packages/airflow/example_dags/example_subdag_operator.py
[2025-02-23T04:51:40.062+0000] {processor.py:925} INFO - DAG(s) 'example_subdag_operator.section-1', 'example_subdag_operator.section-2', 'example_subdag_operator' retrieved from /home/airflow/.local/lib/python3.12/site-packages/airflow/example_dags/example_subdag_operator.py
[2025-02-23T04:51:40.078+0000] {logging_mixin.py:190} INFO - [2025-02-23T04:51:40.077+0000] {dag.py:3239} INFO - Sync 3 DAGs
[2025-02-23T04:51:40.105+0000] {logging_mixin.py:190} INFO - [2025-02-23T04:51:40.104+0000] {dag.py:4180} INFO - Setting next_dagrun for example_subdag_operator to 2022-01-01 00:00:00+00:00, run_after=2022-01-01 00:00:00+00:00
[2025-02-23T04:51:40.108+0000] {logging_mixin.py:190} INFO - [2025-02-23T04:51:40.108+0000] {dag.py:4180} INFO - Setting next_dagrun for example_subdag_operator.section-1 to None, run_after=None
[2025-02-23T04:51:40.109+0000] {logging_mixin.py:190} INFO - [2025-02-23T04:51:40.109+0000] {dag.py:4180} INFO - Setting next_dagrun for example_subdag_operator.section-2 to None, run_after=None
[2025-02-23T04:51:40.115+0000] {logging_mixin.py:190} INFO - [2025-02-23T04:51:40.115+0000] {dag.py:3239} INFO - Sync 2 DAGs
[2025-02-23T04:51:40.121+0000] {logging_mixin.py:190} INFO - [2025-02-23T04:51:40.121+0000] {dag.py:4180} INFO - Setting next_dagrun for example_subdag_operator.section-1 to None, run_after=None
[2025-02-23T04:51:40.122+0000] {logging_mixin.py:190} INFO - [2025-02-23T04:51:40.122+0000] {dag.py:4180} INFO - Setting next_dagrun for example_subdag_operator.section-2 to None, run_after=None
[2025-02-23T04:51:40.131+0000] {processor.py:208} INFO - Processing /home/airflow/.local/lib/python3.12/site-packages/airflow/example_dags/example_subdag_operator.py took 0.096 seconds
[2025-02-23T04:52:10.172+0000] {processor.py:186} INFO - Started process (PID=769) to work on /home/airflow/.local/lib/python3.12/site-packages/airflow/example_dags/example_subdag_operator.py
[2025-02-23T04:52:10.173+0000] {processor.py:914} INFO - Processing file /home/airflow/.local/lib/python3.12/site-packages/airflow/example_dags/example_subdag_operator.py for tasks to queue
[2025-02-23T04:52:10.175+0000] {logging_mixin.py:190} INFO - [2025-02-23T04:52:10.174+0000] {dagbag.py:588} INFO - Filling up the DagBag from /home/airflow/.local/lib/python3.12/site-packages/airflow/example_dags/example_subdag_operator.py
[2025-02-23T04:52:10.196+0000] {processor.py:925} INFO - DAG(s) 'example_subdag_operator.section-1', 'example_subdag_operator.section-2', 'example_subdag_operator' retrieved from /home/airflow/.local/lib/python3.12/site-packages/airflow/example_dags/example_subdag_operator.py
[2025-02-23T04:52:10.207+0000] {logging_mixin.py:190} INFO - [2025-02-23T04:52:10.207+0000] {dag.py:3239} INFO - Sync 3 DAGs
[2025-02-23T04:52:10.227+0000] {logging_mixin.py:190} INFO - [2025-02-23T04:52:10.226+0000] {dag.py:4180} INFO - Setting next_dagrun for example_subdag_operator to 2022-01-01 00:00:00+00:00, run_after=2022-01-01 00:00:00+00:00
[2025-02-23T04:52:10.229+0000] {logging_mixin.py:190} INFO - [2025-02-23T04:52:10.229+0000] {dag.py:4180} INFO - Setting next_dagrun for example_subdag_operator.section-1 to None, run_after=None
[2025-02-23T04:52:10.230+0000] {logging_mixin.py:190} INFO - [2025-02-23T04:52:10.230+0000] {dag.py:4180} INFO - Setting next_dagrun for example_subdag_operator.section-2 to None, run_after=None
[2025-02-23T04:52:10.235+0000] {logging_mixin.py:190} INFO - [2025-02-23T04:52:10.235+0000] {dag.py:3239} INFO - Sync 2 DAGs
[2025-02-23T04:52:10.239+0000] {logging_mixin.py:190} INFO - [2025-02-23T04:52:10.239+0000] {dag.py:4180} INFO - Setting next_dagrun for example_subdag_operator.section-1 to None, run_after=None
[2025-02-23T04:52:10.239+0000] {logging_mixin.py:190} INFO - [2025-02-23T04:52:10.239+0000] {dag.py:4180} INFO - Setting next_dagrun for example_subdag_operator.section-2 to None, run_after=None
[2025-02-23T04:52:10.246+0000] {processor.py:208} INFO - Processing /home/airflow/.local/lib/python3.12/site-packages/airflow/example_dags/example_subdag_operator.py took 0.078 seconds
[2025-02-23T04:52:40.278+0000] {processor.py:186} INFO - Started process (PID=832) to work on /home/airflow/.local/lib/python3.12/site-packages/airflow/example_dags/example_subdag_operator.py
[2025-02-23T04:52:40.279+0000] {processor.py:914} INFO - Processing file /home/airflow/.local/lib/python3.12/site-packages/airflow/example_dags/example_subdag_operator.py for tasks to queue
[2025-02-23T04:52:40.280+0000] {logging_mixin.py:190} INFO - [2025-02-23T04:52:40.280+0000] {dagbag.py:588} INFO - Filling up the DagBag from /home/airflow/.local/lib/python3.12/site-packages/airflow/example_dags/example_subdag_operator.py
[2025-02-23T04:52:40.300+0000] {processor.py:925} INFO - DAG(s) 'example_subdag_operator.section-1', 'example_subdag_operator.section-2', 'example_subdag_operator' retrieved from /home/airflow/.local/lib/python3.12/site-packages/airflow/example_dags/example_subdag_operator.py
[2025-02-23T04:52:40.311+0000] {logging_mixin.py:190} INFO - [2025-02-23T04:52:40.310+0000] {dag.py:3239} INFO - Sync 3 DAGs
[2025-02-23T04:52:40.327+0000] {logging_mixin.py:190} INFO - [2025-02-23T04:52:40.327+0000] {dag.py:4180} INFO - Setting next_dagrun for example_subdag_operator to 2022-01-01 00:00:00+00:00, run_after=2022-01-01 00:00:00+00:00
[2025-02-23T04:52:40.329+0000] {logging_mixin.py:190} INFO - [2025-02-23T04:52:40.329+0000] {dag.py:4180} INFO - Setting next_dagrun for example_subdag_operator.section-1 to None, run_after=None
[2025-02-23T04:52:40.330+0000] {logging_mixin.py:190} INFO - [2025-02-23T04:52:40.330+0000] {dag.py:4180} INFO - Setting next_dagrun for example_subdag_operator.section-2 to None, run_after=None
[2025-02-23T04:52:40.335+0000] {logging_mixin.py:190} INFO - [2025-02-23T04:52:40.335+0000] {dag.py:3239} INFO - Sync 2 DAGs
[2025-02-23T04:52:40.339+0000] {logging_mixin.py:190} INFO - [2025-02-23T04:52:40.338+0000] {dag.py:4180} INFO - Setting next_dagrun for example_subdag_operator.section-1 to None, run_after=None
[2025-02-23T04:52:40.339+0000] {logging_mixin.py:190} INFO - [2025-02-23T04:52:40.339+0000] {dag.py:4180} INFO - Setting next_dagrun for example_subdag_operator.section-2 to None, run_after=None
[2025-02-23T04:52:40.346+0000] {processor.py:208} INFO - Processing /home/airflow/.local/lib/python3.12/site-packages/airflow/example_dags/example_subdag_operator.py took 0.072 seconds
[2025-02-23T04:53:10.679+0000] {processor.py:186} INFO - Started process (PID=895) to work on /home/airflow/.local/lib/python3.12/site-packages/airflow/example_dags/example_subdag_operator.py
[2025-02-23T04:53:10.679+0000] {processor.py:914} INFO - Processing file /home/airflow/.local/lib/python3.12/site-packages/airflow/example_dags/example_subdag_operator.py for tasks to queue
[2025-02-23T04:53:10.681+0000] {logging_mixin.py:190} INFO - [2025-02-23T04:53:10.680+0000] {dagbag.py:588} INFO - Filling up the DagBag from /home/airflow/.local/lib/python3.12/site-packages/airflow/example_dags/example_subdag_operator.py
[2025-02-23T04:53:10.701+0000] {processor.py:925} INFO - DAG(s) 'example_subdag_operator.section-1', 'example_subdag_operator.section-2', 'example_subdag_operator' retrieved from /home/airflow/.local/lib/python3.12/site-packages/airflow/example_dags/example_subdag_operator.py
[2025-02-23T04:53:10.712+0000] {logging_mixin.py:190} INFO - [2025-02-23T04:53:10.711+0000] {dag.py:3239} INFO - Sync 3 DAGs
[2025-02-23T04:53:10.729+0000] {logging_mixin.py:190} INFO - [2025-02-23T04:53:10.729+0000] {dag.py:4180} INFO - Setting next_dagrun for example_subdag_operator to 2022-01-01 00:00:00+00:00, run_after=2022-01-01 00:00:00+00:00
[2025-02-23T04:53:10.731+0000] {logging_mixin.py:190} INFO - [2025-02-23T04:53:10.731+0000] {dag.py:4180} INFO - Setting next_dagrun for example_subdag_operator.section-1 to None, run_after=None
[2025-02-23T04:53:10.733+0000] {logging_mixin.py:190} INFO - [2025-02-23T04:53:10.732+0000] {dag.py:4180} INFO - Setting next_dagrun for example_subdag_operator.section-2 to None, run_after=None
[2025-02-23T04:53:10.739+0000] {logging_mixin.py:190} INFO - [2025-02-23T04:53:10.739+0000] {dag.py:3239} INFO - Sync 2 DAGs
[2025-02-23T04:53:10.743+0000] {logging_mixin.py:190} INFO - [2025-02-23T04:53:10.743+0000] {dag.py:4180} INFO - Setting next_dagrun for example_subdag_operator.section-1 to None, run_after=None
[2025-02-23T04:53:10.744+0000] {logging_mixin.py:190} INFO - [2025-02-23T04:53:10.744+0000] {dag.py:4180} INFO - Setting next_dagrun for example_subdag_operator.section-2 to None, run_after=None
[2025-02-23T04:53:10.752+0000] {processor.py:208} INFO - Processing /home/airflow/.local/lib/python3.12/site-packages/airflow/example_dags/example_subdag_operator.py took 0.077 seconds
[2025-02-23T04:53:41.217+0000] {processor.py:186} INFO - Started process (PID=958) to work on /home/airflow/.local/lib/python3.12/site-packages/airflow/example_dags/example_subdag_operator.py
[2025-02-23T04:53:41.217+0000] {processor.py:914} INFO - Processing file /home/airflow/.local/lib/python3.12/site-packages/airflow/example_dags/example_subdag_operator.py for tasks to queue
[2025-02-23T04:53:41.219+0000] {logging_mixin.py:190} INFO - [2025-02-23T04:53:41.219+0000] {dagbag.py:588} INFO - Filling up the DagBag from /home/airflow/.local/lib/python3.12/site-packages/airflow/example_dags/example_subdag_operator.py
[2025-02-23T04:53:41.240+0000] {processor.py:925} INFO - DAG(s) 'example_subdag_operator.section-1', 'example_subdag_operator.section-2', 'example_subdag_operator' retrieved from /home/airflow/.local/lib/python3.12/site-packages/airflow/example_dags/example_subdag_operator.py
[2025-02-23T04:53:41.255+0000] {logging_mixin.py:190} INFO - [2025-02-23T04:53:41.255+0000] {dag.py:3239} INFO - Sync 3 DAGs
[2025-02-23T04:53:41.277+0000] {logging_mixin.py:190} INFO - [2025-02-23T04:53:41.277+0000] {dag.py:4180} INFO - Setting next_dagrun for example_subdag_operator to 2022-01-01 00:00:00+00:00, run_after=2022-01-01 00:00:00+00:00
[2025-02-23T04:53:41.280+0000] {logging_mixin.py:190} INFO - [2025-02-23T04:53:41.280+0000] {dag.py:4180} INFO - Setting next_dagrun for example_subdag_operator.section-1 to None, run_after=None
[2025-02-23T04:53:41.281+0000] {logging_mixin.py:190} INFO - [2025-02-23T04:53:41.281+0000] {dag.py:4180} INFO - Setting next_dagrun for example_subdag_operator.section-2 to None, run_after=None
[2025-02-23T04:53:41.287+0000] {logging_mixin.py:190} INFO - [2025-02-23T04:53:41.286+0000] {dag.py:3239} INFO - Sync 2 DAGs
[2025-02-23T04:53:41.290+0000] {logging_mixin.py:190} INFO - [2025-02-23T04:53:41.290+0000] {dag.py:4180} INFO - Setting next_dagrun for example_subdag_operator.section-1 to None, run_after=None
[2025-02-23T04:53:41.291+0000] {logging_mixin.py:190} INFO - [2025-02-23T04:53:41.291+0000] {dag.py:4180} INFO - Setting next_dagrun for example_subdag_operator.section-2 to None, run_after=None
[2025-02-23T04:53:41.298+0000] {processor.py:208} INFO - Processing /home/airflow/.local/lib/python3.12/site-packages/airflow/example_dags/example_subdag_operator.py took 0.086 seconds
[2025-02-23T04:54:11.446+0000] {processor.py:186} INFO - Started process (PID=1021) to work on /home/airflow/.local/lib/python3.12/site-packages/airflow/example_dags/example_subdag_operator.py
[2025-02-23T04:54:11.447+0000] {processor.py:914} INFO - Processing file /home/airflow/.local/lib/python3.12/site-packages/airflow/example_dags/example_subdag_operator.py for tasks to queue
[2025-02-23T04:54:11.448+0000] {logging_mixin.py:190} INFO - [2025-02-23T04:54:11.448+0000] {dagbag.py:588} INFO - Filling up the DagBag from /home/airflow/.local/lib/python3.12/site-packages/airflow/example_dags/example_subdag_operator.py
[2025-02-23T04:54:11.469+0000] {processor.py:925} INFO - DAG(s) 'example_subdag_operator.section-1', 'example_subdag_operator.section-2', 'example_subdag_operator' retrieved from /home/airflow/.local/lib/python3.12/site-packages/airflow/example_dags/example_subdag_operator.py
[2025-02-23T04:54:11.480+0000] {logging_mixin.py:190} INFO - [2025-02-23T04:54:11.480+0000] {dag.py:3239} INFO - Sync 3 DAGs
[2025-02-23T04:54:11.497+0000] {logging_mixin.py:190} INFO - [2025-02-23T04:54:11.497+0000] {dag.py:4180} INFO - Setting next_dagrun for example_subdag_operator to 2022-01-01 00:00:00+00:00, run_after=2022-01-01 00:00:00+00:00
[2025-02-23T04:54:11.501+0000] {logging_mixin.py:190} INFO - [2025-02-23T04:54:11.501+0000] {dag.py:4180} INFO - Setting next_dagrun for example_subdag_operator.section-1 to None, run_after=None
[2025-02-23T04:54:11.502+0000] {logging_mixin.py:190} INFO - [2025-02-23T04:54:11.502+0000] {dag.py:4180} INFO - Setting next_dagrun for example_subdag_operator.section-2 to None, run_after=None
[2025-02-23T04:54:11.507+0000] {logging_mixin.py:190} INFO - [2025-02-23T04:54:11.507+0000] {dag.py:3239} INFO - Sync 2 DAGs
[2025-02-23T04:54:11.512+0000] {logging_mixin.py:190} INFO - [2025-02-23T04:54:11.511+0000] {dag.py:4180} INFO - Setting next_dagrun for example_subdag_operator.section-1 to None, run_after=None
[2025-02-23T04:54:11.512+0000] {logging_mixin.py:190} INFO - [2025-02-23T04:54:11.512+0000] {dag.py:4180} INFO - Setting next_dagrun for example_subdag_operator.section-2 to None, run_after=None
[2025-02-23T04:54:11.520+0000] {processor.py:208} INFO - Processing /home/airflow/.local/lib/python3.12/site-packages/airflow/example_dags/example_subdag_operator.py took 0.078 seconds
[2025-02-23T04:54:41.834+0000] {processor.py:186} INFO - Started process (PID=1084) to work on /home/airflow/.local/lib/python3.12/site-packages/airflow/example_dags/example_subdag_operator.py
[2025-02-23T04:54:41.835+0000] {processor.py:914} INFO - Processing file /home/airflow/.local/lib/python3.12/site-packages/airflow/example_dags/example_subdag_operator.py for tasks to queue
[2025-02-23T04:54:41.837+0000] {logging_mixin.py:190} INFO - [2025-02-23T04:54:41.837+0000] {dagbag.py:588} INFO - Filling up the DagBag from /home/airflow/.local/lib/python3.12/site-packages/airflow/example_dags/example_subdag_operator.py
[2025-02-23T04:54:41.856+0000] {processor.py:925} INFO - DAG(s) 'example_subdag_operator.section-1', 'example_subdag_operator.section-2', 'example_subdag_operator' retrieved from /home/airflow/.local/lib/python3.12/site-packages/airflow/example_dags/example_subdag_operator.py
[2025-02-23T04:54:41.871+0000] {logging_mixin.py:190} INFO - [2025-02-23T04:54:41.871+0000] {dag.py:3239} INFO - Sync 3 DAGs
[2025-02-23T04:54:41.897+0000] {logging_mixin.py:190} INFO - [2025-02-23T04:54:41.897+0000] {dag.py:4180} INFO - Setting next_dagrun for example_subdag_operator to 2022-01-01 00:00:00+00:00, run_after=2022-01-01 00:00:00+00:00
[2025-02-23T04:54:41.901+0000] {logging_mixin.py:190} INFO - [2025-02-23T04:54:41.901+0000] {dag.py:4180} INFO - Setting next_dagrun for example_subdag_operator.section-1 to None, run_after=None
[2025-02-23T04:54:41.902+0000] {logging_mixin.py:190} INFO - [2025-02-23T04:54:41.902+0000] {dag.py:4180} INFO - Setting next_dagrun for example_subdag_operator.section-2 to None, run_after=None
[2025-02-23T04:54:41.909+0000] {logging_mixin.py:190} INFO - [2025-02-23T04:54:41.909+0000] {dag.py:3239} INFO - Sync 2 DAGs
[2025-02-23T04:54:41.914+0000] {logging_mixin.py:190} INFO - [2025-02-23T04:54:41.914+0000] {dag.py:4180} INFO - Setting next_dagrun for example_subdag_operator.section-1 to None, run_after=None
[2025-02-23T04:54:41.915+0000] {logging_mixin.py:190} INFO - [2025-02-23T04:54:41.914+0000] {dag.py:4180} INFO - Setting next_dagrun for example_subdag_operator.section-2 to None, run_after=None
[2025-02-23T04:54:41.924+0000] {processor.py:208} INFO - Processing /home/airflow/.local/lib/python3.12/site-packages/airflow/example_dags/example_subdag_operator.py took 0.094 seconds
[2025-02-23T04:55:12.154+0000] {processor.py:186} INFO - Started process (PID=1147) to work on /home/airflow/.local/lib/python3.12/site-packages/airflow/example_dags/example_subdag_operator.py
[2025-02-23T04:55:12.154+0000] {processor.py:914} INFO - Processing file /home/airflow/.local/lib/python3.12/site-packages/airflow/example_dags/example_subdag_operator.py for tasks to queue
[2025-02-23T04:55:12.156+0000] {logging_mixin.py:190} INFO - [2025-02-23T04:55:12.156+0000] {dagbag.py:588} INFO - Filling up the DagBag from /home/airflow/.local/lib/python3.12/site-packages/airflow/example_dags/example_subdag_operator.py
[2025-02-23T04:55:12.182+0000] {processor.py:925} INFO - DAG(s) 'example_subdag_operator.section-1', 'example_subdag_operator.section-2', 'example_subdag_operator' retrieved from /home/airflow/.local/lib/python3.12/site-packages/airflow/example_dags/example_subdag_operator.py
[2025-02-23T04:55:12.199+0000] {logging_mixin.py:190} INFO - [2025-02-23T04:55:12.199+0000] {dag.py:3239} INFO - Sync 3 DAGs
[2025-02-23T04:55:12.226+0000] {logging_mixin.py:190} INFO - [2025-02-23T04:55:12.226+0000] {dag.py:4180} INFO - Setting next_dagrun for example_subdag_operator to 2022-01-01 00:00:00+00:00, run_after=2022-01-01 00:00:00+00:00
[2025-02-23T04:55:12.229+0000] {logging_mixin.py:190} INFO - [2025-02-23T04:55:12.229+0000] {dag.py:4180} INFO - Setting next_dagrun for example_subdag_operator.section-1 to None, run_after=None
[2025-02-23T04:55:12.231+0000] {logging_mixin.py:190} INFO - [2025-02-23T04:55:12.231+0000] {dag.py:4180} INFO - Setting next_dagrun for example_subdag_operator.section-2 to None, run_after=None
[2025-02-23T04:55:12.237+0000] {logging_mixin.py:190} INFO - [2025-02-23T04:55:12.237+0000] {dag.py:3239} INFO - Sync 2 DAGs
[2025-02-23T04:55:12.243+0000] {logging_mixin.py:190} INFO - [2025-02-23T04:55:12.242+0000] {dag.py:4180} INFO - Setting next_dagrun for example_subdag_operator.section-1 to None, run_after=None
[2025-02-23T04:55:12.243+0000] {logging_mixin.py:190} INFO - [2025-02-23T04:55:12.243+0000] {dag.py:4180} INFO - Setting next_dagrun for example_subdag_operator.section-2 to None, run_after=None
[2025-02-23T04:55:12.265+0000] {processor.py:208} INFO - Processing /home/airflow/.local/lib/python3.12/site-packages/airflow/example_dags/example_subdag_operator.py took 0.115 seconds
[2025-02-23T04:55:42.358+0000] {processor.py:186} INFO - Started process (PID=1210) to work on /home/airflow/.local/lib/python3.12/site-packages/airflow/example_dags/example_subdag_operator.py
[2025-02-23T04:55:42.359+0000] {processor.py:914} INFO - Processing file /home/airflow/.local/lib/python3.12/site-packages/airflow/example_dags/example_subdag_operator.py for tasks to queue
[2025-02-23T04:55:42.360+0000] {logging_mixin.py:190} INFO - [2025-02-23T04:55:42.360+0000] {dagbag.py:588} INFO - Filling up the DagBag from /home/airflow/.local/lib/python3.12/site-packages/airflow/example_dags/example_subdag_operator.py
[2025-02-23T04:55:42.381+0000] {processor.py:925} INFO - DAG(s) 'example_subdag_operator.section-1', 'example_subdag_operator.section-2', 'example_subdag_operator' retrieved from /home/airflow/.local/lib/python3.12/site-packages/airflow/example_dags/example_subdag_operator.py
[2025-02-23T04:55:42.396+0000] {logging_mixin.py:190} INFO - [2025-02-23T04:55:42.396+0000] {dag.py:3239} INFO - Sync 3 DAGs
[2025-02-23T04:55:42.415+0000] {logging_mixin.py:190} INFO - [2025-02-23T04:55:42.414+0000] {dag.py:4180} INFO - Setting next_dagrun for example_subdag_operator to 2022-01-01 00:00:00+00:00, run_after=2022-01-01 00:00:00+00:00
[2025-02-23T04:55:42.417+0000] {logging_mixin.py:190} INFO - [2025-02-23T04:55:42.417+0000] {dag.py:4180} INFO - Setting next_dagrun for example_subdag_operator.section-1 to None, run_after=None
[2025-02-23T04:55:42.418+0000] {logging_mixin.py:190} INFO - [2025-02-23T04:55:42.418+0000] {dag.py:4180} INFO - Setting next_dagrun for example_subdag_operator.section-2 to None, run_after=None
[2025-02-23T04:55:42.424+0000] {logging_mixin.py:190} INFO - [2025-02-23T04:55:42.423+0000] {dag.py:3239} INFO - Sync 2 DAGs
[2025-02-23T04:55:42.430+0000] {logging_mixin.py:190} INFO - [2025-02-23T04:55:42.429+0000] {dag.py:4180} INFO - Setting next_dagrun for example_subdag_operator.section-1 to None, run_after=None
[2025-02-23T04:55:42.430+0000] {logging_mixin.py:190} INFO - [2025-02-23T04:55:42.430+0000] {dag.py:4180} INFO - Setting next_dagrun for example_subdag_operator.section-2 to None, run_after=None
[2025-02-23T04:55:42.438+0000] {processor.py:208} INFO - Processing /home/airflow/.local/lib/python3.12/site-packages/airflow/example_dags/example_subdag_operator.py took 0.083 seconds
[2025-02-23T04:56:12.754+0000] {processor.py:186} INFO - Started process (PID=1274) to work on /home/airflow/.local/lib/python3.12/site-packages/airflow/example_dags/example_subdag_operator.py
[2025-02-23T04:56:12.755+0000] {processor.py:914} INFO - Processing file /home/airflow/.local/lib/python3.12/site-packages/airflow/example_dags/example_subdag_operator.py for tasks to queue
[2025-02-23T04:56:12.756+0000] {logging_mixin.py:190} INFO - [2025-02-23T04:56:12.756+0000] {dagbag.py:588} INFO - Filling up the DagBag from /home/airflow/.local/lib/python3.12/site-packages/airflow/example_dags/example_subdag_operator.py
[2025-02-23T04:56:12.780+0000] {processor.py:925} INFO - DAG(s) 'example_subdag_operator.section-1', 'example_subdag_operator.section-2', 'example_subdag_operator' retrieved from /home/airflow/.local/lib/python3.12/site-packages/airflow/example_dags/example_subdag_operator.py
[2025-02-23T04:56:12.793+0000] {logging_mixin.py:190} INFO - [2025-02-23T04:56:12.793+0000] {dag.py:3239} INFO - Sync 3 DAGs
[2025-02-23T04:56:12.813+0000] {logging_mixin.py:190} INFO - [2025-02-23T04:56:12.813+0000] {dag.py:4180} INFO - Setting next_dagrun for example_subdag_operator to 2022-01-01 00:00:00+00:00, run_after=2022-01-01 00:00:00+00:00
[2025-02-23T04:56:12.816+0000] {logging_mixin.py:190} INFO - [2025-02-23T04:56:12.816+0000] {dag.py:4180} INFO - Setting next_dagrun for example_subdag_operator.section-1 to None, run_after=None
[2025-02-23T04:56:12.817+0000] {logging_mixin.py:190} INFO - [2025-02-23T04:56:12.817+0000] {dag.py:4180} INFO - Setting next_dagrun for example_subdag_operator.section-2 to None, run_after=None
[2025-02-23T04:56:12.822+0000] {logging_mixin.py:190} INFO - [2025-02-23T04:56:12.822+0000] {dag.py:3239} INFO - Sync 2 DAGs
[2025-02-23T04:56:12.827+0000] {logging_mixin.py:190} INFO - [2025-02-23T04:56:12.827+0000] {dag.py:4180} INFO - Setting next_dagrun for example_subdag_operator.section-1 to None, run_after=None
[2025-02-23T04:56:12.827+0000] {logging_mixin.py:190} INFO - [2025-02-23T04:56:12.827+0000] {dag.py:4180} INFO - Setting next_dagrun for example_subdag_operator.section-2 to None, run_after=None
[2025-02-23T04:56:12.834+0000] {processor.py:208} INFO - Processing /home/airflow/.local/lib/python3.12/site-packages/airflow/example_dags/example_subdag_operator.py took 0.084 seconds
