[2025-02-23T04:46:37.133+0000] {processor.py:186} INFO - Started process (PID=81) to work on /home/airflow/.local/lib/python3.12/site-packages/airflow/example_dags/example_dataset_alias.py
[2025-02-23T04:46:37.134+0000] {processor.py:914} INFO - Processing file /home/airflow/.local/lib/python3.12/site-packages/airflow/example_dags/example_dataset_alias.py for tasks to queue
[2025-02-23T04:46:37.136+0000] {logging_mixin.py:190} INFO - [2025-02-23T04:46:37.136+0000] {dagbag.py:588} INFO - Filling up the DagBag from /home/airflow/.local/lib/python3.12/site-packages/airflow/example_dags/example_dataset_alias.py
[2025-02-23T04:46:39.502+0000] {processor.py:925} INFO - DAG(s) 'dataset_alias_example_alias_producer', 'dataset_s3_bucket_producer', 'dataset_alias_example_alias_consumer', 'dataset_s3_bucket_consumer' retrieved from /home/airflow/.local/lib/python3.12/site-packages/airflow/example_dags/example_dataset_alias.py
[2025-02-23T04:46:39.616+0000] {logging_mixin.py:190} INFO - [2025-02-23T04:46:39.615+0000] {override.py:1911} INFO - Created Permission View: can read on DAG:dataset_alias_example_alias_producer
[2025-02-23T04:46:39.625+0000] {logging_mixin.py:190} INFO - [2025-02-23T04:46:39.625+0000] {override.py:1911} INFO - Created Permission View: can delete on DAG:dataset_alias_example_alias_producer
[2025-02-23T04:46:39.630+0000] {logging_mixin.py:190} INFO - [2025-02-23T04:46:39.630+0000] {override.py:1911} INFO - Created Permission View: can edit on DAG:dataset_alias_example_alias_producer
[2025-02-23T04:46:39.636+0000] {logging_mixin.py:190} INFO - [2025-02-23T04:46:39.635+0000] {override.py:1911} INFO - Created Permission View: can read on DAG Run:dataset_alias_example_alias_producer
[2025-02-23T04:46:39.641+0000] {logging_mixin.py:190} INFO - [2025-02-23T04:46:39.641+0000] {override.py:1911} INFO - Created Permission View: can create on DAG Run:dataset_alias_example_alias_producer
[2025-02-23T04:46:39.646+0000] {logging_mixin.py:190} INFO - [2025-02-23T04:46:39.646+0000] {override.py:1911} INFO - Created Permission View: can delete on DAG Run:dataset_alias_example_alias_producer
[2025-02-23T04:46:39.651+0000] {logging_mixin.py:190} INFO - [2025-02-23T04:46:39.651+0000] {override.py:1911} INFO - Created Permission View: menu access on DAG Run:dataset_alias_example_alias_producer
[2025-02-23T04:46:39.661+0000] {logging_mixin.py:190} INFO - [2025-02-23T04:46:39.661+0000] {override.py:1911} INFO - Created Permission View: can read on DAG:dataset_s3_bucket_producer
[2025-02-23T04:46:39.666+0000] {logging_mixin.py:190} INFO - [2025-02-23T04:46:39.665+0000] {override.py:1911} INFO - Created Permission View: can delete on DAG:dataset_s3_bucket_producer
[2025-02-23T04:46:39.671+0000] {logging_mixin.py:190} INFO - [2025-02-23T04:46:39.670+0000] {override.py:1911} INFO - Created Permission View: can edit on DAG:dataset_s3_bucket_producer
[2025-02-23T04:46:39.676+0000] {logging_mixin.py:190} INFO - [2025-02-23T04:46:39.675+0000] {override.py:1911} INFO - Created Permission View: can read on DAG Run:dataset_s3_bucket_producer
[2025-02-23T04:46:39.700+0000] {logging_mixin.py:190} INFO - [2025-02-23T04:46:39.699+0000] {override.py:1911} INFO - Created Permission View: can create on DAG Run:dataset_s3_bucket_producer
[2025-02-23T04:46:39.711+0000] {logging_mixin.py:190} INFO - [2025-02-23T04:46:39.710+0000] {override.py:1911} INFO - Created Permission View: can delete on DAG Run:dataset_s3_bucket_producer
[2025-02-23T04:46:39.719+0000] {logging_mixin.py:190} INFO - [2025-02-23T04:46:39.719+0000] {override.py:1911} INFO - Created Permission View: menu access on DAG Run:dataset_s3_bucket_producer
[2025-02-23T04:46:39.733+0000] {logging_mixin.py:190} INFO - [2025-02-23T04:46:39.733+0000] {override.py:1911} INFO - Created Permission View: can read on DAG:dataset_alias_example_alias_consumer
[2025-02-23T04:46:39.745+0000] {logging_mixin.py:190} INFO - [2025-02-23T04:46:39.745+0000] {override.py:1911} INFO - Created Permission View: can delete on DAG:dataset_alias_example_alias_consumer
[2025-02-23T04:46:39.751+0000] {logging_mixin.py:190} INFO - [2025-02-23T04:46:39.751+0000] {override.py:1911} INFO - Created Permission View: can edit on DAG:dataset_alias_example_alias_consumer
[2025-02-23T04:46:39.758+0000] {logging_mixin.py:190} INFO - [2025-02-23T04:46:39.757+0000] {override.py:1911} INFO - Created Permission View: can read on DAG Run:dataset_alias_example_alias_consumer
[2025-02-23T04:46:39.765+0000] {logging_mixin.py:190} INFO - [2025-02-23T04:46:39.765+0000] {override.py:1911} INFO - Created Permission View: can create on DAG Run:dataset_alias_example_alias_consumer
[2025-02-23T04:46:39.770+0000] {logging_mixin.py:190} INFO - [2025-02-23T04:46:39.769+0000] {override.py:1911} INFO - Created Permission View: can delete on DAG Run:dataset_alias_example_alias_consumer
[2025-02-23T04:46:39.775+0000] {logging_mixin.py:190} INFO - [2025-02-23T04:46:39.775+0000] {override.py:1911} INFO - Created Permission View: menu access on DAG Run:dataset_alias_example_alias_consumer
[2025-02-23T04:46:39.785+0000] {logging_mixin.py:190} INFO - [2025-02-23T04:46:39.785+0000] {override.py:1911} INFO - Created Permission View: can read on DAG:dataset_s3_bucket_consumer
[2025-02-23T04:46:39.791+0000] {logging_mixin.py:190} INFO - [2025-02-23T04:46:39.791+0000] {override.py:1911} INFO - Created Permission View: can delete on DAG:dataset_s3_bucket_consumer
[2025-02-23T04:46:39.797+0000] {logging_mixin.py:190} INFO - [2025-02-23T04:46:39.796+0000] {override.py:1911} INFO - Created Permission View: can edit on DAG:dataset_s3_bucket_consumer
[2025-02-23T04:46:39.802+0000] {logging_mixin.py:190} INFO - [2025-02-23T04:46:39.802+0000] {override.py:1911} INFO - Created Permission View: can read on DAG Run:dataset_s3_bucket_consumer
[2025-02-23T04:46:39.808+0000] {logging_mixin.py:190} INFO - [2025-02-23T04:46:39.808+0000] {override.py:1911} INFO - Created Permission View: can create on DAG Run:dataset_s3_bucket_consumer
[2025-02-23T04:46:39.813+0000] {logging_mixin.py:190} INFO - [2025-02-23T04:46:39.813+0000] {override.py:1911} INFO - Created Permission View: can delete on DAG Run:dataset_s3_bucket_consumer
[2025-02-23T04:46:39.818+0000] {logging_mixin.py:190} INFO - [2025-02-23T04:46:39.818+0000] {override.py:1911} INFO - Created Permission View: menu access on DAG Run:dataset_s3_bucket_consumer
[2025-02-23T04:46:39.819+0000] {logging_mixin.py:190} INFO - [2025-02-23T04:46:39.818+0000] {dag.py:3239} INFO - Sync 4 DAGs
[2025-02-23T04:46:39.835+0000] {logging_mixin.py:190} INFO - [2025-02-23T04:46:39.835+0000] {dag.py:3262} INFO - Creating ORM DAG for dataset_s3_bucket_producer
[2025-02-23T04:46:39.836+0000] {logging_mixin.py:190} INFO - [2025-02-23T04:46:39.836+0000] {dag.py:3262} INFO - Creating ORM DAG for dataset_alias_example_alias_consumer
[2025-02-23T04:46:39.836+0000] {logging_mixin.py:190} INFO - [2025-02-23T04:46:39.836+0000] {dag.py:3262} INFO - Creating ORM DAG for dataset_s3_bucket_consumer
[2025-02-23T04:46:39.837+0000] {logging_mixin.py:190} INFO - [2025-02-23T04:46:39.837+0000] {dag.py:3262} INFO - Creating ORM DAG for dataset_alias_example_alias_producer
[2025-02-23T04:46:39.844+0000] {logging_mixin.py:190} INFO - [2025-02-23T04:46:39.844+0000] {dag.py:4180} INFO - Setting next_dagrun for dataset_alias_example_alias_consumer to None, run_after=None
[2025-02-23T04:46:39.844+0000] {logging_mixin.py:190} INFO - [2025-02-23T04:46:39.844+0000] {dag.py:4180} INFO - Setting next_dagrun for dataset_alias_example_alias_producer to None, run_after=None
[2025-02-23T04:46:39.845+0000] {logging_mixin.py:190} INFO - [2025-02-23T04:46:39.845+0000] {dag.py:4180} INFO - Setting next_dagrun for dataset_s3_bucket_consumer to None, run_after=None
[2025-02-23T04:46:39.845+0000] {logging_mixin.py:190} INFO - [2025-02-23T04:46:39.845+0000] {dag.py:4180} INFO - Setting next_dagrun for dataset_s3_bucket_producer to None, run_after=None
[2025-02-23T04:46:39.865+0000] {processor.py:208} INFO - Processing /home/airflow/.local/lib/python3.12/site-packages/airflow/example_dags/example_dataset_alias.py took 2.739 seconds
[2025-02-23T04:47:10.188+0000] {processor.py:186} INFO - Started process (PID=147) to work on /home/airflow/.local/lib/python3.12/site-packages/airflow/example_dags/example_dataset_alias.py
[2025-02-23T04:47:10.189+0000] {processor.py:914} INFO - Processing file /home/airflow/.local/lib/python3.12/site-packages/airflow/example_dags/example_dataset_alias.py for tasks to queue
[2025-02-23T04:47:10.191+0000] {logging_mixin.py:190} INFO - [2025-02-23T04:47:10.191+0000] {dagbag.py:588} INFO - Filling up the DagBag from /home/airflow/.local/lib/python3.12/site-packages/airflow/example_dags/example_dataset_alias.py
[2025-02-23T04:47:10.772+0000] {processor.py:925} INFO - DAG(s) 'dataset_alias_example_alias_consumer', 'dataset_s3_bucket_producer', 'dataset_s3_bucket_consumer', 'dataset_alias_example_alias_producer' retrieved from /home/airflow/.local/lib/python3.12/site-packages/airflow/example_dags/example_dataset_alias.py
[2025-02-23T04:47:10.790+0000] {logging_mixin.py:190} INFO - [2025-02-23T04:47:10.790+0000] {dag.py:3239} INFO - Sync 4 DAGs
[2025-02-23T04:47:10.812+0000] {logging_mixin.py:190} INFO - [2025-02-23T04:47:10.812+0000] {dag.py:4180} INFO - Setting next_dagrun for dataset_alias_example_alias_consumer to None, run_after=None
[2025-02-23T04:47:10.814+0000] {logging_mixin.py:190} INFO - [2025-02-23T04:47:10.814+0000] {dag.py:4180} INFO - Setting next_dagrun for dataset_alias_example_alias_producer to None, run_after=None
[2025-02-23T04:47:10.815+0000] {logging_mixin.py:190} INFO - [2025-02-23T04:47:10.815+0000] {dag.py:4180} INFO - Setting next_dagrun for dataset_s3_bucket_consumer to None, run_after=None
[2025-02-23T04:47:10.816+0000] {logging_mixin.py:190} INFO - [2025-02-23T04:47:10.816+0000] {dag.py:4180} INFO - Setting next_dagrun for dataset_s3_bucket_producer to None, run_after=None
[2025-02-23T04:47:10.831+0000] {processor.py:208} INFO - Processing /home/airflow/.local/lib/python3.12/site-packages/airflow/example_dags/example_dataset_alias.py took 0.647 seconds
[2025-02-23T04:47:41.001+0000] {processor.py:186} INFO - Started process (PID=216) to work on /home/airflow/.local/lib/python3.12/site-packages/airflow/example_dags/example_dataset_alias.py
[2025-02-23T04:47:41.001+0000] {processor.py:914} INFO - Processing file /home/airflow/.local/lib/python3.12/site-packages/airflow/example_dags/example_dataset_alias.py for tasks to queue
[2025-02-23T04:47:41.003+0000] {logging_mixin.py:190} INFO - [2025-02-23T04:47:41.003+0000] {dagbag.py:588} INFO - Filling up the DagBag from /home/airflow/.local/lib/python3.12/site-packages/airflow/example_dags/example_dataset_alias.py
[2025-02-23T04:47:41.573+0000] {processor.py:925} INFO - DAG(s) 'dataset_alias_example_alias_consumer', 'dataset_alias_example_alias_producer', 'dataset_s3_bucket_consumer', 'dataset_s3_bucket_producer' retrieved from /home/airflow/.local/lib/python3.12/site-packages/airflow/example_dags/example_dataset_alias.py
[2025-02-23T04:47:41.588+0000] {logging_mixin.py:190} INFO - [2025-02-23T04:47:41.588+0000] {dag.py:3239} INFO - Sync 4 DAGs
[2025-02-23T04:47:41.606+0000] {logging_mixin.py:190} INFO - [2025-02-23T04:47:41.606+0000] {dag.py:4180} INFO - Setting next_dagrun for dataset_alias_example_alias_consumer to None, run_after=None
[2025-02-23T04:47:41.608+0000] {logging_mixin.py:190} INFO - [2025-02-23T04:47:41.608+0000] {dag.py:4180} INFO - Setting next_dagrun for dataset_alias_example_alias_producer to None, run_after=None
[2025-02-23T04:47:41.609+0000] {logging_mixin.py:190} INFO - [2025-02-23T04:47:41.609+0000] {dag.py:4180} INFO - Setting next_dagrun for dataset_s3_bucket_consumer to None, run_after=None
[2025-02-23T04:47:41.610+0000] {logging_mixin.py:190} INFO - [2025-02-23T04:47:41.610+0000] {dag.py:4180} INFO - Setting next_dagrun for dataset_s3_bucket_producer to None, run_after=None
[2025-02-23T04:47:41.624+0000] {processor.py:208} INFO - Processing /home/airflow/.local/lib/python3.12/site-packages/airflow/example_dags/example_dataset_alias.py took 0.628 seconds
[2025-02-23T04:48:11.697+0000] {processor.py:186} INFO - Started process (PID=284) to work on /home/airflow/.local/lib/python3.12/site-packages/airflow/example_dags/example_dataset_alias.py
[2025-02-23T04:48:11.698+0000] {processor.py:914} INFO - Processing file /home/airflow/.local/lib/python3.12/site-packages/airflow/example_dags/example_dataset_alias.py for tasks to queue
[2025-02-23T04:48:11.699+0000] {logging_mixin.py:190} INFO - [2025-02-23T04:48:11.699+0000] {dagbag.py:588} INFO - Filling up the DagBag from /home/airflow/.local/lib/python3.12/site-packages/airflow/example_dags/example_dataset_alias.py
[2025-02-23T04:48:12.209+0000] {processor.py:925} INFO - DAG(s) 'dataset_alias_example_alias_producer', 'dataset_s3_bucket_consumer', 'dataset_s3_bucket_producer', 'dataset_alias_example_alias_consumer' retrieved from /home/airflow/.local/lib/python3.12/site-packages/airflow/example_dags/example_dataset_alias.py
[2025-02-23T04:48:12.224+0000] {logging_mixin.py:190} INFO - [2025-02-23T04:48:12.223+0000] {dag.py:3239} INFO - Sync 4 DAGs
[2025-02-23T04:48:12.241+0000] {logging_mixin.py:190} INFO - [2025-02-23T04:48:12.241+0000] {dag.py:4180} INFO - Setting next_dagrun for dataset_alias_example_alias_consumer to None, run_after=None
[2025-02-23T04:48:12.243+0000] {logging_mixin.py:190} INFO - [2025-02-23T04:48:12.243+0000] {dag.py:4180} INFO - Setting next_dagrun for dataset_alias_example_alias_producer to None, run_after=None
[2025-02-23T04:48:12.244+0000] {logging_mixin.py:190} INFO - [2025-02-23T04:48:12.244+0000] {dag.py:4180} INFO - Setting next_dagrun for dataset_s3_bucket_consumer to None, run_after=None
[2025-02-23T04:48:12.245+0000] {logging_mixin.py:190} INFO - [2025-02-23T04:48:12.245+0000] {dag.py:4180} INFO - Setting next_dagrun for dataset_s3_bucket_producer to None, run_after=None
[2025-02-23T04:48:12.259+0000] {processor.py:208} INFO - Processing /home/airflow/.local/lib/python3.12/site-packages/airflow/example_dags/example_dataset_alias.py took 0.568 seconds
[2025-02-23T04:48:43.128+0000] {processor.py:186} INFO - Started process (PID=347) to work on /home/airflow/.local/lib/python3.12/site-packages/airflow/example_dags/example_dataset_alias.py
[2025-02-23T04:48:43.129+0000] {processor.py:914} INFO - Processing file /home/airflow/.local/lib/python3.12/site-packages/airflow/example_dags/example_dataset_alias.py for tasks to queue
[2025-02-23T04:48:43.130+0000] {logging_mixin.py:190} INFO - [2025-02-23T04:48:43.130+0000] {dagbag.py:588} INFO - Filling up the DagBag from /home/airflow/.local/lib/python3.12/site-packages/airflow/example_dags/example_dataset_alias.py
[2025-02-23T04:48:43.722+0000] {processor.py:925} INFO - DAG(s) 'dataset_s3_bucket_producer', 'dataset_alias_example_alias_producer', 'dataset_alias_example_alias_consumer', 'dataset_s3_bucket_consumer' retrieved from /home/airflow/.local/lib/python3.12/site-packages/airflow/example_dags/example_dataset_alias.py
[2025-02-23T04:48:43.737+0000] {logging_mixin.py:190} INFO - [2025-02-23T04:48:43.737+0000] {dag.py:3239} INFO - Sync 4 DAGs
[2025-02-23T04:48:43.754+0000] {logging_mixin.py:190} INFO - [2025-02-23T04:48:43.753+0000] {dag.py:4180} INFO - Setting next_dagrun for dataset_alias_example_alias_consumer to None, run_after=None
[2025-02-23T04:48:43.755+0000] {logging_mixin.py:190} INFO - [2025-02-23T04:48:43.755+0000] {dag.py:4180} INFO - Setting next_dagrun for dataset_alias_example_alias_producer to None, run_after=None
[2025-02-23T04:48:43.757+0000] {logging_mixin.py:190} INFO - [2025-02-23T04:48:43.756+0000] {dag.py:4180} INFO - Setting next_dagrun for dataset_s3_bucket_consumer to None, run_after=None
[2025-02-23T04:48:43.757+0000] {logging_mixin.py:190} INFO - [2025-02-23T04:48:43.757+0000] {dag.py:4180} INFO - Setting next_dagrun for dataset_s3_bucket_producer to None, run_after=None
[2025-02-23T04:48:43.773+0000] {processor.py:208} INFO - Processing /home/airflow/.local/lib/python3.12/site-packages/airflow/example_dags/example_dataset_alias.py took 0.649 seconds
[2025-02-23T04:49:14.121+0000] {processor.py:186} INFO - Started process (PID=410) to work on /home/airflow/.local/lib/python3.12/site-packages/airflow/example_dags/example_dataset_alias.py
[2025-02-23T04:49:14.122+0000] {processor.py:914} INFO - Processing file /home/airflow/.local/lib/python3.12/site-packages/airflow/example_dags/example_dataset_alias.py for tasks to queue
[2025-02-23T04:49:14.124+0000] {logging_mixin.py:190} INFO - [2025-02-23T04:49:14.124+0000] {dagbag.py:588} INFO - Filling up the DagBag from /home/airflow/.local/lib/python3.12/site-packages/airflow/example_dags/example_dataset_alias.py
[2025-02-23T04:49:14.773+0000] {processor.py:925} INFO - DAG(s) 'dataset_s3_bucket_producer', 'dataset_alias_example_alias_consumer', 'dataset_alias_example_alias_producer', 'dataset_s3_bucket_consumer' retrieved from /home/airflow/.local/lib/python3.12/site-packages/airflow/example_dags/example_dataset_alias.py
[2025-02-23T04:49:14.796+0000] {logging_mixin.py:190} INFO - [2025-02-23T04:49:14.795+0000] {dag.py:3239} INFO - Sync 4 DAGs
[2025-02-23T04:49:14.827+0000] {logging_mixin.py:190} INFO - [2025-02-23T04:49:14.827+0000] {dag.py:4180} INFO - Setting next_dagrun for dataset_alias_example_alias_consumer to None, run_after=None
[2025-02-23T04:49:14.831+0000] {logging_mixin.py:190} INFO - [2025-02-23T04:49:14.831+0000] {dag.py:4180} INFO - Setting next_dagrun for dataset_alias_example_alias_producer to None, run_after=None
[2025-02-23T04:49:14.832+0000] {logging_mixin.py:190} INFO - [2025-02-23T04:49:14.832+0000] {dag.py:4180} INFO - Setting next_dagrun for dataset_s3_bucket_consumer to None, run_after=None
[2025-02-23T04:49:14.833+0000] {logging_mixin.py:190} INFO - [2025-02-23T04:49:14.833+0000] {dag.py:4180} INFO - Setting next_dagrun for dataset_s3_bucket_producer to None, run_after=None
[2025-02-23T04:49:14.850+0000] {processor.py:208} INFO - Processing /home/airflow/.local/lib/python3.12/site-packages/airflow/example_dags/example_dataset_alias.py took 0.736 seconds
[2025-02-23T04:49:45.290+0000] {processor.py:186} INFO - Started process (PID=473) to work on /home/airflow/.local/lib/python3.12/site-packages/airflow/example_dags/example_dataset_alias.py
[2025-02-23T04:49:45.290+0000] {processor.py:914} INFO - Processing file /home/airflow/.local/lib/python3.12/site-packages/airflow/example_dags/example_dataset_alias.py for tasks to queue
[2025-02-23T04:49:45.292+0000] {logging_mixin.py:190} INFO - [2025-02-23T04:49:45.292+0000] {dagbag.py:588} INFO - Filling up the DagBag from /home/airflow/.local/lib/python3.12/site-packages/airflow/example_dags/example_dataset_alias.py
[2025-02-23T04:49:45.962+0000] {processor.py:925} INFO - DAG(s) 'dataset_s3_bucket_consumer', 'dataset_alias_example_alias_producer', 'dataset_alias_example_alias_consumer', 'dataset_s3_bucket_producer' retrieved from /home/airflow/.local/lib/python3.12/site-packages/airflow/example_dags/example_dataset_alias.py
[2025-02-23T04:49:45.982+0000] {logging_mixin.py:190} INFO - [2025-02-23T04:49:45.982+0000] {dag.py:3239} INFO - Sync 4 DAGs
[2025-02-23T04:49:46.000+0000] {logging_mixin.py:190} INFO - [2025-02-23T04:49:46.000+0000] {dag.py:4180} INFO - Setting next_dagrun for dataset_alias_example_alias_consumer to None, run_after=None
[2025-02-23T04:49:46.002+0000] {logging_mixin.py:190} INFO - [2025-02-23T04:49:46.002+0000] {dag.py:4180} INFO - Setting next_dagrun for dataset_alias_example_alias_producer to None, run_after=None
[2025-02-23T04:49:46.003+0000] {logging_mixin.py:190} INFO - [2025-02-23T04:49:46.003+0000] {dag.py:4180} INFO - Setting next_dagrun for dataset_s3_bucket_consumer to None, run_after=None
[2025-02-23T04:49:46.004+0000] {logging_mixin.py:190} INFO - [2025-02-23T04:49:46.004+0000] {dag.py:4180} INFO - Setting next_dagrun for dataset_s3_bucket_producer to None, run_after=None
[2025-02-23T04:49:46.019+0000] {processor.py:208} INFO - Processing /home/airflow/.local/lib/python3.12/site-packages/airflow/example_dags/example_dataset_alias.py took 0.734 seconds
[2025-02-23T04:50:16.423+0000] {processor.py:186} INFO - Started process (PID=536) to work on /home/airflow/.local/lib/python3.12/site-packages/airflow/example_dags/example_dataset_alias.py
[2025-02-23T04:50:16.424+0000] {processor.py:914} INFO - Processing file /home/airflow/.local/lib/python3.12/site-packages/airflow/example_dags/example_dataset_alias.py for tasks to queue
[2025-02-23T04:50:16.426+0000] {logging_mixin.py:190} INFO - [2025-02-23T04:50:16.426+0000] {dagbag.py:588} INFO - Filling up the DagBag from /home/airflow/.local/lib/python3.12/site-packages/airflow/example_dags/example_dataset_alias.py
[2025-02-23T04:50:17.103+0000] {processor.py:925} INFO - DAG(s) 'dataset_alias_example_alias_producer', 'dataset_alias_example_alias_consumer', 'dataset_s3_bucket_consumer', 'dataset_s3_bucket_producer' retrieved from /home/airflow/.local/lib/python3.12/site-packages/airflow/example_dags/example_dataset_alias.py
[2025-02-23T04:50:17.120+0000] {logging_mixin.py:190} INFO - [2025-02-23T04:50:17.119+0000] {dag.py:3239} INFO - Sync 4 DAGs
[2025-02-23T04:50:17.137+0000] {logging_mixin.py:190} INFO - [2025-02-23T04:50:17.137+0000] {dag.py:4180} INFO - Setting next_dagrun for dataset_alias_example_alias_consumer to None, run_after=None
[2025-02-23T04:50:17.139+0000] {logging_mixin.py:190} INFO - [2025-02-23T04:50:17.139+0000] {dag.py:4180} INFO - Setting next_dagrun for dataset_alias_example_alias_producer to None, run_after=None
[2025-02-23T04:50:17.140+0000] {logging_mixin.py:190} INFO - [2025-02-23T04:50:17.140+0000] {dag.py:4180} INFO - Setting next_dagrun for dataset_s3_bucket_consumer to None, run_after=None
[2025-02-23T04:50:17.141+0000] {logging_mixin.py:190} INFO - [2025-02-23T04:50:17.141+0000] {dag.py:4180} INFO - Setting next_dagrun for dataset_s3_bucket_producer to None, run_after=None
[2025-02-23T04:50:17.157+0000] {processor.py:208} INFO - Processing /home/airflow/.local/lib/python3.12/site-packages/airflow/example_dags/example_dataset_alias.py took 0.740 seconds
[2025-02-23T04:50:48.061+0000] {processor.py:186} INFO - Started process (PID=605) to work on /home/airflow/.local/lib/python3.12/site-packages/airflow/example_dags/example_dataset_alias.py
[2025-02-23T04:50:48.062+0000] {processor.py:914} INFO - Processing file /home/airflow/.local/lib/python3.12/site-packages/airflow/example_dags/example_dataset_alias.py for tasks to queue
[2025-02-23T04:50:48.063+0000] {logging_mixin.py:190} INFO - [2025-02-23T04:50:48.063+0000] {dagbag.py:588} INFO - Filling up the DagBag from /home/airflow/.local/lib/python3.12/site-packages/airflow/example_dags/example_dataset_alias.py
[2025-02-23T04:50:48.578+0000] {processor.py:925} INFO - DAG(s) 'dataset_s3_bucket_producer', 'dataset_alias_example_alias_producer', 'dataset_alias_example_alias_consumer', 'dataset_s3_bucket_consumer' retrieved from /home/airflow/.local/lib/python3.12/site-packages/airflow/example_dags/example_dataset_alias.py
[2025-02-23T04:50:48.601+0000] {logging_mixin.py:190} INFO - [2025-02-23T04:50:48.600+0000] {dag.py:3239} INFO - Sync 4 DAGs
[2025-02-23T04:50:48.629+0000] {logging_mixin.py:190} INFO - [2025-02-23T04:50:48.628+0000] {dag.py:4180} INFO - Setting next_dagrun for dataset_alias_example_alias_consumer to None, run_after=None
[2025-02-23T04:50:48.631+0000] {logging_mixin.py:190} INFO - [2025-02-23T04:50:48.631+0000] {dag.py:4180} INFO - Setting next_dagrun for dataset_alias_example_alias_producer to None, run_after=None
[2025-02-23T04:50:48.633+0000] {logging_mixin.py:190} INFO - [2025-02-23T04:50:48.633+0000] {dag.py:4180} INFO - Setting next_dagrun for dataset_s3_bucket_consumer to None, run_after=None
[2025-02-23T04:50:48.634+0000] {logging_mixin.py:190} INFO - [2025-02-23T04:50:48.634+0000] {dag.py:4180} INFO - Setting next_dagrun for dataset_s3_bucket_producer to None, run_after=None
[2025-02-23T04:50:48.659+0000] {processor.py:208} INFO - Processing /home/airflow/.local/lib/python3.12/site-packages/airflow/example_dags/example_dataset_alias.py took 0.603 seconds
[2025-02-23T04:51:19.157+0000] {processor.py:186} INFO - Started process (PID=668) to work on /home/airflow/.local/lib/python3.12/site-packages/airflow/example_dags/example_dataset_alias.py
[2025-02-23T04:51:19.157+0000] {processor.py:914} INFO - Processing file /home/airflow/.local/lib/python3.12/site-packages/airflow/example_dags/example_dataset_alias.py for tasks to queue
[2025-02-23T04:51:19.159+0000] {logging_mixin.py:190} INFO - [2025-02-23T04:51:19.159+0000] {dagbag.py:588} INFO - Filling up the DagBag from /home/airflow/.local/lib/python3.12/site-packages/airflow/example_dags/example_dataset_alias.py
[2025-02-23T04:51:19.653+0000] {processor.py:925} INFO - DAG(s) 'dataset_s3_bucket_consumer', 'dataset_s3_bucket_producer', 'dataset_alias_example_alias_consumer', 'dataset_alias_example_alias_producer' retrieved from /home/airflow/.local/lib/python3.12/site-packages/airflow/example_dags/example_dataset_alias.py
[2025-02-23T04:51:19.667+0000] {logging_mixin.py:190} INFO - [2025-02-23T04:51:19.667+0000] {dag.py:3239} INFO - Sync 4 DAGs
[2025-02-23T04:51:19.685+0000] {logging_mixin.py:190} INFO - [2025-02-23T04:51:19.684+0000] {dag.py:4180} INFO - Setting next_dagrun for dataset_alias_example_alias_consumer to None, run_after=None
[2025-02-23T04:51:19.686+0000] {logging_mixin.py:190} INFO - [2025-02-23T04:51:19.686+0000] {dag.py:4180} INFO - Setting next_dagrun for dataset_alias_example_alias_producer to None, run_after=None
[2025-02-23T04:51:19.687+0000] {logging_mixin.py:190} INFO - [2025-02-23T04:51:19.687+0000] {dag.py:4180} INFO - Setting next_dagrun for dataset_s3_bucket_consumer to None, run_after=None
[2025-02-23T04:51:19.688+0000] {logging_mixin.py:190} INFO - [2025-02-23T04:51:19.688+0000] {dag.py:4180} INFO - Setting next_dagrun for dataset_s3_bucket_producer to None, run_after=None
[2025-02-23T04:51:19.702+0000] {processor.py:208} INFO - Processing /home/airflow/.local/lib/python3.12/site-packages/airflow/example_dags/example_dataset_alias.py took 0.550 seconds
[2025-02-23T04:51:50.151+0000] {processor.py:186} INFO - Started process (PID=731) to work on /home/airflow/.local/lib/python3.12/site-packages/airflow/example_dags/example_dataset_alias.py
[2025-02-23T04:51:50.151+0000] {processor.py:914} INFO - Processing file /home/airflow/.local/lib/python3.12/site-packages/airflow/example_dags/example_dataset_alias.py for tasks to queue
[2025-02-23T04:51:50.153+0000] {logging_mixin.py:190} INFO - [2025-02-23T04:51:50.152+0000] {dagbag.py:588} INFO - Filling up the DagBag from /home/airflow/.local/lib/python3.12/site-packages/airflow/example_dags/example_dataset_alias.py
[2025-02-23T04:51:50.634+0000] {processor.py:925} INFO - DAG(s) 'dataset_s3_bucket_producer', 'dataset_alias_example_alias_producer', 'dataset_alias_example_alias_consumer', 'dataset_s3_bucket_consumer' retrieved from /home/airflow/.local/lib/python3.12/site-packages/airflow/example_dags/example_dataset_alias.py
[2025-02-23T04:51:50.649+0000] {logging_mixin.py:190} INFO - [2025-02-23T04:51:50.648+0000] {dag.py:3239} INFO - Sync 4 DAGs
[2025-02-23T04:51:50.667+0000] {logging_mixin.py:190} INFO - [2025-02-23T04:51:50.667+0000] {dag.py:4180} INFO - Setting next_dagrun for dataset_alias_example_alias_consumer to None, run_after=None
[2025-02-23T04:51:50.669+0000] {logging_mixin.py:190} INFO - [2025-02-23T04:51:50.669+0000] {dag.py:4180} INFO - Setting next_dagrun for dataset_alias_example_alias_producer to None, run_after=None
[2025-02-23T04:51:50.670+0000] {logging_mixin.py:190} INFO - [2025-02-23T04:51:50.670+0000] {dag.py:4180} INFO - Setting next_dagrun for dataset_s3_bucket_consumer to None, run_after=None
[2025-02-23T04:51:50.671+0000] {logging_mixin.py:190} INFO - [2025-02-23T04:51:50.670+0000] {dag.py:4180} INFO - Setting next_dagrun for dataset_s3_bucket_producer to None, run_after=None
[2025-02-23T04:51:50.685+0000] {processor.py:208} INFO - Processing /home/airflow/.local/lib/python3.12/site-packages/airflow/example_dags/example_dataset_alias.py took 0.538 seconds
[2025-02-23T04:52:21.368+0000] {processor.py:186} INFO - Started process (PID=794) to work on /home/airflow/.local/lib/python3.12/site-packages/airflow/example_dags/example_dataset_alias.py
[2025-02-23T04:52:21.369+0000] {processor.py:914} INFO - Processing file /home/airflow/.local/lib/python3.12/site-packages/airflow/example_dags/example_dataset_alias.py for tasks to queue
[2025-02-23T04:52:21.370+0000] {logging_mixin.py:190} INFO - [2025-02-23T04:52:21.370+0000] {dagbag.py:588} INFO - Filling up the DagBag from /home/airflow/.local/lib/python3.12/site-packages/airflow/example_dags/example_dataset_alias.py
[2025-02-23T04:52:21.857+0000] {processor.py:925} INFO - DAG(s) 'dataset_s3_bucket_consumer', 'dataset_s3_bucket_producer', 'dataset_alias_example_alias_producer', 'dataset_alias_example_alias_consumer' retrieved from /home/airflow/.local/lib/python3.12/site-packages/airflow/example_dags/example_dataset_alias.py
[2025-02-23T04:52:21.872+0000] {logging_mixin.py:190} INFO - [2025-02-23T04:52:21.871+0000] {dag.py:3239} INFO - Sync 4 DAGs
[2025-02-23T04:52:21.889+0000] {logging_mixin.py:190} INFO - [2025-02-23T04:52:21.888+0000] {dag.py:4180} INFO - Setting next_dagrun for dataset_alias_example_alias_consumer to None, run_after=None
[2025-02-23T04:52:21.890+0000] {logging_mixin.py:190} INFO - [2025-02-23T04:52:21.890+0000] {dag.py:4180} INFO - Setting next_dagrun for dataset_alias_example_alias_producer to None, run_after=None
[2025-02-23T04:52:21.891+0000] {logging_mixin.py:190} INFO - [2025-02-23T04:52:21.891+0000] {dag.py:4180} INFO - Setting next_dagrun for dataset_s3_bucket_consumer to None, run_after=None
[2025-02-23T04:52:21.892+0000] {logging_mixin.py:190} INFO - [2025-02-23T04:52:21.892+0000] {dag.py:4180} INFO - Setting next_dagrun for dataset_s3_bucket_producer to None, run_after=None
[2025-02-23T04:52:21.907+0000] {processor.py:208} INFO - Processing /home/airflow/.local/lib/python3.12/site-packages/airflow/example_dags/example_dataset_alias.py took 0.543 seconds
[2025-02-23T04:52:52.518+0000] {processor.py:186} INFO - Started process (PID=857) to work on /home/airflow/.local/lib/python3.12/site-packages/airflow/example_dags/example_dataset_alias.py
[2025-02-23T04:52:52.519+0000] {processor.py:914} INFO - Processing file /home/airflow/.local/lib/python3.12/site-packages/airflow/example_dags/example_dataset_alias.py for tasks to queue
[2025-02-23T04:52:52.521+0000] {logging_mixin.py:190} INFO - [2025-02-23T04:52:52.520+0000] {dagbag.py:588} INFO - Filling up the DagBag from /home/airflow/.local/lib/python3.12/site-packages/airflow/example_dags/example_dataset_alias.py
[2025-02-23T04:52:53.037+0000] {processor.py:925} INFO - DAG(s) 'dataset_s3_bucket_consumer', 'dataset_s3_bucket_producer', 'dataset_alias_example_alias_consumer', 'dataset_alias_example_alias_producer' retrieved from /home/airflow/.local/lib/python3.12/site-packages/airflow/example_dags/example_dataset_alias.py
[2025-02-23T04:52:53.051+0000] {logging_mixin.py:190} INFO - [2025-02-23T04:52:53.051+0000] {dag.py:3239} INFO - Sync 4 DAGs
[2025-02-23T04:52:53.068+0000] {logging_mixin.py:190} INFO - [2025-02-23T04:52:53.068+0000] {dag.py:4180} INFO - Setting next_dagrun for dataset_alias_example_alias_consumer to None, run_after=None
[2025-02-23T04:52:53.070+0000] {logging_mixin.py:190} INFO - [2025-02-23T04:52:53.070+0000] {dag.py:4180} INFO - Setting next_dagrun for dataset_alias_example_alias_producer to None, run_after=None
[2025-02-23T04:52:53.071+0000] {logging_mixin.py:190} INFO - [2025-02-23T04:52:53.071+0000] {dag.py:4180} INFO - Setting next_dagrun for dataset_s3_bucket_consumer to None, run_after=None
[2025-02-23T04:52:53.072+0000] {logging_mixin.py:190} INFO - [2025-02-23T04:52:53.072+0000] {dag.py:4180} INFO - Setting next_dagrun for dataset_s3_bucket_producer to None, run_after=None
[2025-02-23T04:52:53.086+0000] {processor.py:208} INFO - Processing /home/airflow/.local/lib/python3.12/site-packages/airflow/example_dags/example_dataset_alias.py took 0.572 seconds
[2025-02-23T04:53:23.720+0000] {processor.py:186} INFO - Started process (PID=920) to work on /home/airflow/.local/lib/python3.12/site-packages/airflow/example_dags/example_dataset_alias.py
[2025-02-23T04:53:23.721+0000] {processor.py:914} INFO - Processing file /home/airflow/.local/lib/python3.12/site-packages/airflow/example_dags/example_dataset_alias.py for tasks to queue
[2025-02-23T04:53:23.723+0000] {logging_mixin.py:190} INFO - [2025-02-23T04:53:23.722+0000] {dagbag.py:588} INFO - Filling up the DagBag from /home/airflow/.local/lib/python3.12/site-packages/airflow/example_dags/example_dataset_alias.py
[2025-02-23T04:53:24.202+0000] {processor.py:925} INFO - DAG(s) 'dataset_alias_example_alias_consumer', 'dataset_alias_example_alias_producer', 'dataset_s3_bucket_producer', 'dataset_s3_bucket_consumer' retrieved from /home/airflow/.local/lib/python3.12/site-packages/airflow/example_dags/example_dataset_alias.py
[2025-02-23T04:53:24.217+0000] {logging_mixin.py:190} INFO - [2025-02-23T04:53:24.217+0000] {dag.py:3239} INFO - Sync 4 DAGs
[2025-02-23T04:53:24.234+0000] {logging_mixin.py:190} INFO - [2025-02-23T04:53:24.234+0000] {dag.py:4180} INFO - Setting next_dagrun for dataset_alias_example_alias_consumer to None, run_after=None
[2025-02-23T04:53:24.236+0000] {logging_mixin.py:190} INFO - [2025-02-23T04:53:24.235+0000] {dag.py:4180} INFO - Setting next_dagrun for dataset_alias_example_alias_producer to None, run_after=None
[2025-02-23T04:53:24.237+0000] {logging_mixin.py:190} INFO - [2025-02-23T04:53:24.236+0000] {dag.py:4180} INFO - Setting next_dagrun for dataset_s3_bucket_consumer to None, run_after=None
[2025-02-23T04:53:24.237+0000] {logging_mixin.py:190} INFO - [2025-02-23T04:53:24.237+0000] {dag.py:4180} INFO - Setting next_dagrun for dataset_s3_bucket_producer to None, run_after=None
[2025-02-23T04:53:24.252+0000] {processor.py:208} INFO - Processing /home/airflow/.local/lib/python3.12/site-packages/airflow/example_dags/example_dataset_alias.py took 0.536 seconds
[2025-02-23T04:53:54.381+0000] {processor.py:186} INFO - Started process (PID=983) to work on /home/airflow/.local/lib/python3.12/site-packages/airflow/example_dags/example_dataset_alias.py
[2025-02-23T04:53:54.382+0000] {processor.py:914} INFO - Processing file /home/airflow/.local/lib/python3.12/site-packages/airflow/example_dags/example_dataset_alias.py for tasks to queue
[2025-02-23T04:53:54.384+0000] {logging_mixin.py:190} INFO - [2025-02-23T04:53:54.383+0000] {dagbag.py:588} INFO - Filling up the DagBag from /home/airflow/.local/lib/python3.12/site-packages/airflow/example_dags/example_dataset_alias.py
[2025-02-23T04:53:54.874+0000] {processor.py:925} INFO - DAG(s) 'dataset_s3_bucket_producer', 'dataset_alias_example_alias_producer', 'dataset_alias_example_alias_consumer', 'dataset_s3_bucket_consumer' retrieved from /home/airflow/.local/lib/python3.12/site-packages/airflow/example_dags/example_dataset_alias.py
[2025-02-23T04:53:54.889+0000] {logging_mixin.py:190} INFO - [2025-02-23T04:53:54.889+0000] {dag.py:3239} INFO - Sync 4 DAGs
[2025-02-23T04:53:54.908+0000] {logging_mixin.py:190} INFO - [2025-02-23T04:53:54.907+0000] {dag.py:4180} INFO - Setting next_dagrun for dataset_alias_example_alias_consumer to None, run_after=None
[2025-02-23T04:53:54.909+0000] {logging_mixin.py:190} INFO - [2025-02-23T04:53:54.909+0000] {dag.py:4180} INFO - Setting next_dagrun for dataset_alias_example_alias_producer to None, run_after=None
[2025-02-23T04:53:54.910+0000] {logging_mixin.py:190} INFO - [2025-02-23T04:53:54.910+0000] {dag.py:4180} INFO - Setting next_dagrun for dataset_s3_bucket_consumer to None, run_after=None
[2025-02-23T04:53:54.911+0000] {logging_mixin.py:190} INFO - [2025-02-23T04:53:54.911+0000] {dag.py:4180} INFO - Setting next_dagrun for dataset_s3_bucket_producer to None, run_after=None
[2025-02-23T04:53:54.925+0000] {processor.py:208} INFO - Processing /home/airflow/.local/lib/python3.12/site-packages/airflow/example_dags/example_dataset_alias.py took 0.548 seconds
[2025-02-23T04:54:25.637+0000] {processor.py:186} INFO - Started process (PID=1046) to work on /home/airflow/.local/lib/python3.12/site-packages/airflow/example_dags/example_dataset_alias.py
[2025-02-23T04:54:25.637+0000] {processor.py:914} INFO - Processing file /home/airflow/.local/lib/python3.12/site-packages/airflow/example_dags/example_dataset_alias.py for tasks to queue
[2025-02-23T04:54:25.639+0000] {logging_mixin.py:190} INFO - [2025-02-23T04:54:25.639+0000] {dagbag.py:588} INFO - Filling up the DagBag from /home/airflow/.local/lib/python3.12/site-packages/airflow/example_dags/example_dataset_alias.py
[2025-02-23T04:54:26.166+0000] {processor.py:925} INFO - DAG(s) 'dataset_alias_example_alias_consumer', 'dataset_alias_example_alias_producer', 'dataset_s3_bucket_consumer', 'dataset_s3_bucket_producer' retrieved from /home/airflow/.local/lib/python3.12/site-packages/airflow/example_dags/example_dataset_alias.py
[2025-02-23T04:54:26.187+0000] {logging_mixin.py:190} INFO - [2025-02-23T04:54:26.187+0000] {dag.py:3239} INFO - Sync 4 DAGs
[2025-02-23T04:54:26.210+0000] {logging_mixin.py:190} INFO - [2025-02-23T04:54:26.210+0000] {dag.py:4180} INFO - Setting next_dagrun for dataset_alias_example_alias_consumer to None, run_after=None
[2025-02-23T04:54:26.212+0000] {logging_mixin.py:190} INFO - [2025-02-23T04:54:26.212+0000] {dag.py:4180} INFO - Setting next_dagrun for dataset_alias_example_alias_producer to None, run_after=None
[2025-02-23T04:54:26.213+0000] {logging_mixin.py:190} INFO - [2025-02-23T04:54:26.213+0000] {dag.py:4180} INFO - Setting next_dagrun for dataset_s3_bucket_consumer to None, run_after=None
[2025-02-23T04:54:26.214+0000] {logging_mixin.py:190} INFO - [2025-02-23T04:54:26.214+0000] {dag.py:4180} INFO - Setting next_dagrun for dataset_s3_bucket_producer to None, run_after=None
[2025-02-23T04:54:26.230+0000] {processor.py:208} INFO - Processing /home/airflow/.local/lib/python3.12/site-packages/airflow/example_dags/example_dataset_alias.py took 0.598 seconds
[2025-02-23T04:54:57.100+0000] {processor.py:186} INFO - Started process (PID=1109) to work on /home/airflow/.local/lib/python3.12/site-packages/airflow/example_dags/example_dataset_alias.py
[2025-02-23T04:54:57.101+0000] {processor.py:914} INFO - Processing file /home/airflow/.local/lib/python3.12/site-packages/airflow/example_dags/example_dataset_alias.py for tasks to queue
[2025-02-23T04:54:57.103+0000] {logging_mixin.py:190} INFO - [2025-02-23T04:54:57.102+0000] {dagbag.py:588} INFO - Filling up the DagBag from /home/airflow/.local/lib/python3.12/site-packages/airflow/example_dags/example_dataset_alias.py
[2025-02-23T04:54:57.605+0000] {processor.py:925} INFO - DAG(s) 'dataset_s3_bucket_consumer', 'dataset_alias_example_alias_consumer', 'dataset_alias_example_alias_producer', 'dataset_s3_bucket_producer' retrieved from /home/airflow/.local/lib/python3.12/site-packages/airflow/example_dags/example_dataset_alias.py
[2025-02-23T04:54:57.621+0000] {logging_mixin.py:190} INFO - [2025-02-23T04:54:57.620+0000] {dag.py:3239} INFO - Sync 4 DAGs
[2025-02-23T04:54:57.637+0000] {logging_mixin.py:190} INFO - [2025-02-23T04:54:57.637+0000] {dag.py:4180} INFO - Setting next_dagrun for dataset_alias_example_alias_consumer to None, run_after=None
[2025-02-23T04:54:57.639+0000] {logging_mixin.py:190} INFO - [2025-02-23T04:54:57.639+0000] {dag.py:4180} INFO - Setting next_dagrun for dataset_alias_example_alias_producer to None, run_after=None
[2025-02-23T04:54:57.640+0000] {logging_mixin.py:190} INFO - [2025-02-23T04:54:57.640+0000] {dag.py:4180} INFO - Setting next_dagrun for dataset_s3_bucket_consumer to None, run_after=None
[2025-02-23T04:54:57.641+0000] {logging_mixin.py:190} INFO - [2025-02-23T04:54:57.641+0000] {dag.py:4180} INFO - Setting next_dagrun for dataset_s3_bucket_producer to None, run_after=None
[2025-02-23T04:54:57.657+0000] {processor.py:208} INFO - Processing /home/airflow/.local/lib/python3.12/site-packages/airflow/example_dags/example_dataset_alias.py took 0.560 seconds
[2025-02-23T04:55:28.340+0000] {processor.py:186} INFO - Started process (PID=1172) to work on /home/airflow/.local/lib/python3.12/site-packages/airflow/example_dags/example_dataset_alias.py
[2025-02-23T04:55:28.340+0000] {processor.py:914} INFO - Processing file /home/airflow/.local/lib/python3.12/site-packages/airflow/example_dags/example_dataset_alias.py for tasks to queue
[2025-02-23T04:55:28.342+0000] {logging_mixin.py:190} INFO - [2025-02-23T04:55:28.342+0000] {dagbag.py:588} INFO - Filling up the DagBag from /home/airflow/.local/lib/python3.12/site-packages/airflow/example_dags/example_dataset_alias.py
[2025-02-23T04:55:28.878+0000] {processor.py:925} INFO - DAG(s) 'dataset_alias_example_alias_producer', 'dataset_s3_bucket_producer', 'dataset_alias_example_alias_consumer', 'dataset_s3_bucket_consumer' retrieved from /home/airflow/.local/lib/python3.12/site-packages/airflow/example_dags/example_dataset_alias.py
[2025-02-23T04:55:28.899+0000] {logging_mixin.py:190} INFO - [2025-02-23T04:55:28.899+0000] {dag.py:3239} INFO - Sync 4 DAGs
[2025-02-23T04:55:28.923+0000] {logging_mixin.py:190} INFO - [2025-02-23T04:55:28.922+0000] {dag.py:4180} INFO - Setting next_dagrun for dataset_alias_example_alias_consumer to None, run_after=None
[2025-02-23T04:55:28.925+0000] {logging_mixin.py:190} INFO - [2025-02-23T04:55:28.925+0000] {dag.py:4180} INFO - Setting next_dagrun for dataset_alias_example_alias_producer to None, run_after=None
[2025-02-23T04:55:28.926+0000] {logging_mixin.py:190} INFO - [2025-02-23T04:55:28.926+0000] {dag.py:4180} INFO - Setting next_dagrun for dataset_s3_bucket_consumer to None, run_after=None
[2025-02-23T04:55:28.928+0000] {logging_mixin.py:190} INFO - [2025-02-23T04:55:28.927+0000] {dag.py:4180} INFO - Setting next_dagrun for dataset_s3_bucket_producer to None, run_after=None
[2025-02-23T04:55:28.947+0000] {processor.py:208} INFO - Processing /home/airflow/.local/lib/python3.12/site-packages/airflow/example_dags/example_dataset_alias.py took 0.611 seconds
[2025-02-23T04:55:59.802+0000] {processor.py:186} INFO - Started process (PID=1235) to work on /home/airflow/.local/lib/python3.12/site-packages/airflow/example_dags/example_dataset_alias.py
[2025-02-23T04:55:59.802+0000] {processor.py:914} INFO - Processing file /home/airflow/.local/lib/python3.12/site-packages/airflow/example_dags/example_dataset_alias.py for tasks to queue
[2025-02-23T04:55:59.804+0000] {logging_mixin.py:190} INFO - [2025-02-23T04:55:59.804+0000] {dagbag.py:588} INFO - Filling up the DagBag from /home/airflow/.local/lib/python3.12/site-packages/airflow/example_dags/example_dataset_alias.py
[2025-02-23T04:56:00.311+0000] {processor.py:925} INFO - DAG(s) 'dataset_alias_example_alias_producer', 'dataset_alias_example_alias_consumer', 'dataset_s3_bucket_producer', 'dataset_s3_bucket_consumer' retrieved from /home/airflow/.local/lib/python3.12/site-packages/airflow/example_dags/example_dataset_alias.py
[2025-02-23T04:56:00.329+0000] {logging_mixin.py:190} INFO - [2025-02-23T04:56:00.329+0000] {dag.py:3239} INFO - Sync 4 DAGs
[2025-02-23T04:56:00.346+0000] {logging_mixin.py:190} INFO - [2025-02-23T04:56:00.346+0000] {dag.py:4180} INFO - Setting next_dagrun for dataset_alias_example_alias_consumer to None, run_after=None
[2025-02-23T04:56:00.348+0000] {logging_mixin.py:190} INFO - [2025-02-23T04:56:00.348+0000] {dag.py:4180} INFO - Setting next_dagrun for dataset_alias_example_alias_producer to None, run_after=None
[2025-02-23T04:56:00.349+0000] {logging_mixin.py:190} INFO - [2025-02-23T04:56:00.349+0000] {dag.py:4180} INFO - Setting next_dagrun for dataset_s3_bucket_consumer to None, run_after=None
[2025-02-23T04:56:00.350+0000] {logging_mixin.py:190} INFO - [2025-02-23T04:56:00.350+0000] {dag.py:4180} INFO - Setting next_dagrun for dataset_s3_bucket_producer to None, run_after=None
[2025-02-23T04:56:00.365+0000] {processor.py:208} INFO - Processing /home/airflow/.local/lib/python3.12/site-packages/airflow/example_dags/example_dataset_alias.py took 0.567 seconds
[2025-02-23T04:56:30.903+0000] {processor.py:186} INFO - Started process (PID=1299) to work on /home/airflow/.local/lib/python3.12/site-packages/airflow/example_dags/example_dataset_alias.py
[2025-02-23T04:56:30.903+0000] {processor.py:914} INFO - Processing file /home/airflow/.local/lib/python3.12/site-packages/airflow/example_dags/example_dataset_alias.py for tasks to queue
[2025-02-23T04:56:30.905+0000] {logging_mixin.py:190} INFO - [2025-02-23T04:56:30.904+0000] {dagbag.py:588} INFO - Filling up the DagBag from /home/airflow/.local/lib/python3.12/site-packages/airflow/example_dags/example_dataset_alias.py
[2025-02-23T04:56:31.418+0000] {processor.py:925} INFO - DAG(s) 'dataset_s3_bucket_producer', 'dataset_s3_bucket_consumer', 'dataset_alias_example_alias_producer', 'dataset_alias_example_alias_consumer' retrieved from /home/airflow/.local/lib/python3.12/site-packages/airflow/example_dags/example_dataset_alias.py
[2025-02-23T04:56:31.434+0000] {logging_mixin.py:190} INFO - [2025-02-23T04:56:31.433+0000] {dag.py:3239} INFO - Sync 4 DAGs
[2025-02-23T04:56:31.452+0000] {logging_mixin.py:190} INFO - [2025-02-23T04:56:31.452+0000] {dag.py:4180} INFO - Setting next_dagrun for dataset_alias_example_alias_consumer to None, run_after=None
[2025-02-23T04:56:31.454+0000] {logging_mixin.py:190} INFO - [2025-02-23T04:56:31.454+0000] {dag.py:4180} INFO - Setting next_dagrun for dataset_alias_example_alias_producer to None, run_after=None
[2025-02-23T04:56:31.455+0000] {logging_mixin.py:190} INFO - [2025-02-23T04:56:31.455+0000] {dag.py:4180} INFO - Setting next_dagrun for dataset_s3_bucket_consumer to None, run_after=None
[2025-02-23T04:56:31.456+0000] {logging_mixin.py:190} INFO - [2025-02-23T04:56:31.456+0000] {dag.py:4180} INFO - Setting next_dagrun for dataset_s3_bucket_producer to None, run_after=None
[2025-02-23T04:56:31.471+0000] {processor.py:208} INFO - Processing /home/airflow/.local/lib/python3.12/site-packages/airflow/example_dags/example_dataset_alias.py took 0.573 seconds
[2025-02-23T04:57:01.958+0000] {processor.py:186} INFO - Started process (PID=1365) to work on /home/airflow/.local/lib/python3.12/site-packages/airflow/example_dags/example_dataset_alias.py
[2025-02-23T04:57:01.958+0000] {processor.py:914} INFO - Processing file /home/airflow/.local/lib/python3.12/site-packages/airflow/example_dags/example_dataset_alias.py for tasks to queue
[2025-02-23T04:57:01.960+0000] {logging_mixin.py:190} INFO - [2025-02-23T04:57:01.960+0000] {dagbag.py:588} INFO - Filling up the DagBag from /home/airflow/.local/lib/python3.12/site-packages/airflow/example_dags/example_dataset_alias.py
[2025-02-23T04:57:02.518+0000] {processor.py:925} INFO - DAG(s) 'dataset_alias_example_alias_producer', 'dataset_alias_example_alias_consumer', 'dataset_s3_bucket_producer', 'dataset_s3_bucket_consumer' retrieved from /home/airflow/.local/lib/python3.12/site-packages/airflow/example_dags/example_dataset_alias.py
[2025-02-23T04:57:02.535+0000] {logging_mixin.py:190} INFO - [2025-02-23T04:57:02.534+0000] {dag.py:3239} INFO - Sync 4 DAGs
[2025-02-23T04:57:02.556+0000] {logging_mixin.py:190} INFO - [2025-02-23T04:57:02.556+0000] {dag.py:4180} INFO - Setting next_dagrun for dataset_alias_example_alias_consumer to None, run_after=None
[2025-02-23T04:57:02.559+0000] {logging_mixin.py:190} INFO - [2025-02-23T04:57:02.559+0000] {dag.py:4180} INFO - Setting next_dagrun for dataset_alias_example_alias_producer to None, run_after=None
[2025-02-23T04:57:02.561+0000] {logging_mixin.py:190} INFO - [2025-02-23T04:57:02.560+0000] {dag.py:4180} INFO - Setting next_dagrun for dataset_s3_bucket_consumer to None, run_after=None
[2025-02-23T04:57:02.562+0000] {logging_mixin.py:190} INFO - [2025-02-23T04:57:02.562+0000] {dag.py:4180} INFO - Setting next_dagrun for dataset_s3_bucket_producer to None, run_after=None
[2025-02-23T04:57:02.582+0000] {processor.py:208} INFO - Processing /home/airflow/.local/lib/python3.12/site-packages/airflow/example_dags/example_dataset_alias.py took 0.629 seconds
