[2025-02-23T04:46:40.538+0000] {processor.py:186} INFO - Started process (PID=93) to work on /home/airflow/.local/lib/python3.12/site-packages/airflow/example_dags/example_sensor_decorator.py
[2025-02-23T04:46:40.539+0000] {processor.py:914} INFO - Processing file /home/airflow/.local/lib/python3.12/site-packages/airflow/example_dags/example_sensor_decorator.py for tasks to queue
[2025-02-23T04:46:40.541+0000] {logging_mixin.py:190} INFO - [2025-02-23T04:46:40.541+0000] {dagbag.py:588} INFO - Filling up the DagBag from /home/airflow/.local/lib/python3.12/site-packages/airflow/example_dags/example_sensor_decorator.py
[2025-02-23T04:46:40.551+0000] {processor.py:925} INFO - DAG(s) 'example_sensor_decorator' retrieved from /home/airflow/.local/lib/python3.12/site-packages/airflow/example_dags/example_sensor_decorator.py
[2025-02-23T04:46:40.652+0000] {logging_mixin.py:190} INFO - [2025-02-23T04:46:40.652+0000] {override.py:1911} INFO - Created Permission View: can read on DAG:example_sensor_decorator
[2025-02-23T04:46:40.659+0000] {logging_mixin.py:190} INFO - [2025-02-23T04:46:40.658+0000] {override.py:1911} INFO - Created Permission View: can delete on DAG:example_sensor_decorator
[2025-02-23T04:46:40.663+0000] {logging_mixin.py:190} INFO - [2025-02-23T04:46:40.663+0000] {override.py:1911} INFO - Created Permission View: can edit on DAG:example_sensor_decorator
[2025-02-23T04:46:40.667+0000] {logging_mixin.py:190} INFO - [2025-02-23T04:46:40.667+0000] {override.py:1911} INFO - Created Permission View: can read on DAG Run:example_sensor_decorator
[2025-02-23T04:46:40.671+0000] {logging_mixin.py:190} INFO - [2025-02-23T04:46:40.671+0000] {override.py:1911} INFO - Created Permission View: can create on DAG Run:example_sensor_decorator
[2025-02-23T04:46:40.675+0000] {logging_mixin.py:190} INFO - [2025-02-23T04:46:40.675+0000] {override.py:1911} INFO - Created Permission View: can delete on DAG Run:example_sensor_decorator
[2025-02-23T04:46:40.679+0000] {logging_mixin.py:190} INFO - [2025-02-23T04:46:40.679+0000] {override.py:1911} INFO - Created Permission View: menu access on DAG Run:example_sensor_decorator
[2025-02-23T04:46:40.680+0000] {logging_mixin.py:190} INFO - [2025-02-23T04:46:40.680+0000] {dag.py:3239} INFO - Sync 1 DAGs
[2025-02-23T04:46:40.689+0000] {logging_mixin.py:190} INFO - [2025-02-23T04:46:40.689+0000] {dag.py:3262} INFO - Creating ORM DAG for example_sensor_decorator
[2025-02-23T04:46:40.689+0000] {logging_mixin.py:190} INFO - [2025-02-23T04:46:40.689+0000] {dag.py:4180} INFO - Setting next_dagrun for example_sensor_decorator to None, run_after=None
[2025-02-23T04:46:40.700+0000] {processor.py:208} INFO - Processing /home/airflow/.local/lib/python3.12/site-packages/airflow/example_dags/example_sensor_decorator.py took 0.167 seconds
[2025-02-23T04:47:10.867+0000] {processor.py:186} INFO - Started process (PID=156) to work on /home/airflow/.local/lib/python3.12/site-packages/airflow/example_dags/example_sensor_decorator.py
[2025-02-23T04:47:10.868+0000] {processor.py:914} INFO - Processing file /home/airflow/.local/lib/python3.12/site-packages/airflow/example_dags/example_sensor_decorator.py for tasks to queue
[2025-02-23T04:47:10.870+0000] {logging_mixin.py:190} INFO - [2025-02-23T04:47:10.869+0000] {dagbag.py:588} INFO - Filling up the DagBag from /home/airflow/.local/lib/python3.12/site-packages/airflow/example_dags/example_sensor_decorator.py
[2025-02-23T04:47:10.877+0000] {processor.py:925} INFO - DAG(s) 'example_sensor_decorator' retrieved from /home/airflow/.local/lib/python3.12/site-packages/airflow/example_dags/example_sensor_decorator.py
[2025-02-23T04:47:10.893+0000] {logging_mixin.py:190} INFO - [2025-02-23T04:47:10.893+0000] {dag.py:3239} INFO - Sync 1 DAGs
[2025-02-23T04:47:10.904+0000] {logging_mixin.py:190} INFO - [2025-02-23T04:47:10.904+0000] {dag.py:4180} INFO - Setting next_dagrun for example_sensor_decorator to None, run_after=None
[2025-02-23T04:47:10.917+0000] {processor.py:208} INFO - Processing /home/airflow/.local/lib/python3.12/site-packages/airflow/example_dags/example_sensor_decorator.py took 0.054 seconds
[2025-02-23T04:47:41.243+0000] {processor.py:186} INFO - Started process (PID=219) to work on /home/airflow/.local/lib/python3.12/site-packages/airflow/example_dags/example_sensor_decorator.py
[2025-02-23T04:47:41.244+0000] {processor.py:914} INFO - Processing file /home/airflow/.local/lib/python3.12/site-packages/airflow/example_dags/example_sensor_decorator.py for tasks to queue
[2025-02-23T04:47:41.246+0000] {logging_mixin.py:190} INFO - [2025-02-23T04:47:41.246+0000] {dagbag.py:588} INFO - Filling up the DagBag from /home/airflow/.local/lib/python3.12/site-packages/airflow/example_dags/example_sensor_decorator.py
[2025-02-23T04:47:41.252+0000] {processor.py:925} INFO - DAG(s) 'example_sensor_decorator' retrieved from /home/airflow/.local/lib/python3.12/site-packages/airflow/example_dags/example_sensor_decorator.py
[2025-02-23T04:47:41.266+0000] {logging_mixin.py:190} INFO - [2025-02-23T04:47:41.266+0000] {dag.py:3239} INFO - Sync 1 DAGs
[2025-02-23T04:47:41.277+0000] {logging_mixin.py:190} INFO - [2025-02-23T04:47:41.276+0000] {dag.py:4180} INFO - Setting next_dagrun for example_sensor_decorator to None, run_after=None
[2025-02-23T04:47:41.292+0000] {processor.py:208} INFO - Processing /home/airflow/.local/lib/python3.12/site-packages/airflow/example_dags/example_sensor_decorator.py took 0.055 seconds
[2025-02-23T04:48:11.623+0000] {processor.py:186} INFO - Started process (PID=282) to work on /home/airflow/.local/lib/python3.12/site-packages/airflow/example_dags/example_sensor_decorator.py
[2025-02-23T04:48:11.623+0000] {processor.py:914} INFO - Processing file /home/airflow/.local/lib/python3.12/site-packages/airflow/example_dags/example_sensor_decorator.py for tasks to queue
[2025-02-23T04:48:11.625+0000] {logging_mixin.py:190} INFO - [2025-02-23T04:48:11.625+0000] {dagbag.py:588} INFO - Filling up the DagBag from /home/airflow/.local/lib/python3.12/site-packages/airflow/example_dags/example_sensor_decorator.py
[2025-02-23T04:48:11.631+0000] {processor.py:925} INFO - DAG(s) 'example_sensor_decorator' retrieved from /home/airflow/.local/lib/python3.12/site-packages/airflow/example_dags/example_sensor_decorator.py
[2025-02-23T04:48:11.646+0000] {logging_mixin.py:190} INFO - [2025-02-23T04:48:11.645+0000] {dag.py:3239} INFO - Sync 1 DAGs
[2025-02-23T04:48:11.658+0000] {logging_mixin.py:190} INFO - [2025-02-23T04:48:11.658+0000] {dag.py:4180} INFO - Setting next_dagrun for example_sensor_decorator to None, run_after=None
[2025-02-23T04:48:11.671+0000] {processor.py:208} INFO - Processing /home/airflow/.local/lib/python3.12/site-packages/airflow/example_dags/example_sensor_decorator.py took 0.052 seconds
[2025-02-23T04:48:42.034+0000] {processor.py:186} INFO - Started process (PID=345) to work on /home/airflow/.local/lib/python3.12/site-packages/airflow/example_dags/example_sensor_decorator.py
[2025-02-23T04:48:42.035+0000] {processor.py:914} INFO - Processing file /home/airflow/.local/lib/python3.12/site-packages/airflow/example_dags/example_sensor_decorator.py for tasks to queue
[2025-02-23T04:48:42.036+0000] {logging_mixin.py:190} INFO - [2025-02-23T04:48:42.036+0000] {dagbag.py:588} INFO - Filling up the DagBag from /home/airflow/.local/lib/python3.12/site-packages/airflow/example_dags/example_sensor_decorator.py
[2025-02-23T04:48:42.044+0000] {processor.py:925} INFO - DAG(s) 'example_sensor_decorator' retrieved from /home/airflow/.local/lib/python3.12/site-packages/airflow/example_dags/example_sensor_decorator.py
[2025-02-23T04:48:42.064+0000] {logging_mixin.py:190} INFO - [2025-02-23T04:48:42.063+0000] {dag.py:3239} INFO - Sync 1 DAGs
[2025-02-23T04:48:42.079+0000] {logging_mixin.py:190} INFO - [2025-02-23T04:48:42.078+0000] {dag.py:4180} INFO - Setting next_dagrun for example_sensor_decorator to None, run_after=None
[2025-02-23T04:48:42.095+0000] {processor.py:208} INFO - Processing /home/airflow/.local/lib/python3.12/site-packages/airflow/example_dags/example_sensor_decorator.py took 0.065 seconds
[2025-02-23T04:49:13.032+0000] {processor.py:186} INFO - Started process (PID=408) to work on /home/airflow/.local/lib/python3.12/site-packages/airflow/example_dags/example_sensor_decorator.py
[2025-02-23T04:49:13.033+0000] {processor.py:914} INFO - Processing file /home/airflow/.local/lib/python3.12/site-packages/airflow/example_dags/example_sensor_decorator.py for tasks to queue
[2025-02-23T04:49:13.034+0000] {logging_mixin.py:190} INFO - [2025-02-23T04:49:13.034+0000] {dagbag.py:588} INFO - Filling up the DagBag from /home/airflow/.local/lib/python3.12/site-packages/airflow/example_dags/example_sensor_decorator.py
[2025-02-23T04:49:13.040+0000] {processor.py:925} INFO - DAG(s) 'example_sensor_decorator' retrieved from /home/airflow/.local/lib/python3.12/site-packages/airflow/example_dags/example_sensor_decorator.py
[2025-02-23T04:49:13.054+0000] {logging_mixin.py:190} INFO - [2025-02-23T04:49:13.054+0000] {dag.py:3239} INFO - Sync 1 DAGs
[2025-02-23T04:49:13.065+0000] {logging_mixin.py:190} INFO - [2025-02-23T04:49:13.065+0000] {dag.py:4180} INFO - Setting next_dagrun for example_sensor_decorator to None, run_after=None
[2025-02-23T04:49:13.077+0000] {processor.py:208} INFO - Processing /home/airflow/.local/lib/python3.12/site-packages/airflow/example_dags/example_sensor_decorator.py took 0.050 seconds
[2025-02-23T04:49:43.198+0000] {processor.py:186} INFO - Started process (PID=471) to work on /home/airflow/.local/lib/python3.12/site-packages/airflow/example_dags/example_sensor_decorator.py
[2025-02-23T04:49:43.199+0000] {processor.py:914} INFO - Processing file /home/airflow/.local/lib/python3.12/site-packages/airflow/example_dags/example_sensor_decorator.py for tasks to queue
[2025-02-23T04:49:43.201+0000] {logging_mixin.py:190} INFO - [2025-02-23T04:49:43.201+0000] {dagbag.py:588} INFO - Filling up the DagBag from /home/airflow/.local/lib/python3.12/site-packages/airflow/example_dags/example_sensor_decorator.py
[2025-02-23T04:49:43.207+0000] {processor.py:925} INFO - DAG(s) 'example_sensor_decorator' retrieved from /home/airflow/.local/lib/python3.12/site-packages/airflow/example_dags/example_sensor_decorator.py
[2025-02-23T04:49:43.222+0000] {logging_mixin.py:190} INFO - [2025-02-23T04:49:43.221+0000] {dag.py:3239} INFO - Sync 1 DAGs
[2025-02-23T04:49:43.233+0000] {logging_mixin.py:190} INFO - [2025-02-23T04:49:43.233+0000] {dag.py:4180} INFO - Setting next_dagrun for example_sensor_decorator to None, run_after=None
[2025-02-23T04:49:43.249+0000] {processor.py:208} INFO - Processing /home/airflow/.local/lib/python3.12/site-packages/airflow/example_dags/example_sensor_decorator.py took 0.057 seconds
[2025-02-23T04:50:13.329+0000] {processor.py:186} INFO - Started process (PID=534) to work on /home/airflow/.local/lib/python3.12/site-packages/airflow/example_dags/example_sensor_decorator.py
[2025-02-23T04:50:13.330+0000] {processor.py:914} INFO - Processing file /home/airflow/.local/lib/python3.12/site-packages/airflow/example_dags/example_sensor_decorator.py for tasks to queue
[2025-02-23T04:50:13.331+0000] {logging_mixin.py:190} INFO - [2025-02-23T04:50:13.331+0000] {dagbag.py:588} INFO - Filling up the DagBag from /home/airflow/.local/lib/python3.12/site-packages/airflow/example_dags/example_sensor_decorator.py
[2025-02-23T04:50:13.337+0000] {processor.py:925} INFO - DAG(s) 'example_sensor_decorator' retrieved from /home/airflow/.local/lib/python3.12/site-packages/airflow/example_dags/example_sensor_decorator.py
[2025-02-23T04:50:13.351+0000] {logging_mixin.py:190} INFO - [2025-02-23T04:50:13.351+0000] {dag.py:3239} INFO - Sync 1 DAGs
[2025-02-23T04:50:13.361+0000] {logging_mixin.py:190} INFO - [2025-02-23T04:50:13.361+0000] {dag.py:4180} INFO - Setting next_dagrun for example_sensor_decorator to None, run_after=None
[2025-02-23T04:50:13.373+0000] {processor.py:208} INFO - Processing /home/airflow/.local/lib/python3.12/site-packages/airflow/example_dags/example_sensor_decorator.py took 0.048 seconds
[2025-02-23T04:50:43.505+0000] {processor.py:186} INFO - Started process (PID=597) to work on /home/airflow/.local/lib/python3.12/site-packages/airflow/example_dags/example_sensor_decorator.py
[2025-02-23T04:50:43.506+0000] {processor.py:914} INFO - Processing file /home/airflow/.local/lib/python3.12/site-packages/airflow/example_dags/example_sensor_decorator.py for tasks to queue
[2025-02-23T04:50:43.507+0000] {logging_mixin.py:190} INFO - [2025-02-23T04:50:43.507+0000] {dagbag.py:588} INFO - Filling up the DagBag from /home/airflow/.local/lib/python3.12/site-packages/airflow/example_dags/example_sensor_decorator.py
[2025-02-23T04:50:43.513+0000] {processor.py:925} INFO - DAG(s) 'example_sensor_decorator' retrieved from /home/airflow/.local/lib/python3.12/site-packages/airflow/example_dags/example_sensor_decorator.py
[2025-02-23T04:50:43.527+0000] {logging_mixin.py:190} INFO - [2025-02-23T04:50:43.527+0000] {dag.py:3239} INFO - Sync 1 DAGs
[2025-02-23T04:50:43.537+0000] {logging_mixin.py:190} INFO - [2025-02-23T04:50:43.537+0000] {dag.py:4180} INFO - Setting next_dagrun for example_sensor_decorator to None, run_after=None
[2025-02-23T04:50:43.549+0000] {processor.py:208} INFO - Processing /home/airflow/.local/lib/python3.12/site-packages/airflow/example_dags/example_sensor_decorator.py took 0.049 seconds
[2025-02-23T04:51:13.645+0000] {processor.py:186} INFO - Started process (PID=660) to work on /home/airflow/.local/lib/python3.12/site-packages/airflow/example_dags/example_sensor_decorator.py
[2025-02-23T04:51:13.646+0000] {processor.py:914} INFO - Processing file /home/airflow/.local/lib/python3.12/site-packages/airflow/example_dags/example_sensor_decorator.py for tasks to queue
[2025-02-23T04:51:13.647+0000] {logging_mixin.py:190} INFO - [2025-02-23T04:51:13.647+0000] {dagbag.py:588} INFO - Filling up the DagBag from /home/airflow/.local/lib/python3.12/site-packages/airflow/example_dags/example_sensor_decorator.py
[2025-02-23T04:51:13.653+0000] {processor.py:925} INFO - DAG(s) 'example_sensor_decorator' retrieved from /home/airflow/.local/lib/python3.12/site-packages/airflow/example_dags/example_sensor_decorator.py
[2025-02-23T04:51:13.667+0000] {logging_mixin.py:190} INFO - [2025-02-23T04:51:13.667+0000] {dag.py:3239} INFO - Sync 1 DAGs
[2025-02-23T04:51:13.677+0000] {logging_mixin.py:190} INFO - [2025-02-23T04:51:13.677+0000] {dag.py:4180} INFO - Setting next_dagrun for example_sensor_decorator to None, run_after=None
[2025-02-23T04:51:13.691+0000] {processor.py:208} INFO - Processing /home/airflow/.local/lib/python3.12/site-packages/airflow/example_dags/example_sensor_decorator.py took 0.051 seconds
[2025-02-23T04:51:43.774+0000] {processor.py:186} INFO - Started process (PID=723) to work on /home/airflow/.local/lib/python3.12/site-packages/airflow/example_dags/example_sensor_decorator.py
[2025-02-23T04:51:43.774+0000] {processor.py:914} INFO - Processing file /home/airflow/.local/lib/python3.12/site-packages/airflow/example_dags/example_sensor_decorator.py for tasks to queue
[2025-02-23T04:51:43.776+0000] {logging_mixin.py:190} INFO - [2025-02-23T04:51:43.776+0000] {dagbag.py:588} INFO - Filling up the DagBag from /home/airflow/.local/lib/python3.12/site-packages/airflow/example_dags/example_sensor_decorator.py
[2025-02-23T04:51:43.783+0000] {processor.py:925} INFO - DAG(s) 'example_sensor_decorator' retrieved from /home/airflow/.local/lib/python3.12/site-packages/airflow/example_dags/example_sensor_decorator.py
[2025-02-23T04:51:43.799+0000] {logging_mixin.py:190} INFO - [2025-02-23T04:51:43.799+0000] {dag.py:3239} INFO - Sync 1 DAGs
[2025-02-23T04:51:43.811+0000] {logging_mixin.py:190} INFO - [2025-02-23T04:51:43.811+0000] {dag.py:4180} INFO - Setting next_dagrun for example_sensor_decorator to None, run_after=None
[2025-02-23T04:51:43.825+0000] {processor.py:208} INFO - Processing /home/airflow/.local/lib/python3.12/site-packages/airflow/example_dags/example_sensor_decorator.py took 0.056 seconds
[2025-02-23T04:52:13.950+0000] {processor.py:186} INFO - Started process (PID=786) to work on /home/airflow/.local/lib/python3.12/site-packages/airflow/example_dags/example_sensor_decorator.py
[2025-02-23T04:52:13.951+0000] {processor.py:914} INFO - Processing file /home/airflow/.local/lib/python3.12/site-packages/airflow/example_dags/example_sensor_decorator.py for tasks to queue
[2025-02-23T04:52:13.952+0000] {logging_mixin.py:190} INFO - [2025-02-23T04:52:13.952+0000] {dagbag.py:588} INFO - Filling up the DagBag from /home/airflow/.local/lib/python3.12/site-packages/airflow/example_dags/example_sensor_decorator.py
[2025-02-23T04:52:13.959+0000] {processor.py:925} INFO - DAG(s) 'example_sensor_decorator' retrieved from /home/airflow/.local/lib/python3.12/site-packages/airflow/example_dags/example_sensor_decorator.py
[2025-02-23T04:52:13.972+0000] {logging_mixin.py:190} INFO - [2025-02-23T04:52:13.972+0000] {dag.py:3239} INFO - Sync 1 DAGs
[2025-02-23T04:52:13.983+0000] {logging_mixin.py:190} INFO - [2025-02-23T04:52:13.983+0000] {dag.py:4180} INFO - Setting next_dagrun for example_sensor_decorator to None, run_after=None
[2025-02-23T04:52:13.996+0000] {processor.py:208} INFO - Processing /home/airflow/.local/lib/python3.12/site-packages/airflow/example_dags/example_sensor_decorator.py took 0.051 seconds
[2025-02-23T04:52:44.069+0000] {processor.py:186} INFO - Started process (PID=849) to work on /home/airflow/.local/lib/python3.12/site-packages/airflow/example_dags/example_sensor_decorator.py
[2025-02-23T04:52:44.070+0000] {processor.py:914} INFO - Processing file /home/airflow/.local/lib/python3.12/site-packages/airflow/example_dags/example_sensor_decorator.py for tasks to queue
[2025-02-23T04:52:44.071+0000] {logging_mixin.py:190} INFO - [2025-02-23T04:52:44.071+0000] {dagbag.py:588} INFO - Filling up the DagBag from /home/airflow/.local/lib/python3.12/site-packages/airflow/example_dags/example_sensor_decorator.py
[2025-02-23T04:52:44.078+0000] {processor.py:925} INFO - DAG(s) 'example_sensor_decorator' retrieved from /home/airflow/.local/lib/python3.12/site-packages/airflow/example_dags/example_sensor_decorator.py
[2025-02-23T04:52:44.091+0000] {logging_mixin.py:190} INFO - [2025-02-23T04:52:44.091+0000] {dag.py:3239} INFO - Sync 1 DAGs
[2025-02-23T04:52:44.101+0000] {logging_mixin.py:190} INFO - [2025-02-23T04:52:44.101+0000] {dag.py:4180} INFO - Setting next_dagrun for example_sensor_decorator to None, run_after=None
[2025-02-23T04:52:44.113+0000] {processor.py:208} INFO - Processing /home/airflow/.local/lib/python3.12/site-packages/airflow/example_dags/example_sensor_decorator.py took 0.048 seconds
[2025-02-23T04:53:14.365+0000] {processor.py:186} INFO - Started process (PID=912) to work on /home/airflow/.local/lib/python3.12/site-packages/airflow/example_dags/example_sensor_decorator.py
[2025-02-23T04:53:14.366+0000] {processor.py:914} INFO - Processing file /home/airflow/.local/lib/python3.12/site-packages/airflow/example_dags/example_sensor_decorator.py for tasks to queue
[2025-02-23T04:53:14.368+0000] {logging_mixin.py:190} INFO - [2025-02-23T04:53:14.367+0000] {dagbag.py:588} INFO - Filling up the DagBag from /home/airflow/.local/lib/python3.12/site-packages/airflow/example_dags/example_sensor_decorator.py
[2025-02-23T04:53:14.376+0000] {processor.py:925} INFO - DAG(s) 'example_sensor_decorator' retrieved from /home/airflow/.local/lib/python3.12/site-packages/airflow/example_dags/example_sensor_decorator.py
[2025-02-23T04:53:14.393+0000] {logging_mixin.py:190} INFO - [2025-02-23T04:53:14.393+0000] {dag.py:3239} INFO - Sync 1 DAGs
[2025-02-23T04:53:14.406+0000] {logging_mixin.py:190} INFO - [2025-02-23T04:53:14.406+0000] {dag.py:4180} INFO - Setting next_dagrun for example_sensor_decorator to None, run_after=None
[2025-02-23T04:53:14.418+0000] {processor.py:208} INFO - Processing /home/airflow/.local/lib/python3.12/site-packages/airflow/example_dags/example_sensor_decorator.py took 0.059 seconds
[2025-02-23T04:53:44.932+0000] {processor.py:186} INFO - Started process (PID=975) to work on /home/airflow/.local/lib/python3.12/site-packages/airflow/example_dags/example_sensor_decorator.py
[2025-02-23T04:53:44.933+0000] {processor.py:914} INFO - Processing file /home/airflow/.local/lib/python3.12/site-packages/airflow/example_dags/example_sensor_decorator.py for tasks to queue
[2025-02-23T04:53:44.935+0000] {logging_mixin.py:190} INFO - [2025-02-23T04:53:44.934+0000] {dagbag.py:588} INFO - Filling up the DagBag from /home/airflow/.local/lib/python3.12/site-packages/airflow/example_dags/example_sensor_decorator.py
[2025-02-23T04:53:44.943+0000] {processor.py:925} INFO - DAG(s) 'example_sensor_decorator' retrieved from /home/airflow/.local/lib/python3.12/site-packages/airflow/example_dags/example_sensor_decorator.py
[2025-02-23T04:53:44.960+0000] {logging_mixin.py:190} INFO - [2025-02-23T04:53:44.960+0000] {dag.py:3239} INFO - Sync 1 DAGs
[2025-02-23T04:53:44.976+0000] {logging_mixin.py:190} INFO - [2025-02-23T04:53:44.976+0000] {dag.py:4180} INFO - Setting next_dagrun for example_sensor_decorator to None, run_after=None
[2025-02-23T04:53:44.992+0000] {processor.py:208} INFO - Processing /home/airflow/.local/lib/python3.12/site-packages/airflow/example_dags/example_sensor_decorator.py took 0.064 seconds
[2025-02-23T04:54:15.182+0000] {processor.py:186} INFO - Started process (PID=1038) to work on /home/airflow/.local/lib/python3.12/site-packages/airflow/example_dags/example_sensor_decorator.py
[2025-02-23T04:54:15.183+0000] {processor.py:914} INFO - Processing file /home/airflow/.local/lib/python3.12/site-packages/airflow/example_dags/example_sensor_decorator.py for tasks to queue
[2025-02-23T04:54:15.184+0000] {logging_mixin.py:190} INFO - [2025-02-23T04:54:15.184+0000] {dagbag.py:588} INFO - Filling up the DagBag from /home/airflow/.local/lib/python3.12/site-packages/airflow/example_dags/example_sensor_decorator.py
[2025-02-23T04:54:15.191+0000] {processor.py:925} INFO - DAG(s) 'example_sensor_decorator' retrieved from /home/airflow/.local/lib/python3.12/site-packages/airflow/example_dags/example_sensor_decorator.py
[2025-02-23T04:54:15.207+0000] {logging_mixin.py:190} INFO - [2025-02-23T04:54:15.207+0000] {dag.py:3239} INFO - Sync 1 DAGs
[2025-02-23T04:54:15.218+0000] {logging_mixin.py:190} INFO - [2025-02-23T04:54:15.218+0000] {dag.py:4180} INFO - Setting next_dagrun for example_sensor_decorator to None, run_after=None
[2025-02-23T04:54:15.231+0000] {processor.py:208} INFO - Processing /home/airflow/.local/lib/python3.12/site-packages/airflow/example_dags/example_sensor_decorator.py took 0.054 seconds
[2025-02-23T04:54:45.658+0000] {processor.py:186} INFO - Started process (PID=1101) to work on /home/airflow/.local/lib/python3.12/site-packages/airflow/example_dags/example_sensor_decorator.py
[2025-02-23T04:54:45.658+0000] {processor.py:914} INFO - Processing file /home/airflow/.local/lib/python3.12/site-packages/airflow/example_dags/example_sensor_decorator.py for tasks to queue
[2025-02-23T04:54:45.660+0000] {logging_mixin.py:190} INFO - [2025-02-23T04:54:45.660+0000] {dagbag.py:588} INFO - Filling up the DagBag from /home/airflow/.local/lib/python3.12/site-packages/airflow/example_dags/example_sensor_decorator.py
[2025-02-23T04:54:45.666+0000] {processor.py:925} INFO - DAG(s) 'example_sensor_decorator' retrieved from /home/airflow/.local/lib/python3.12/site-packages/airflow/example_dags/example_sensor_decorator.py
[2025-02-23T04:54:45.680+0000] {logging_mixin.py:190} INFO - [2025-02-23T04:54:45.679+0000] {dag.py:3239} INFO - Sync 1 DAGs
[2025-02-23T04:54:45.690+0000] {logging_mixin.py:190} INFO - [2025-02-23T04:54:45.690+0000] {dag.py:4180} INFO - Setting next_dagrun for example_sensor_decorator to None, run_after=None
[2025-02-23T04:54:45.702+0000] {processor.py:208} INFO - Processing /home/airflow/.local/lib/python3.12/site-packages/airflow/example_dags/example_sensor_decorator.py took 0.048 seconds
[2025-02-23T04:55:15.896+0000] {processor.py:186} INFO - Started process (PID=1164) to work on /home/airflow/.local/lib/python3.12/site-packages/airflow/example_dags/example_sensor_decorator.py
[2025-02-23T04:55:15.896+0000] {processor.py:914} INFO - Processing file /home/airflow/.local/lib/python3.12/site-packages/airflow/example_dags/example_sensor_decorator.py for tasks to queue
[2025-02-23T04:55:15.898+0000] {logging_mixin.py:190} INFO - [2025-02-23T04:55:15.898+0000] {dagbag.py:588} INFO - Filling up the DagBag from /home/airflow/.local/lib/python3.12/site-packages/airflow/example_dags/example_sensor_decorator.py
[2025-02-23T04:55:15.906+0000] {processor.py:925} INFO - DAG(s) 'example_sensor_decorator' retrieved from /home/airflow/.local/lib/python3.12/site-packages/airflow/example_dags/example_sensor_decorator.py
[2025-02-23T04:55:15.923+0000] {logging_mixin.py:190} INFO - [2025-02-23T04:55:15.922+0000] {dag.py:3239} INFO - Sync 1 DAGs
[2025-02-23T04:55:15.933+0000] {logging_mixin.py:190} INFO - [2025-02-23T04:55:15.933+0000] {dag.py:4180} INFO - Setting next_dagrun for example_sensor_decorator to None, run_after=None
[2025-02-23T04:55:15.945+0000] {processor.py:208} INFO - Processing /home/airflow/.local/lib/python3.12/site-packages/airflow/example_dags/example_sensor_decorator.py took 0.056 seconds
[2025-02-23T04:55:46.283+0000] {processor.py:186} INFO - Started process (PID=1227) to work on /home/airflow/.local/lib/python3.12/site-packages/airflow/example_dags/example_sensor_decorator.py
[2025-02-23T04:55:46.283+0000] {processor.py:914} INFO - Processing file /home/airflow/.local/lib/python3.12/site-packages/airflow/example_dags/example_sensor_decorator.py for tasks to queue
[2025-02-23T04:55:46.286+0000] {logging_mixin.py:190} INFO - [2025-02-23T04:55:46.285+0000] {dagbag.py:588} INFO - Filling up the DagBag from /home/airflow/.local/lib/python3.12/site-packages/airflow/example_dags/example_sensor_decorator.py
[2025-02-23T04:55:46.295+0000] {processor.py:925} INFO - DAG(s) 'example_sensor_decorator' retrieved from /home/airflow/.local/lib/python3.12/site-packages/airflow/example_dags/example_sensor_decorator.py
[2025-02-23T04:55:46.317+0000] {logging_mixin.py:190} INFO - [2025-02-23T04:55:46.317+0000] {dag.py:3239} INFO - Sync 1 DAGs
[2025-02-23T04:55:46.333+0000] {logging_mixin.py:190} INFO - [2025-02-23T04:55:46.333+0000] {dag.py:4180} INFO - Setting next_dagrun for example_sensor_decorator to None, run_after=None
[2025-02-23T04:55:46.350+0000] {processor.py:208} INFO - Processing /home/airflow/.local/lib/python3.12/site-packages/airflow/example_dags/example_sensor_decorator.py took 0.074 seconds
[2025-02-23T04:56:16.451+0000] {processor.py:186} INFO - Started process (PID=1291) to work on /home/airflow/.local/lib/python3.12/site-packages/airflow/example_dags/example_sensor_decorator.py
[2025-02-23T04:56:16.452+0000] {processor.py:914} INFO - Processing file /home/airflow/.local/lib/python3.12/site-packages/airflow/example_dags/example_sensor_decorator.py for tasks to queue
[2025-02-23T04:56:16.454+0000] {logging_mixin.py:190} INFO - [2025-02-23T04:56:16.453+0000] {dagbag.py:588} INFO - Filling up the DagBag from /home/airflow/.local/lib/python3.12/site-packages/airflow/example_dags/example_sensor_decorator.py
[2025-02-23T04:56:16.460+0000] {processor.py:925} INFO - DAG(s) 'example_sensor_decorator' retrieved from /home/airflow/.local/lib/python3.12/site-packages/airflow/example_dags/example_sensor_decorator.py
[2025-02-23T04:56:16.475+0000] {logging_mixin.py:190} INFO - [2025-02-23T04:56:16.475+0000] {dag.py:3239} INFO - Sync 1 DAGs
[2025-02-23T04:56:16.485+0000] {logging_mixin.py:190} INFO - [2025-02-23T04:56:16.485+0000] {dag.py:4180} INFO - Setting next_dagrun for example_sensor_decorator to None, run_after=None
[2025-02-23T04:56:16.497+0000] {processor.py:208} INFO - Processing /home/airflow/.local/lib/python3.12/site-packages/airflow/example_dags/example_sensor_decorator.py took 0.050 seconds
[2025-02-23T04:56:47.140+0000] {processor.py:186} INFO - Started process (PID=1355) to work on /home/airflow/.local/lib/python3.12/site-packages/airflow/example_dags/example_sensor_decorator.py
[2025-02-23T04:56:47.141+0000] {processor.py:914} INFO - Processing file /home/airflow/.local/lib/python3.12/site-packages/airflow/example_dags/example_sensor_decorator.py for tasks to queue
[2025-02-23T04:56:47.143+0000] {logging_mixin.py:190} INFO - [2025-02-23T04:56:47.142+0000] {dagbag.py:588} INFO - Filling up the DagBag from /home/airflow/.local/lib/python3.12/site-packages/airflow/example_dags/example_sensor_decorator.py
[2025-02-23T04:56:47.149+0000] {processor.py:925} INFO - DAG(s) 'example_sensor_decorator' retrieved from /home/airflow/.local/lib/python3.12/site-packages/airflow/example_dags/example_sensor_decorator.py
[2025-02-23T04:56:47.166+0000] {logging_mixin.py:190} INFO - [2025-02-23T04:56:47.166+0000] {dag.py:3239} INFO - Sync 1 DAGs
[2025-02-23T04:56:47.180+0000] {logging_mixin.py:190} INFO - [2025-02-23T04:56:47.180+0000] {dag.py:4180} INFO - Setting next_dagrun for example_sensor_decorator to None, run_after=None
[2025-02-23T04:56:47.196+0000] {processor.py:208} INFO - Processing /home/airflow/.local/lib/python3.12/site-packages/airflow/example_dags/example_sensor_decorator.py took 0.060 seconds
