[2025-02-23T04:46:35.002+0000] {processor.py:186} INFO - Started process (PID=64) to work on /home/airflow/.local/lib/python3.12/site-packages/airflow/example_dags/example_params_trigger_ui.py
[2025-02-23T04:46:35.003+0000] {processor.py:914} INFO - Processing file /home/airflow/.local/lib/python3.12/site-packages/airflow/example_dags/example_params_trigger_ui.py for tasks to queue
[2025-02-23T04:46:35.005+0000] {logging_mixin.py:190} INFO - [2025-02-23T04:46:35.004+0000] {dagbag.py:588} INFO - Filling up the DagBag from /home/airflow/.local/lib/python3.12/site-packages/airflow/example_dags/example_params_trigger_ui.py
[2025-02-23T04:46:35.020+0000] {processor.py:925} INFO - DAG(s) 'example_params_trigger_ui' retrieved from /home/airflow/.local/lib/python3.12/site-packages/airflow/example_dags/example_params_trigger_ui.py
[2025-02-23T04:46:35.295+0000] {logging_mixin.py:190} INFO - [2025-02-23T04:46:35.294+0000] {override.py:1911} INFO - Created Permission View: can read on DAG:example_params_trigger_ui
[2025-02-23T04:46:35.317+0000] {logging_mixin.py:190} INFO - [2025-02-23T04:46:35.317+0000] {override.py:1911} INFO - Created Permission View: can delete on DAG:example_params_trigger_ui
[2025-02-23T04:46:35.332+0000] {logging_mixin.py:190} INFO - [2025-02-23T04:46:35.331+0000] {override.py:1911} INFO - Created Permission View: can edit on DAG:example_params_trigger_ui
[2025-02-23T04:46:35.337+0000] {logging_mixin.py:190} INFO - [2025-02-23T04:46:35.337+0000] {override.py:1911} INFO - Created Permission View: can read on DAG Run:example_params_trigger_ui
[2025-02-23T04:46:35.343+0000] {logging_mixin.py:190} INFO - [2025-02-23T04:46:35.343+0000] {override.py:1911} INFO - Created Permission View: can create on DAG Run:example_params_trigger_ui
[2025-02-23T04:46:35.348+0000] {logging_mixin.py:190} INFO - [2025-02-23T04:46:35.348+0000] {override.py:1911} INFO - Created Permission View: can delete on DAG Run:example_params_trigger_ui
[2025-02-23T04:46:35.353+0000] {logging_mixin.py:190} INFO - [2025-02-23T04:46:35.353+0000] {override.py:1911} INFO - Created Permission View: menu access on DAG Run:example_params_trigger_ui
[2025-02-23T04:46:35.354+0000] {logging_mixin.py:190} INFO - [2025-02-23T04:46:35.353+0000] {dag.py:3239} INFO - Sync 1 DAGs
[2025-02-23T04:46:35.367+0000] {logging_mixin.py:190} INFO - [2025-02-23T04:46:35.367+0000] {dag.py:3262} INFO - Creating ORM DAG for example_params_trigger_ui
[2025-02-23T04:46:35.368+0000] {logging_mixin.py:190} INFO - [2025-02-23T04:46:35.368+0000] {dag.py:4180} INFO - Setting next_dagrun for example_params_trigger_ui to None, run_after=None
[2025-02-23T04:46:35.385+0000] {processor.py:208} INFO - Processing /home/airflow/.local/lib/python3.12/site-packages/airflow/example_dags/example_params_trigger_ui.py took 0.392 seconds
[2025-02-23T04:47:05.575+0000] {processor.py:186} INFO - Started process (PID=133) to work on /home/airflow/.local/lib/python3.12/site-packages/airflow/example_dags/example_params_trigger_ui.py
[2025-02-23T04:47:05.576+0000] {processor.py:914} INFO - Processing file /home/airflow/.local/lib/python3.12/site-packages/airflow/example_dags/example_params_trigger_ui.py for tasks to queue
[2025-02-23T04:47:05.578+0000] {logging_mixin.py:190} INFO - [2025-02-23T04:47:05.577+0000] {dagbag.py:588} INFO - Filling up the DagBag from /home/airflow/.local/lib/python3.12/site-packages/airflow/example_dags/example_params_trigger_ui.py
[2025-02-23T04:47:05.586+0000] {processor.py:925} INFO - DAG(s) 'example_params_trigger_ui' retrieved from /home/airflow/.local/lib/python3.12/site-packages/airflow/example_dags/example_params_trigger_ui.py
[2025-02-23T04:47:05.626+0000] {logging_mixin.py:190} INFO - [2025-02-23T04:47:05.625+0000] {dag.py:3239} INFO - Sync 1 DAGs
[2025-02-23T04:47:05.636+0000] {logging_mixin.py:190} INFO - [2025-02-23T04:47:05.636+0000] {dag.py:4180} INFO - Setting next_dagrun for example_params_trigger_ui to None, run_after=None
[2025-02-23T04:47:05.650+0000] {processor.py:208} INFO - Processing /home/airflow/.local/lib/python3.12/site-packages/airflow/example_dags/example_params_trigger_ui.py took 0.079 seconds
[2025-02-23T04:47:36.032+0000] {processor.py:186} INFO - Started process (PID=196) to work on /home/airflow/.local/lib/python3.12/site-packages/airflow/example_dags/example_params_trigger_ui.py
[2025-02-23T04:47:36.032+0000] {processor.py:914} INFO - Processing file /home/airflow/.local/lib/python3.12/site-packages/airflow/example_dags/example_params_trigger_ui.py for tasks to queue
[2025-02-23T04:47:36.034+0000] {logging_mixin.py:190} INFO - [2025-02-23T04:47:36.034+0000] {dagbag.py:588} INFO - Filling up the DagBag from /home/airflow/.local/lib/python3.12/site-packages/airflow/example_dags/example_params_trigger_ui.py
[2025-02-23T04:47:36.043+0000] {processor.py:925} INFO - DAG(s) 'example_params_trigger_ui' retrieved from /home/airflow/.local/lib/python3.12/site-packages/airflow/example_dags/example_params_trigger_ui.py
[2025-02-23T04:47:36.094+0000] {logging_mixin.py:190} INFO - [2025-02-23T04:47:36.094+0000] {dag.py:3239} INFO - Sync 1 DAGs
[2025-02-23T04:47:36.110+0000] {logging_mixin.py:190} INFO - [2025-02-23T04:47:36.110+0000] {dag.py:4180} INFO - Setting next_dagrun for example_params_trigger_ui to None, run_after=None
[2025-02-23T04:47:36.126+0000] {processor.py:208} INFO - Processing /home/airflow/.local/lib/python3.12/site-packages/airflow/example_dags/example_params_trigger_ui.py took 0.099 seconds
[2025-02-23T04:48:06.541+0000] {processor.py:186} INFO - Started process (PID=260) to work on /home/airflow/.local/lib/python3.12/site-packages/airflow/example_dags/example_params_trigger_ui.py
[2025-02-23T04:48:06.542+0000] {processor.py:914} INFO - Processing file /home/airflow/.local/lib/python3.12/site-packages/airflow/example_dags/example_params_trigger_ui.py for tasks to queue
[2025-02-23T04:48:06.544+0000] {logging_mixin.py:190} INFO - [2025-02-23T04:48:06.544+0000] {dagbag.py:588} INFO - Filling up the DagBag from /home/airflow/.local/lib/python3.12/site-packages/airflow/example_dags/example_params_trigger_ui.py
[2025-02-23T04:48:06.555+0000] {processor.py:925} INFO - DAG(s) 'example_params_trigger_ui' retrieved from /home/airflow/.local/lib/python3.12/site-packages/airflow/example_dags/example_params_trigger_ui.py
[2025-02-23T04:48:06.600+0000] {logging_mixin.py:190} INFO - [2025-02-23T04:48:06.600+0000] {dag.py:3239} INFO - Sync 1 DAGs
[2025-02-23T04:48:06.610+0000] {logging_mixin.py:190} INFO - [2025-02-23T04:48:06.610+0000] {dag.py:4180} INFO - Setting next_dagrun for example_params_trigger_ui to None, run_after=None
[2025-02-23T04:48:06.624+0000] {processor.py:208} INFO - Processing /home/airflow/.local/lib/python3.12/site-packages/airflow/example_dags/example_params_trigger_ui.py took 0.088 seconds
[2025-02-23T04:48:36.868+0000] {processor.py:186} INFO - Started process (PID=323) to work on /home/airflow/.local/lib/python3.12/site-packages/airflow/example_dags/example_params_trigger_ui.py
[2025-02-23T04:48:36.868+0000] {processor.py:914} INFO - Processing file /home/airflow/.local/lib/python3.12/site-packages/airflow/example_dags/example_params_trigger_ui.py for tasks to queue
[2025-02-23T04:48:36.870+0000] {logging_mixin.py:190} INFO - [2025-02-23T04:48:36.870+0000] {dagbag.py:588} INFO - Filling up the DagBag from /home/airflow/.local/lib/python3.12/site-packages/airflow/example_dags/example_params_trigger_ui.py
[2025-02-23T04:48:36.881+0000] {processor.py:925} INFO - DAG(s) 'example_params_trigger_ui' retrieved from /home/airflow/.local/lib/python3.12/site-packages/airflow/example_dags/example_params_trigger_ui.py
[2025-02-23T04:48:36.931+0000] {logging_mixin.py:190} INFO - [2025-02-23T04:48:36.930+0000] {dag.py:3239} INFO - Sync 1 DAGs
[2025-02-23T04:48:36.946+0000] {logging_mixin.py:190} INFO - [2025-02-23T04:48:36.946+0000] {dag.py:4180} INFO - Setting next_dagrun for example_params_trigger_ui to None, run_after=None
[2025-02-23T04:48:36.961+0000] {processor.py:208} INFO - Processing /home/airflow/.local/lib/python3.12/site-packages/airflow/example_dags/example_params_trigger_ui.py took 0.097 seconds
[2025-02-23T04:49:07.028+0000] {processor.py:186} INFO - Started process (PID=386) to work on /home/airflow/.local/lib/python3.12/site-packages/airflow/example_dags/example_params_trigger_ui.py
[2025-02-23T04:49:07.029+0000] {processor.py:914} INFO - Processing file /home/airflow/.local/lib/python3.12/site-packages/airflow/example_dags/example_params_trigger_ui.py for tasks to queue
[2025-02-23T04:49:07.031+0000] {logging_mixin.py:190} INFO - [2025-02-23T04:49:07.030+0000] {dagbag.py:588} INFO - Filling up the DagBag from /home/airflow/.local/lib/python3.12/site-packages/airflow/example_dags/example_params_trigger_ui.py
[2025-02-23T04:49:07.039+0000] {processor.py:925} INFO - DAG(s) 'example_params_trigger_ui' retrieved from /home/airflow/.local/lib/python3.12/site-packages/airflow/example_dags/example_params_trigger_ui.py
[2025-02-23T04:49:07.074+0000] {logging_mixin.py:190} INFO - [2025-02-23T04:49:07.074+0000] {dag.py:3239} INFO - Sync 1 DAGs
[2025-02-23T04:49:07.086+0000] {logging_mixin.py:190} INFO - [2025-02-23T04:49:07.086+0000] {dag.py:4180} INFO - Setting next_dagrun for example_params_trigger_ui to None, run_after=None
[2025-02-23T04:49:07.098+0000] {processor.py:208} INFO - Processing /home/airflow/.local/lib/python3.12/site-packages/airflow/example_dags/example_params_trigger_ui.py took 0.074 seconds
[2025-02-23T04:49:37.123+0000] {processor.py:186} INFO - Started process (PID=449) to work on /home/airflow/.local/lib/python3.12/site-packages/airflow/example_dags/example_params_trigger_ui.py
[2025-02-23T04:49:37.124+0000] {processor.py:914} INFO - Processing file /home/airflow/.local/lib/python3.12/site-packages/airflow/example_dags/example_params_trigger_ui.py for tasks to queue
[2025-02-23T04:49:37.125+0000] {logging_mixin.py:190} INFO - [2025-02-23T04:49:37.125+0000] {dagbag.py:588} INFO - Filling up the DagBag from /home/airflow/.local/lib/python3.12/site-packages/airflow/example_dags/example_params_trigger_ui.py
[2025-02-23T04:49:37.133+0000] {processor.py:925} INFO - DAG(s) 'example_params_trigger_ui' retrieved from /home/airflow/.local/lib/python3.12/site-packages/airflow/example_dags/example_params_trigger_ui.py
[2025-02-23T04:49:37.169+0000] {logging_mixin.py:190} INFO - [2025-02-23T04:49:37.168+0000] {dag.py:3239} INFO - Sync 1 DAGs
[2025-02-23T04:49:37.180+0000] {logging_mixin.py:190} INFO - [2025-02-23T04:49:37.180+0000] {dag.py:4180} INFO - Setting next_dagrun for example_params_trigger_ui to None, run_after=None
[2025-02-23T04:49:37.193+0000] {processor.py:208} INFO - Processing /home/airflow/.local/lib/python3.12/site-packages/airflow/example_dags/example_params_trigger_ui.py took 0.074 seconds
[2025-02-23T04:50:07.255+0000] {processor.py:186} INFO - Started process (PID=512) to work on /home/airflow/.local/lib/python3.12/site-packages/airflow/example_dags/example_params_trigger_ui.py
[2025-02-23T04:50:07.256+0000] {processor.py:914} INFO - Processing file /home/airflow/.local/lib/python3.12/site-packages/airflow/example_dags/example_params_trigger_ui.py for tasks to queue
[2025-02-23T04:50:07.258+0000] {logging_mixin.py:190} INFO - [2025-02-23T04:50:07.258+0000] {dagbag.py:588} INFO - Filling up the DagBag from /home/airflow/.local/lib/python3.12/site-packages/airflow/example_dags/example_params_trigger_ui.py
[2025-02-23T04:50:07.266+0000] {processor.py:925} INFO - DAG(s) 'example_params_trigger_ui' retrieved from /home/airflow/.local/lib/python3.12/site-packages/airflow/example_dags/example_params_trigger_ui.py
[2025-02-23T04:50:07.298+0000] {logging_mixin.py:190} INFO - [2025-02-23T04:50:07.297+0000] {dag.py:3239} INFO - Sync 1 DAGs
[2025-02-23T04:50:07.310+0000] {logging_mixin.py:190} INFO - [2025-02-23T04:50:07.310+0000] {dag.py:4180} INFO - Setting next_dagrun for example_params_trigger_ui to None, run_after=None
[2025-02-23T04:50:07.324+0000] {processor.py:208} INFO - Processing /home/airflow/.local/lib/python3.12/site-packages/airflow/example_dags/example_params_trigger_ui.py took 0.073 seconds
[2025-02-23T04:50:37.536+0000] {processor.py:186} INFO - Started process (PID=575) to work on /home/airflow/.local/lib/python3.12/site-packages/airflow/example_dags/example_params_trigger_ui.py
[2025-02-23T04:50:37.537+0000] {processor.py:914} INFO - Processing file /home/airflow/.local/lib/python3.12/site-packages/airflow/example_dags/example_params_trigger_ui.py for tasks to queue
[2025-02-23T04:50:37.539+0000] {logging_mixin.py:190} INFO - [2025-02-23T04:50:37.538+0000] {dagbag.py:588} INFO - Filling up the DagBag from /home/airflow/.local/lib/python3.12/site-packages/airflow/example_dags/example_params_trigger_ui.py
[2025-02-23T04:50:37.547+0000] {processor.py:925} INFO - DAG(s) 'example_params_trigger_ui' retrieved from /home/airflow/.local/lib/python3.12/site-packages/airflow/example_dags/example_params_trigger_ui.py
[2025-02-23T04:50:37.581+0000] {logging_mixin.py:190} INFO - [2025-02-23T04:50:37.580+0000] {dag.py:3239} INFO - Sync 1 DAGs
[2025-02-23T04:50:37.592+0000] {logging_mixin.py:190} INFO - [2025-02-23T04:50:37.592+0000] {dag.py:4180} INFO - Setting next_dagrun for example_params_trigger_ui to None, run_after=None
[2025-02-23T04:50:37.605+0000] {processor.py:208} INFO - Processing /home/airflow/.local/lib/python3.12/site-packages/airflow/example_dags/example_params_trigger_ui.py took 0.073 seconds
[2025-02-23T04:51:07.703+0000] {processor.py:186} INFO - Started process (PID=638) to work on /home/airflow/.local/lib/python3.12/site-packages/airflow/example_dags/example_params_trigger_ui.py
[2025-02-23T04:51:07.703+0000] {processor.py:914} INFO - Processing file /home/airflow/.local/lib/python3.12/site-packages/airflow/example_dags/example_params_trigger_ui.py for tasks to queue
[2025-02-23T04:51:07.705+0000] {logging_mixin.py:190} INFO - [2025-02-23T04:51:07.705+0000] {dagbag.py:588} INFO - Filling up the DagBag from /home/airflow/.local/lib/python3.12/site-packages/airflow/example_dags/example_params_trigger_ui.py
[2025-02-23T04:51:07.713+0000] {processor.py:925} INFO - DAG(s) 'example_params_trigger_ui' retrieved from /home/airflow/.local/lib/python3.12/site-packages/airflow/example_dags/example_params_trigger_ui.py
[2025-02-23T04:51:07.747+0000] {logging_mixin.py:190} INFO - [2025-02-23T04:51:07.746+0000] {dag.py:3239} INFO - Sync 1 DAGs
[2025-02-23T04:51:07.758+0000] {logging_mixin.py:190} INFO - [2025-02-23T04:51:07.758+0000] {dag.py:4180} INFO - Setting next_dagrun for example_params_trigger_ui to None, run_after=None
[2025-02-23T04:51:07.771+0000] {processor.py:208} INFO - Processing /home/airflow/.local/lib/python3.12/site-packages/airflow/example_dags/example_params_trigger_ui.py took 0.073 seconds
[2025-02-23T04:51:37.834+0000] {processor.py:186} INFO - Started process (PID=701) to work on /home/airflow/.local/lib/python3.12/site-packages/airflow/example_dags/example_params_trigger_ui.py
[2025-02-23T04:51:37.835+0000] {processor.py:914} INFO - Processing file /home/airflow/.local/lib/python3.12/site-packages/airflow/example_dags/example_params_trigger_ui.py for tasks to queue
[2025-02-23T04:51:37.836+0000] {logging_mixin.py:190} INFO - [2025-02-23T04:51:37.836+0000] {dagbag.py:588} INFO - Filling up the DagBag from /home/airflow/.local/lib/python3.12/site-packages/airflow/example_dags/example_params_trigger_ui.py
[2025-02-23T04:51:37.844+0000] {processor.py:925} INFO - DAG(s) 'example_params_trigger_ui' retrieved from /home/airflow/.local/lib/python3.12/site-packages/airflow/example_dags/example_params_trigger_ui.py
[2025-02-23T04:51:37.876+0000] {logging_mixin.py:190} INFO - [2025-02-23T04:51:37.876+0000] {dag.py:3239} INFO - Sync 1 DAGs
[2025-02-23T04:51:37.887+0000] {logging_mixin.py:190} INFO - [2025-02-23T04:51:37.887+0000] {dag.py:4180} INFO - Setting next_dagrun for example_params_trigger_ui to None, run_after=None
[2025-02-23T04:51:37.899+0000] {processor.py:208} INFO - Processing /home/airflow/.local/lib/python3.12/site-packages/airflow/example_dags/example_params_trigger_ui.py took 0.069 seconds
[2025-02-23T04:52:07.995+0000] {processor.py:186} INFO - Started process (PID=764) to work on /home/airflow/.local/lib/python3.12/site-packages/airflow/example_dags/example_params_trigger_ui.py
[2025-02-23T04:52:07.995+0000] {processor.py:914} INFO - Processing file /home/airflow/.local/lib/python3.12/site-packages/airflow/example_dags/example_params_trigger_ui.py for tasks to queue
[2025-02-23T04:52:07.997+0000] {logging_mixin.py:190} INFO - [2025-02-23T04:52:07.997+0000] {dagbag.py:588} INFO - Filling up the DagBag from /home/airflow/.local/lib/python3.12/site-packages/airflow/example_dags/example_params_trigger_ui.py
[2025-02-23T04:52:08.006+0000] {processor.py:925} INFO - DAG(s) 'example_params_trigger_ui' retrieved from /home/airflow/.local/lib/python3.12/site-packages/airflow/example_dags/example_params_trigger_ui.py
[2025-02-23T04:52:08.052+0000] {logging_mixin.py:190} INFO - [2025-02-23T04:52:08.052+0000] {dag.py:3239} INFO - Sync 1 DAGs
[2025-02-23T04:52:08.064+0000] {logging_mixin.py:190} INFO - [2025-02-23T04:52:08.064+0000] {dag.py:4180} INFO - Setting next_dagrun for example_params_trigger_ui to None, run_after=None
[2025-02-23T04:52:08.079+0000] {processor.py:208} INFO - Processing /home/airflow/.local/lib/python3.12/site-packages/airflow/example_dags/example_params_trigger_ui.py took 0.089 seconds
[2025-02-23T04:52:38.110+0000] {processor.py:186} INFO - Started process (PID=827) to work on /home/airflow/.local/lib/python3.12/site-packages/airflow/example_dags/example_params_trigger_ui.py
[2025-02-23T04:52:38.110+0000] {processor.py:914} INFO - Processing file /home/airflow/.local/lib/python3.12/site-packages/airflow/example_dags/example_params_trigger_ui.py for tasks to queue
[2025-02-23T04:52:38.113+0000] {logging_mixin.py:190} INFO - [2025-02-23T04:52:38.112+0000] {dagbag.py:588} INFO - Filling up the DagBag from /home/airflow/.local/lib/python3.12/site-packages/airflow/example_dags/example_params_trigger_ui.py
[2025-02-23T04:52:38.124+0000] {processor.py:925} INFO - DAG(s) 'example_params_trigger_ui' retrieved from /home/airflow/.local/lib/python3.12/site-packages/airflow/example_dags/example_params_trigger_ui.py
[2025-02-23T04:52:38.169+0000] {logging_mixin.py:190} INFO - [2025-02-23T04:52:38.169+0000] {dag.py:3239} INFO - Sync 1 DAGs
[2025-02-23T04:52:38.182+0000] {logging_mixin.py:190} INFO - [2025-02-23T04:52:38.181+0000] {dag.py:4180} INFO - Setting next_dagrun for example_params_trigger_ui to None, run_after=None
[2025-02-23T04:52:38.202+0000] {processor.py:208} INFO - Processing /home/airflow/.local/lib/python3.12/site-packages/airflow/example_dags/example_params_trigger_ui.py took 0.098 seconds
[2025-02-23T04:53:08.472+0000] {processor.py:186} INFO - Started process (PID=890) to work on /home/airflow/.local/lib/python3.12/site-packages/airflow/example_dags/example_params_trigger_ui.py
[2025-02-23T04:53:08.472+0000] {processor.py:914} INFO - Processing file /home/airflow/.local/lib/python3.12/site-packages/airflow/example_dags/example_params_trigger_ui.py for tasks to queue
[2025-02-23T04:53:08.474+0000] {logging_mixin.py:190} INFO - [2025-02-23T04:53:08.473+0000] {dagbag.py:588} INFO - Filling up the DagBag from /home/airflow/.local/lib/python3.12/site-packages/airflow/example_dags/example_params_trigger_ui.py
[2025-02-23T04:53:08.482+0000] {processor.py:925} INFO - DAG(s) 'example_params_trigger_ui' retrieved from /home/airflow/.local/lib/python3.12/site-packages/airflow/example_dags/example_params_trigger_ui.py
[2025-02-23T04:53:08.522+0000] {logging_mixin.py:190} INFO - [2025-02-23T04:53:08.521+0000] {dag.py:3239} INFO - Sync 1 DAGs
[2025-02-23T04:53:08.532+0000] {logging_mixin.py:190} INFO - [2025-02-23T04:53:08.532+0000] {dag.py:4180} INFO - Setting next_dagrun for example_params_trigger_ui to None, run_after=None
[2025-02-23T04:53:08.545+0000] {processor.py:208} INFO - Processing /home/airflow/.local/lib/python3.12/site-packages/airflow/example_dags/example_params_trigger_ui.py took 0.077 seconds
[2025-02-23T04:53:39.088+0000] {processor.py:186} INFO - Started process (PID=953) to work on /home/airflow/.local/lib/python3.12/site-packages/airflow/example_dags/example_params_trigger_ui.py
[2025-02-23T04:53:39.088+0000] {processor.py:914} INFO - Processing file /home/airflow/.local/lib/python3.12/site-packages/airflow/example_dags/example_params_trigger_ui.py for tasks to queue
[2025-02-23T04:53:39.090+0000] {logging_mixin.py:190} INFO - [2025-02-23T04:53:39.090+0000] {dagbag.py:588} INFO - Filling up the DagBag from /home/airflow/.local/lib/python3.12/site-packages/airflow/example_dags/example_params_trigger_ui.py
[2025-02-23T04:53:39.098+0000] {processor.py:925} INFO - DAG(s) 'example_params_trigger_ui' retrieved from /home/airflow/.local/lib/python3.12/site-packages/airflow/example_dags/example_params_trigger_ui.py
[2025-02-23T04:53:39.139+0000] {logging_mixin.py:190} INFO - [2025-02-23T04:53:39.139+0000] {dag.py:3239} INFO - Sync 1 DAGs
[2025-02-23T04:53:39.151+0000] {logging_mixin.py:190} INFO - [2025-02-23T04:53:39.150+0000] {dag.py:4180} INFO - Setting next_dagrun for example_params_trigger_ui to None, run_after=None
[2025-02-23T04:53:39.164+0000] {processor.py:208} INFO - Processing /home/airflow/.local/lib/python3.12/site-packages/airflow/example_dags/example_params_trigger_ui.py took 0.080 seconds
[2025-02-23T04:54:09.218+0000] {processor.py:186} INFO - Started process (PID=1016) to work on /home/airflow/.local/lib/python3.12/site-packages/airflow/example_dags/example_params_trigger_ui.py
[2025-02-23T04:54:09.219+0000] {processor.py:914} INFO - Processing file /home/airflow/.local/lib/python3.12/site-packages/airflow/example_dags/example_params_trigger_ui.py for tasks to queue
[2025-02-23T04:54:09.220+0000] {logging_mixin.py:190} INFO - [2025-02-23T04:54:09.220+0000] {dagbag.py:588} INFO - Filling up the DagBag from /home/airflow/.local/lib/python3.12/site-packages/airflow/example_dags/example_params_trigger_ui.py
[2025-02-23T04:54:09.232+0000] {processor.py:925} INFO - DAG(s) 'example_params_trigger_ui' retrieved from /home/airflow/.local/lib/python3.12/site-packages/airflow/example_dags/example_params_trigger_ui.py
[2025-02-23T04:54:09.267+0000] {logging_mixin.py:190} INFO - [2025-02-23T04:54:09.267+0000] {dag.py:3239} INFO - Sync 1 DAGs
[2025-02-23T04:54:09.279+0000] {logging_mixin.py:190} INFO - [2025-02-23T04:54:09.278+0000] {dag.py:4180} INFO - Setting next_dagrun for example_params_trigger_ui to None, run_after=None
[2025-02-23T04:54:09.293+0000] {processor.py:208} INFO - Processing /home/airflow/.local/lib/python3.12/site-packages/airflow/example_dags/example_params_trigger_ui.py took 0.080 seconds
[2025-02-23T04:54:39.558+0000] {processor.py:186} INFO - Started process (PID=1079) to work on /home/airflow/.local/lib/python3.12/site-packages/airflow/example_dags/example_params_trigger_ui.py
[2025-02-23T04:54:39.559+0000] {processor.py:914} INFO - Processing file /home/airflow/.local/lib/python3.12/site-packages/airflow/example_dags/example_params_trigger_ui.py for tasks to queue
[2025-02-23T04:54:39.561+0000] {logging_mixin.py:190} INFO - [2025-02-23T04:54:39.561+0000] {dagbag.py:588} INFO - Filling up the DagBag from /home/airflow/.local/lib/python3.12/site-packages/airflow/example_dags/example_params_trigger_ui.py
[2025-02-23T04:54:39.575+0000] {processor.py:925} INFO - DAG(s) 'example_params_trigger_ui' retrieved from /home/airflow/.local/lib/python3.12/site-packages/airflow/example_dags/example_params_trigger_ui.py
[2025-02-23T04:54:39.634+0000] {logging_mixin.py:190} INFO - [2025-02-23T04:54:39.634+0000] {dag.py:3239} INFO - Sync 1 DAGs
[2025-02-23T04:54:39.651+0000] {logging_mixin.py:190} INFO - [2025-02-23T04:54:39.651+0000] {dag.py:4180} INFO - Setting next_dagrun for example_params_trigger_ui to None, run_after=None
[2025-02-23T04:54:39.668+0000] {processor.py:208} INFO - Processing /home/airflow/.local/lib/python3.12/site-packages/airflow/example_dags/example_params_trigger_ui.py took 0.117 seconds
[2025-02-23T04:55:09.881+0000] {processor.py:186} INFO - Started process (PID=1142) to work on /home/airflow/.local/lib/python3.12/site-packages/airflow/example_dags/example_params_trigger_ui.py
[2025-02-23T04:55:09.882+0000] {processor.py:914} INFO - Processing file /home/airflow/.local/lib/python3.12/site-packages/airflow/example_dags/example_params_trigger_ui.py for tasks to queue
[2025-02-23T04:55:09.883+0000] {logging_mixin.py:190} INFO - [2025-02-23T04:55:09.883+0000] {dagbag.py:588} INFO - Filling up the DagBag from /home/airflow/.local/lib/python3.12/site-packages/airflow/example_dags/example_params_trigger_ui.py
[2025-02-23T04:55:09.894+0000] {processor.py:925} INFO - DAG(s) 'example_params_trigger_ui' retrieved from /home/airflow/.local/lib/python3.12/site-packages/airflow/example_dags/example_params_trigger_ui.py
[2025-02-23T04:55:09.934+0000] {logging_mixin.py:190} INFO - [2025-02-23T04:55:09.934+0000] {dag.py:3239} INFO - Sync 1 DAGs
[2025-02-23T04:55:09.945+0000] {logging_mixin.py:190} INFO - [2025-02-23T04:55:09.945+0000] {dag.py:4180} INFO - Setting next_dagrun for example_params_trigger_ui to None, run_after=None
[2025-02-23T04:55:09.959+0000] {processor.py:208} INFO - Processing /home/airflow/.local/lib/python3.12/site-packages/airflow/example_dags/example_params_trigger_ui.py took 0.082 seconds
[2025-02-23T04:55:40.230+0000] {processor.py:186} INFO - Started process (PID=1205) to work on /home/airflow/.local/lib/python3.12/site-packages/airflow/example_dags/example_params_trigger_ui.py
[2025-02-23T04:55:40.231+0000] {processor.py:914} INFO - Processing file /home/airflow/.local/lib/python3.12/site-packages/airflow/example_dags/example_params_trigger_ui.py for tasks to queue
[2025-02-23T04:55:40.232+0000] {logging_mixin.py:190} INFO - [2025-02-23T04:55:40.232+0000] {dagbag.py:588} INFO - Filling up the DagBag from /home/airflow/.local/lib/python3.12/site-packages/airflow/example_dags/example_params_trigger_ui.py
[2025-02-23T04:55:40.240+0000] {processor.py:925} INFO - DAG(s) 'example_params_trigger_ui' retrieved from /home/airflow/.local/lib/python3.12/site-packages/airflow/example_dags/example_params_trigger_ui.py
[2025-02-23T04:55:40.275+0000] {logging_mixin.py:190} INFO - [2025-02-23T04:55:40.275+0000] {dag.py:3239} INFO - Sync 1 DAGs
[2025-02-23T04:55:40.285+0000] {logging_mixin.py:190} INFO - [2025-02-23T04:55:40.285+0000] {dag.py:4180} INFO - Setting next_dagrun for example_params_trigger_ui to None, run_after=None
[2025-02-23T04:55:40.298+0000] {processor.py:208} INFO - Processing /home/airflow/.local/lib/python3.12/site-packages/airflow/example_dags/example_params_trigger_ui.py took 0.073 seconds
[2025-02-23T04:56:10.621+0000] {processor.py:186} INFO - Started process (PID=1269) to work on /home/airflow/.local/lib/python3.12/site-packages/airflow/example_dags/example_params_trigger_ui.py
[2025-02-23T04:56:10.621+0000] {processor.py:914} INFO - Processing file /home/airflow/.local/lib/python3.12/site-packages/airflow/example_dags/example_params_trigger_ui.py for tasks to queue
[2025-02-23T04:56:10.623+0000] {logging_mixin.py:190} INFO - [2025-02-23T04:56:10.623+0000] {dagbag.py:588} INFO - Filling up the DagBag from /home/airflow/.local/lib/python3.12/site-packages/airflow/example_dags/example_params_trigger_ui.py
[2025-02-23T04:56:10.633+0000] {processor.py:925} INFO - DAG(s) 'example_params_trigger_ui' retrieved from /home/airflow/.local/lib/python3.12/site-packages/airflow/example_dags/example_params_trigger_ui.py
[2025-02-23T04:56:10.670+0000] {logging_mixin.py:190} INFO - [2025-02-23T04:56:10.669+0000] {dag.py:3239} INFO - Sync 1 DAGs
[2025-02-23T04:56:10.682+0000] {logging_mixin.py:190} INFO - [2025-02-23T04:56:10.682+0000] {dag.py:4180} INFO - Setting next_dagrun for example_params_trigger_ui to None, run_after=None
[2025-02-23T04:56:10.695+0000] {processor.py:208} INFO - Processing /home/airflow/.local/lib/python3.12/site-packages/airflow/example_dags/example_params_trigger_ui.py took 0.080 seconds
