[2025-02-23T04:46:36.657+0000] {processor.py:186} INFO - Started process (PID=78) to work on /home/airflow/.local/lib/python3.12/site-packages/airflow/example_dags/example_local_kubernetes_executor.py
[2025-02-23T04:46:36.657+0000] {processor.py:914} INFO - Processing file /home/airflow/.local/lib/python3.12/site-packages/airflow/example_dags/example_local_kubernetes_executor.py for tasks to queue
[2025-02-23T04:46:36.659+0000] {logging_mixin.py:190} INFO - [2025-02-23T04:46:36.659+0000] {dagbag.py:588} INFO - Filling up the DagBag from /home/airflow/.local/lib/python3.12/site-packages/airflow/example_dags/example_local_kubernetes_executor.py
[2025-02-23T04:46:36.673+0000] {processor.py:925} INFO - DAG(s) 'example_local_kubernetes_executor' retrieved from /home/airflow/.local/lib/python3.12/site-packages/airflow/example_dags/example_local_kubernetes_executor.py
[2025-02-23T04:46:36.917+0000] {logging_mixin.py:190} INFO - [2025-02-23T04:46:36.917+0000] {override.py:1911} INFO - Created Permission View: can read on DAG:example_local_kubernetes_executor
[2025-02-23T04:46:36.928+0000] {logging_mixin.py:190} INFO - [2025-02-23T04:46:36.927+0000] {override.py:1911} INFO - Created Permission View: can delete on DAG:example_local_kubernetes_executor
[2025-02-23T04:46:36.975+0000] {logging_mixin.py:190} INFO - [2025-02-23T04:46:36.975+0000] {override.py:1911} INFO - Created Permission View: can edit on DAG:example_local_kubernetes_executor
[2025-02-23T04:46:37.026+0000] {logging_mixin.py:190} INFO - [2025-02-23T04:46:37.025+0000] {override.py:1911} INFO - Created Permission View: can read on DAG Run:example_local_kubernetes_executor
[2025-02-23T04:46:37.032+0000] {logging_mixin.py:190} INFO - [2025-02-23T04:46:37.032+0000] {override.py:1911} INFO - Created Permission View: can create on DAG Run:example_local_kubernetes_executor
[2025-02-23T04:46:37.047+0000] {logging_mixin.py:190} INFO - [2025-02-23T04:46:37.047+0000] {override.py:1911} INFO - Created Permission View: can delete on DAG Run:example_local_kubernetes_executor
[2025-02-23T04:46:37.053+0000] {logging_mixin.py:190} INFO - [2025-02-23T04:46:37.053+0000] {override.py:1911} INFO - Created Permission View: menu access on DAG Run:example_local_kubernetes_executor
[2025-02-23T04:46:37.054+0000] {logging_mixin.py:190} INFO - [2025-02-23T04:46:37.054+0000] {dag.py:3239} INFO - Sync 1 DAGs
[2025-02-23T04:46:37.068+0000] {logging_mixin.py:190} INFO - [2025-02-23T04:46:37.068+0000] {dag.py:3262} INFO - Creating ORM DAG for example_local_kubernetes_executor
[2025-02-23T04:46:37.069+0000] {logging_mixin.py:190} INFO - [2025-02-23T04:46:37.069+0000] {dag.py:4180} INFO - Setting next_dagrun for example_local_kubernetes_executor to None, run_after=None
[2025-02-23T04:46:37.086+0000] {processor.py:208} INFO - Processing /home/airflow/.local/lib/python3.12/site-packages/airflow/example_dags/example_local_kubernetes_executor.py took 0.435 seconds
[2025-02-23T04:47:07.976+0000] {processor.py:186} INFO - Started process (PID=142) to work on /home/airflow/.local/lib/python3.12/site-packages/airflow/example_dags/example_local_kubernetes_executor.py
[2025-02-23T04:47:07.977+0000] {processor.py:914} INFO - Processing file /home/airflow/.local/lib/python3.12/site-packages/airflow/example_dags/example_local_kubernetes_executor.py for tasks to queue
[2025-02-23T04:47:07.979+0000] {logging_mixin.py:190} INFO - [2025-02-23T04:47:07.978+0000] {dagbag.py:588} INFO - Filling up the DagBag from /home/airflow/.local/lib/python3.12/site-packages/airflow/example_dags/example_local_kubernetes_executor.py
[2025-02-23T04:47:07.988+0000] {processor.py:925} INFO - DAG(s) 'example_local_kubernetes_executor' retrieved from /home/airflow/.local/lib/python3.12/site-packages/airflow/example_dags/example_local_kubernetes_executor.py
[2025-02-23T04:47:08.023+0000] {logging_mixin.py:190} INFO - [2025-02-23T04:47:08.023+0000] {dag.py:3239} INFO - Sync 1 DAGs
[2025-02-23T04:47:08.041+0000] {logging_mixin.py:190} INFO - [2025-02-23T04:47:08.041+0000] {dag.py:4180} INFO - Setting next_dagrun for example_local_kubernetes_executor to None, run_after=None
[2025-02-23T04:47:08.055+0000] {processor.py:208} INFO - Processing /home/airflow/.local/lib/python3.12/site-packages/airflow/example_dags/example_local_kubernetes_executor.py took 0.085 seconds
[2025-02-23T04:47:38.556+0000] {processor.py:186} INFO - Started process (PID=205) to work on /home/airflow/.local/lib/python3.12/site-packages/airflow/example_dags/example_local_kubernetes_executor.py
[2025-02-23T04:47:38.556+0000] {processor.py:914} INFO - Processing file /home/airflow/.local/lib/python3.12/site-packages/airflow/example_dags/example_local_kubernetes_executor.py for tasks to queue
[2025-02-23T04:47:38.558+0000] {logging_mixin.py:190} INFO - [2025-02-23T04:47:38.558+0000] {dagbag.py:588} INFO - Filling up the DagBag from /home/airflow/.local/lib/python3.12/site-packages/airflow/example_dags/example_local_kubernetes_executor.py
[2025-02-23T04:47:38.565+0000] {processor.py:925} INFO - DAG(s) 'example_local_kubernetes_executor' retrieved from /home/airflow/.local/lib/python3.12/site-packages/airflow/example_dags/example_local_kubernetes_executor.py
[2025-02-23T04:47:38.596+0000] {logging_mixin.py:190} INFO - [2025-02-23T04:47:38.595+0000] {dag.py:3239} INFO - Sync 1 DAGs
[2025-02-23T04:47:38.609+0000] {logging_mixin.py:190} INFO - [2025-02-23T04:47:38.609+0000] {dag.py:4180} INFO - Setting next_dagrun for example_local_kubernetes_executor to None, run_after=None
[2025-02-23T04:47:38.624+0000] {processor.py:208} INFO - Processing /home/airflow/.local/lib/python3.12/site-packages/airflow/example_dags/example_local_kubernetes_executor.py took 0.073 seconds
[2025-02-23T04:48:08.983+0000] {processor.py:186} INFO - Started process (PID=269) to work on /home/airflow/.local/lib/python3.12/site-packages/airflow/example_dags/example_local_kubernetes_executor.py
[2025-02-23T04:48:08.984+0000] {processor.py:914} INFO - Processing file /home/airflow/.local/lib/python3.12/site-packages/airflow/example_dags/example_local_kubernetes_executor.py for tasks to queue
[2025-02-23T04:48:08.985+0000] {logging_mixin.py:190} INFO - [2025-02-23T04:48:08.985+0000] {dagbag.py:588} INFO - Filling up the DagBag from /home/airflow/.local/lib/python3.12/site-packages/airflow/example_dags/example_local_kubernetes_executor.py
[2025-02-23T04:48:08.994+0000] {processor.py:925} INFO - DAG(s) 'example_local_kubernetes_executor' retrieved from /home/airflow/.local/lib/python3.12/site-packages/airflow/example_dags/example_local_kubernetes_executor.py
[2025-02-23T04:48:09.026+0000] {logging_mixin.py:190} INFO - [2025-02-23T04:48:09.026+0000] {dag.py:3239} INFO - Sync 1 DAGs
[2025-02-23T04:48:09.041+0000] {logging_mixin.py:190} INFO - [2025-02-23T04:48:09.040+0000] {dag.py:4180} INFO - Setting next_dagrun for example_local_kubernetes_executor to None, run_after=None
[2025-02-23T04:48:09.057+0000] {processor.py:208} INFO - Processing /home/airflow/.local/lib/python3.12/site-packages/airflow/example_dags/example_local_kubernetes_executor.py took 0.078 seconds
[2025-02-23T04:48:39.374+0000] {processor.py:186} INFO - Started process (PID=332) to work on /home/airflow/.local/lib/python3.12/site-packages/airflow/example_dags/example_local_kubernetes_executor.py
[2025-02-23T04:48:39.375+0000] {processor.py:914} INFO - Processing file /home/airflow/.local/lib/python3.12/site-packages/airflow/example_dags/example_local_kubernetes_executor.py for tasks to queue
[2025-02-23T04:48:39.376+0000] {logging_mixin.py:190} INFO - [2025-02-23T04:48:39.376+0000] {dagbag.py:588} INFO - Filling up the DagBag from /home/airflow/.local/lib/python3.12/site-packages/airflow/example_dags/example_local_kubernetes_executor.py
[2025-02-23T04:48:39.384+0000] {processor.py:925} INFO - DAG(s) 'example_local_kubernetes_executor' retrieved from /home/airflow/.local/lib/python3.12/site-packages/airflow/example_dags/example_local_kubernetes_executor.py
[2025-02-23T04:48:39.414+0000] {logging_mixin.py:190} INFO - [2025-02-23T04:48:39.414+0000] {dag.py:3239} INFO - Sync 1 DAGs
[2025-02-23T04:48:39.428+0000] {logging_mixin.py:190} INFO - [2025-02-23T04:48:39.427+0000] {dag.py:4180} INFO - Setting next_dagrun for example_local_kubernetes_executor to None, run_after=None
[2025-02-23T04:48:39.443+0000] {processor.py:208} INFO - Processing /home/airflow/.local/lib/python3.12/site-packages/airflow/example_dags/example_local_kubernetes_executor.py took 0.073 seconds
[2025-02-23T04:49:10.422+0000] {processor.py:186} INFO - Started process (PID=395) to work on /home/airflow/.local/lib/python3.12/site-packages/airflow/example_dags/example_local_kubernetes_executor.py
[2025-02-23T04:49:10.422+0000] {processor.py:914} INFO - Processing file /home/airflow/.local/lib/python3.12/site-packages/airflow/example_dags/example_local_kubernetes_executor.py for tasks to queue
[2025-02-23T04:49:10.424+0000] {logging_mixin.py:190} INFO - [2025-02-23T04:49:10.424+0000] {dagbag.py:588} INFO - Filling up the DagBag from /home/airflow/.local/lib/python3.12/site-packages/airflow/example_dags/example_local_kubernetes_executor.py
[2025-02-23T04:49:10.434+0000] {processor.py:925} INFO - DAG(s) 'example_local_kubernetes_executor' retrieved from /home/airflow/.local/lib/python3.12/site-packages/airflow/example_dags/example_local_kubernetes_executor.py
[2025-02-23T04:49:10.465+0000] {logging_mixin.py:190} INFO - [2025-02-23T04:49:10.465+0000] {dag.py:3239} INFO - Sync 1 DAGs
[2025-02-23T04:49:10.477+0000] {logging_mixin.py:190} INFO - [2025-02-23T04:49:10.476+0000] {dag.py:4180} INFO - Setting next_dagrun for example_local_kubernetes_executor to None, run_after=None
[2025-02-23T04:49:10.491+0000] {processor.py:208} INFO - Processing /home/airflow/.local/lib/python3.12/site-packages/airflow/example_dags/example_local_kubernetes_executor.py took 0.075 seconds
[2025-02-23T04:49:40.575+0000] {processor.py:186} INFO - Started process (PID=458) to work on /home/airflow/.local/lib/python3.12/site-packages/airflow/example_dags/example_local_kubernetes_executor.py
[2025-02-23T04:49:40.576+0000] {processor.py:914} INFO - Processing file /home/airflow/.local/lib/python3.12/site-packages/airflow/example_dags/example_local_kubernetes_executor.py for tasks to queue
[2025-02-23T04:49:40.578+0000] {logging_mixin.py:190} INFO - [2025-02-23T04:49:40.577+0000] {dagbag.py:588} INFO - Filling up the DagBag from /home/airflow/.local/lib/python3.12/site-packages/airflow/example_dags/example_local_kubernetes_executor.py
[2025-02-23T04:49:40.585+0000] {processor.py:925} INFO - DAG(s) 'example_local_kubernetes_executor' retrieved from /home/airflow/.local/lib/python3.12/site-packages/airflow/example_dags/example_local_kubernetes_executor.py
[2025-02-23T04:49:40.611+0000] {logging_mixin.py:190} INFO - [2025-02-23T04:49:40.610+0000] {dag.py:3239} INFO - Sync 1 DAGs
[2025-02-23T04:49:40.622+0000] {logging_mixin.py:190} INFO - [2025-02-23T04:49:40.622+0000] {dag.py:4180} INFO - Setting next_dagrun for example_local_kubernetes_executor to None, run_after=None
[2025-02-23T04:49:40.636+0000] {processor.py:208} INFO - Processing /home/airflow/.local/lib/python3.12/site-packages/airflow/example_dags/example_local_kubernetes_executor.py took 0.065 seconds
[2025-02-23T04:50:10.728+0000] {processor.py:186} INFO - Started process (PID=521) to work on /home/airflow/.local/lib/python3.12/site-packages/airflow/example_dags/example_local_kubernetes_executor.py
[2025-02-23T04:50:10.728+0000] {processor.py:914} INFO - Processing file /home/airflow/.local/lib/python3.12/site-packages/airflow/example_dags/example_local_kubernetes_executor.py for tasks to queue
[2025-02-23T04:50:10.730+0000] {logging_mixin.py:190} INFO - [2025-02-23T04:50:10.730+0000] {dagbag.py:588} INFO - Filling up the DagBag from /home/airflow/.local/lib/python3.12/site-packages/airflow/example_dags/example_local_kubernetes_executor.py
[2025-02-23T04:50:10.741+0000] {processor.py:925} INFO - DAG(s) 'example_local_kubernetes_executor' retrieved from /home/airflow/.local/lib/python3.12/site-packages/airflow/example_dags/example_local_kubernetes_executor.py
[2025-02-23T04:50:10.774+0000] {logging_mixin.py:190} INFO - [2025-02-23T04:50:10.773+0000] {dag.py:3239} INFO - Sync 1 DAGs
[2025-02-23T04:50:10.787+0000] {logging_mixin.py:190} INFO - [2025-02-23T04:50:10.787+0000] {dag.py:4180} INFO - Setting next_dagrun for example_local_kubernetes_executor to None, run_after=None
[2025-02-23T04:50:10.802+0000] {processor.py:208} INFO - Processing /home/airflow/.local/lib/python3.12/site-packages/airflow/example_dags/example_local_kubernetes_executor.py took 0.080 seconds
[2025-02-23T04:50:40.923+0000] {processor.py:186} INFO - Started process (PID=584) to work on /home/airflow/.local/lib/python3.12/site-packages/airflow/example_dags/example_local_kubernetes_executor.py
[2025-02-23T04:50:40.924+0000] {processor.py:914} INFO - Processing file /home/airflow/.local/lib/python3.12/site-packages/airflow/example_dags/example_local_kubernetes_executor.py for tasks to queue
[2025-02-23T04:50:40.926+0000] {logging_mixin.py:190} INFO - [2025-02-23T04:50:40.925+0000] {dagbag.py:588} INFO - Filling up the DagBag from /home/airflow/.local/lib/python3.12/site-packages/airflow/example_dags/example_local_kubernetes_executor.py
[2025-02-23T04:50:40.935+0000] {processor.py:925} INFO - DAG(s) 'example_local_kubernetes_executor' retrieved from /home/airflow/.local/lib/python3.12/site-packages/airflow/example_dags/example_local_kubernetes_executor.py
[2025-02-23T04:50:40.966+0000] {logging_mixin.py:190} INFO - [2025-02-23T04:50:40.965+0000] {dag.py:3239} INFO - Sync 1 DAGs
[2025-02-23T04:50:40.976+0000] {logging_mixin.py:190} INFO - [2025-02-23T04:50:40.976+0000] {dag.py:4180} INFO - Setting next_dagrun for example_local_kubernetes_executor to None, run_after=None
[2025-02-23T04:50:40.989+0000] {processor.py:208} INFO - Processing /home/airflow/.local/lib/python3.12/site-packages/airflow/example_dags/example_local_kubernetes_executor.py took 0.070 seconds
[2025-02-23T04:51:11.080+0000] {processor.py:186} INFO - Started process (PID=647) to work on /home/airflow/.local/lib/python3.12/site-packages/airflow/example_dags/example_local_kubernetes_executor.py
[2025-02-23T04:51:11.081+0000] {processor.py:914} INFO - Processing file /home/airflow/.local/lib/python3.12/site-packages/airflow/example_dags/example_local_kubernetes_executor.py for tasks to queue
[2025-02-23T04:51:11.083+0000] {logging_mixin.py:190} INFO - [2025-02-23T04:51:11.083+0000] {dagbag.py:588} INFO - Filling up the DagBag from /home/airflow/.local/lib/python3.12/site-packages/airflow/example_dags/example_local_kubernetes_executor.py
[2025-02-23T04:51:11.091+0000] {processor.py:925} INFO - DAG(s) 'example_local_kubernetes_executor' retrieved from /home/airflow/.local/lib/python3.12/site-packages/airflow/example_dags/example_local_kubernetes_executor.py
[2025-02-23T04:51:11.123+0000] {logging_mixin.py:190} INFO - [2025-02-23T04:51:11.122+0000] {dag.py:3239} INFO - Sync 1 DAGs
[2025-02-23T04:51:11.135+0000] {logging_mixin.py:190} INFO - [2025-02-23T04:51:11.135+0000] {dag.py:4180} INFO - Setting next_dagrun for example_local_kubernetes_executor to None, run_after=None
[2025-02-23T04:51:11.148+0000] {processor.py:208} INFO - Processing /home/airflow/.local/lib/python3.12/site-packages/airflow/example_dags/example_local_kubernetes_executor.py took 0.073 seconds
[2025-02-23T04:51:41.229+0000] {processor.py:186} INFO - Started process (PID=710) to work on /home/airflow/.local/lib/python3.12/site-packages/airflow/example_dags/example_local_kubernetes_executor.py
[2025-02-23T04:51:41.229+0000] {processor.py:914} INFO - Processing file /home/airflow/.local/lib/python3.12/site-packages/airflow/example_dags/example_local_kubernetes_executor.py for tasks to queue
[2025-02-23T04:51:41.231+0000] {logging_mixin.py:190} INFO - [2025-02-23T04:51:41.231+0000] {dagbag.py:588} INFO - Filling up the DagBag from /home/airflow/.local/lib/python3.12/site-packages/airflow/example_dags/example_local_kubernetes_executor.py
[2025-02-23T04:51:41.239+0000] {processor.py:925} INFO - DAG(s) 'example_local_kubernetes_executor' retrieved from /home/airflow/.local/lib/python3.12/site-packages/airflow/example_dags/example_local_kubernetes_executor.py
[2025-02-23T04:51:41.268+0000] {logging_mixin.py:190} INFO - [2025-02-23T04:51:41.268+0000] {dag.py:3239} INFO - Sync 1 DAGs
[2025-02-23T04:51:41.283+0000] {logging_mixin.py:190} INFO - [2025-02-23T04:51:41.283+0000] {dag.py:4180} INFO - Setting next_dagrun for example_local_kubernetes_executor to None, run_after=None
[2025-02-23T04:51:41.299+0000] {processor.py:208} INFO - Processing /home/airflow/.local/lib/python3.12/site-packages/airflow/example_dags/example_local_kubernetes_executor.py took 0.074 seconds
[2025-02-23T04:52:11.346+0000] {processor.py:186} INFO - Started process (PID=773) to work on /home/airflow/.local/lib/python3.12/site-packages/airflow/example_dags/example_local_kubernetes_executor.py
[2025-02-23T04:52:11.347+0000] {processor.py:914} INFO - Processing file /home/airflow/.local/lib/python3.12/site-packages/airflow/example_dags/example_local_kubernetes_executor.py for tasks to queue
[2025-02-23T04:52:11.348+0000] {logging_mixin.py:190} INFO - [2025-02-23T04:52:11.348+0000] {dagbag.py:588} INFO - Filling up the DagBag from /home/airflow/.local/lib/python3.12/site-packages/airflow/example_dags/example_local_kubernetes_executor.py
[2025-02-23T04:52:11.356+0000] {processor.py:925} INFO - DAG(s) 'example_local_kubernetes_executor' retrieved from /home/airflow/.local/lib/python3.12/site-packages/airflow/example_dags/example_local_kubernetes_executor.py
[2025-02-23T04:52:11.381+0000] {logging_mixin.py:190} INFO - [2025-02-23T04:52:11.381+0000] {dag.py:3239} INFO - Sync 1 DAGs
[2025-02-23T04:52:11.392+0000] {logging_mixin.py:190} INFO - [2025-02-23T04:52:11.392+0000] {dag.py:4180} INFO - Setting next_dagrun for example_local_kubernetes_executor to None, run_after=None
[2025-02-23T04:52:11.406+0000] {processor.py:208} INFO - Processing /home/airflow/.local/lib/python3.12/site-packages/airflow/example_dags/example_local_kubernetes_executor.py took 0.064 seconds
[2025-02-23T04:52:41.448+0000] {processor.py:186} INFO - Started process (PID=836) to work on /home/airflow/.local/lib/python3.12/site-packages/airflow/example_dags/example_local_kubernetes_executor.py
[2025-02-23T04:52:41.449+0000] {processor.py:914} INFO - Processing file /home/airflow/.local/lib/python3.12/site-packages/airflow/example_dags/example_local_kubernetes_executor.py for tasks to queue
[2025-02-23T04:52:41.450+0000] {logging_mixin.py:190} INFO - [2025-02-23T04:52:41.450+0000] {dagbag.py:588} INFO - Filling up the DagBag from /home/airflow/.local/lib/python3.12/site-packages/airflow/example_dags/example_local_kubernetes_executor.py
[2025-02-23T04:52:41.458+0000] {processor.py:925} INFO - DAG(s) 'example_local_kubernetes_executor' retrieved from /home/airflow/.local/lib/python3.12/site-packages/airflow/example_dags/example_local_kubernetes_executor.py
[2025-02-23T04:52:41.488+0000] {logging_mixin.py:190} INFO - [2025-02-23T04:52:41.488+0000] {dag.py:3239} INFO - Sync 1 DAGs
[2025-02-23T04:52:41.501+0000] {logging_mixin.py:190} INFO - [2025-02-23T04:52:41.501+0000] {dag.py:4180} INFO - Setting next_dagrun for example_local_kubernetes_executor to None, run_after=None
[2025-02-23T04:52:41.516+0000] {processor.py:208} INFO - Processing /home/airflow/.local/lib/python3.12/site-packages/airflow/example_dags/example_local_kubernetes_executor.py took 0.072 seconds
[2025-02-23T04:53:11.859+0000] {processor.py:186} INFO - Started process (PID=899) to work on /home/airflow/.local/lib/python3.12/site-packages/airflow/example_dags/example_local_kubernetes_executor.py
[2025-02-23T04:53:11.860+0000] {processor.py:914} INFO - Processing file /home/airflow/.local/lib/python3.12/site-packages/airflow/example_dags/example_local_kubernetes_executor.py for tasks to queue
[2025-02-23T04:53:11.862+0000] {logging_mixin.py:190} INFO - [2025-02-23T04:53:11.861+0000] {dagbag.py:588} INFO - Filling up the DagBag from /home/airflow/.local/lib/python3.12/site-packages/airflow/example_dags/example_local_kubernetes_executor.py
[2025-02-23T04:53:11.870+0000] {processor.py:925} INFO - DAG(s) 'example_local_kubernetes_executor' retrieved from /home/airflow/.local/lib/python3.12/site-packages/airflow/example_dags/example_local_kubernetes_executor.py
[2025-02-23T04:53:11.899+0000] {logging_mixin.py:190} INFO - [2025-02-23T04:53:11.899+0000] {dag.py:3239} INFO - Sync 1 DAGs
[2025-02-23T04:53:11.914+0000] {logging_mixin.py:190} INFO - [2025-02-23T04:53:11.914+0000] {dag.py:4180} INFO - Setting next_dagrun for example_local_kubernetes_executor to None, run_after=None
[2025-02-23T04:53:11.927+0000] {processor.py:208} INFO - Processing /home/airflow/.local/lib/python3.12/site-packages/airflow/example_dags/example_local_kubernetes_executor.py took 0.074 seconds
[2025-02-23T04:53:42.399+0000] {processor.py:186} INFO - Started process (PID=962) to work on /home/airflow/.local/lib/python3.12/site-packages/airflow/example_dags/example_local_kubernetes_executor.py
[2025-02-23T04:53:42.399+0000] {processor.py:914} INFO - Processing file /home/airflow/.local/lib/python3.12/site-packages/airflow/example_dags/example_local_kubernetes_executor.py for tasks to queue
[2025-02-23T04:53:42.401+0000] {logging_mixin.py:190} INFO - [2025-02-23T04:53:42.400+0000] {dagbag.py:588} INFO - Filling up the DagBag from /home/airflow/.local/lib/python3.12/site-packages/airflow/example_dags/example_local_kubernetes_executor.py
[2025-02-23T04:53:42.408+0000] {processor.py:925} INFO - DAG(s) 'example_local_kubernetes_executor' retrieved from /home/airflow/.local/lib/python3.12/site-packages/airflow/example_dags/example_local_kubernetes_executor.py
[2025-02-23T04:53:42.434+0000] {logging_mixin.py:190} INFO - [2025-02-23T04:53:42.433+0000] {dag.py:3239} INFO - Sync 1 DAGs
[2025-02-23T04:53:42.444+0000] {logging_mixin.py:190} INFO - [2025-02-23T04:53:42.444+0000] {dag.py:4180} INFO - Setting next_dagrun for example_local_kubernetes_executor to None, run_after=None
[2025-02-23T04:53:42.457+0000] {processor.py:208} INFO - Processing /home/airflow/.local/lib/python3.12/site-packages/airflow/example_dags/example_local_kubernetes_executor.py took 0.063 seconds
[2025-02-23T04:54:12.619+0000] {processor.py:186} INFO - Started process (PID=1025) to work on /home/airflow/.local/lib/python3.12/site-packages/airflow/example_dags/example_local_kubernetes_executor.py
[2025-02-23T04:54:12.620+0000] {processor.py:914} INFO - Processing file /home/airflow/.local/lib/python3.12/site-packages/airflow/example_dags/example_local_kubernetes_executor.py for tasks to queue
[2025-02-23T04:54:12.621+0000] {logging_mixin.py:190} INFO - [2025-02-23T04:54:12.621+0000] {dagbag.py:588} INFO - Filling up the DagBag from /home/airflow/.local/lib/python3.12/site-packages/airflow/example_dags/example_local_kubernetes_executor.py
[2025-02-23T04:54:12.630+0000] {processor.py:925} INFO - DAG(s) 'example_local_kubernetes_executor' retrieved from /home/airflow/.local/lib/python3.12/site-packages/airflow/example_dags/example_local_kubernetes_executor.py
[2025-02-23T04:54:12.664+0000] {logging_mixin.py:190} INFO - [2025-02-23T04:54:12.663+0000] {dag.py:3239} INFO - Sync 1 DAGs
[2025-02-23T04:54:12.680+0000] {logging_mixin.py:190} INFO - [2025-02-23T04:54:12.680+0000] {dag.py:4180} INFO - Setting next_dagrun for example_local_kubernetes_executor to None, run_after=None
[2025-02-23T04:54:12.695+0000] {processor.py:208} INFO - Processing /home/airflow/.local/lib/python3.12/site-packages/airflow/example_dags/example_local_kubernetes_executor.py took 0.082 seconds
[2025-02-23T04:54:43.053+0000] {processor.py:186} INFO - Started process (PID=1088) to work on /home/airflow/.local/lib/python3.12/site-packages/airflow/example_dags/example_local_kubernetes_executor.py
[2025-02-23T04:54:43.054+0000] {processor.py:914} INFO - Processing file /home/airflow/.local/lib/python3.12/site-packages/airflow/example_dags/example_local_kubernetes_executor.py for tasks to queue
[2025-02-23T04:54:43.055+0000] {logging_mixin.py:190} INFO - [2025-02-23T04:54:43.055+0000] {dagbag.py:588} INFO - Filling up the DagBag from /home/airflow/.local/lib/python3.12/site-packages/airflow/example_dags/example_local_kubernetes_executor.py
[2025-02-23T04:54:43.063+0000] {processor.py:925} INFO - DAG(s) 'example_local_kubernetes_executor' retrieved from /home/airflow/.local/lib/python3.12/site-packages/airflow/example_dags/example_local_kubernetes_executor.py
[2025-02-23T04:54:43.093+0000] {logging_mixin.py:190} INFO - [2025-02-23T04:54:43.093+0000] {dag.py:3239} INFO - Sync 1 DAGs
[2025-02-23T04:54:43.108+0000] {logging_mixin.py:190} INFO - [2025-02-23T04:54:43.108+0000] {dag.py:4180} INFO - Setting next_dagrun for example_local_kubernetes_executor to None, run_after=None
[2025-02-23T04:54:43.124+0000] {processor.py:208} INFO - Processing /home/airflow/.local/lib/python3.12/site-packages/airflow/example_dags/example_local_kubernetes_executor.py took 0.075 seconds
[2025-02-23T04:55:13.315+0000] {processor.py:186} INFO - Started process (PID=1151) to work on /home/airflow/.local/lib/python3.12/site-packages/airflow/example_dags/example_local_kubernetes_executor.py
[2025-02-23T04:55:13.315+0000] {processor.py:914} INFO - Processing file /home/airflow/.local/lib/python3.12/site-packages/airflow/example_dags/example_local_kubernetes_executor.py for tasks to queue
[2025-02-23T04:55:13.317+0000] {logging_mixin.py:190} INFO - [2025-02-23T04:55:13.317+0000] {dagbag.py:588} INFO - Filling up the DagBag from /home/airflow/.local/lib/python3.12/site-packages/airflow/example_dags/example_local_kubernetes_executor.py
[2025-02-23T04:55:13.326+0000] {processor.py:925} INFO - DAG(s) 'example_local_kubernetes_executor' retrieved from /home/airflow/.local/lib/python3.12/site-packages/airflow/example_dags/example_local_kubernetes_executor.py
[2025-02-23T04:55:13.363+0000] {logging_mixin.py:190} INFO - [2025-02-23T04:55:13.363+0000] {dag.py:3239} INFO - Sync 1 DAGs
[2025-02-23T04:55:13.379+0000] {logging_mixin.py:190} INFO - [2025-02-23T04:55:13.379+0000] {dag.py:4180} INFO - Setting next_dagrun for example_local_kubernetes_executor to None, run_after=None
[2025-02-23T04:55:13.396+0000] {processor.py:208} INFO - Processing /home/airflow/.local/lib/python3.12/site-packages/airflow/example_dags/example_local_kubernetes_executor.py took 0.087 seconds
[2025-02-23T04:55:43.537+0000] {processor.py:186} INFO - Started process (PID=1214) to work on /home/airflow/.local/lib/python3.12/site-packages/airflow/example_dags/example_local_kubernetes_executor.py
[2025-02-23T04:55:43.538+0000] {processor.py:914} INFO - Processing file /home/airflow/.local/lib/python3.12/site-packages/airflow/example_dags/example_local_kubernetes_executor.py for tasks to queue
[2025-02-23T04:55:43.540+0000] {logging_mixin.py:190} INFO - [2025-02-23T04:55:43.539+0000] {dagbag.py:588} INFO - Filling up the DagBag from /home/airflow/.local/lib/python3.12/site-packages/airflow/example_dags/example_local_kubernetes_executor.py
[2025-02-23T04:55:43.547+0000] {processor.py:925} INFO - DAG(s) 'example_local_kubernetes_executor' retrieved from /home/airflow/.local/lib/python3.12/site-packages/airflow/example_dags/example_local_kubernetes_executor.py
[2025-02-23T04:55:43.573+0000] {logging_mixin.py:190} INFO - [2025-02-23T04:55:43.573+0000] {dag.py:3239} INFO - Sync 1 DAGs
[2025-02-23T04:55:43.584+0000] {logging_mixin.py:190} INFO - [2025-02-23T04:55:43.584+0000] {dag.py:4180} INFO - Setting next_dagrun for example_local_kubernetes_executor to None, run_after=None
[2025-02-23T04:55:43.598+0000] {processor.py:208} INFO - Processing /home/airflow/.local/lib/python3.12/site-packages/airflow/example_dags/example_local_kubernetes_executor.py took 0.067 seconds
[2025-02-23T04:56:13.929+0000] {processor.py:186} INFO - Started process (PID=1278) to work on /home/airflow/.local/lib/python3.12/site-packages/airflow/example_dags/example_local_kubernetes_executor.py
[2025-02-23T04:56:13.929+0000] {processor.py:914} INFO - Processing file /home/airflow/.local/lib/python3.12/site-packages/airflow/example_dags/example_local_kubernetes_executor.py for tasks to queue
[2025-02-23T04:56:13.931+0000] {logging_mixin.py:190} INFO - [2025-02-23T04:56:13.931+0000] {dagbag.py:588} INFO - Filling up the DagBag from /home/airflow/.local/lib/python3.12/site-packages/airflow/example_dags/example_local_kubernetes_executor.py
[2025-02-23T04:56:13.938+0000] {processor.py:925} INFO - DAG(s) 'example_local_kubernetes_executor' retrieved from /home/airflow/.local/lib/python3.12/site-packages/airflow/example_dags/example_local_kubernetes_executor.py
[2025-02-23T04:56:13.968+0000] {logging_mixin.py:190} INFO - [2025-02-23T04:56:13.968+0000] {dag.py:3239} INFO - Sync 1 DAGs
[2025-02-23T04:56:13.982+0000] {logging_mixin.py:190} INFO - [2025-02-23T04:56:13.981+0000] {dag.py:4180} INFO - Setting next_dagrun for example_local_kubernetes_executor to None, run_after=None
[2025-02-23T04:56:13.996+0000] {processor.py:208} INFO - Processing /home/airflow/.local/lib/python3.12/site-packages/airflow/example_dags/example_local_kubernetes_executor.py took 0.072 seconds
[2025-02-23T04:56:44.623+0000] {processor.py:186} INFO - Started process (PID=1342) to work on /home/airflow/.local/lib/python3.12/site-packages/airflow/example_dags/example_local_kubernetes_executor.py
[2025-02-23T04:56:44.623+0000] {processor.py:914} INFO - Processing file /home/airflow/.local/lib/python3.12/site-packages/airflow/example_dags/example_local_kubernetes_executor.py for tasks to queue
[2025-02-23T04:56:44.625+0000] {logging_mixin.py:190} INFO - [2025-02-23T04:56:44.625+0000] {dagbag.py:588} INFO - Filling up the DagBag from /home/airflow/.local/lib/python3.12/site-packages/airflow/example_dags/example_local_kubernetes_executor.py
[2025-02-23T04:56:44.632+0000] {processor.py:925} INFO - DAG(s) 'example_local_kubernetes_executor' retrieved from /home/airflow/.local/lib/python3.12/site-packages/airflow/example_dags/example_local_kubernetes_executor.py
[2025-02-23T04:56:44.661+0000] {logging_mixin.py:190} INFO - [2025-02-23T04:56:44.661+0000] {dag.py:3239} INFO - Sync 1 DAGs
[2025-02-23T04:56:44.675+0000] {logging_mixin.py:190} INFO - [2025-02-23T04:56:44.675+0000] {dag.py:4180} INFO - Setting next_dagrun for example_local_kubernetes_executor to None, run_after=None
[2025-02-23T04:56:44.690+0000] {processor.py:208} INFO - Processing /home/airflow/.local/lib/python3.12/site-packages/airflow/example_dags/example_local_kubernetes_executor.py took 0.071 seconds
