[2025-02-23T04:46:36.340+0000] {processor.py:186} INFO - Started process (PID=77) to work on /home/airflow/.local/lib/python3.12/site-packages/airflow/example_dags/example_external_task_marker_dag.py
[2025-02-23T04:46:36.340+0000] {processor.py:914} INFO - Processing file /home/airflow/.local/lib/python3.12/site-packages/airflow/example_dags/example_external_task_marker_dag.py for tasks to queue
[2025-02-23T04:46:36.342+0000] {logging_mixin.py:190} INFO - [2025-02-23T04:46:36.342+0000] {dagbag.py:588} INFO - Filling up the DagBag from /home/airflow/.local/lib/python3.12/site-packages/airflow/example_dags/example_external_task_marker_dag.py
[2025-02-23T04:46:36.354+0000] {processor.py:925} INFO - DAG(s) 'example_external_task_marker_parent', 'example_external_task_marker_child' retrieved from /home/airflow/.local/lib/python3.12/site-packages/airflow/example_dags/example_external_task_marker_dag.py
[2025-02-23T04:46:36.480+0000] {logging_mixin.py:190} INFO - [2025-02-23T04:46:36.479+0000] {override.py:1911} INFO - Created Permission View: can read on DAG:example_external_task_marker_parent
[2025-02-23T04:46:36.489+0000] {logging_mixin.py:190} INFO - [2025-02-23T04:46:36.489+0000] {override.py:1911} INFO - Created Permission View: can delete on DAG:example_external_task_marker_parent
[2025-02-23T04:46:36.494+0000] {logging_mixin.py:190} INFO - [2025-02-23T04:46:36.494+0000] {override.py:1911} INFO - Created Permission View: can edit on DAG:example_external_task_marker_parent
[2025-02-23T04:46:36.500+0000] {logging_mixin.py:190} INFO - [2025-02-23T04:46:36.500+0000] {override.py:1911} INFO - Created Permission View: can read on DAG Run:example_external_task_marker_parent
[2025-02-23T04:46:36.505+0000] {logging_mixin.py:190} INFO - [2025-02-23T04:46:36.505+0000] {override.py:1911} INFO - Created Permission View: can create on DAG Run:example_external_task_marker_parent
[2025-02-23T04:46:36.511+0000] {logging_mixin.py:190} INFO - [2025-02-23T04:46:36.510+0000] {override.py:1911} INFO - Created Permission View: can delete on DAG Run:example_external_task_marker_parent
[2025-02-23T04:46:36.518+0000] {logging_mixin.py:190} INFO - [2025-02-23T04:46:36.518+0000] {override.py:1911} INFO - Created Permission View: menu access on DAG Run:example_external_task_marker_parent
[2025-02-23T04:46:36.542+0000] {logging_mixin.py:190} INFO - [2025-02-23T04:46:36.542+0000] {override.py:1911} INFO - Created Permission View: can read on DAG:example_external_task_marker_child
[2025-02-23T04:46:36.548+0000] {logging_mixin.py:190} INFO - [2025-02-23T04:46:36.547+0000] {override.py:1911} INFO - Created Permission View: can delete on DAG:example_external_task_marker_child
[2025-02-23T04:46:36.553+0000] {logging_mixin.py:190} INFO - [2025-02-23T04:46:36.553+0000] {override.py:1911} INFO - Created Permission View: can edit on DAG:example_external_task_marker_child
[2025-02-23T04:46:36.559+0000] {logging_mixin.py:190} INFO - [2025-02-23T04:46:36.559+0000] {override.py:1911} INFO - Created Permission View: can read on DAG Run:example_external_task_marker_child
[2025-02-23T04:46:36.564+0000] {logging_mixin.py:190} INFO - [2025-02-23T04:46:36.564+0000] {override.py:1911} INFO - Created Permission View: can create on DAG Run:example_external_task_marker_child
[2025-02-23T04:46:36.569+0000] {logging_mixin.py:190} INFO - [2025-02-23T04:46:36.569+0000] {override.py:1911} INFO - Created Permission View: can delete on DAG Run:example_external_task_marker_child
[2025-02-23T04:46:36.574+0000] {logging_mixin.py:190} INFO - [2025-02-23T04:46:36.574+0000] {override.py:1911} INFO - Created Permission View: menu access on DAG Run:example_external_task_marker_child
[2025-02-23T04:46:36.575+0000] {logging_mixin.py:190} INFO - [2025-02-23T04:46:36.575+0000] {dag.py:3239} INFO - Sync 2 DAGs
[2025-02-23T04:46:36.589+0000] {logging_mixin.py:190} INFO - [2025-02-23T04:46:36.588+0000] {dag.py:3262} INFO - Creating ORM DAG for example_external_task_marker_parent
[2025-02-23T04:46:36.589+0000] {logging_mixin.py:190} INFO - [2025-02-23T04:46:36.589+0000] {dag.py:3262} INFO - Creating ORM DAG for example_external_task_marker_child
[2025-02-23T04:46:36.590+0000] {logging_mixin.py:190} INFO - [2025-02-23T04:46:36.590+0000] {dag.py:4180} INFO - Setting next_dagrun for example_external_task_marker_child to None, run_after=None
[2025-02-23T04:46:36.591+0000] {logging_mixin.py:190} INFO - [2025-02-23T04:46:36.590+0000] {dag.py:4180} INFO - Setting next_dagrun for example_external_task_marker_parent to None, run_after=None
[2025-02-23T04:46:36.606+0000] {processor.py:208} INFO - Processing /home/airflow/.local/lib/python3.12/site-packages/airflow/example_dags/example_external_task_marker_dag.py took 0.270 seconds
[2025-02-23T04:47:06.890+0000] {processor.py:186} INFO - Started process (PID=140) to work on /home/airflow/.local/lib/python3.12/site-packages/airflow/example_dags/example_external_task_marker_dag.py
[2025-02-23T04:47:06.890+0000] {processor.py:914} INFO - Processing file /home/airflow/.local/lib/python3.12/site-packages/airflow/example_dags/example_external_task_marker_dag.py for tasks to queue
[2025-02-23T04:47:06.892+0000] {logging_mixin.py:190} INFO - [2025-02-23T04:47:06.892+0000] {dagbag.py:588} INFO - Filling up the DagBag from /home/airflow/.local/lib/python3.12/site-packages/airflow/example_dags/example_external_task_marker_dag.py
[2025-02-23T04:47:06.898+0000] {processor.py:925} INFO - DAG(s) 'example_external_task_marker_parent', 'example_external_task_marker_child' retrieved from /home/airflow/.local/lib/python3.12/site-packages/airflow/example_dags/example_external_task_marker_dag.py
[2025-02-23T04:47:06.917+0000] {logging_mixin.py:190} INFO - [2025-02-23T04:47:06.917+0000] {dag.py:3239} INFO - Sync 2 DAGs
[2025-02-23T04:47:06.928+0000] {logging_mixin.py:190} INFO - [2025-02-23T04:47:06.928+0000] {dag.py:4180} INFO - Setting next_dagrun for example_external_task_marker_child to None, run_after=None
[2025-02-23T04:47:06.931+0000] {logging_mixin.py:190} INFO - [2025-02-23T04:47:06.930+0000] {dag.py:4180} INFO - Setting next_dagrun for example_external_task_marker_parent to None, run_after=None
[2025-02-23T04:47:06.941+0000] {processor.py:208} INFO - Processing /home/airflow/.local/lib/python3.12/site-packages/airflow/example_dags/example_external_task_marker_dag.py took 0.055 seconds
[2025-02-23T04:47:37.469+0000] {processor.py:186} INFO - Started process (PID=203) to work on /home/airflow/.local/lib/python3.12/site-packages/airflow/example_dags/example_external_task_marker_dag.py
[2025-02-23T04:47:37.470+0000] {processor.py:914} INFO - Processing file /home/airflow/.local/lib/python3.12/site-packages/airflow/example_dags/example_external_task_marker_dag.py for tasks to queue
[2025-02-23T04:47:37.471+0000] {logging_mixin.py:190} INFO - [2025-02-23T04:47:37.471+0000] {dagbag.py:588} INFO - Filling up the DagBag from /home/airflow/.local/lib/python3.12/site-packages/airflow/example_dags/example_external_task_marker_dag.py
[2025-02-23T04:47:37.477+0000] {processor.py:925} INFO - DAG(s) 'example_external_task_marker_child', 'example_external_task_marker_parent' retrieved from /home/airflow/.local/lib/python3.12/site-packages/airflow/example_dags/example_external_task_marker_dag.py
[2025-02-23T04:47:37.495+0000] {logging_mixin.py:190} INFO - [2025-02-23T04:47:37.495+0000] {dag.py:3239} INFO - Sync 2 DAGs
[2025-02-23T04:47:37.508+0000] {logging_mixin.py:190} INFO - [2025-02-23T04:47:37.508+0000] {dag.py:4180} INFO - Setting next_dagrun for example_external_task_marker_child to None, run_after=None
[2025-02-23T04:47:37.511+0000] {logging_mixin.py:190} INFO - [2025-02-23T04:47:37.511+0000] {dag.py:4180} INFO - Setting next_dagrun for example_external_task_marker_parent to None, run_after=None
[2025-02-23T04:47:37.522+0000] {processor.py:208} INFO - Processing /home/airflow/.local/lib/python3.12/site-packages/airflow/example_dags/example_external_task_marker_dag.py took 0.057 seconds
[2025-02-23T04:48:07.886+0000] {processor.py:186} INFO - Started process (PID=267) to work on /home/airflow/.local/lib/python3.12/site-packages/airflow/example_dags/example_external_task_marker_dag.py
[2025-02-23T04:48:07.887+0000] {processor.py:914} INFO - Processing file /home/airflow/.local/lib/python3.12/site-packages/airflow/example_dags/example_external_task_marker_dag.py for tasks to queue
[2025-02-23T04:48:07.889+0000] {logging_mixin.py:190} INFO - [2025-02-23T04:48:07.889+0000] {dagbag.py:588} INFO - Filling up the DagBag from /home/airflow/.local/lib/python3.12/site-packages/airflow/example_dags/example_external_task_marker_dag.py
[2025-02-23T04:48:07.895+0000] {processor.py:925} INFO - DAG(s) 'example_external_task_marker_parent', 'example_external_task_marker_child' retrieved from /home/airflow/.local/lib/python3.12/site-packages/airflow/example_dags/example_external_task_marker_dag.py
[2025-02-23T04:48:07.913+0000] {logging_mixin.py:190} INFO - [2025-02-23T04:48:07.913+0000] {dag.py:3239} INFO - Sync 2 DAGs
[2025-02-23T04:48:07.930+0000] {logging_mixin.py:190} INFO - [2025-02-23T04:48:07.930+0000] {dag.py:4180} INFO - Setting next_dagrun for example_external_task_marker_child to None, run_after=None
[2025-02-23T04:48:07.934+0000] {logging_mixin.py:190} INFO - [2025-02-23T04:48:07.934+0000] {dag.py:4180} INFO - Setting next_dagrun for example_external_task_marker_parent to None, run_after=None
[2025-02-23T04:48:07.948+0000] {processor.py:208} INFO - Processing /home/airflow/.local/lib/python3.12/site-packages/airflow/example_dags/example_external_task_marker_dag.py took 0.068 seconds
[2025-02-23T04:48:38.287+0000] {processor.py:186} INFO - Started process (PID=330) to work on /home/airflow/.local/lib/python3.12/site-packages/airflow/example_dags/example_external_task_marker_dag.py
[2025-02-23T04:48:38.287+0000] {processor.py:914} INFO - Processing file /home/airflow/.local/lib/python3.12/site-packages/airflow/example_dags/example_external_task_marker_dag.py for tasks to queue
[2025-02-23T04:48:38.289+0000] {logging_mixin.py:190} INFO - [2025-02-23T04:48:38.289+0000] {dagbag.py:588} INFO - Filling up the DagBag from /home/airflow/.local/lib/python3.12/site-packages/airflow/example_dags/example_external_task_marker_dag.py
[2025-02-23T04:48:38.295+0000] {processor.py:925} INFO - DAG(s) 'example_external_task_marker_parent', 'example_external_task_marker_child' retrieved from /home/airflow/.local/lib/python3.12/site-packages/airflow/example_dags/example_external_task_marker_dag.py
[2025-02-23T04:48:38.311+0000] {logging_mixin.py:190} INFO - [2025-02-23T04:48:38.311+0000] {dag.py:3239} INFO - Sync 2 DAGs
[2025-02-23T04:48:38.324+0000] {logging_mixin.py:190} INFO - [2025-02-23T04:48:38.324+0000] {dag.py:4180} INFO - Setting next_dagrun for example_external_task_marker_child to None, run_after=None
[2025-02-23T04:48:38.327+0000] {logging_mixin.py:190} INFO - [2025-02-23T04:48:38.327+0000] {dag.py:4180} INFO - Setting next_dagrun for example_external_task_marker_parent to None, run_after=None
[2025-02-23T04:48:38.338+0000] {processor.py:208} INFO - Processing /home/airflow/.local/lib/python3.12/site-packages/airflow/example_dags/example_external_task_marker_dag.py took 0.056 seconds
[2025-02-23T04:49:09.328+0000] {processor.py:186} INFO - Started process (PID=393) to work on /home/airflow/.local/lib/python3.12/site-packages/airflow/example_dags/example_external_task_marker_dag.py
[2025-02-23T04:49:09.329+0000] {processor.py:914} INFO - Processing file /home/airflow/.local/lib/python3.12/site-packages/airflow/example_dags/example_external_task_marker_dag.py for tasks to queue
[2025-02-23T04:49:09.331+0000] {logging_mixin.py:190} INFO - [2025-02-23T04:49:09.331+0000] {dagbag.py:588} INFO - Filling up the DagBag from /home/airflow/.local/lib/python3.12/site-packages/airflow/example_dags/example_external_task_marker_dag.py
[2025-02-23T04:49:09.336+0000] {processor.py:925} INFO - DAG(s) 'example_external_task_marker_parent', 'example_external_task_marker_child' retrieved from /home/airflow/.local/lib/python3.12/site-packages/airflow/example_dags/example_external_task_marker_dag.py
[2025-02-23T04:49:09.358+0000] {logging_mixin.py:190} INFO - [2025-02-23T04:49:09.358+0000] {dag.py:3239} INFO - Sync 2 DAGs
[2025-02-23T04:49:09.375+0000] {logging_mixin.py:190} INFO - [2025-02-23T04:49:09.375+0000] {dag.py:4180} INFO - Setting next_dagrun for example_external_task_marker_child to None, run_after=None
[2025-02-23T04:49:09.378+0000] {logging_mixin.py:190} INFO - [2025-02-23T04:49:09.378+0000] {dag.py:4180} INFO - Setting next_dagrun for example_external_task_marker_parent to None, run_after=None
[2025-02-23T04:49:09.389+0000] {processor.py:208} INFO - Processing /home/airflow/.local/lib/python3.12/site-packages/airflow/example_dags/example_external_task_marker_dag.py took 0.065 seconds
[2025-02-23T04:49:39.418+0000] {processor.py:186} INFO - Started process (PID=456) to work on /home/airflow/.local/lib/python3.12/site-packages/airflow/example_dags/example_external_task_marker_dag.py
[2025-02-23T04:49:39.418+0000] {processor.py:914} INFO - Processing file /home/airflow/.local/lib/python3.12/site-packages/airflow/example_dags/example_external_task_marker_dag.py for tasks to queue
[2025-02-23T04:49:39.421+0000] {logging_mixin.py:190} INFO - [2025-02-23T04:49:39.421+0000] {dagbag.py:588} INFO - Filling up the DagBag from /home/airflow/.local/lib/python3.12/site-packages/airflow/example_dags/example_external_task_marker_dag.py
[2025-02-23T04:49:39.430+0000] {processor.py:925} INFO - DAG(s) 'example_external_task_marker_parent', 'example_external_task_marker_child' retrieved from /home/airflow/.local/lib/python3.12/site-packages/airflow/example_dags/example_external_task_marker_dag.py
[2025-02-23T04:49:39.452+0000] {logging_mixin.py:190} INFO - [2025-02-23T04:49:39.451+0000] {dag.py:3239} INFO - Sync 2 DAGs
[2025-02-23T04:49:39.462+0000] {logging_mixin.py:190} INFO - [2025-02-23T04:49:39.462+0000] {dag.py:4180} INFO - Setting next_dagrun for example_external_task_marker_child to None, run_after=None
[2025-02-23T04:49:39.465+0000] {logging_mixin.py:190} INFO - [2025-02-23T04:49:39.465+0000] {dag.py:4180} INFO - Setting next_dagrun for example_external_task_marker_parent to None, run_after=None
[2025-02-23T04:49:39.475+0000] {processor.py:208} INFO - Processing /home/airflow/.local/lib/python3.12/site-packages/airflow/example_dags/example_external_task_marker_dag.py took 0.062 seconds
[2025-02-23T04:50:09.556+0000] {processor.py:186} INFO - Started process (PID=519) to work on /home/airflow/.local/lib/python3.12/site-packages/airflow/example_dags/example_external_task_marker_dag.py
[2025-02-23T04:50:09.557+0000] {processor.py:914} INFO - Processing file /home/airflow/.local/lib/python3.12/site-packages/airflow/example_dags/example_external_task_marker_dag.py for tasks to queue
[2025-02-23T04:50:09.559+0000] {logging_mixin.py:190} INFO - [2025-02-23T04:50:09.559+0000] {dagbag.py:588} INFO - Filling up the DagBag from /home/airflow/.local/lib/python3.12/site-packages/airflow/example_dags/example_external_task_marker_dag.py
[2025-02-23T04:50:09.564+0000] {processor.py:925} INFO - DAG(s) 'example_external_task_marker_child', 'example_external_task_marker_parent' retrieved from /home/airflow/.local/lib/python3.12/site-packages/airflow/example_dags/example_external_task_marker_dag.py
[2025-02-23T04:50:09.584+0000] {logging_mixin.py:190} INFO - [2025-02-23T04:50:09.583+0000] {dag.py:3239} INFO - Sync 2 DAGs
[2025-02-23T04:50:09.599+0000] {logging_mixin.py:190} INFO - [2025-02-23T04:50:09.598+0000] {dag.py:4180} INFO - Setting next_dagrun for example_external_task_marker_child to None, run_after=None
[2025-02-23T04:50:09.602+0000] {logging_mixin.py:190} INFO - [2025-02-23T04:50:09.602+0000] {dag.py:4180} INFO - Setting next_dagrun for example_external_task_marker_parent to None, run_after=None
[2025-02-23T04:50:09.615+0000] {processor.py:208} INFO - Processing /home/airflow/.local/lib/python3.12/site-packages/airflow/example_dags/example_external_task_marker_dag.py took 0.063 seconds
[2025-02-23T04:50:39.844+0000] {processor.py:186} INFO - Started process (PID=582) to work on /home/airflow/.local/lib/python3.12/site-packages/airflow/example_dags/example_external_task_marker_dag.py
[2025-02-23T04:50:39.844+0000] {processor.py:914} INFO - Processing file /home/airflow/.local/lib/python3.12/site-packages/airflow/example_dags/example_external_task_marker_dag.py for tasks to queue
[2025-02-23T04:50:39.846+0000] {logging_mixin.py:190} INFO - [2025-02-23T04:50:39.846+0000] {dagbag.py:588} INFO - Filling up the DagBag from /home/airflow/.local/lib/python3.12/site-packages/airflow/example_dags/example_external_task_marker_dag.py
[2025-02-23T04:50:39.853+0000] {processor.py:925} INFO - DAG(s) 'example_external_task_marker_child', 'example_external_task_marker_parent' retrieved from /home/airflow/.local/lib/python3.12/site-packages/airflow/example_dags/example_external_task_marker_dag.py
[2025-02-23T04:50:39.869+0000] {logging_mixin.py:190} INFO - [2025-02-23T04:50:39.869+0000] {dag.py:3239} INFO - Sync 2 DAGs
[2025-02-23T04:50:39.881+0000] {logging_mixin.py:190} INFO - [2025-02-23T04:50:39.881+0000] {dag.py:4180} INFO - Setting next_dagrun for example_external_task_marker_child to None, run_after=None
[2025-02-23T04:50:39.884+0000] {logging_mixin.py:190} INFO - [2025-02-23T04:50:39.884+0000] {dag.py:4180} INFO - Setting next_dagrun for example_external_task_marker_parent to None, run_after=None
[2025-02-23T04:50:39.895+0000] {processor.py:208} INFO - Processing /home/airflow/.local/lib/python3.12/site-packages/airflow/example_dags/example_external_task_marker_dag.py took 0.057 seconds
[2025-02-23T04:51:09.992+0000] {processor.py:186} INFO - Started process (PID=645) to work on /home/airflow/.local/lib/python3.12/site-packages/airflow/example_dags/example_external_task_marker_dag.py
[2025-02-23T04:51:09.992+0000] {processor.py:914} INFO - Processing file /home/airflow/.local/lib/python3.12/site-packages/airflow/example_dags/example_external_task_marker_dag.py for tasks to queue
[2025-02-23T04:51:09.994+0000] {logging_mixin.py:190} INFO - [2025-02-23T04:51:09.994+0000] {dagbag.py:588} INFO - Filling up the DagBag from /home/airflow/.local/lib/python3.12/site-packages/airflow/example_dags/example_external_task_marker_dag.py
[2025-02-23T04:51:10.001+0000] {processor.py:925} INFO - DAG(s) 'example_external_task_marker_parent', 'example_external_task_marker_child' retrieved from /home/airflow/.local/lib/python3.12/site-packages/airflow/example_dags/example_external_task_marker_dag.py
[2025-02-23T04:51:10.018+0000] {logging_mixin.py:190} INFO - [2025-02-23T04:51:10.018+0000] {dag.py:3239} INFO - Sync 2 DAGs
[2025-02-23T04:51:10.031+0000] {logging_mixin.py:190} INFO - [2025-02-23T04:51:10.030+0000] {dag.py:4180} INFO - Setting next_dagrun for example_external_task_marker_child to None, run_after=None
[2025-02-23T04:51:10.033+0000] {logging_mixin.py:190} INFO - [2025-02-23T04:51:10.033+0000] {dag.py:4180} INFO - Setting next_dagrun for example_external_task_marker_parent to None, run_after=None
[2025-02-23T04:51:10.046+0000] {processor.py:208} INFO - Processing /home/airflow/.local/lib/python3.12/site-packages/airflow/example_dags/example_external_task_marker_dag.py took 0.060 seconds
[2025-02-23T04:51:40.140+0000] {processor.py:186} INFO - Started process (PID=708) to work on /home/airflow/.local/lib/python3.12/site-packages/airflow/example_dags/example_external_task_marker_dag.py
[2025-02-23T04:51:40.141+0000] {processor.py:914} INFO - Processing file /home/airflow/.local/lib/python3.12/site-packages/airflow/example_dags/example_external_task_marker_dag.py for tasks to queue
[2025-02-23T04:51:40.143+0000] {logging_mixin.py:190} INFO - [2025-02-23T04:51:40.142+0000] {dagbag.py:588} INFO - Filling up the DagBag from /home/airflow/.local/lib/python3.12/site-packages/airflow/example_dags/example_external_task_marker_dag.py
[2025-02-23T04:51:40.149+0000] {processor.py:925} INFO - DAG(s) 'example_external_task_marker_parent', 'example_external_task_marker_child' retrieved from /home/airflow/.local/lib/python3.12/site-packages/airflow/example_dags/example_external_task_marker_dag.py
[2025-02-23T04:51:40.168+0000] {logging_mixin.py:190} INFO - [2025-02-23T04:51:40.168+0000] {dag.py:3239} INFO - Sync 2 DAGs
[2025-02-23T04:51:40.183+0000] {logging_mixin.py:190} INFO - [2025-02-23T04:51:40.183+0000] {dag.py:4180} INFO - Setting next_dagrun for example_external_task_marker_child to None, run_after=None
[2025-02-23T04:51:40.186+0000] {logging_mixin.py:190} INFO - [2025-02-23T04:51:40.186+0000] {dag.py:4180} INFO - Setting next_dagrun for example_external_task_marker_parent to None, run_after=None
[2025-02-23T04:51:40.197+0000] {processor.py:208} INFO - Processing /home/airflow/.local/lib/python3.12/site-packages/airflow/example_dags/example_external_task_marker_dag.py took 0.061 seconds
[2025-02-23T04:52:10.261+0000] {processor.py:186} INFO - Started process (PID=771) to work on /home/airflow/.local/lib/python3.12/site-packages/airflow/example_dags/example_external_task_marker_dag.py
[2025-02-23T04:52:10.262+0000] {processor.py:914} INFO - Processing file /home/airflow/.local/lib/python3.12/site-packages/airflow/example_dags/example_external_task_marker_dag.py for tasks to queue
[2025-02-23T04:52:10.264+0000] {logging_mixin.py:190} INFO - [2025-02-23T04:52:10.263+0000] {dagbag.py:588} INFO - Filling up the DagBag from /home/airflow/.local/lib/python3.12/site-packages/airflow/example_dags/example_external_task_marker_dag.py
[2025-02-23T04:52:10.271+0000] {processor.py:925} INFO - DAG(s) 'example_external_task_marker_parent', 'example_external_task_marker_child' retrieved from /home/airflow/.local/lib/python3.12/site-packages/airflow/example_dags/example_external_task_marker_dag.py
[2025-02-23T04:52:10.288+0000] {logging_mixin.py:190} INFO - [2025-02-23T04:52:10.287+0000] {dag.py:3239} INFO - Sync 2 DAGs
[2025-02-23T04:52:10.301+0000] {logging_mixin.py:190} INFO - [2025-02-23T04:52:10.301+0000] {dag.py:4180} INFO - Setting next_dagrun for example_external_task_marker_child to None, run_after=None
[2025-02-23T04:52:10.305+0000] {logging_mixin.py:190} INFO - [2025-02-23T04:52:10.304+0000] {dag.py:4180} INFO - Setting next_dagrun for example_external_task_marker_parent to None, run_after=None
[2025-02-23T04:52:10.316+0000] {processor.py:208} INFO - Processing /home/airflow/.local/lib/python3.12/site-packages/airflow/example_dags/example_external_task_marker_dag.py took 0.061 seconds
[2025-02-23T04:52:40.360+0000] {processor.py:186} INFO - Started process (PID=834) to work on /home/airflow/.local/lib/python3.12/site-packages/airflow/example_dags/example_external_task_marker_dag.py
[2025-02-23T04:52:40.361+0000] {processor.py:914} INFO - Processing file /home/airflow/.local/lib/python3.12/site-packages/airflow/example_dags/example_external_task_marker_dag.py for tasks to queue
[2025-02-23T04:52:40.363+0000] {logging_mixin.py:190} INFO - [2025-02-23T04:52:40.363+0000] {dagbag.py:588} INFO - Filling up the DagBag from /home/airflow/.local/lib/python3.12/site-packages/airflow/example_dags/example_external_task_marker_dag.py
[2025-02-23T04:52:40.370+0000] {processor.py:925} INFO - DAG(s) 'example_external_task_marker_child', 'example_external_task_marker_parent' retrieved from /home/airflow/.local/lib/python3.12/site-packages/airflow/example_dags/example_external_task_marker_dag.py
[2025-02-23T04:52:40.387+0000] {logging_mixin.py:190} INFO - [2025-02-23T04:52:40.387+0000] {dag.py:3239} INFO - Sync 2 DAGs
[2025-02-23T04:52:40.401+0000] {logging_mixin.py:190} INFO - [2025-02-23T04:52:40.400+0000] {dag.py:4180} INFO - Setting next_dagrun for example_external_task_marker_child to None, run_after=None
[2025-02-23T04:52:40.404+0000] {logging_mixin.py:190} INFO - [2025-02-23T04:52:40.404+0000] {dag.py:4180} INFO - Setting next_dagrun for example_external_task_marker_parent to None, run_after=None
[2025-02-23T04:52:40.417+0000] {processor.py:208} INFO - Processing /home/airflow/.local/lib/python3.12/site-packages/airflow/example_dags/example_external_task_marker_dag.py took 0.062 seconds
[2025-02-23T04:53:10.768+0000] {processor.py:186} INFO - Started process (PID=897) to work on /home/airflow/.local/lib/python3.12/site-packages/airflow/example_dags/example_external_task_marker_dag.py
[2025-02-23T04:53:10.769+0000] {processor.py:914} INFO - Processing file /home/airflow/.local/lib/python3.12/site-packages/airflow/example_dags/example_external_task_marker_dag.py for tasks to queue
[2025-02-23T04:53:10.771+0000] {logging_mixin.py:190} INFO - [2025-02-23T04:53:10.770+0000] {dagbag.py:588} INFO - Filling up the DagBag from /home/airflow/.local/lib/python3.12/site-packages/airflow/example_dags/example_external_task_marker_dag.py
[2025-02-23T04:53:10.777+0000] {processor.py:925} INFO - DAG(s) 'example_external_task_marker_child', 'example_external_task_marker_parent' retrieved from /home/airflow/.local/lib/python3.12/site-packages/airflow/example_dags/example_external_task_marker_dag.py
[2025-02-23T04:53:10.797+0000] {logging_mixin.py:190} INFO - [2025-02-23T04:53:10.797+0000] {dag.py:3239} INFO - Sync 2 DAGs
[2025-02-23T04:53:10.810+0000] {logging_mixin.py:190} INFO - [2025-02-23T04:53:10.810+0000] {dag.py:4180} INFO - Setting next_dagrun for example_external_task_marker_child to None, run_after=None
[2025-02-23T04:53:10.813+0000] {logging_mixin.py:190} INFO - [2025-02-23T04:53:10.813+0000] {dag.py:4180} INFO - Setting next_dagrun for example_external_task_marker_parent to None, run_after=None
[2025-02-23T04:53:10.823+0000] {processor.py:208} INFO - Processing /home/airflow/.local/lib/python3.12/site-packages/airflow/example_dags/example_external_task_marker_dag.py took 0.059 seconds
[2025-02-23T04:53:41.309+0000] {processor.py:186} INFO - Started process (PID=960) to work on /home/airflow/.local/lib/python3.12/site-packages/airflow/example_dags/example_external_task_marker_dag.py
[2025-02-23T04:53:41.310+0000] {processor.py:914} INFO - Processing file /home/airflow/.local/lib/python3.12/site-packages/airflow/example_dags/example_external_task_marker_dag.py for tasks to queue
[2025-02-23T04:53:41.312+0000] {logging_mixin.py:190} INFO - [2025-02-23T04:53:41.312+0000] {dagbag.py:588} INFO - Filling up the DagBag from /home/airflow/.local/lib/python3.12/site-packages/airflow/example_dags/example_external_task_marker_dag.py
[2025-02-23T04:53:41.320+0000] {processor.py:925} INFO - DAG(s) 'example_external_task_marker_child', 'example_external_task_marker_parent' retrieved from /home/airflow/.local/lib/python3.12/site-packages/airflow/example_dags/example_external_task_marker_dag.py
[2025-02-23T04:53:41.336+0000] {logging_mixin.py:190} INFO - [2025-02-23T04:53:41.336+0000] {dag.py:3239} INFO - Sync 2 DAGs
[2025-02-23T04:53:41.349+0000] {logging_mixin.py:190} INFO - [2025-02-23T04:53:41.349+0000] {dag.py:4180} INFO - Setting next_dagrun for example_external_task_marker_child to None, run_after=None
[2025-02-23T04:53:41.353+0000] {logging_mixin.py:190} INFO - [2025-02-23T04:53:41.353+0000] {dag.py:4180} INFO - Setting next_dagrun for example_external_task_marker_parent to None, run_after=None
[2025-02-23T04:53:41.367+0000] {processor.py:208} INFO - Processing /home/airflow/.local/lib/python3.12/site-packages/airflow/example_dags/example_external_task_marker_dag.py took 0.063 seconds
[2025-02-23T04:54:11.536+0000] {processor.py:186} INFO - Started process (PID=1023) to work on /home/airflow/.local/lib/python3.12/site-packages/airflow/example_dags/example_external_task_marker_dag.py
[2025-02-23T04:54:11.537+0000] {processor.py:914} INFO - Processing file /home/airflow/.local/lib/python3.12/site-packages/airflow/example_dags/example_external_task_marker_dag.py for tasks to queue
[2025-02-23T04:54:11.539+0000] {logging_mixin.py:190} INFO - [2025-02-23T04:54:11.538+0000] {dagbag.py:588} INFO - Filling up the DagBag from /home/airflow/.local/lib/python3.12/site-packages/airflow/example_dags/example_external_task_marker_dag.py
[2025-02-23T04:54:11.544+0000] {processor.py:925} INFO - DAG(s) 'example_external_task_marker_parent', 'example_external_task_marker_child' retrieved from /home/airflow/.local/lib/python3.12/site-packages/airflow/example_dags/example_external_task_marker_dag.py
[2025-02-23T04:54:11.561+0000] {logging_mixin.py:190} INFO - [2025-02-23T04:54:11.561+0000] {dag.py:3239} INFO - Sync 2 DAGs
[2025-02-23T04:54:11.573+0000] {logging_mixin.py:190} INFO - [2025-02-23T04:54:11.573+0000] {dag.py:4180} INFO - Setting next_dagrun for example_external_task_marker_child to None, run_after=None
[2025-02-23T04:54:11.576+0000] {logging_mixin.py:190} INFO - [2025-02-23T04:54:11.575+0000] {dag.py:4180} INFO - Setting next_dagrun for example_external_task_marker_parent to None, run_after=None
[2025-02-23T04:54:11.587+0000] {processor.py:208} INFO - Processing /home/airflow/.local/lib/python3.12/site-packages/airflow/example_dags/example_external_task_marker_dag.py took 0.056 seconds
[2025-02-23T04:54:41.940+0000] {processor.py:186} INFO - Started process (PID=1086) to work on /home/airflow/.local/lib/python3.12/site-packages/airflow/example_dags/example_external_task_marker_dag.py
[2025-02-23T04:54:41.941+0000] {processor.py:914} INFO - Processing file /home/airflow/.local/lib/python3.12/site-packages/airflow/example_dags/example_external_task_marker_dag.py for tasks to queue
[2025-02-23T04:54:41.943+0000] {logging_mixin.py:190} INFO - [2025-02-23T04:54:41.943+0000] {dagbag.py:588} INFO - Filling up the DagBag from /home/airflow/.local/lib/python3.12/site-packages/airflow/example_dags/example_external_task_marker_dag.py
[2025-02-23T04:54:41.952+0000] {processor.py:925} INFO - DAG(s) 'example_external_task_marker_child', 'example_external_task_marker_parent' retrieved from /home/airflow/.local/lib/python3.12/site-packages/airflow/example_dags/example_external_task_marker_dag.py
[2025-02-23T04:54:41.976+0000] {logging_mixin.py:190} INFO - [2025-02-23T04:54:41.975+0000] {dag.py:3239} INFO - Sync 2 DAGs
[2025-02-23T04:54:41.992+0000] {logging_mixin.py:190} INFO - [2025-02-23T04:54:41.991+0000] {dag.py:4180} INFO - Setting next_dagrun for example_external_task_marker_child to None, run_after=None
[2025-02-23T04:54:41.996+0000] {logging_mixin.py:190} INFO - [2025-02-23T04:54:41.996+0000] {dag.py:4180} INFO - Setting next_dagrun for example_external_task_marker_parent to None, run_after=None
[2025-02-23T04:54:42.018+0000] {processor.py:208} INFO - Processing /home/airflow/.local/lib/python3.12/site-packages/airflow/example_dags/example_external_task_marker_dag.py took 0.084 seconds
[2025-02-23T04:55:12.280+0000] {processor.py:186} INFO - Started process (PID=1149) to work on /home/airflow/.local/lib/python3.12/site-packages/airflow/example_dags/example_external_task_marker_dag.py
[2025-02-23T04:55:12.281+0000] {processor.py:914} INFO - Processing file /home/airflow/.local/lib/python3.12/site-packages/airflow/example_dags/example_external_task_marker_dag.py for tasks to queue
[2025-02-23T04:55:12.284+0000] {logging_mixin.py:190} INFO - [2025-02-23T04:55:12.283+0000] {dagbag.py:588} INFO - Filling up the DagBag from /home/airflow/.local/lib/python3.12/site-packages/airflow/example_dags/example_external_task_marker_dag.py
[2025-02-23T04:55:12.292+0000] {processor.py:925} INFO - DAG(s) 'example_external_task_marker_parent', 'example_external_task_marker_child' retrieved from /home/airflow/.local/lib/python3.12/site-packages/airflow/example_dags/example_external_task_marker_dag.py
[2025-02-23T04:55:12.316+0000] {logging_mixin.py:190} INFO - [2025-02-23T04:55:12.316+0000] {dag.py:3239} INFO - Sync 2 DAGs
[2025-02-23T04:55:12.336+0000] {logging_mixin.py:190} INFO - [2025-02-23T04:55:12.336+0000] {dag.py:4180} INFO - Setting next_dagrun for example_external_task_marker_child to None, run_after=None
[2025-02-23T04:55:12.340+0000] {logging_mixin.py:190} INFO - [2025-02-23T04:55:12.340+0000] {dag.py:4180} INFO - Setting next_dagrun for example_external_task_marker_parent to None, run_after=None
[2025-02-23T04:55:12.354+0000] {processor.py:208} INFO - Processing /home/airflow/.local/lib/python3.12/site-packages/airflow/example_dags/example_external_task_marker_dag.py took 0.080 seconds
[2025-02-23T04:55:42.453+0000] {processor.py:186} INFO - Started process (PID=1212) to work on /home/airflow/.local/lib/python3.12/site-packages/airflow/example_dags/example_external_task_marker_dag.py
[2025-02-23T04:55:42.453+0000] {processor.py:914} INFO - Processing file /home/airflow/.local/lib/python3.12/site-packages/airflow/example_dags/example_external_task_marker_dag.py for tasks to queue
[2025-02-23T04:55:42.455+0000] {logging_mixin.py:190} INFO - [2025-02-23T04:55:42.455+0000] {dagbag.py:588} INFO - Filling up the DagBag from /home/airflow/.local/lib/python3.12/site-packages/airflow/example_dags/example_external_task_marker_dag.py
[2025-02-23T04:55:42.461+0000] {processor.py:925} INFO - DAG(s) 'example_external_task_marker_parent', 'example_external_task_marker_child' retrieved from /home/airflow/.local/lib/python3.12/site-packages/airflow/example_dags/example_external_task_marker_dag.py
[2025-02-23T04:55:42.478+0000] {logging_mixin.py:190} INFO - [2025-02-23T04:55:42.478+0000] {dag.py:3239} INFO - Sync 2 DAGs
[2025-02-23T04:55:42.490+0000] {logging_mixin.py:190} INFO - [2025-02-23T04:55:42.490+0000] {dag.py:4180} INFO - Setting next_dagrun for example_external_task_marker_child to None, run_after=None
[2025-02-23T04:55:42.493+0000] {logging_mixin.py:190} INFO - [2025-02-23T04:55:42.493+0000] {dag.py:4180} INFO - Setting next_dagrun for example_external_task_marker_parent to None, run_after=None
[2025-02-23T04:55:42.503+0000] {processor.py:208} INFO - Processing /home/airflow/.local/lib/python3.12/site-packages/airflow/example_dags/example_external_task_marker_dag.py took 0.054 seconds
[2025-02-23T04:56:12.844+0000] {processor.py:186} INFO - Started process (PID=1276) to work on /home/airflow/.local/lib/python3.12/site-packages/airflow/example_dags/example_external_task_marker_dag.py
[2025-02-23T04:56:12.844+0000] {processor.py:914} INFO - Processing file /home/airflow/.local/lib/python3.12/site-packages/airflow/example_dags/example_external_task_marker_dag.py for tasks to queue
[2025-02-23T04:56:12.847+0000] {logging_mixin.py:190} INFO - [2025-02-23T04:56:12.846+0000] {dagbag.py:588} INFO - Filling up the DagBag from /home/airflow/.local/lib/python3.12/site-packages/airflow/example_dags/example_external_task_marker_dag.py
[2025-02-23T04:56:12.854+0000] {processor.py:925} INFO - DAG(s) 'example_external_task_marker_child', 'example_external_task_marker_parent' retrieved from /home/airflow/.local/lib/python3.12/site-packages/airflow/example_dags/example_external_task_marker_dag.py
[2025-02-23T04:56:12.871+0000] {logging_mixin.py:190} INFO - [2025-02-23T04:56:12.871+0000] {dag.py:3239} INFO - Sync 2 DAGs
[2025-02-23T04:56:12.883+0000] {logging_mixin.py:190} INFO - [2025-02-23T04:56:12.883+0000] {dag.py:4180} INFO - Setting next_dagrun for example_external_task_marker_child to None, run_after=None
[2025-02-23T04:56:12.886+0000] {logging_mixin.py:190} INFO - [2025-02-23T04:56:12.886+0000] {dag.py:4180} INFO - Setting next_dagrun for example_external_task_marker_parent to None, run_after=None
[2025-02-23T04:56:12.897+0000] {processor.py:208} INFO - Processing /home/airflow/.local/lib/python3.12/site-packages/airflow/example_dags/example_external_task_marker_dag.py took 0.059 seconds
