[2025-02-23T04:46:42.356+0000] {processor.py:186} INFO - Started process (PID=103) to work on /home/airflow/.local/lib/python3.12/site-packages/airflow/example_dags/example_inlet_event_extra.py
[2025-02-23T04:46:42.357+0000] {processor.py:914} INFO - Processing file /home/airflow/.local/lib/python3.12/site-packages/airflow/example_dags/example_inlet_event_extra.py for tasks to queue
[2025-02-23T04:46:42.359+0000] {logging_mixin.py:190} INFO - [2025-02-23T04:46:42.358+0000] {dagbag.py:588} INFO - Filling up the DagBag from /home/airflow/.local/lib/python3.12/site-packages/airflow/example_dags/example_inlet_event_extra.py
[2025-02-23T04:46:42.917+0000] {processor.py:925} INFO - DAG(s) 'read_dataset_event_from_classic', 'read_dataset_event' retrieved from /home/airflow/.local/lib/python3.12/site-packages/airflow/example_dags/example_inlet_event_extra.py
[2025-02-23T04:46:43.027+0000] {logging_mixin.py:190} INFO - [2025-02-23T04:46:43.027+0000] {override.py:1911} INFO - Created Permission View: can read on DAG:read_dataset_event_from_classic
[2025-02-23T04:46:43.037+0000] {logging_mixin.py:190} INFO - [2025-02-23T04:46:43.037+0000] {override.py:1911} INFO - Created Permission View: can delete on DAG:read_dataset_event_from_classic
[2025-02-23T04:46:43.043+0000] {logging_mixin.py:190} INFO - [2025-02-23T04:46:43.043+0000] {override.py:1911} INFO - Created Permission View: can edit on DAG:read_dataset_event_from_classic
[2025-02-23T04:46:43.049+0000] {logging_mixin.py:190} INFO - [2025-02-23T04:46:43.048+0000] {override.py:1911} INFO - Created Permission View: can read on DAG Run:read_dataset_event_from_classic
[2025-02-23T04:46:43.055+0000] {logging_mixin.py:190} INFO - [2025-02-23T04:46:43.054+0000] {override.py:1911} INFO - Created Permission View: can create on DAG Run:read_dataset_event_from_classic
[2025-02-23T04:46:43.060+0000] {logging_mixin.py:190} INFO - [2025-02-23T04:46:43.060+0000] {override.py:1911} INFO - Created Permission View: can delete on DAG Run:read_dataset_event_from_classic
[2025-02-23T04:46:43.066+0000] {logging_mixin.py:190} INFO - [2025-02-23T04:46:43.066+0000] {override.py:1911} INFO - Created Permission View: menu access on DAG Run:read_dataset_event_from_classic
[2025-02-23T04:46:43.088+0000] {logging_mixin.py:190} INFO - [2025-02-23T04:46:43.088+0000] {override.py:1911} INFO - Created Permission View: can read on DAG:read_dataset_event
[2025-02-23T04:46:43.094+0000] {logging_mixin.py:190} INFO - [2025-02-23T04:46:43.094+0000] {override.py:1911} INFO - Created Permission View: can delete on DAG:read_dataset_event
[2025-02-23T04:46:43.100+0000] {logging_mixin.py:190} INFO - [2025-02-23T04:46:43.099+0000] {override.py:1911} INFO - Created Permission View: can edit on DAG:read_dataset_event
[2025-02-23T04:46:43.107+0000] {logging_mixin.py:190} INFO - [2025-02-23T04:46:43.107+0000] {override.py:1911} INFO - Created Permission View: can read on DAG Run:read_dataset_event
[2025-02-23T04:46:43.113+0000] {logging_mixin.py:190} INFO - [2025-02-23T04:46:43.113+0000] {override.py:1911} INFO - Created Permission View: can create on DAG Run:read_dataset_event
[2025-02-23T04:46:43.120+0000] {logging_mixin.py:190} INFO - [2025-02-23T04:46:43.119+0000] {override.py:1911} INFO - Created Permission View: can delete on DAG Run:read_dataset_event
[2025-02-23T04:46:43.126+0000] {logging_mixin.py:190} INFO - [2025-02-23T04:46:43.126+0000] {override.py:1911} INFO - Created Permission View: menu access on DAG Run:read_dataset_event
[2025-02-23T04:46:43.127+0000] {logging_mixin.py:190} INFO - [2025-02-23T04:46:43.127+0000] {dag.py:3239} INFO - Sync 2 DAGs
[2025-02-23T04:46:43.147+0000] {logging_mixin.py:190} INFO - [2025-02-23T04:46:43.147+0000] {dag.py:3262} INFO - Creating ORM DAG for read_dataset_event
[2025-02-23T04:46:43.148+0000] {logging_mixin.py:190} INFO - [2025-02-23T04:46:43.148+0000] {dag.py:3262} INFO - Creating ORM DAG for read_dataset_event_from_classic
[2025-02-23T04:46:43.160+0000] {logging_mixin.py:190} INFO - [2025-02-23T04:46:43.160+0000] {dag.py:4180} INFO - Setting next_dagrun for read_dataset_event to 2025-02-22 00:00:00+00:00, run_after=2025-02-23 00:00:00+00:00
[2025-02-23T04:46:43.163+0000] {logging_mixin.py:190} INFO - [2025-02-23T04:46:43.163+0000] {dag.py:4180} INFO - Setting next_dagrun for read_dataset_event_from_classic to 2025-02-22 00:00:00+00:00, run_after=2025-02-23 00:00:00+00:00
[2025-02-23T04:46:43.179+0000] {processor.py:208} INFO - Processing /home/airflow/.local/lib/python3.12/site-packages/airflow/example_dags/example_inlet_event_extra.py took 0.827 seconds
[2025-02-23T04:47:13.872+0000] {processor.py:186} INFO - Started process (PID=166) to work on /home/airflow/.local/lib/python3.12/site-packages/airflow/example_dags/example_inlet_event_extra.py
[2025-02-23T04:47:13.873+0000] {processor.py:914} INFO - Processing file /home/airflow/.local/lib/python3.12/site-packages/airflow/example_dags/example_inlet_event_extra.py for tasks to queue
[2025-02-23T04:47:13.874+0000] {logging_mixin.py:190} INFO - [2025-02-23T04:47:13.874+0000] {dagbag.py:588} INFO - Filling up the DagBag from /home/airflow/.local/lib/python3.12/site-packages/airflow/example_dags/example_inlet_event_extra.py
[2025-02-23T04:47:14.369+0000] {processor.py:925} INFO - DAG(s) 'read_dataset_event', 'read_dataset_event_from_classic' retrieved from /home/airflow/.local/lib/python3.12/site-packages/airflow/example_dags/example_inlet_event_extra.py
[2025-02-23T04:47:14.387+0000] {logging_mixin.py:190} INFO - [2025-02-23T04:47:14.387+0000] {dag.py:3239} INFO - Sync 2 DAGs
[2025-02-23T04:47:14.412+0000] {logging_mixin.py:190} INFO - [2025-02-23T04:47:14.412+0000] {dag.py:4180} INFO - Setting next_dagrun for read_dataset_event to 2025-02-22 00:00:00+00:00, run_after=2025-02-23 00:00:00+00:00
[2025-02-23T04:47:14.417+0000] {logging_mixin.py:190} INFO - [2025-02-23T04:47:14.417+0000] {dag.py:4180} INFO - Setting next_dagrun for read_dataset_event_from_classic to 2025-02-22 00:00:00+00:00, run_after=2025-02-23 00:00:00+00:00
[2025-02-23T04:47:14.432+0000] {processor.py:208} INFO - Processing /home/airflow/.local/lib/python3.12/site-packages/airflow/example_dags/example_inlet_event_extra.py took 0.564 seconds
[2025-02-23T04:47:44.793+0000] {processor.py:186} INFO - Started process (PID=229) to work on /home/airflow/.local/lib/python3.12/site-packages/airflow/example_dags/example_inlet_event_extra.py
[2025-02-23T04:47:44.793+0000] {processor.py:914} INFO - Processing file /home/airflow/.local/lib/python3.12/site-packages/airflow/example_dags/example_inlet_event_extra.py for tasks to queue
[2025-02-23T04:47:44.795+0000] {logging_mixin.py:190} INFO - [2025-02-23T04:47:44.795+0000] {dagbag.py:588} INFO - Filling up the DagBag from /home/airflow/.local/lib/python3.12/site-packages/airflow/example_dags/example_inlet_event_extra.py
[2025-02-23T04:47:45.283+0000] {processor.py:925} INFO - DAG(s) 'read_dataset_event', 'read_dataset_event_from_classic' retrieved from /home/airflow/.local/lib/python3.12/site-packages/airflow/example_dags/example_inlet_event_extra.py
[2025-02-23T04:47:45.304+0000] {logging_mixin.py:190} INFO - [2025-02-23T04:47:45.304+0000] {dag.py:3239} INFO - Sync 2 DAGs
[2025-02-23T04:47:45.336+0000] {logging_mixin.py:190} INFO - [2025-02-23T04:47:45.335+0000] {dag.py:4180} INFO - Setting next_dagrun for read_dataset_event to 2025-02-22 00:00:00+00:00, run_after=2025-02-23 00:00:00+00:00
[2025-02-23T04:47:45.344+0000] {logging_mixin.py:190} INFO - [2025-02-23T04:47:45.343+0000] {dag.py:4180} INFO - Setting next_dagrun for read_dataset_event_from_classic to 2025-02-22 00:00:00+00:00, run_after=2025-02-23 00:00:00+00:00
[2025-02-23T04:47:45.358+0000] {processor.py:208} INFO - Processing /home/airflow/.local/lib/python3.12/site-packages/airflow/example_dags/example_inlet_event_extra.py took 0.570 seconds
[2025-02-23T04:48:15.689+0000] {processor.py:186} INFO - Started process (PID=293) to work on /home/airflow/.local/lib/python3.12/site-packages/airflow/example_dags/example_inlet_event_extra.py
[2025-02-23T04:48:15.689+0000] {processor.py:914} INFO - Processing file /home/airflow/.local/lib/python3.12/site-packages/airflow/example_dags/example_inlet_event_extra.py for tasks to queue
[2025-02-23T04:48:15.691+0000] {logging_mixin.py:190} INFO - [2025-02-23T04:48:15.690+0000] {dagbag.py:588} INFO - Filling up the DagBag from /home/airflow/.local/lib/python3.12/site-packages/airflow/example_dags/example_inlet_event_extra.py
[2025-02-23T04:48:16.205+0000] {processor.py:925} INFO - DAG(s) 'read_dataset_event_from_classic', 'read_dataset_event' retrieved from /home/airflow/.local/lib/python3.12/site-packages/airflow/example_dags/example_inlet_event_extra.py
[2025-02-23T04:48:16.223+0000] {logging_mixin.py:190} INFO - [2025-02-23T04:48:16.223+0000] {dag.py:3239} INFO - Sync 2 DAGs
[2025-02-23T04:48:16.250+0000] {logging_mixin.py:190} INFO - [2025-02-23T04:48:16.249+0000] {dag.py:4180} INFO - Setting next_dagrun for read_dataset_event to 2025-02-22 00:00:00+00:00, run_after=2025-02-23 00:00:00+00:00
[2025-02-23T04:48:16.255+0000] {logging_mixin.py:190} INFO - [2025-02-23T04:48:16.255+0000] {dag.py:4180} INFO - Setting next_dagrun for read_dataset_event_from_classic to 2025-02-22 00:00:00+00:00, run_after=2025-02-23 00:00:00+00:00
[2025-02-23T04:48:16.271+0000] {processor.py:208} INFO - Processing /home/airflow/.local/lib/python3.12/site-packages/airflow/example_dags/example_inlet_event_extra.py took 0.586 seconds
[2025-02-23T04:48:46.397+0000] {processor.py:186} INFO - Started process (PID=356) to work on /home/airflow/.local/lib/python3.12/site-packages/airflow/example_dags/example_inlet_event_extra.py
[2025-02-23T04:48:46.397+0000] {processor.py:914} INFO - Processing file /home/airflow/.local/lib/python3.12/site-packages/airflow/example_dags/example_inlet_event_extra.py for tasks to queue
[2025-02-23T04:48:46.399+0000] {logging_mixin.py:190} INFO - [2025-02-23T04:48:46.399+0000] {dagbag.py:588} INFO - Filling up the DagBag from /home/airflow/.local/lib/python3.12/site-packages/airflow/example_dags/example_inlet_event_extra.py
[2025-02-23T04:48:46.883+0000] {processor.py:925} INFO - DAG(s) 'read_dataset_event', 'read_dataset_event_from_classic' retrieved from /home/airflow/.local/lib/python3.12/site-packages/airflow/example_dags/example_inlet_event_extra.py
[2025-02-23T04:48:46.899+0000] {logging_mixin.py:190} INFO - [2025-02-23T04:48:46.898+0000] {dag.py:3239} INFO - Sync 2 DAGs
[2025-02-23T04:48:46.921+0000] {logging_mixin.py:190} INFO - [2025-02-23T04:48:46.921+0000] {dag.py:4180} INFO - Setting next_dagrun for read_dataset_event to 2025-02-22 00:00:00+00:00, run_after=2025-02-23 00:00:00+00:00
[2025-02-23T04:48:46.925+0000] {logging_mixin.py:190} INFO - [2025-02-23T04:48:46.925+0000] {dag.py:4180} INFO - Setting next_dagrun for read_dataset_event_from_classic to 2025-02-22 00:00:00+00:00, run_after=2025-02-23 00:00:00+00:00
[2025-02-23T04:48:46.938+0000] {processor.py:208} INFO - Processing /home/airflow/.local/lib/python3.12/site-packages/airflow/example_dags/example_inlet_event_extra.py took 0.545 seconds
[2025-02-23T04:49:17.468+0000] {processor.py:186} INFO - Started process (PID=419) to work on /home/airflow/.local/lib/python3.12/site-packages/airflow/example_dags/example_inlet_event_extra.py
[2025-02-23T04:49:17.468+0000] {processor.py:914} INFO - Processing file /home/airflow/.local/lib/python3.12/site-packages/airflow/example_dags/example_inlet_event_extra.py for tasks to queue
[2025-02-23T04:49:17.470+0000] {logging_mixin.py:190} INFO - [2025-02-23T04:49:17.470+0000] {dagbag.py:588} INFO - Filling up the DagBag from /home/airflow/.local/lib/python3.12/site-packages/airflow/example_dags/example_inlet_event_extra.py
[2025-02-23T04:49:17.966+0000] {processor.py:925} INFO - DAG(s) 'read_dataset_event', 'read_dataset_event_from_classic' retrieved from /home/airflow/.local/lib/python3.12/site-packages/airflow/example_dags/example_inlet_event_extra.py
[2025-02-23T04:49:17.985+0000] {logging_mixin.py:190} INFO - [2025-02-23T04:49:17.985+0000] {dag.py:3239} INFO - Sync 2 DAGs
[2025-02-23T04:49:18.011+0000] {logging_mixin.py:190} INFO - [2025-02-23T04:49:18.011+0000] {dag.py:4180} INFO - Setting next_dagrun for read_dataset_event to 2025-02-22 00:00:00+00:00, run_after=2025-02-23 00:00:00+00:00
[2025-02-23T04:49:18.016+0000] {logging_mixin.py:190} INFO - [2025-02-23T04:49:18.016+0000] {dag.py:4180} INFO - Setting next_dagrun for read_dataset_event_from_classic to 2025-02-22 00:00:00+00:00, run_after=2025-02-23 00:00:00+00:00
[2025-02-23T04:49:18.030+0000] {processor.py:208} INFO - Processing /home/airflow/.local/lib/python3.12/site-packages/airflow/example_dags/example_inlet_event_extra.py took 0.566 seconds
[2025-02-23T04:49:48.677+0000] {processor.py:186} INFO - Started process (PID=482) to work on /home/airflow/.local/lib/python3.12/site-packages/airflow/example_dags/example_inlet_event_extra.py
[2025-02-23T04:49:48.677+0000] {processor.py:914} INFO - Processing file /home/airflow/.local/lib/python3.12/site-packages/airflow/example_dags/example_inlet_event_extra.py for tasks to queue
[2025-02-23T04:49:48.679+0000] {logging_mixin.py:190} INFO - [2025-02-23T04:49:48.679+0000] {dagbag.py:588} INFO - Filling up the DagBag from /home/airflow/.local/lib/python3.12/site-packages/airflow/example_dags/example_inlet_event_extra.py
[2025-02-23T04:49:49.185+0000] {processor.py:925} INFO - DAG(s) 'read_dataset_event_from_classic', 'read_dataset_event' retrieved from /home/airflow/.local/lib/python3.12/site-packages/airflow/example_dags/example_inlet_event_extra.py
[2025-02-23T04:49:49.200+0000] {logging_mixin.py:190} INFO - [2025-02-23T04:49:49.200+0000] {dag.py:3239} INFO - Sync 2 DAGs
[2025-02-23T04:49:49.219+0000] {logging_mixin.py:190} INFO - [2025-02-23T04:49:49.219+0000] {dag.py:4180} INFO - Setting next_dagrun for read_dataset_event to 2025-02-22 00:00:00+00:00, run_after=2025-02-23 00:00:00+00:00
[2025-02-23T04:49:49.223+0000] {logging_mixin.py:190} INFO - [2025-02-23T04:49:49.222+0000] {dag.py:4180} INFO - Setting next_dagrun for read_dataset_event_from_classic to 2025-02-22 00:00:00+00:00, run_after=2025-02-23 00:00:00+00:00
[2025-02-23T04:49:49.237+0000] {processor.py:208} INFO - Processing /home/airflow/.local/lib/python3.12/site-packages/airflow/example_dags/example_inlet_event_extra.py took 0.565 seconds
[2025-02-23T04:50:19.725+0000] {processor.py:186} INFO - Started process (PID=545) to work on /home/airflow/.local/lib/python3.12/site-packages/airflow/example_dags/example_inlet_event_extra.py
[2025-02-23T04:50:19.725+0000] {processor.py:914} INFO - Processing file /home/airflow/.local/lib/python3.12/site-packages/airflow/example_dags/example_inlet_event_extra.py for tasks to queue
[2025-02-23T04:50:19.727+0000] {logging_mixin.py:190} INFO - [2025-02-23T04:50:19.727+0000] {dagbag.py:588} INFO - Filling up the DagBag from /home/airflow/.local/lib/python3.12/site-packages/airflow/example_dags/example_inlet_event_extra.py
[2025-02-23T04:50:20.434+0000] {processor.py:925} INFO - DAG(s) 'read_dataset_event_from_classic', 'read_dataset_event' retrieved from /home/airflow/.local/lib/python3.12/site-packages/airflow/example_dags/example_inlet_event_extra.py
[2025-02-23T04:50:20.457+0000] {logging_mixin.py:190} INFO - [2025-02-23T04:50:20.457+0000] {dag.py:3239} INFO - Sync 2 DAGs
[2025-02-23T04:50:20.486+0000] {logging_mixin.py:190} INFO - [2025-02-23T04:50:20.486+0000] {dag.py:4180} INFO - Setting next_dagrun for read_dataset_event to 2025-02-22 00:00:00+00:00, run_after=2025-02-23 00:00:00+00:00
[2025-02-23T04:50:20.492+0000] {logging_mixin.py:190} INFO - [2025-02-23T04:50:20.492+0000] {dag.py:4180} INFO - Setting next_dagrun for read_dataset_event_from_classic to 2025-02-22 00:00:00+00:00, run_after=2025-02-23 00:00:00+00:00
[2025-02-23T04:50:20.508+0000] {processor.py:208} INFO - Processing /home/airflow/.local/lib/python3.12/site-packages/airflow/example_dags/example_inlet_event_extra.py took 0.789 seconds
[2025-02-23T04:50:50.858+0000] {processor.py:186} INFO - Started process (PID=608) to work on /home/airflow/.local/lib/python3.12/site-packages/airflow/example_dags/example_inlet_event_extra.py
[2025-02-23T04:50:50.859+0000] {processor.py:914} INFO - Processing file /home/airflow/.local/lib/python3.12/site-packages/airflow/example_dags/example_inlet_event_extra.py for tasks to queue
[2025-02-23T04:50:50.861+0000] {logging_mixin.py:190} INFO - [2025-02-23T04:50:50.860+0000] {dagbag.py:588} INFO - Filling up the DagBag from /home/airflow/.local/lib/python3.12/site-packages/airflow/example_dags/example_inlet_event_extra.py
[2025-02-23T04:50:51.488+0000] {processor.py:925} INFO - DAG(s) 'read_dataset_event_from_classic', 'read_dataset_event' retrieved from /home/airflow/.local/lib/python3.12/site-packages/airflow/example_dags/example_inlet_event_extra.py
[2025-02-23T04:50:51.507+0000] {logging_mixin.py:190} INFO - [2025-02-23T04:50:51.507+0000] {dag.py:3239} INFO - Sync 2 DAGs
[2025-02-23T04:50:51.534+0000] {logging_mixin.py:190} INFO - [2025-02-23T04:50:51.534+0000] {dag.py:4180} INFO - Setting next_dagrun for read_dataset_event to 2025-02-22 00:00:00+00:00, run_after=2025-02-23 00:00:00+00:00
[2025-02-23T04:50:51.540+0000] {logging_mixin.py:190} INFO - [2025-02-23T04:50:51.540+0000] {dag.py:4180} INFO - Setting next_dagrun for read_dataset_event_from_classic to 2025-02-22 00:00:00+00:00, run_after=2025-02-23 00:00:00+00:00
[2025-02-23T04:50:51.556+0000] {processor.py:208} INFO - Processing /home/airflow/.local/lib/python3.12/site-packages/airflow/example_dags/example_inlet_event_extra.py took 0.705 seconds
[2025-02-23T04:51:21.862+0000] {processor.py:186} INFO - Started process (PID=671) to work on /home/airflow/.local/lib/python3.12/site-packages/airflow/example_dags/example_inlet_event_extra.py
[2025-02-23T04:51:21.863+0000] {processor.py:914} INFO - Processing file /home/airflow/.local/lib/python3.12/site-packages/airflow/example_dags/example_inlet_event_extra.py for tasks to queue
[2025-02-23T04:51:21.864+0000] {logging_mixin.py:190} INFO - [2025-02-23T04:51:21.864+0000] {dagbag.py:588} INFO - Filling up the DagBag from /home/airflow/.local/lib/python3.12/site-packages/airflow/example_dags/example_inlet_event_extra.py
[2025-02-23T04:51:22.483+0000] {processor.py:925} INFO - DAG(s) 'read_dataset_event_from_classic', 'read_dataset_event' retrieved from /home/airflow/.local/lib/python3.12/site-packages/airflow/example_dags/example_inlet_event_extra.py
[2025-02-23T04:51:22.499+0000] {logging_mixin.py:190} INFO - [2025-02-23T04:51:22.499+0000] {dag.py:3239} INFO - Sync 2 DAGs
[2025-02-23T04:51:22.519+0000] {logging_mixin.py:190} INFO - [2025-02-23T04:51:22.519+0000] {dag.py:4180} INFO - Setting next_dagrun for read_dataset_event to 2025-02-22 00:00:00+00:00, run_after=2025-02-23 00:00:00+00:00
[2025-02-23T04:51:22.525+0000] {logging_mixin.py:190} INFO - [2025-02-23T04:51:22.525+0000] {dag.py:4180} INFO - Setting next_dagrun for read_dataset_event_from_classic to 2025-02-22 00:00:00+00:00, run_after=2025-02-23 00:00:00+00:00
[2025-02-23T04:51:22.540+0000] {processor.py:208} INFO - Processing /home/airflow/.local/lib/python3.12/site-packages/airflow/example_dags/example_inlet_event_extra.py took 0.683 seconds
[2025-02-23T04:51:52.882+0000] {processor.py:186} INFO - Started process (PID=734) to work on /home/airflow/.local/lib/python3.12/site-packages/airflow/example_dags/example_inlet_event_extra.py
[2025-02-23T04:51:52.882+0000] {processor.py:914} INFO - Processing file /home/airflow/.local/lib/python3.12/site-packages/airflow/example_dags/example_inlet_event_extra.py for tasks to queue
[2025-02-23T04:51:52.884+0000] {logging_mixin.py:190} INFO - [2025-02-23T04:51:52.884+0000] {dagbag.py:588} INFO - Filling up the DagBag from /home/airflow/.local/lib/python3.12/site-packages/airflow/example_dags/example_inlet_event_extra.py
[2025-02-23T04:51:53.393+0000] {processor.py:925} INFO - DAG(s) 'read_dataset_event_from_classic', 'read_dataset_event' retrieved from /home/airflow/.local/lib/python3.12/site-packages/airflow/example_dags/example_inlet_event_extra.py
[2025-02-23T04:51:53.411+0000] {logging_mixin.py:190} INFO - [2025-02-23T04:51:53.411+0000] {dag.py:3239} INFO - Sync 2 DAGs
[2025-02-23T04:51:53.441+0000] {logging_mixin.py:190} INFO - [2025-02-23T04:51:53.441+0000] {dag.py:4180} INFO - Setting next_dagrun for read_dataset_event to 2025-02-22 00:00:00+00:00, run_after=2025-02-23 00:00:00+00:00
[2025-02-23T04:51:53.447+0000] {logging_mixin.py:190} INFO - [2025-02-23T04:51:53.447+0000] {dag.py:4180} INFO - Setting next_dagrun for read_dataset_event_from_classic to 2025-02-22 00:00:00+00:00, run_after=2025-02-23 00:00:00+00:00
[2025-02-23T04:51:53.466+0000] {processor.py:208} INFO - Processing /home/airflow/.local/lib/python3.12/site-packages/airflow/example_dags/example_inlet_event_extra.py took 0.589 seconds
[2025-02-23T04:52:23.591+0000] {processor.py:186} INFO - Started process (PID=797) to work on /home/airflow/.local/lib/python3.12/site-packages/airflow/example_dags/example_inlet_event_extra.py
[2025-02-23T04:52:23.591+0000] {processor.py:914} INFO - Processing file /home/airflow/.local/lib/python3.12/site-packages/airflow/example_dags/example_inlet_event_extra.py for tasks to queue
[2025-02-23T04:52:23.593+0000] {logging_mixin.py:190} INFO - [2025-02-23T04:52:23.592+0000] {dagbag.py:588} INFO - Filling up the DagBag from /home/airflow/.local/lib/python3.12/site-packages/airflow/example_dags/example_inlet_event_extra.py
[2025-02-23T04:52:24.135+0000] {processor.py:925} INFO - DAG(s) 'read_dataset_event', 'read_dataset_event_from_classic' retrieved from /home/airflow/.local/lib/python3.12/site-packages/airflow/example_dags/example_inlet_event_extra.py
[2025-02-23T04:52:24.150+0000] {logging_mixin.py:190} INFO - [2025-02-23T04:52:24.150+0000] {dag.py:3239} INFO - Sync 2 DAGs
[2025-02-23T04:52:24.168+0000] {logging_mixin.py:190} INFO - [2025-02-23T04:52:24.168+0000] {dag.py:4180} INFO - Setting next_dagrun for read_dataset_event to 2025-02-22 00:00:00+00:00, run_after=2025-02-23 00:00:00+00:00
[2025-02-23T04:52:24.172+0000] {logging_mixin.py:190} INFO - [2025-02-23T04:52:24.172+0000] {dag.py:4180} INFO - Setting next_dagrun for read_dataset_event_from_classic to 2025-02-22 00:00:00+00:00, run_after=2025-02-23 00:00:00+00:00
[2025-02-23T04:52:24.183+0000] {processor.py:208} INFO - Processing /home/airflow/.local/lib/python3.12/site-packages/airflow/example_dags/example_inlet_event_extra.py took 0.597 seconds
[2025-02-23T04:52:54.282+0000] {processor.py:186} INFO - Started process (PID=860) to work on /home/airflow/.local/lib/python3.12/site-packages/airflow/example_dags/example_inlet_event_extra.py
[2025-02-23T04:52:54.283+0000] {processor.py:914} INFO - Processing file /home/airflow/.local/lib/python3.12/site-packages/airflow/example_dags/example_inlet_event_extra.py for tasks to queue
[2025-02-23T04:52:54.285+0000] {logging_mixin.py:190} INFO - [2025-02-23T04:52:54.284+0000] {dagbag.py:588} INFO - Filling up the DagBag from /home/airflow/.local/lib/python3.12/site-packages/airflow/example_dags/example_inlet_event_extra.py
[2025-02-23T04:52:54.846+0000] {processor.py:925} INFO - DAG(s) 'read_dataset_event', 'read_dataset_event_from_classic' retrieved from /home/airflow/.local/lib/python3.12/site-packages/airflow/example_dags/example_inlet_event_extra.py
[2025-02-23T04:52:54.864+0000] {logging_mixin.py:190} INFO - [2025-02-23T04:52:54.864+0000] {dag.py:3239} INFO - Sync 2 DAGs
[2025-02-23T04:52:54.887+0000] {logging_mixin.py:190} INFO - [2025-02-23T04:52:54.887+0000] {dag.py:4180} INFO - Setting next_dagrun for read_dataset_event to 2025-02-22 00:00:00+00:00, run_after=2025-02-23 00:00:00+00:00
[2025-02-23T04:52:54.892+0000] {logging_mixin.py:190} INFO - [2025-02-23T04:52:54.892+0000] {dag.py:4180} INFO - Setting next_dagrun for read_dataset_event_from_classic to 2025-02-22 00:00:00+00:00, run_after=2025-02-23 00:00:00+00:00
[2025-02-23T04:52:54.904+0000] {processor.py:208} INFO - Processing /home/airflow/.local/lib/python3.12/site-packages/airflow/example_dags/example_inlet_event_extra.py took 0.629 seconds
[2025-02-23T04:53:24.989+0000] {processor.py:186} INFO - Started process (PID=924) to work on /home/airflow/.local/lib/python3.12/site-packages/airflow/example_dags/example_inlet_event_extra.py
[2025-02-23T04:53:24.989+0000] {processor.py:914} INFO - Processing file /home/airflow/.local/lib/python3.12/site-packages/airflow/example_dags/example_inlet_event_extra.py for tasks to queue
[2025-02-23T04:53:24.991+0000] {logging_mixin.py:190} INFO - [2025-02-23T04:53:24.991+0000] {dagbag.py:588} INFO - Filling up the DagBag from /home/airflow/.local/lib/python3.12/site-packages/airflow/example_dags/example_inlet_event_extra.py
[2025-02-23T04:53:25.510+0000] {processor.py:925} INFO - DAG(s) 'read_dataset_event', 'read_dataset_event_from_classic' retrieved from /home/airflow/.local/lib/python3.12/site-packages/airflow/example_dags/example_inlet_event_extra.py
[2025-02-23T04:53:25.529+0000] {logging_mixin.py:190} INFO - [2025-02-23T04:53:25.529+0000] {dag.py:3239} INFO - Sync 2 DAGs
[2025-02-23T04:53:25.552+0000] {logging_mixin.py:190} INFO - [2025-02-23T04:53:25.552+0000] {dag.py:4180} INFO - Setting next_dagrun for read_dataset_event to 2025-02-22 00:00:00+00:00, run_after=2025-02-23 00:00:00+00:00
[2025-02-23T04:53:25.556+0000] {logging_mixin.py:190} INFO - [2025-02-23T04:53:25.556+0000] {dag.py:4180} INFO - Setting next_dagrun for read_dataset_event_from_classic to 2025-02-22 00:00:00+00:00, run_after=2025-02-23 00:00:00+00:00
[2025-02-23T04:53:25.567+0000] {processor.py:208} INFO - Processing /home/airflow/.local/lib/python3.12/site-packages/airflow/example_dags/example_inlet_event_extra.py took 0.585 seconds
[2025-02-23T04:53:55.605+0000] {processor.py:186} INFO - Started process (PID=987) to work on /home/airflow/.local/lib/python3.12/site-packages/airflow/example_dags/example_inlet_event_extra.py
[2025-02-23T04:53:55.606+0000] {processor.py:914} INFO - Processing file /home/airflow/.local/lib/python3.12/site-packages/airflow/example_dags/example_inlet_event_extra.py for tasks to queue
[2025-02-23T04:53:55.607+0000] {logging_mixin.py:190} INFO - [2025-02-23T04:53:55.607+0000] {dagbag.py:588} INFO - Filling up the DagBag from /home/airflow/.local/lib/python3.12/site-packages/airflow/example_dags/example_inlet_event_extra.py
[2025-02-23T04:53:56.122+0000] {processor.py:925} INFO - DAG(s) 'read_dataset_event', 'read_dataset_event_from_classic' retrieved from /home/airflow/.local/lib/python3.12/site-packages/airflow/example_dags/example_inlet_event_extra.py
[2025-02-23T04:53:56.142+0000] {logging_mixin.py:190} INFO - [2025-02-23T04:53:56.142+0000] {dag.py:3239} INFO - Sync 2 DAGs
[2025-02-23T04:53:56.171+0000] {logging_mixin.py:190} INFO - [2025-02-23T04:53:56.171+0000] {dag.py:4180} INFO - Setting next_dagrun for read_dataset_event to 2025-02-22 00:00:00+00:00, run_after=2025-02-23 00:00:00+00:00
[2025-02-23T04:53:56.176+0000] {logging_mixin.py:190} INFO - [2025-02-23T04:53:56.176+0000] {dag.py:4180} INFO - Setting next_dagrun for read_dataset_event_from_classic to 2025-02-22 00:00:00+00:00, run_after=2025-02-23 00:00:00+00:00
[2025-02-23T04:53:56.189+0000] {processor.py:208} INFO - Processing /home/airflow/.local/lib/python3.12/site-packages/airflow/example_dags/example_inlet_event_extra.py took 0.588 seconds
[2025-02-23T04:54:26.337+0000] {processor.py:186} INFO - Started process (PID=1050) to work on /home/airflow/.local/lib/python3.12/site-packages/airflow/example_dags/example_inlet_event_extra.py
[2025-02-23T04:54:26.337+0000] {processor.py:914} INFO - Processing file /home/airflow/.local/lib/python3.12/site-packages/airflow/example_dags/example_inlet_event_extra.py for tasks to queue
[2025-02-23T04:54:26.339+0000] {logging_mixin.py:190} INFO - [2025-02-23T04:54:26.339+0000] {dagbag.py:588} INFO - Filling up the DagBag from /home/airflow/.local/lib/python3.12/site-packages/airflow/example_dags/example_inlet_event_extra.py
[2025-02-23T04:54:26.847+0000] {processor.py:925} INFO - DAG(s) 'read_dataset_event', 'read_dataset_event_from_classic' retrieved from /home/airflow/.local/lib/python3.12/site-packages/airflow/example_dags/example_inlet_event_extra.py
[2025-02-23T04:54:26.867+0000] {logging_mixin.py:190} INFO - [2025-02-23T04:54:26.867+0000] {dag.py:3239} INFO - Sync 2 DAGs
[2025-02-23T04:54:26.895+0000] {logging_mixin.py:190} INFO - [2025-02-23T04:54:26.895+0000] {dag.py:4180} INFO - Setting next_dagrun for read_dataset_event to 2025-02-22 00:00:00+00:00, run_after=2025-02-23 00:00:00+00:00
[2025-02-23T04:54:26.900+0000] {logging_mixin.py:190} INFO - [2025-02-23T04:54:26.900+0000] {dag.py:4180} INFO - Setting next_dagrun for read_dataset_event_from_classic to 2025-02-22 00:00:00+00:00, run_after=2025-02-23 00:00:00+00:00
[2025-02-23T04:54:26.914+0000] {processor.py:208} INFO - Processing /home/airflow/.local/lib/python3.12/site-packages/airflow/example_dags/example_inlet_event_extra.py took 0.581 seconds
[2025-02-23T04:54:57.738+0000] {processor.py:186} INFO - Started process (PID=1112) to work on /home/airflow/.local/lib/python3.12/site-packages/airflow/example_dags/example_inlet_event_extra.py
[2025-02-23T04:54:57.739+0000] {processor.py:914} INFO - Processing file /home/airflow/.local/lib/python3.12/site-packages/airflow/example_dags/example_inlet_event_extra.py for tasks to queue
[2025-02-23T04:54:57.741+0000] {logging_mixin.py:190} INFO - [2025-02-23T04:54:57.740+0000] {dagbag.py:588} INFO - Filling up the DagBag from /home/airflow/.local/lib/python3.12/site-packages/airflow/example_dags/example_inlet_event_extra.py
[2025-02-23T04:54:58.223+0000] {processor.py:925} INFO - DAG(s) 'read_dataset_event_from_classic', 'read_dataset_event' retrieved from /home/airflow/.local/lib/python3.12/site-packages/airflow/example_dags/example_inlet_event_extra.py
[2025-02-23T04:54:58.238+0000] {logging_mixin.py:190} INFO - [2025-02-23T04:54:58.238+0000] {dag.py:3239} INFO - Sync 2 DAGs
[2025-02-23T04:54:58.257+0000] {logging_mixin.py:190} INFO - [2025-02-23T04:54:58.257+0000] {dag.py:4180} INFO - Setting next_dagrun for read_dataset_event to 2025-02-22 00:00:00+00:00, run_after=2025-02-23 00:00:00+00:00
[2025-02-23T04:54:58.261+0000] {logging_mixin.py:190} INFO - [2025-02-23T04:54:58.261+0000] {dag.py:4180} INFO - Setting next_dagrun for read_dataset_event_from_classic to 2025-02-22 00:00:00+00:00, run_after=2025-02-23 00:00:00+00:00
[2025-02-23T04:54:58.273+0000] {processor.py:208} INFO - Processing /home/airflow/.local/lib/python3.12/site-packages/airflow/example_dags/example_inlet_event_extra.py took 0.539 seconds
[2025-02-23T04:55:29.047+0000] {processor.py:186} INFO - Started process (PID=1175) to work on /home/airflow/.local/lib/python3.12/site-packages/airflow/example_dags/example_inlet_event_extra.py
[2025-02-23T04:55:29.048+0000] {processor.py:914} INFO - Processing file /home/airflow/.local/lib/python3.12/site-packages/airflow/example_dags/example_inlet_event_extra.py for tasks to queue
[2025-02-23T04:55:29.049+0000] {logging_mixin.py:190} INFO - [2025-02-23T04:55:29.049+0000] {dagbag.py:588} INFO - Filling up the DagBag from /home/airflow/.local/lib/python3.12/site-packages/airflow/example_dags/example_inlet_event_extra.py
[2025-02-23T04:55:29.544+0000] {processor.py:925} INFO - DAG(s) 'read_dataset_event_from_classic', 'read_dataset_event' retrieved from /home/airflow/.local/lib/python3.12/site-packages/airflow/example_dags/example_inlet_event_extra.py
[2025-02-23T04:55:29.561+0000] {logging_mixin.py:190} INFO - [2025-02-23T04:55:29.560+0000] {dag.py:3239} INFO - Sync 2 DAGs
[2025-02-23T04:55:29.584+0000] {logging_mixin.py:190} INFO - [2025-02-23T04:55:29.584+0000] {dag.py:4180} INFO - Setting next_dagrun for read_dataset_event to 2025-02-22 00:00:00+00:00, run_after=2025-02-23 00:00:00+00:00
[2025-02-23T04:55:29.590+0000] {logging_mixin.py:190} INFO - [2025-02-23T04:55:29.590+0000] {dag.py:4180} INFO - Setting next_dagrun for read_dataset_event_from_classic to 2025-02-22 00:00:00+00:00, run_after=2025-02-23 00:00:00+00:00
[2025-02-23T04:55:29.602+0000] {processor.py:208} INFO - Processing /home/airflow/.local/lib/python3.12/site-packages/airflow/example_dags/example_inlet_event_extra.py took 0.559 seconds
[2025-02-23T04:56:00.435+0000] {processor.py:186} INFO - Started process (PID=1238) to work on /home/airflow/.local/lib/python3.12/site-packages/airflow/example_dags/example_inlet_event_extra.py
[2025-02-23T04:56:00.436+0000] {processor.py:914} INFO - Processing file /home/airflow/.local/lib/python3.12/site-packages/airflow/example_dags/example_inlet_event_extra.py for tasks to queue
[2025-02-23T04:56:00.437+0000] {logging_mixin.py:190} INFO - [2025-02-23T04:56:00.437+0000] {dagbag.py:588} INFO - Filling up the DagBag from /home/airflow/.local/lib/python3.12/site-packages/airflow/example_dags/example_inlet_event_extra.py
[2025-02-23T04:56:00.962+0000] {processor.py:925} INFO - DAG(s) 'read_dataset_event_from_classic', 'read_dataset_event' retrieved from /home/airflow/.local/lib/python3.12/site-packages/airflow/example_dags/example_inlet_event_extra.py
[2025-02-23T04:56:00.978+0000] {logging_mixin.py:190} INFO - [2025-02-23T04:56:00.978+0000] {dag.py:3239} INFO - Sync 2 DAGs
[2025-02-23T04:56:01.005+0000] {logging_mixin.py:190} INFO - [2025-02-23T04:56:01.005+0000] {dag.py:4180} INFO - Setting next_dagrun for read_dataset_event to 2025-02-22 00:00:00+00:00, run_after=2025-02-23 00:00:00+00:00
[2025-02-23T04:56:01.010+0000] {logging_mixin.py:190} INFO - [2025-02-23T04:56:01.010+0000] {dag.py:4180} INFO - Setting next_dagrun for read_dataset_event_from_classic to 2025-02-22 00:00:00+00:00, run_after=2025-02-23 00:00:00+00:00
[2025-02-23T04:56:01.024+0000] {processor.py:208} INFO - Processing /home/airflow/.local/lib/python3.12/site-packages/airflow/example_dags/example_inlet_event_extra.py took 0.594 seconds
[2025-02-23T04:56:31.557+0000] {processor.py:186} INFO - Started process (PID=1302) to work on /home/airflow/.local/lib/python3.12/site-packages/airflow/example_dags/example_inlet_event_extra.py
[2025-02-23T04:56:31.558+0000] {processor.py:914} INFO - Processing file /home/airflow/.local/lib/python3.12/site-packages/airflow/example_dags/example_inlet_event_extra.py for tasks to queue
[2025-02-23T04:56:31.560+0000] {logging_mixin.py:190} INFO - [2025-02-23T04:56:31.559+0000] {dagbag.py:588} INFO - Filling up the DagBag from /home/airflow/.local/lib/python3.12/site-packages/airflow/example_dags/example_inlet_event_extra.py
[2025-02-23T04:56:32.068+0000] {processor.py:925} INFO - DAG(s) 'read_dataset_event', 'read_dataset_event_from_classic' retrieved from /home/airflow/.local/lib/python3.12/site-packages/airflow/example_dags/example_inlet_event_extra.py
[2025-02-23T04:56:32.083+0000] {logging_mixin.py:190} INFO - [2025-02-23T04:56:32.083+0000] {dag.py:3239} INFO - Sync 2 DAGs
[2025-02-23T04:56:32.103+0000] {logging_mixin.py:190} INFO - [2025-02-23T04:56:32.102+0000] {dag.py:4180} INFO - Setting next_dagrun for read_dataset_event to 2025-02-22 00:00:00+00:00, run_after=2025-02-23 00:00:00+00:00
[2025-02-23T04:56:32.106+0000] {logging_mixin.py:190} INFO - [2025-02-23T04:56:32.106+0000] {dag.py:4180} INFO - Setting next_dagrun for read_dataset_event_from_classic to 2025-02-22 00:00:00+00:00, run_after=2025-02-23 00:00:00+00:00
[2025-02-23T04:56:32.118+0000] {processor.py:208} INFO - Processing /home/airflow/.local/lib/python3.12/site-packages/airflow/example_dags/example_inlet_event_extra.py took 0.565 seconds
