[2025-02-23T04:46:44.634+0000] {processor.py:186} INFO - Started process (PID=117) to work on /home/airflow/.local/lib/python3.12/site-packages/airflow/example_dags/example_xcom.py
[2025-02-23T04:46:44.635+0000] {processor.py:914} INFO - Processing file /home/airflow/.local/lib/python3.12/site-packages/airflow/example_dags/example_xcom.py for tasks to queue
[2025-02-23T04:46:44.637+0000] {logging_mixin.py:190} INFO - [2025-02-23T04:46:44.637+0000] {dagbag.py:588} INFO - Filling up the DagBag from /home/airflow/.local/lib/python3.12/site-packages/airflow/example_dags/example_xcom.py
[2025-02-23T04:46:44.647+0000] {processor.py:925} INFO - DAG(s) 'example_xcom' retrieved from /home/airflow/.local/lib/python3.12/site-packages/airflow/example_dags/example_xcom.py
[2025-02-23T04:46:44.730+0000] {logging_mixin.py:190} INFO - [2025-02-23T04:46:44.729+0000] {override.py:1911} INFO - Created Permission View: can read on DAG:example_xcom
[2025-02-23T04:46:44.737+0000] {logging_mixin.py:190} INFO - [2025-02-23T04:46:44.737+0000] {override.py:1911} INFO - Created Permission View: can delete on DAG:example_xcom
[2025-02-23T04:46:44.742+0000] {logging_mixin.py:190} INFO - [2025-02-23T04:46:44.741+0000] {override.py:1911} INFO - Created Permission View: can edit on DAG:example_xcom
[2025-02-23T04:46:44.746+0000] {logging_mixin.py:190} INFO - [2025-02-23T04:46:44.746+0000] {override.py:1911} INFO - Created Permission View: can read on DAG Run:example_xcom
[2025-02-23T04:46:44.750+0000] {logging_mixin.py:190} INFO - [2025-02-23T04:46:44.750+0000] {override.py:1911} INFO - Created Permission View: can create on DAG Run:example_xcom
[2025-02-23T04:46:44.754+0000] {logging_mixin.py:190} INFO - [2025-02-23T04:46:44.754+0000] {override.py:1911} INFO - Created Permission View: can delete on DAG Run:example_xcom
[2025-02-23T04:46:44.759+0000] {logging_mixin.py:190} INFO - [2025-02-23T04:46:44.759+0000] {override.py:1911} INFO - Created Permission View: menu access on DAG Run:example_xcom
[2025-02-23T04:46:44.759+0000] {logging_mixin.py:190} INFO - [2025-02-23T04:46:44.759+0000] {dag.py:3239} INFO - Sync 1 DAGs
[2025-02-23T04:46:44.770+0000] {logging_mixin.py:190} INFO - [2025-02-23T04:46:44.769+0000] {dag.py:3262} INFO - Creating ORM DAG for example_xcom
[2025-02-23T04:46:44.777+0000] {logging_mixin.py:190} INFO - [2025-02-23T04:46:44.777+0000] {dag.py:4180} INFO - Setting next_dagrun for example_xcom to 2021-01-01 00:00:00+00:00, run_after=2021-01-01 00:00:00+00:00
[2025-02-23T04:46:44.789+0000] {processor.py:208} INFO - Processing /home/airflow/.local/lib/python3.12/site-packages/airflow/example_dags/example_xcom.py took 0.161 seconds
[2025-02-23T04:47:15.068+0000] {processor.py:186} INFO - Started process (PID=180) to work on /home/airflow/.local/lib/python3.12/site-packages/airflow/example_dags/example_xcom.py
[2025-02-23T04:47:15.068+0000] {processor.py:914} INFO - Processing file /home/airflow/.local/lib/python3.12/site-packages/airflow/example_dags/example_xcom.py for tasks to queue
[2025-02-23T04:47:15.070+0000] {logging_mixin.py:190} INFO - [2025-02-23T04:47:15.070+0000] {dagbag.py:588} INFO - Filling up the DagBag from /home/airflow/.local/lib/python3.12/site-packages/airflow/example_dags/example_xcom.py
[2025-02-23T04:47:15.078+0000] {processor.py:925} INFO - DAG(s) 'example_xcom' retrieved from /home/airflow/.local/lib/python3.12/site-packages/airflow/example_dags/example_xcom.py
[2025-02-23T04:47:15.094+0000] {logging_mixin.py:190} INFO - [2025-02-23T04:47:15.094+0000] {dag.py:3239} INFO - Sync 1 DAGs
[2025-02-23T04:47:15.111+0000] {logging_mixin.py:190} INFO - [2025-02-23T04:47:15.111+0000] {dag.py:4180} INFO - Setting next_dagrun for example_xcom to 2021-01-01 00:00:00+00:00, run_after=2021-01-01 00:00:00+00:00
[2025-02-23T04:47:15.123+0000] {processor.py:208} INFO - Processing /home/airflow/.local/lib/python3.12/site-packages/airflow/example_dags/example_xcom.py took 0.060 seconds
[2025-02-23T04:47:46.089+0000] {processor.py:186} INFO - Started process (PID=243) to work on /home/airflow/.local/lib/python3.12/site-packages/airflow/example_dags/example_xcom.py
[2025-02-23T04:47:46.090+0000] {processor.py:914} INFO - Processing file /home/airflow/.local/lib/python3.12/site-packages/airflow/example_dags/example_xcom.py for tasks to queue
[2025-02-23T04:47:46.092+0000] {logging_mixin.py:190} INFO - [2025-02-23T04:47:46.092+0000] {dagbag.py:588} INFO - Filling up the DagBag from /home/airflow/.local/lib/python3.12/site-packages/airflow/example_dags/example_xcom.py
[2025-02-23T04:47:46.101+0000] {processor.py:925} INFO - DAG(s) 'example_xcom' retrieved from /home/airflow/.local/lib/python3.12/site-packages/airflow/example_dags/example_xcom.py
[2025-02-23T04:47:46.118+0000] {logging_mixin.py:190} INFO - [2025-02-23T04:47:46.118+0000] {dag.py:3239} INFO - Sync 1 DAGs
[2025-02-23T04:47:46.139+0000] {logging_mixin.py:190} INFO - [2025-02-23T04:47:46.139+0000] {dag.py:4180} INFO - Setting next_dagrun for example_xcom to 2021-01-01 00:00:00+00:00, run_after=2021-01-01 00:00:00+00:00
[2025-02-23T04:47:46.152+0000] {processor.py:208} INFO - Processing /home/airflow/.local/lib/python3.12/site-packages/airflow/example_dags/example_xcom.py took 0.070 seconds
[2025-02-23T04:48:16.950+0000] {processor.py:186} INFO - Started process (PID=307) to work on /home/airflow/.local/lib/python3.12/site-packages/airflow/example_dags/example_xcom.py
[2025-02-23T04:48:16.950+0000] {processor.py:914} INFO - Processing file /home/airflow/.local/lib/python3.12/site-packages/airflow/example_dags/example_xcom.py for tasks to queue
[2025-02-23T04:48:16.952+0000] {logging_mixin.py:190} INFO - [2025-02-23T04:48:16.952+0000] {dagbag.py:588} INFO - Filling up the DagBag from /home/airflow/.local/lib/python3.12/site-packages/airflow/example_dags/example_xcom.py
[2025-02-23T04:48:16.960+0000] {processor.py:925} INFO - DAG(s) 'example_xcom' retrieved from /home/airflow/.local/lib/python3.12/site-packages/airflow/example_dags/example_xcom.py
[2025-02-23T04:48:16.976+0000] {logging_mixin.py:190} INFO - [2025-02-23T04:48:16.976+0000] {dag.py:3239} INFO - Sync 1 DAGs
[2025-02-23T04:48:16.996+0000] {logging_mixin.py:190} INFO - [2025-02-23T04:48:16.996+0000] {dag.py:4180} INFO - Setting next_dagrun for example_xcom to 2021-01-01 00:00:00+00:00, run_after=2021-01-01 00:00:00+00:00
[2025-02-23T04:48:17.008+0000] {processor.py:208} INFO - Processing /home/airflow/.local/lib/python3.12/site-packages/airflow/example_dags/example_xcom.py took 0.063 seconds
[2025-02-23T04:48:47.544+0000] {processor.py:186} INFO - Started process (PID=370) to work on /home/airflow/.local/lib/python3.12/site-packages/airflow/example_dags/example_xcom.py
[2025-02-23T04:48:47.544+0000] {processor.py:914} INFO - Processing file /home/airflow/.local/lib/python3.12/site-packages/airflow/example_dags/example_xcom.py for tasks to queue
[2025-02-23T04:48:47.546+0000] {logging_mixin.py:190} INFO - [2025-02-23T04:48:47.545+0000] {dagbag.py:588} INFO - Filling up the DagBag from /home/airflow/.local/lib/python3.12/site-packages/airflow/example_dags/example_xcom.py
[2025-02-23T04:48:47.553+0000] {processor.py:925} INFO - DAG(s) 'example_xcom' retrieved from /home/airflow/.local/lib/python3.12/site-packages/airflow/example_dags/example_xcom.py
[2025-02-23T04:48:47.576+0000] {logging_mixin.py:190} INFO - [2025-02-23T04:48:47.576+0000] {dag.py:3239} INFO - Sync 1 DAGs
[2025-02-23T04:48:47.602+0000] {logging_mixin.py:190} INFO - [2025-02-23T04:48:47.602+0000] {dag.py:4180} INFO - Setting next_dagrun for example_xcom to 2021-01-01 00:00:00+00:00, run_after=2021-01-01 00:00:00+00:00
[2025-02-23T04:48:47.630+0000] {processor.py:208} INFO - Processing /home/airflow/.local/lib/python3.12/site-packages/airflow/example_dags/example_xcom.py took 0.091 seconds
[2025-02-23T04:49:18.733+0000] {processor.py:186} INFO - Started process (PID=433) to work on /home/airflow/.local/lib/python3.12/site-packages/airflow/example_dags/example_xcom.py
[2025-02-23T04:49:18.733+0000] {processor.py:914} INFO - Processing file /home/airflow/.local/lib/python3.12/site-packages/airflow/example_dags/example_xcom.py for tasks to queue
[2025-02-23T04:49:18.736+0000] {logging_mixin.py:190} INFO - [2025-02-23T04:49:18.735+0000] {dagbag.py:588} INFO - Filling up the DagBag from /home/airflow/.local/lib/python3.12/site-packages/airflow/example_dags/example_xcom.py
[2025-02-23T04:49:18.745+0000] {processor.py:925} INFO - DAG(s) 'example_xcom' retrieved from /home/airflow/.local/lib/python3.12/site-packages/airflow/example_dags/example_xcom.py
[2025-02-23T04:49:18.762+0000] {logging_mixin.py:190} INFO - [2025-02-23T04:49:18.762+0000] {dag.py:3239} INFO - Sync 1 DAGs
[2025-02-23T04:49:18.785+0000] {logging_mixin.py:190} INFO - [2025-02-23T04:49:18.785+0000] {dag.py:4180} INFO - Setting next_dagrun for example_xcom to 2021-01-01 00:00:00+00:00, run_after=2021-01-01 00:00:00+00:00
[2025-02-23T04:49:18.801+0000] {processor.py:208} INFO - Processing /home/airflow/.local/lib/python3.12/site-packages/airflow/example_dags/example_xcom.py took 0.073 seconds
[2025-02-23T04:49:49.863+0000] {processor.py:186} INFO - Started process (PID=496) to work on /home/airflow/.local/lib/python3.12/site-packages/airflow/example_dags/example_xcom.py
[2025-02-23T04:49:49.864+0000] {processor.py:914} INFO - Processing file /home/airflow/.local/lib/python3.12/site-packages/airflow/example_dags/example_xcom.py for tasks to queue
[2025-02-23T04:49:49.865+0000] {logging_mixin.py:190} INFO - [2025-02-23T04:49:49.865+0000] {dagbag.py:588} INFO - Filling up the DagBag from /home/airflow/.local/lib/python3.12/site-packages/airflow/example_dags/example_xcom.py
[2025-02-23T04:49:49.873+0000] {processor.py:925} INFO - DAG(s) 'example_xcom' retrieved from /home/airflow/.local/lib/python3.12/site-packages/airflow/example_dags/example_xcom.py
[2025-02-23T04:49:49.891+0000] {logging_mixin.py:190} INFO - [2025-02-23T04:49:49.891+0000] {dag.py:3239} INFO - Sync 1 DAGs
[2025-02-23T04:49:49.911+0000] {logging_mixin.py:190} INFO - [2025-02-23T04:49:49.910+0000] {dag.py:4180} INFO - Setting next_dagrun for example_xcom to 2021-01-01 00:00:00+00:00, run_after=2021-01-01 00:00:00+00:00
[2025-02-23T04:49:49.923+0000] {processor.py:208} INFO - Processing /home/airflow/.local/lib/python3.12/site-packages/airflow/example_dags/example_xcom.py took 0.065 seconds
[2025-02-23T04:50:21.108+0000] {processor.py:186} INFO - Started process (PID=559) to work on /home/airflow/.local/lib/python3.12/site-packages/airflow/example_dags/example_xcom.py
[2025-02-23T04:50:21.109+0000] {processor.py:914} INFO - Processing file /home/airflow/.local/lib/python3.12/site-packages/airflow/example_dags/example_xcom.py for tasks to queue
[2025-02-23T04:50:21.111+0000] {logging_mixin.py:190} INFO - [2025-02-23T04:50:21.111+0000] {dagbag.py:588} INFO - Filling up the DagBag from /home/airflow/.local/lib/python3.12/site-packages/airflow/example_dags/example_xcom.py
[2025-02-23T04:50:21.121+0000] {processor.py:925} INFO - DAG(s) 'example_xcom' retrieved from /home/airflow/.local/lib/python3.12/site-packages/airflow/example_dags/example_xcom.py
[2025-02-23T04:50:21.137+0000] {logging_mixin.py:190} INFO - [2025-02-23T04:50:21.137+0000] {dag.py:3239} INFO - Sync 1 DAGs
[2025-02-23T04:50:21.158+0000] {logging_mixin.py:190} INFO - [2025-02-23T04:50:21.157+0000] {dag.py:4180} INFO - Setting next_dagrun for example_xcom to 2021-01-01 00:00:00+00:00, run_after=2021-01-01 00:00:00+00:00
[2025-02-23T04:50:21.170+0000] {processor.py:208} INFO - Processing /home/airflow/.local/lib/python3.12/site-packages/airflow/example_dags/example_xcom.py took 0.066 seconds
[2025-02-23T04:50:52.215+0000] {processor.py:186} INFO - Started process (PID=622) to work on /home/airflow/.local/lib/python3.12/site-packages/airflow/example_dags/example_xcom.py
[2025-02-23T04:50:52.216+0000] {processor.py:914} INFO - Processing file /home/airflow/.local/lib/python3.12/site-packages/airflow/example_dags/example_xcom.py for tasks to queue
[2025-02-23T04:50:52.218+0000] {logging_mixin.py:190} INFO - [2025-02-23T04:50:52.218+0000] {dagbag.py:588} INFO - Filling up the DagBag from /home/airflow/.local/lib/python3.12/site-packages/airflow/example_dags/example_xcom.py
[2025-02-23T04:50:52.228+0000] {processor.py:925} INFO - DAG(s) 'example_xcom' retrieved from /home/airflow/.local/lib/python3.12/site-packages/airflow/example_dags/example_xcom.py
[2025-02-23T04:50:52.252+0000] {logging_mixin.py:190} INFO - [2025-02-23T04:50:52.252+0000] {dag.py:3239} INFO - Sync 1 DAGs
[2025-02-23T04:50:52.278+0000] {logging_mixin.py:190} INFO - [2025-02-23T04:50:52.278+0000] {dag.py:4180} INFO - Setting next_dagrun for example_xcom to 2021-01-01 00:00:00+00:00, run_after=2021-01-01 00:00:00+00:00
[2025-02-23T04:50:52.295+0000] {processor.py:208} INFO - Processing /home/airflow/.local/lib/python3.12/site-packages/airflow/example_dags/example_xcom.py took 0.086 seconds
[2025-02-23T04:51:23.341+0000] {processor.py:186} INFO - Started process (PID=685) to work on /home/airflow/.local/lib/python3.12/site-packages/airflow/example_dags/example_xcom.py
[2025-02-23T04:51:23.342+0000] {processor.py:914} INFO - Processing file /home/airflow/.local/lib/python3.12/site-packages/airflow/example_dags/example_xcom.py for tasks to queue
[2025-02-23T04:51:23.344+0000] {logging_mixin.py:190} INFO - [2025-02-23T04:51:23.344+0000] {dagbag.py:588} INFO - Filling up the DagBag from /home/airflow/.local/lib/python3.12/site-packages/airflow/example_dags/example_xcom.py
[2025-02-23T04:51:23.354+0000] {processor.py:925} INFO - DAG(s) 'example_xcom' retrieved from /home/airflow/.local/lib/python3.12/site-packages/airflow/example_dags/example_xcom.py
[2025-02-23T04:51:23.375+0000] {logging_mixin.py:190} INFO - [2025-02-23T04:51:23.375+0000] {dag.py:3239} INFO - Sync 1 DAGs
[2025-02-23T04:51:23.393+0000] {logging_mixin.py:190} INFO - [2025-02-23T04:51:23.393+0000] {dag.py:4180} INFO - Setting next_dagrun for example_xcom to 2021-01-01 00:00:00+00:00, run_after=2021-01-01 00:00:00+00:00
[2025-02-23T04:51:23.406+0000] {processor.py:208} INFO - Processing /home/airflow/.local/lib/python3.12/site-packages/airflow/example_dags/example_xcom.py took 0.069 seconds
[2025-02-23T04:51:54.032+0000] {processor.py:186} INFO - Started process (PID=748) to work on /home/airflow/.local/lib/python3.12/site-packages/airflow/example_dags/example_xcom.py
[2025-02-23T04:51:54.032+0000] {processor.py:914} INFO - Processing file /home/airflow/.local/lib/python3.12/site-packages/airflow/example_dags/example_xcom.py for tasks to queue
[2025-02-23T04:51:54.034+0000] {logging_mixin.py:190} INFO - [2025-02-23T04:51:54.034+0000] {dagbag.py:588} INFO - Filling up the DagBag from /home/airflow/.local/lib/python3.12/site-packages/airflow/example_dags/example_xcom.py
[2025-02-23T04:51:54.041+0000] {processor.py:925} INFO - DAG(s) 'example_xcom' retrieved from /home/airflow/.local/lib/python3.12/site-packages/airflow/example_dags/example_xcom.py
[2025-02-23T04:51:54.057+0000] {logging_mixin.py:190} INFO - [2025-02-23T04:51:54.057+0000] {dag.py:3239} INFO - Sync 1 DAGs
[2025-02-23T04:51:54.075+0000] {logging_mixin.py:190} INFO - [2025-02-23T04:51:54.075+0000] {dag.py:4180} INFO - Setting next_dagrun for example_xcom to 2021-01-01 00:00:00+00:00, run_after=2021-01-01 00:00:00+00:00
[2025-02-23T04:51:54.087+0000] {processor.py:208} INFO - Processing /home/airflow/.local/lib/python3.12/site-packages/airflow/example_dags/example_xcom.py took 0.060 seconds
[2025-02-23T04:52:24.719+0000] {processor.py:186} INFO - Started process (PID=811) to work on /home/airflow/.local/lib/python3.12/site-packages/airflow/example_dags/example_xcom.py
[2025-02-23T04:52:24.719+0000] {processor.py:914} INFO - Processing file /home/airflow/.local/lib/python3.12/site-packages/airflow/example_dags/example_xcom.py for tasks to queue
[2025-02-23T04:52:24.721+0000] {logging_mixin.py:190} INFO - [2025-02-23T04:52:24.721+0000] {dagbag.py:588} INFO - Filling up the DagBag from /home/airflow/.local/lib/python3.12/site-packages/airflow/example_dags/example_xcom.py
[2025-02-23T04:52:24.728+0000] {processor.py:925} INFO - DAG(s) 'example_xcom' retrieved from /home/airflow/.local/lib/python3.12/site-packages/airflow/example_dags/example_xcom.py
[2025-02-23T04:52:24.744+0000] {logging_mixin.py:190} INFO - [2025-02-23T04:52:24.743+0000] {dag.py:3239} INFO - Sync 1 DAGs
[2025-02-23T04:52:24.761+0000] {logging_mixin.py:190} INFO - [2025-02-23T04:52:24.760+0000] {dag.py:4180} INFO - Setting next_dagrun for example_xcom to 2021-01-01 00:00:00+00:00, run_after=2021-01-01 00:00:00+00:00
[2025-02-23T04:52:24.777+0000] {processor.py:208} INFO - Processing /home/airflow/.local/lib/python3.12/site-packages/airflow/example_dags/example_xcom.py took 0.063 seconds
[2025-02-23T04:52:55.459+0000] {processor.py:186} INFO - Started process (PID=874) to work on /home/airflow/.local/lib/python3.12/site-packages/airflow/example_dags/example_xcom.py
[2025-02-23T04:52:55.460+0000] {processor.py:914} INFO - Processing file /home/airflow/.local/lib/python3.12/site-packages/airflow/example_dags/example_xcom.py for tasks to queue
[2025-02-23T04:52:55.462+0000] {logging_mixin.py:190} INFO - [2025-02-23T04:52:55.462+0000] {dagbag.py:588} INFO - Filling up the DagBag from /home/airflow/.local/lib/python3.12/site-packages/airflow/example_dags/example_xcom.py
[2025-02-23T04:52:55.470+0000] {processor.py:925} INFO - DAG(s) 'example_xcom' retrieved from /home/airflow/.local/lib/python3.12/site-packages/airflow/example_dags/example_xcom.py
[2025-02-23T04:52:55.489+0000] {logging_mixin.py:190} INFO - [2025-02-23T04:52:55.489+0000] {dag.py:3239} INFO - Sync 1 DAGs
[2025-02-23T04:52:55.513+0000] {logging_mixin.py:190} INFO - [2025-02-23T04:52:55.513+0000] {dag.py:4180} INFO - Setting next_dagrun for example_xcom to 2021-01-01 00:00:00+00:00, run_after=2021-01-01 00:00:00+00:00
[2025-02-23T04:52:55.528+0000] {processor.py:208} INFO - Processing /home/airflow/.local/lib/python3.12/site-packages/airflow/example_dags/example_xcom.py took 0.074 seconds
[2025-02-23T04:53:26.113+0000] {processor.py:186} INFO - Started process (PID=937) to work on /home/airflow/.local/lib/python3.12/site-packages/airflow/example_dags/example_xcom.py
[2025-02-23T04:53:26.113+0000] {processor.py:914} INFO - Processing file /home/airflow/.local/lib/python3.12/site-packages/airflow/example_dags/example_xcom.py for tasks to queue
[2025-02-23T04:53:26.115+0000] {logging_mixin.py:190} INFO - [2025-02-23T04:53:26.115+0000] {dagbag.py:588} INFO - Filling up the DagBag from /home/airflow/.local/lib/python3.12/site-packages/airflow/example_dags/example_xcom.py
[2025-02-23T04:53:26.122+0000] {processor.py:925} INFO - DAG(s) 'example_xcom' retrieved from /home/airflow/.local/lib/python3.12/site-packages/airflow/example_dags/example_xcom.py
[2025-02-23T04:53:26.138+0000] {logging_mixin.py:190} INFO - [2025-02-23T04:53:26.138+0000] {dag.py:3239} INFO - Sync 1 DAGs
[2025-02-23T04:53:26.156+0000] {logging_mixin.py:190} INFO - [2025-02-23T04:53:26.156+0000] {dag.py:4180} INFO - Setting next_dagrun for example_xcom to 2021-01-01 00:00:00+00:00, run_after=2021-01-01 00:00:00+00:00
[2025-02-23T04:53:26.171+0000] {processor.py:208} INFO - Processing /home/airflow/.local/lib/python3.12/site-packages/airflow/example_dags/example_xcom.py took 0.062 seconds
[2025-02-23T04:53:56.822+0000] {processor.py:186} INFO - Started process (PID=1000) to work on /home/airflow/.local/lib/python3.12/site-packages/airflow/example_dags/example_xcom.py
[2025-02-23T04:53:56.823+0000] {processor.py:914} INFO - Processing file /home/airflow/.local/lib/python3.12/site-packages/airflow/example_dags/example_xcom.py for tasks to queue
[2025-02-23T04:53:56.825+0000] {logging_mixin.py:190} INFO - [2025-02-23T04:53:56.824+0000] {dagbag.py:588} INFO - Filling up the DagBag from /home/airflow/.local/lib/python3.12/site-packages/airflow/example_dags/example_xcom.py
[2025-02-23T04:53:56.834+0000] {processor.py:925} INFO - DAG(s) 'example_xcom' retrieved from /home/airflow/.local/lib/python3.12/site-packages/airflow/example_dags/example_xcom.py
[2025-02-23T04:53:56.851+0000] {logging_mixin.py:190} INFO - [2025-02-23T04:53:56.851+0000] {dag.py:3239} INFO - Sync 1 DAGs
[2025-02-23T04:53:56.869+0000] {logging_mixin.py:190} INFO - [2025-02-23T04:53:56.869+0000] {dag.py:4180} INFO - Setting next_dagrun for example_xcom to 2021-01-01 00:00:00+00:00, run_after=2021-01-01 00:00:00+00:00
[2025-02-23T04:53:56.883+0000] {processor.py:208} INFO - Processing /home/airflow/.local/lib/python3.12/site-packages/airflow/example_dags/example_xcom.py took 0.066 seconds
[2025-02-23T04:54:27.585+0000] {processor.py:186} INFO - Started process (PID=1063) to work on /home/airflow/.local/lib/python3.12/site-packages/airflow/example_dags/example_xcom.py
[2025-02-23T04:54:27.586+0000] {processor.py:914} INFO - Processing file /home/airflow/.local/lib/python3.12/site-packages/airflow/example_dags/example_xcom.py for tasks to queue
[2025-02-23T04:54:27.588+0000] {logging_mixin.py:190} INFO - [2025-02-23T04:54:27.587+0000] {dagbag.py:588} INFO - Filling up the DagBag from /home/airflow/.local/lib/python3.12/site-packages/airflow/example_dags/example_xcom.py
[2025-02-23T04:54:27.598+0000] {processor.py:925} INFO - DAG(s) 'example_xcom' retrieved from /home/airflow/.local/lib/python3.12/site-packages/airflow/example_dags/example_xcom.py
[2025-02-23T04:54:27.615+0000] {logging_mixin.py:190} INFO - [2025-02-23T04:54:27.615+0000] {dag.py:3239} INFO - Sync 1 DAGs
[2025-02-23T04:54:27.632+0000] {logging_mixin.py:190} INFO - [2025-02-23T04:54:27.632+0000] {dag.py:4180} INFO - Setting next_dagrun for example_xcom to 2021-01-01 00:00:00+00:00, run_after=2021-01-01 00:00:00+00:00
[2025-02-23T04:54:27.645+0000] {processor.py:208} INFO - Processing /home/airflow/.local/lib/python3.12/site-packages/airflow/example_dags/example_xcom.py took 0.066 seconds
[2025-02-23T04:54:58.982+0000] {processor.py:186} INFO - Started process (PID=1126) to work on /home/airflow/.local/lib/python3.12/site-packages/airflow/example_dags/example_xcom.py
[2025-02-23T04:54:58.983+0000] {processor.py:914} INFO - Processing file /home/airflow/.local/lib/python3.12/site-packages/airflow/example_dags/example_xcom.py for tasks to queue
[2025-02-23T04:54:58.985+0000] {logging_mixin.py:190} INFO - [2025-02-23T04:54:58.984+0000] {dagbag.py:588} INFO - Filling up the DagBag from /home/airflow/.local/lib/python3.12/site-packages/airflow/example_dags/example_xcom.py
[2025-02-23T04:54:58.993+0000] {processor.py:925} INFO - DAG(s) 'example_xcom' retrieved from /home/airflow/.local/lib/python3.12/site-packages/airflow/example_dags/example_xcom.py
[2025-02-23T04:54:59.011+0000] {logging_mixin.py:190} INFO - [2025-02-23T04:54:59.011+0000] {dag.py:3239} INFO - Sync 1 DAGs
[2025-02-23T04:54:59.031+0000] {logging_mixin.py:190} INFO - [2025-02-23T04:54:59.030+0000] {dag.py:4180} INFO - Setting next_dagrun for example_xcom to 2021-01-01 00:00:00+00:00, run_after=2021-01-01 00:00:00+00:00
[2025-02-23T04:54:59.042+0000] {processor.py:208} INFO - Processing /home/airflow/.local/lib/python3.12/site-packages/airflow/example_dags/example_xcom.py took 0.065 seconds
[2025-02-23T04:55:30.296+0000] {processor.py:186} INFO - Started process (PID=1189) to work on /home/airflow/.local/lib/python3.12/site-packages/airflow/example_dags/example_xcom.py
[2025-02-23T04:55:30.296+0000] {processor.py:914} INFO - Processing file /home/airflow/.local/lib/python3.12/site-packages/airflow/example_dags/example_xcom.py for tasks to queue
[2025-02-23T04:55:30.298+0000] {logging_mixin.py:190} INFO - [2025-02-23T04:55:30.298+0000] {dagbag.py:588} INFO - Filling up the DagBag from /home/airflow/.local/lib/python3.12/site-packages/airflow/example_dags/example_xcom.py
[2025-02-23T04:55:30.305+0000] {processor.py:925} INFO - DAG(s) 'example_xcom' retrieved from /home/airflow/.local/lib/python3.12/site-packages/airflow/example_dags/example_xcom.py
[2025-02-23T04:55:30.324+0000] {logging_mixin.py:190} INFO - [2025-02-23T04:55:30.324+0000] {dag.py:3239} INFO - Sync 1 DAGs
[2025-02-23T04:55:30.347+0000] {logging_mixin.py:190} INFO - [2025-02-23T04:55:30.346+0000] {dag.py:4180} INFO - Setting next_dagrun for example_xcom to 2021-01-01 00:00:00+00:00, run_after=2021-01-01 00:00:00+00:00
[2025-02-23T04:55:30.361+0000] {processor.py:208} INFO - Processing /home/airflow/.local/lib/python3.12/site-packages/airflow/example_dags/example_xcom.py took 0.070 seconds
[2025-02-23T04:56:01.717+0000] {processor.py:186} INFO - Started process (PID=1252) to work on /home/airflow/.local/lib/python3.12/site-packages/airflow/example_dags/example_xcom.py
[2025-02-23T04:56:01.717+0000] {processor.py:914} INFO - Processing file /home/airflow/.local/lib/python3.12/site-packages/airflow/example_dags/example_xcom.py for tasks to queue
[2025-02-23T04:56:01.719+0000] {logging_mixin.py:190} INFO - [2025-02-23T04:56:01.718+0000] {dagbag.py:588} INFO - Filling up the DagBag from /home/airflow/.local/lib/python3.12/site-packages/airflow/example_dags/example_xcom.py
[2025-02-23T04:56:01.726+0000] {processor.py:925} INFO - DAG(s) 'example_xcom' retrieved from /home/airflow/.local/lib/python3.12/site-packages/airflow/example_dags/example_xcom.py
[2025-02-23T04:56:01.745+0000] {logging_mixin.py:190} INFO - [2025-02-23T04:56:01.744+0000] {dag.py:3239} INFO - Sync 1 DAGs
[2025-02-23T04:56:01.768+0000] {logging_mixin.py:190} INFO - [2025-02-23T04:56:01.768+0000] {dag.py:4180} INFO - Setting next_dagrun for example_xcom to 2021-01-01 00:00:00+00:00, run_after=2021-01-01 00:00:00+00:00
[2025-02-23T04:56:01.785+0000] {processor.py:208} INFO - Processing /home/airflow/.local/lib/python3.12/site-packages/airflow/example_dags/example_xcom.py took 0.073 seconds
[2025-02-23T04:56:32.793+0000] {processor.py:186} INFO - Started process (PID=1316) to work on /home/airflow/.local/lib/python3.12/site-packages/airflow/example_dags/example_xcom.py
[2025-02-23T04:56:32.794+0000] {processor.py:914} INFO - Processing file /home/airflow/.local/lib/python3.12/site-packages/airflow/example_dags/example_xcom.py for tasks to queue
[2025-02-23T04:56:32.796+0000] {logging_mixin.py:190} INFO - [2025-02-23T04:56:32.796+0000] {dagbag.py:588} INFO - Filling up the DagBag from /home/airflow/.local/lib/python3.12/site-packages/airflow/example_dags/example_xcom.py
[2025-02-23T04:56:32.806+0000] {processor.py:925} INFO - DAG(s) 'example_xcom' retrieved from /home/airflow/.local/lib/python3.12/site-packages/airflow/example_dags/example_xcom.py
[2025-02-23T04:56:32.824+0000] {logging_mixin.py:190} INFO - [2025-02-23T04:56:32.824+0000] {dag.py:3239} INFO - Sync 1 DAGs
[2025-02-23T04:56:32.843+0000] {logging_mixin.py:190} INFO - [2025-02-23T04:56:32.843+0000] {dag.py:4180} INFO - Setting next_dagrun for example_xcom to 2021-01-01 00:00:00+00:00, run_after=2021-01-01 00:00:00+00:00
[2025-02-23T04:56:32.856+0000] {processor.py:208} INFO - Processing /home/airflow/.local/lib/python3.12/site-packages/airflow/example_dags/example_xcom.py took 0.068 seconds
