[2025-02-23T04:46:36.943+0000] {processor.py:186} INFO - Started process (PID=80) to work on /home/airflow/.local/lib/python3.12/site-packages/airflow/example_dags/example_branch_python_dop_operator_3.py
[2025-02-23T04:46:36.944+0000] {processor.py:914} INFO - Processing file /home/airflow/.local/lib/python3.12/site-packages/airflow/example_dags/example_branch_python_dop_operator_3.py for tasks to queue
[2025-02-23T04:46:36.946+0000] {logging_mixin.py:190} INFO - [2025-02-23T04:46:36.946+0000] {dagbag.py:588} INFO - Filling up the DagBag from /home/airflow/.local/lib/python3.12/site-packages/airflow/example_dags/example_branch_python_dop_operator_3.py
[2025-02-23T04:46:36.958+0000] {processor.py:925} INFO - DAG(s) 'example_branch_dop_operator_v3' retrieved from /home/airflow/.local/lib/python3.12/site-packages/airflow/example_dags/example_branch_python_dop_operator_3.py
[2025-02-23T04:46:37.105+0000] {logging_mixin.py:190} INFO - [2025-02-23T04:46:37.104+0000] {override.py:1911} INFO - Created Permission View: can read on DAG:example_branch_dop_operator_v3
[2025-02-23T04:46:37.113+0000] {logging_mixin.py:190} INFO - [2025-02-23T04:46:37.113+0000] {override.py:1911} INFO - Created Permission View: can delete on DAG:example_branch_dop_operator_v3
[2025-02-23T04:46:37.119+0000] {logging_mixin.py:190} INFO - [2025-02-23T04:46:37.119+0000] {override.py:1911} INFO - Created Permission View: can edit on DAG:example_branch_dop_operator_v3
[2025-02-23T04:46:37.124+0000] {logging_mixin.py:190} INFO - [2025-02-23T04:46:37.124+0000] {override.py:1911} INFO - Created Permission View: can read on DAG Run:example_branch_dop_operator_v3
[2025-02-23T04:46:37.129+0000] {logging_mixin.py:190} INFO - [2025-02-23T04:46:37.129+0000] {override.py:1911} INFO - Created Permission View: can create on DAG Run:example_branch_dop_operator_v3
[2025-02-23T04:46:37.134+0000] {logging_mixin.py:190} INFO - [2025-02-23T04:46:37.133+0000] {override.py:1911} INFO - Created Permission View: can delete on DAG Run:example_branch_dop_operator_v3
[2025-02-23T04:46:37.138+0000] {logging_mixin.py:190} INFO - [2025-02-23T04:46:37.138+0000] {override.py:1911} INFO - Created Permission View: menu access on DAG Run:example_branch_dop_operator_v3
[2025-02-23T04:46:37.139+0000] {logging_mixin.py:190} INFO - [2025-02-23T04:46:37.139+0000] {dag.py:3239} INFO - Sync 1 DAGs
[2025-02-23T04:46:37.150+0000] {logging_mixin.py:190} INFO - [2025-02-23T04:46:37.150+0000] {dag.py:3262} INFO - Creating ORM DAG for example_branch_dop_operator_v3
[2025-02-23T04:46:37.172+0000] {logging_mixin.py:190} INFO - [2025-02-23T04:46:37.171+0000] {dag.py:4180} INFO - Setting next_dagrun for example_branch_dop_operator_v3 to 2025-02-23 04:45:00+00:00, run_after=2025-02-23 04:46:00+00:00
[2025-02-23T04:46:37.222+0000] {processor.py:208} INFO - Processing /home/airflow/.local/lib/python3.12/site-packages/airflow/example_dags/example_branch_python_dop_operator_3.py took 0.285 seconds
[2025-02-23T04:47:07.986+0000] {processor.py:186} INFO - Started process (PID=143) to work on /home/airflow/.local/lib/python3.12/site-packages/airflow/example_dags/example_branch_python_dop_operator_3.py
[2025-02-23T04:47:07.987+0000] {processor.py:914} INFO - Processing file /home/airflow/.local/lib/python3.12/site-packages/airflow/example_dags/example_branch_python_dop_operator_3.py for tasks to queue
[2025-02-23T04:47:07.989+0000] {logging_mixin.py:190} INFO - [2025-02-23T04:47:07.989+0000] {dagbag.py:588} INFO - Filling up the DagBag from /home/airflow/.local/lib/python3.12/site-packages/airflow/example_dags/example_branch_python_dop_operator_3.py
[2025-02-23T04:47:08.008+0000] {processor.py:925} INFO - DAG(s) 'example_branch_dop_operator_v3' retrieved from /home/airflow/.local/lib/python3.12/site-packages/airflow/example_dags/example_branch_python_dop_operator_3.py
[2025-02-23T04:47:08.028+0000] {logging_mixin.py:190} INFO - [2025-02-23T04:47:08.028+0000] {dag.py:3239} INFO - Sync 1 DAGs
[2025-02-23T04:47:08.058+0000] {logging_mixin.py:190} INFO - [2025-02-23T04:47:08.057+0000] {dag.py:4180} INFO - Setting next_dagrun for example_branch_dop_operator_v3 to 2025-02-23 04:46:00+00:00, run_after=2025-02-23 04:47:00+00:00
[2025-02-23T04:47:08.073+0000] {processor.py:208} INFO - Processing /home/airflow/.local/lib/python3.12/site-packages/airflow/example_dags/example_branch_python_dop_operator_3.py took 0.092 seconds
[2025-02-23T04:47:38.562+0000] {processor.py:186} INFO - Started process (PID=206) to work on /home/airflow/.local/lib/python3.12/site-packages/airflow/example_dags/example_branch_python_dop_operator_3.py
[2025-02-23T04:47:38.562+0000] {processor.py:914} INFO - Processing file /home/airflow/.local/lib/python3.12/site-packages/airflow/example_dags/example_branch_python_dop_operator_3.py for tasks to queue
[2025-02-23T04:47:38.564+0000] {logging_mixin.py:190} INFO - [2025-02-23T04:47:38.563+0000] {dagbag.py:588} INFO - Filling up the DagBag from /home/airflow/.local/lib/python3.12/site-packages/airflow/example_dags/example_branch_python_dop_operator_3.py
[2025-02-23T04:47:38.572+0000] {processor.py:925} INFO - DAG(s) 'example_branch_dop_operator_v3' retrieved from /home/airflow/.local/lib/python3.12/site-packages/airflow/example_dags/example_branch_python_dop_operator_3.py
[2025-02-23T04:47:38.589+0000] {logging_mixin.py:190} INFO - [2025-02-23T04:47:38.588+0000] {dag.py:3239} INFO - Sync 1 DAGs
[2025-02-23T04:47:38.616+0000] {logging_mixin.py:190} INFO - [2025-02-23T04:47:38.615+0000] {dag.py:4180} INFO - Setting next_dagrun for example_branch_dop_operator_v3 to 2025-02-23 04:46:00+00:00, run_after=2025-02-23 04:47:00+00:00
[2025-02-23T04:47:38.631+0000] {processor.py:208} INFO - Processing /home/airflow/.local/lib/python3.12/site-packages/airflow/example_dags/example_branch_python_dop_operator_3.py took 0.073 seconds
[2025-02-23T04:48:08.995+0000] {processor.py:186} INFO - Started process (PID=270) to work on /home/airflow/.local/lib/python3.12/site-packages/airflow/example_dags/example_branch_python_dop_operator_3.py
[2025-02-23T04:48:08.996+0000] {processor.py:914} INFO - Processing file /home/airflow/.local/lib/python3.12/site-packages/airflow/example_dags/example_branch_python_dop_operator_3.py for tasks to queue
[2025-02-23T04:48:08.997+0000] {logging_mixin.py:190} INFO - [2025-02-23T04:48:08.997+0000] {dagbag.py:588} INFO - Filling up the DagBag from /home/airflow/.local/lib/python3.12/site-packages/airflow/example_dags/example_branch_python_dop_operator_3.py
[2025-02-23T04:48:09.007+0000] {processor.py:925} INFO - DAG(s) 'example_branch_dop_operator_v3' retrieved from /home/airflow/.local/lib/python3.12/site-packages/airflow/example_dags/example_branch_python_dop_operator_3.py
[2025-02-23T04:48:09.025+0000] {logging_mixin.py:190} INFO - [2025-02-23T04:48:09.025+0000] {dag.py:3239} INFO - Sync 1 DAGs
[2025-02-23T04:48:09.054+0000] {logging_mixin.py:190} INFO - [2025-02-23T04:48:09.054+0000] {dag.py:4180} INFO - Setting next_dagrun for example_branch_dop_operator_v3 to 2025-02-23 04:47:00+00:00, run_after=2025-02-23 04:48:00+00:00
[2025-02-23T04:48:09.072+0000] {processor.py:208} INFO - Processing /home/airflow/.local/lib/python3.12/site-packages/airflow/example_dags/example_branch_python_dop_operator_3.py took 0.082 seconds
[2025-02-23T04:48:39.380+0000] {processor.py:186} INFO - Started process (PID=333) to work on /home/airflow/.local/lib/python3.12/site-packages/airflow/example_dags/example_branch_python_dop_operator_3.py
[2025-02-23T04:48:39.381+0000] {processor.py:914} INFO - Processing file /home/airflow/.local/lib/python3.12/site-packages/airflow/example_dags/example_branch_python_dop_operator_3.py for tasks to queue
[2025-02-23T04:48:39.383+0000] {logging_mixin.py:190} INFO - [2025-02-23T04:48:39.382+0000] {dagbag.py:588} INFO - Filling up the DagBag from /home/airflow/.local/lib/python3.12/site-packages/airflow/example_dags/example_branch_python_dop_operator_3.py
[2025-02-23T04:48:39.390+0000] {processor.py:925} INFO - DAG(s) 'example_branch_dop_operator_v3' retrieved from /home/airflow/.local/lib/python3.12/site-packages/airflow/example_dags/example_branch_python_dop_operator_3.py
[2025-02-23T04:48:39.407+0000] {logging_mixin.py:190} INFO - [2025-02-23T04:48:39.406+0000] {dag.py:3239} INFO - Sync 1 DAGs
[2025-02-23T04:48:39.434+0000] {logging_mixin.py:190} INFO - [2025-02-23T04:48:39.434+0000] {dag.py:4180} INFO - Setting next_dagrun for example_branch_dop_operator_v3 to 2025-02-23 04:47:00+00:00, run_after=2025-02-23 04:48:00+00:00
[2025-02-23T04:48:39.447+0000] {processor.py:208} INFO - Processing /home/airflow/.local/lib/python3.12/site-packages/airflow/example_dags/example_branch_python_dop_operator_3.py took 0.071 seconds
[2025-02-23T04:49:10.438+0000] {processor.py:186} INFO - Started process (PID=396) to work on /home/airflow/.local/lib/python3.12/site-packages/airflow/example_dags/example_branch_python_dop_operator_3.py
[2025-02-23T04:49:10.439+0000] {processor.py:914} INFO - Processing file /home/airflow/.local/lib/python3.12/site-packages/airflow/example_dags/example_branch_python_dop_operator_3.py for tasks to queue
[2025-02-23T04:49:10.441+0000] {logging_mixin.py:190} INFO - [2025-02-23T04:49:10.441+0000] {dagbag.py:588} INFO - Filling up the DagBag from /home/airflow/.local/lib/python3.12/site-packages/airflow/example_dags/example_branch_python_dop_operator_3.py
[2025-02-23T04:49:10.452+0000] {processor.py:925} INFO - DAG(s) 'example_branch_dop_operator_v3' retrieved from /home/airflow/.local/lib/python3.12/site-packages/airflow/example_dags/example_branch_python_dop_operator_3.py
[2025-02-23T04:49:10.471+0000] {logging_mixin.py:190} INFO - [2025-02-23T04:49:10.471+0000] {dag.py:3239} INFO - Sync 1 DAGs
[2025-02-23T04:49:10.496+0000] {logging_mixin.py:190} INFO - [2025-02-23T04:49:10.496+0000] {dag.py:4180} INFO - Setting next_dagrun for example_branch_dop_operator_v3 to 2025-02-23 04:48:00+00:00, run_after=2025-02-23 04:49:00+00:00
[2025-02-23T04:49:10.510+0000] {processor.py:208} INFO - Processing /home/airflow/.local/lib/python3.12/site-packages/airflow/example_dags/example_branch_python_dop_operator_3.py took 0.084 seconds
[2025-02-23T04:49:40.581+0000] {processor.py:186} INFO - Started process (PID=459) to work on /home/airflow/.local/lib/python3.12/site-packages/airflow/example_dags/example_branch_python_dop_operator_3.py
[2025-02-23T04:49:40.582+0000] {processor.py:914} INFO - Processing file /home/airflow/.local/lib/python3.12/site-packages/airflow/example_dags/example_branch_python_dop_operator_3.py for tasks to queue
[2025-02-23T04:49:40.584+0000] {logging_mixin.py:190} INFO - [2025-02-23T04:49:40.583+0000] {dagbag.py:588} INFO - Filling up the DagBag from /home/airflow/.local/lib/python3.12/site-packages/airflow/example_dags/example_branch_python_dop_operator_3.py
[2025-02-23T04:49:40.591+0000] {processor.py:925} INFO - DAG(s) 'example_branch_dop_operator_v3' retrieved from /home/airflow/.local/lib/python3.12/site-packages/airflow/example_dags/example_branch_python_dop_operator_3.py
[2025-02-23T04:49:40.605+0000] {logging_mixin.py:190} INFO - [2025-02-23T04:49:40.605+0000] {dag.py:3239} INFO - Sync 1 DAGs
[2025-02-23T04:49:40.627+0000] {logging_mixin.py:190} INFO - [2025-02-23T04:49:40.626+0000] {dag.py:4180} INFO - Setting next_dagrun for example_branch_dop_operator_v3 to 2025-02-23 04:48:00+00:00, run_after=2025-02-23 04:49:00+00:00
[2025-02-23T04:49:40.640+0000] {processor.py:208} INFO - Processing /home/airflow/.local/lib/python3.12/site-packages/airflow/example_dags/example_branch_python_dop_operator_3.py took 0.062 seconds
[2025-02-23T04:50:10.736+0000] {processor.py:186} INFO - Started process (PID=522) to work on /home/airflow/.local/lib/python3.12/site-packages/airflow/example_dags/example_branch_python_dop_operator_3.py
[2025-02-23T04:50:10.736+0000] {processor.py:914} INFO - Processing file /home/airflow/.local/lib/python3.12/site-packages/airflow/example_dags/example_branch_python_dop_operator_3.py for tasks to queue
[2025-02-23T04:50:10.738+0000] {logging_mixin.py:190} INFO - [2025-02-23T04:50:10.738+0000] {dagbag.py:588} INFO - Filling up the DagBag from /home/airflow/.local/lib/python3.12/site-packages/airflow/example_dags/example_branch_python_dop_operator_3.py
[2025-02-23T04:50:10.750+0000] {processor.py:925} INFO - DAG(s) 'example_branch_dop_operator_v3' retrieved from /home/airflow/.local/lib/python3.12/site-packages/airflow/example_dags/example_branch_python_dop_operator_3.py
[2025-02-23T04:50:10.767+0000] {logging_mixin.py:190} INFO - [2025-02-23T04:50:10.767+0000] {dag.py:3239} INFO - Sync 1 DAGs
[2025-02-23T04:50:10.793+0000] {logging_mixin.py:190} INFO - [2025-02-23T04:50:10.793+0000] {dag.py:4180} INFO - Setting next_dagrun for example_branch_dop_operator_v3 to 2025-02-23 04:49:00+00:00, run_after=2025-02-23 04:50:00+00:00
[2025-02-23T04:50:10.808+0000] {processor.py:208} INFO - Processing /home/airflow/.local/lib/python3.12/site-packages/airflow/example_dags/example_branch_python_dop_operator_3.py took 0.078 seconds
[2025-02-23T04:50:40.930+0000] {processor.py:186} INFO - Started process (PID=585) to work on /home/airflow/.local/lib/python3.12/site-packages/airflow/example_dags/example_branch_python_dop_operator_3.py
[2025-02-23T04:50:40.931+0000] {processor.py:914} INFO - Processing file /home/airflow/.local/lib/python3.12/site-packages/airflow/example_dags/example_branch_python_dop_operator_3.py for tasks to queue
[2025-02-23T04:50:40.932+0000] {logging_mixin.py:190} INFO - [2025-02-23T04:50:40.932+0000] {dagbag.py:588} INFO - Filling up the DagBag from /home/airflow/.local/lib/python3.12/site-packages/airflow/example_dags/example_branch_python_dop_operator_3.py
[2025-02-23T04:50:40.941+0000] {processor.py:925} INFO - DAG(s) 'example_branch_dop_operator_v3' retrieved from /home/airflow/.local/lib/python3.12/site-packages/airflow/example_dags/example_branch_python_dop_operator_3.py
[2025-02-23T04:50:40.957+0000] {logging_mixin.py:190} INFO - [2025-02-23T04:50:40.957+0000] {dag.py:3239} INFO - Sync 1 DAGs
[2025-02-23T04:50:40.978+0000] {logging_mixin.py:190} INFO - [2025-02-23T04:50:40.978+0000] {dag.py:4180} INFO - Setting next_dagrun for example_branch_dop_operator_v3 to 2025-02-23 04:49:00+00:00, run_after=2025-02-23 04:50:00+00:00
[2025-02-23T04:50:40.990+0000] {processor.py:208} INFO - Processing /home/airflow/.local/lib/python3.12/site-packages/airflow/example_dags/example_branch_python_dop_operator_3.py took 0.064 seconds
[2025-02-23T04:51:11.088+0000] {processor.py:186} INFO - Started process (PID=648) to work on /home/airflow/.local/lib/python3.12/site-packages/airflow/example_dags/example_branch_python_dop_operator_3.py
[2025-02-23T04:51:11.089+0000] {processor.py:914} INFO - Processing file /home/airflow/.local/lib/python3.12/site-packages/airflow/example_dags/example_branch_python_dop_operator_3.py for tasks to queue
[2025-02-23T04:51:11.090+0000] {logging_mixin.py:190} INFO - [2025-02-23T04:51:11.090+0000] {dagbag.py:588} INFO - Filling up the DagBag from /home/airflow/.local/lib/python3.12/site-packages/airflow/example_dags/example_branch_python_dop_operator_3.py
[2025-02-23T04:51:11.098+0000] {processor.py:925} INFO - DAG(s) 'example_branch_dop_operator_v3' retrieved from /home/airflow/.local/lib/python3.12/site-packages/airflow/example_dags/example_branch_python_dop_operator_3.py
[2025-02-23T04:51:11.116+0000] {logging_mixin.py:190} INFO - [2025-02-23T04:51:11.116+0000] {dag.py:3239} INFO - Sync 1 DAGs
[2025-02-23T04:51:11.137+0000] {logging_mixin.py:190} INFO - [2025-02-23T04:51:11.137+0000] {dag.py:4180} INFO - Setting next_dagrun for example_branch_dop_operator_v3 to 2025-02-23 04:50:00+00:00, run_after=2025-02-23 04:51:00+00:00
[2025-02-23T04:51:11.151+0000] {processor.py:208} INFO - Processing /home/airflow/.local/lib/python3.12/site-packages/airflow/example_dags/example_branch_python_dop_operator_3.py took 0.068 seconds
[2025-02-23T04:51:41.237+0000] {processor.py:186} INFO - Started process (PID=711) to work on /home/airflow/.local/lib/python3.12/site-packages/airflow/example_dags/example_branch_python_dop_operator_3.py
[2025-02-23T04:51:41.237+0000] {processor.py:914} INFO - Processing file /home/airflow/.local/lib/python3.12/site-packages/airflow/example_dags/example_branch_python_dop_operator_3.py for tasks to queue
[2025-02-23T04:51:41.239+0000] {logging_mixin.py:190} INFO - [2025-02-23T04:51:41.239+0000] {dagbag.py:588} INFO - Filling up the DagBag from /home/airflow/.local/lib/python3.12/site-packages/airflow/example_dags/example_branch_python_dop_operator_3.py
[2025-02-23T04:51:41.248+0000] {processor.py:925} INFO - DAG(s) 'example_branch_dop_operator_v3' retrieved from /home/airflow/.local/lib/python3.12/site-packages/airflow/example_dags/example_branch_python_dop_operator_3.py
[2025-02-23T04:51:41.264+0000] {logging_mixin.py:190} INFO - [2025-02-23T04:51:41.264+0000] {dag.py:3239} INFO - Sync 1 DAGs
[2025-02-23T04:51:41.291+0000] {logging_mixin.py:190} INFO - [2025-02-23T04:51:41.290+0000] {dag.py:4180} INFO - Setting next_dagrun for example_branch_dop_operator_v3 to 2025-02-23 04:50:00+00:00, run_after=2025-02-23 04:51:00+00:00
[2025-02-23T04:51:41.307+0000] {processor.py:208} INFO - Processing /home/airflow/.local/lib/python3.12/site-packages/airflow/example_dags/example_branch_python_dop_operator_3.py took 0.076 seconds
[2025-02-23T04:52:11.354+0000] {processor.py:186} INFO - Started process (PID=774) to work on /home/airflow/.local/lib/python3.12/site-packages/airflow/example_dags/example_branch_python_dop_operator_3.py
[2025-02-23T04:52:11.354+0000] {processor.py:914} INFO - Processing file /home/airflow/.local/lib/python3.12/site-packages/airflow/example_dags/example_branch_python_dop_operator_3.py for tasks to queue
[2025-02-23T04:52:11.356+0000] {logging_mixin.py:190} INFO - [2025-02-23T04:52:11.355+0000] {dagbag.py:588} INFO - Filling up the DagBag from /home/airflow/.local/lib/python3.12/site-packages/airflow/example_dags/example_branch_python_dop_operator_3.py
[2025-02-23T04:52:11.365+0000] {processor.py:925} INFO - DAG(s) 'example_branch_dop_operator_v3' retrieved from /home/airflow/.local/lib/python3.12/site-packages/airflow/example_dags/example_branch_python_dop_operator_3.py
[2025-02-23T04:52:11.379+0000] {logging_mixin.py:190} INFO - [2025-02-23T04:52:11.378+0000] {dag.py:3239} INFO - Sync 1 DAGs
[2025-02-23T04:52:11.400+0000] {logging_mixin.py:190} INFO - [2025-02-23T04:52:11.399+0000] {dag.py:4180} INFO - Setting next_dagrun for example_branch_dop_operator_v3 to 2025-02-23 04:51:00+00:00, run_after=2025-02-23 04:52:00+00:00
[2025-02-23T04:52:11.413+0000] {processor.py:208} INFO - Processing /home/airflow/.local/lib/python3.12/site-packages/airflow/example_dags/example_branch_python_dop_operator_3.py took 0.064 seconds
[2025-02-23T04:52:41.456+0000] {processor.py:186} INFO - Started process (PID=837) to work on /home/airflow/.local/lib/python3.12/site-packages/airflow/example_dags/example_branch_python_dop_operator_3.py
[2025-02-23T04:52:41.457+0000] {processor.py:914} INFO - Processing file /home/airflow/.local/lib/python3.12/site-packages/airflow/example_dags/example_branch_python_dop_operator_3.py for tasks to queue
[2025-02-23T04:52:41.458+0000] {logging_mixin.py:190} INFO - [2025-02-23T04:52:41.458+0000] {dagbag.py:588} INFO - Filling up the DagBag from /home/airflow/.local/lib/python3.12/site-packages/airflow/example_dags/example_branch_python_dop_operator_3.py
[2025-02-23T04:52:41.467+0000] {processor.py:925} INFO - DAG(s) 'example_branch_dop_operator_v3' retrieved from /home/airflow/.local/lib/python3.12/site-packages/airflow/example_dags/example_branch_python_dop_operator_3.py
[2025-02-23T04:52:41.483+0000] {logging_mixin.py:190} INFO - [2025-02-23T04:52:41.483+0000] {dag.py:3239} INFO - Sync 1 DAGs
[2025-02-23T04:52:41.510+0000] {logging_mixin.py:190} INFO - [2025-02-23T04:52:41.509+0000] {dag.py:4180} INFO - Setting next_dagrun for example_branch_dop_operator_v3 to 2025-02-23 04:51:00+00:00, run_after=2025-02-23 04:52:00+00:00
[2025-02-23T04:52:41.524+0000] {processor.py:208} INFO - Processing /home/airflow/.local/lib/python3.12/site-packages/airflow/example_dags/example_branch_python_dop_operator_3.py took 0.073 seconds
[2025-02-23T04:53:11.868+0000] {processor.py:186} INFO - Started process (PID=900) to work on /home/airflow/.local/lib/python3.12/site-packages/airflow/example_dags/example_branch_python_dop_operator_3.py
[2025-02-23T04:53:11.868+0000] {processor.py:914} INFO - Processing file /home/airflow/.local/lib/python3.12/site-packages/airflow/example_dags/example_branch_python_dop_operator_3.py for tasks to queue
[2025-02-23T04:53:11.870+0000] {logging_mixin.py:190} INFO - [2025-02-23T04:53:11.870+0000] {dagbag.py:588} INFO - Filling up the DagBag from /home/airflow/.local/lib/python3.12/site-packages/airflow/example_dags/example_branch_python_dop_operator_3.py
[2025-02-23T04:53:11.878+0000] {processor.py:925} INFO - DAG(s) 'example_branch_dop_operator_v3' retrieved from /home/airflow/.local/lib/python3.12/site-packages/airflow/example_dags/example_branch_python_dop_operator_3.py
[2025-02-23T04:53:11.897+0000] {logging_mixin.py:190} INFO - [2025-02-23T04:53:11.897+0000] {dag.py:3239} INFO - Sync 1 DAGs
[2025-02-23T04:53:11.922+0000] {logging_mixin.py:190} INFO - [2025-02-23T04:53:11.922+0000] {dag.py:4180} INFO - Setting next_dagrun for example_branch_dop_operator_v3 to 2025-02-23 04:52:00+00:00, run_after=2025-02-23 04:53:00+00:00
[2025-02-23T04:53:11.934+0000] {processor.py:208} INFO - Processing /home/airflow/.local/lib/python3.12/site-packages/airflow/example_dags/example_branch_python_dop_operator_3.py took 0.071 seconds
[2025-02-23T04:53:42.406+0000] {processor.py:186} INFO - Started process (PID=963) to work on /home/airflow/.local/lib/python3.12/site-packages/airflow/example_dags/example_branch_python_dop_operator_3.py
[2025-02-23T04:53:42.407+0000] {processor.py:914} INFO - Processing file /home/airflow/.local/lib/python3.12/site-packages/airflow/example_dags/example_branch_python_dop_operator_3.py for tasks to queue
[2025-02-23T04:53:42.408+0000] {logging_mixin.py:190} INFO - [2025-02-23T04:53:42.408+0000] {dagbag.py:588} INFO - Filling up the DagBag from /home/airflow/.local/lib/python3.12/site-packages/airflow/example_dags/example_branch_python_dop_operator_3.py
[2025-02-23T04:53:42.416+0000] {processor.py:925} INFO - DAG(s) 'example_branch_dop_operator_v3' retrieved from /home/airflow/.local/lib/python3.12/site-packages/airflow/example_dags/example_branch_python_dop_operator_3.py
[2025-02-23T04:53:42.430+0000] {logging_mixin.py:190} INFO - [2025-02-23T04:53:42.430+0000] {dag.py:3239} INFO - Sync 1 DAGs
[2025-02-23T04:53:42.451+0000] {logging_mixin.py:190} INFO - [2025-02-23T04:53:42.451+0000] {dag.py:4180} INFO - Setting next_dagrun for example_branch_dop_operator_v3 to 2025-02-23 04:52:00+00:00, run_after=2025-02-23 04:53:00+00:00
[2025-02-23T04:53:42.463+0000] {processor.py:208} INFO - Processing /home/airflow/.local/lib/python3.12/site-packages/airflow/example_dags/example_branch_python_dop_operator_3.py took 0.063 seconds
[2025-02-23T04:54:12.626+0000] {processor.py:186} INFO - Started process (PID=1026) to work on /home/airflow/.local/lib/python3.12/site-packages/airflow/example_dags/example_branch_python_dop_operator_3.py
[2025-02-23T04:54:12.627+0000] {processor.py:914} INFO - Processing file /home/airflow/.local/lib/python3.12/site-packages/airflow/example_dags/example_branch_python_dop_operator_3.py for tasks to queue
[2025-02-23T04:54:12.628+0000] {logging_mixin.py:190} INFO - [2025-02-23T04:54:12.628+0000] {dagbag.py:588} INFO - Filling up the DagBag from /home/airflow/.local/lib/python3.12/site-packages/airflow/example_dags/example_branch_python_dop_operator_3.py
[2025-02-23T04:54:12.637+0000] {processor.py:925} INFO - DAG(s) 'example_branch_dop_operator_v3' retrieved from /home/airflow/.local/lib/python3.12/site-packages/airflow/example_dags/example_branch_python_dop_operator_3.py
[2025-02-23T04:54:12.657+0000] {logging_mixin.py:190} INFO - [2025-02-23T04:54:12.656+0000] {dag.py:3239} INFO - Sync 1 DAGs
[2025-02-23T04:54:12.687+0000] {logging_mixin.py:190} INFO - [2025-02-23T04:54:12.687+0000] {dag.py:4180} INFO - Setting next_dagrun for example_branch_dop_operator_v3 to 2025-02-23 04:53:00+00:00, run_after=2025-02-23 04:54:00+00:00
[2025-02-23T04:54:12.704+0000] {processor.py:208} INFO - Processing /home/airflow/.local/lib/python3.12/site-packages/airflow/example_dags/example_branch_python_dop_operator_3.py took 0.082 seconds
[2025-02-23T04:54:43.060+0000] {processor.py:186} INFO - Started process (PID=1089) to work on /home/airflow/.local/lib/python3.12/site-packages/airflow/example_dags/example_branch_python_dop_operator_3.py
[2025-02-23T04:54:43.061+0000] {processor.py:914} INFO - Processing file /home/airflow/.local/lib/python3.12/site-packages/airflow/example_dags/example_branch_python_dop_operator_3.py for tasks to queue
[2025-02-23T04:54:43.062+0000] {logging_mixin.py:190} INFO - [2025-02-23T04:54:43.062+0000] {dagbag.py:588} INFO - Filling up the DagBag from /home/airflow/.local/lib/python3.12/site-packages/airflow/example_dags/example_branch_python_dop_operator_3.py
[2025-02-23T04:54:43.072+0000] {processor.py:925} INFO - DAG(s) 'example_branch_dop_operator_v3' retrieved from /home/airflow/.local/lib/python3.12/site-packages/airflow/example_dags/example_branch_python_dop_operator_3.py
[2025-02-23T04:54:43.088+0000] {logging_mixin.py:190} INFO - [2025-02-23T04:54:43.088+0000] {dag.py:3239} INFO - Sync 1 DAGs
[2025-02-23T04:54:43.114+0000] {logging_mixin.py:190} INFO - [2025-02-23T04:54:43.114+0000] {dag.py:4180} INFO - Setting next_dagrun for example_branch_dop_operator_v3 to 2025-02-23 04:53:00+00:00, run_after=2025-02-23 04:54:00+00:00
[2025-02-23T04:54:43.127+0000] {processor.py:208} INFO - Processing /home/airflow/.local/lib/python3.12/site-packages/airflow/example_dags/example_branch_python_dop_operator_3.py took 0.072 seconds
[2025-02-23T04:55:13.327+0000] {processor.py:186} INFO - Started process (PID=1152) to work on /home/airflow/.local/lib/python3.12/site-packages/airflow/example_dags/example_branch_python_dop_operator_3.py
[2025-02-23T04:55:13.328+0000] {processor.py:914} INFO - Processing file /home/airflow/.local/lib/python3.12/site-packages/airflow/example_dags/example_branch_python_dop_operator_3.py for tasks to queue
[2025-02-23T04:55:13.332+0000] {logging_mixin.py:190} INFO - [2025-02-23T04:55:13.330+0000] {dagbag.py:588} INFO - Filling up the DagBag from /home/airflow/.local/lib/python3.12/site-packages/airflow/example_dags/example_branch_python_dop_operator_3.py
[2025-02-23T04:55:13.346+0000] {processor.py:925} INFO - DAG(s) 'example_branch_dop_operator_v3' retrieved from /home/airflow/.local/lib/python3.12/site-packages/airflow/example_dags/example_branch_python_dop_operator_3.py
[2025-02-23T04:55:13.366+0000] {logging_mixin.py:190} INFO - [2025-02-23T04:55:13.366+0000] {dag.py:3239} INFO - Sync 1 DAGs
[2025-02-23T04:55:13.396+0000] {logging_mixin.py:190} INFO - [2025-02-23T04:55:13.396+0000] {dag.py:4180} INFO - Setting next_dagrun for example_branch_dop_operator_v3 to 2025-02-23 04:54:00+00:00, run_after=2025-02-23 04:55:00+00:00
[2025-02-23T04:55:13.413+0000] {processor.py:208} INFO - Processing /home/airflow/.local/lib/python3.12/site-packages/airflow/example_dags/example_branch_python_dop_operator_3.py took 0.092 seconds
[2025-02-23T04:55:43.547+0000] {processor.py:186} INFO - Started process (PID=1215) to work on /home/airflow/.local/lib/python3.12/site-packages/airflow/example_dags/example_branch_python_dop_operator_3.py
[2025-02-23T04:55:43.547+0000] {processor.py:914} INFO - Processing file /home/airflow/.local/lib/python3.12/site-packages/airflow/example_dags/example_branch_python_dop_operator_3.py for tasks to queue
[2025-02-23T04:55:43.550+0000] {logging_mixin.py:190} INFO - [2025-02-23T04:55:43.550+0000] {dagbag.py:588} INFO - Filling up the DagBag from /home/airflow/.local/lib/python3.12/site-packages/airflow/example_dags/example_branch_python_dop_operator_3.py
[2025-02-23T04:55:43.561+0000] {processor.py:925} INFO - DAG(s) 'example_branch_dop_operator_v3' retrieved from /home/airflow/.local/lib/python3.12/site-packages/airflow/example_dags/example_branch_python_dop_operator_3.py
[2025-02-23T04:55:43.580+0000] {logging_mixin.py:190} INFO - [2025-02-23T04:55:43.580+0000] {dag.py:3239} INFO - Sync 1 DAGs
[2025-02-23T04:55:43.610+0000] {logging_mixin.py:190} INFO - [2025-02-23T04:55:43.610+0000] {dag.py:4180} INFO - Setting next_dagrun for example_branch_dop_operator_v3 to 2025-02-23 04:54:00+00:00, run_after=2025-02-23 04:55:00+00:00
[2025-02-23T04:55:43.628+0000] {processor.py:208} INFO - Processing /home/airflow/.local/lib/python3.12/site-packages/airflow/example_dags/example_branch_python_dop_operator_3.py took 0.087 seconds
[2025-02-23T04:56:13.936+0000] {processor.py:186} INFO - Started process (PID=1279) to work on /home/airflow/.local/lib/python3.12/site-packages/airflow/example_dags/example_branch_python_dop_operator_3.py
[2025-02-23T04:56:13.936+0000] {processor.py:914} INFO - Processing file /home/airflow/.local/lib/python3.12/site-packages/airflow/example_dags/example_branch_python_dop_operator_3.py for tasks to queue
[2025-02-23T04:56:13.938+0000] {logging_mixin.py:190} INFO - [2025-02-23T04:56:13.937+0000] {dagbag.py:588} INFO - Filling up the DagBag from /home/airflow/.local/lib/python3.12/site-packages/airflow/example_dags/example_branch_python_dop_operator_3.py
[2025-02-23T04:56:13.946+0000] {processor.py:925} INFO - DAG(s) 'example_branch_dop_operator_v3' retrieved from /home/airflow/.local/lib/python3.12/site-packages/airflow/example_dags/example_branch_python_dop_operator_3.py
[2025-02-23T04:56:13.963+0000] {logging_mixin.py:190} INFO - [2025-02-23T04:56:13.963+0000] {dag.py:3239} INFO - Sync 1 DAGs
[2025-02-23T04:56:13.990+0000] {logging_mixin.py:190} INFO - [2025-02-23T04:56:13.990+0000] {dag.py:4180} INFO - Setting next_dagrun for example_branch_dop_operator_v3 to 2025-02-23 04:55:00+00:00, run_after=2025-02-23 04:56:00+00:00
[2025-02-23T04:56:14.004+0000] {processor.py:208} INFO - Processing /home/airflow/.local/lib/python3.12/site-packages/airflow/example_dags/example_branch_python_dop_operator_3.py took 0.073 seconds
