[2025-02-23T04:46:34.619+0000] {processor.py:186} INFO - Started process (PID=63) to work on /home/airflow/.local/lib/python3.12/site-packages/airflow/example_dags/example_display_name.py
[2025-02-23T04:46:34.619+0000] {processor.py:914} INFO - Processing file /home/airflow/.local/lib/python3.12/site-packages/airflow/example_dags/example_display_name.py for tasks to queue
[2025-02-23T04:46:34.621+0000] {logging_mixin.py:190} INFO - [2025-02-23T04:46:34.621+0000] {dagbag.py:588} INFO - Filling up the DagBag from /home/airflow/.local/lib/python3.12/site-packages/airflow/example_dags/example_display_name.py
[2025-02-23T04:46:34.629+0000] {processor.py:925} INFO - DAG(s) 'example_display_name' retrieved from /home/airflow/.local/lib/python3.12/site-packages/airflow/example_dags/example_display_name.py
[2025-02-23T04:46:34.893+0000] {logging_mixin.py:190} INFO - [2025-02-23T04:46:34.892+0000] {override.py:1911} INFO - Created Permission View: can read on DAG:example_display_name
[2025-02-23T04:46:34.901+0000] {logging_mixin.py:190} INFO - [2025-02-23T04:46:34.901+0000] {override.py:1911} INFO - Created Permission View: can delete on DAG:example_display_name
[2025-02-23T04:46:34.906+0000] {logging_mixin.py:190} INFO - [2025-02-23T04:46:34.906+0000] {override.py:1911} INFO - Created Permission View: can edit on DAG:example_display_name
[2025-02-23T04:46:34.911+0000] {logging_mixin.py:190} INFO - [2025-02-23T04:46:34.911+0000] {override.py:1911} INFO - Created Permission View: can read on DAG Run:example_display_name
[2025-02-23T04:46:34.916+0000] {logging_mixin.py:190} INFO - [2025-02-23T04:46:34.916+0000] {override.py:1911} INFO - Created Permission View: can create on DAG Run:example_display_name
[2025-02-23T04:46:34.922+0000] {logging_mixin.py:190} INFO - [2025-02-23T04:46:34.922+0000] {override.py:1911} INFO - Created Permission View: can delete on DAG Run:example_display_name
[2025-02-23T04:46:34.928+0000] {logging_mixin.py:190} INFO - [2025-02-23T04:46:34.927+0000] {override.py:1911} INFO - Created Permission View: menu access on DAG Run:example_display_name
[2025-02-23T04:46:34.928+0000] {logging_mixin.py:190} INFO - [2025-02-23T04:46:34.928+0000] {dag.py:3239} INFO - Sync 1 DAGs
[2025-02-23T04:46:34.943+0000] {logging_mixin.py:190} INFO - [2025-02-23T04:46:34.943+0000] {dag.py:3262} INFO - Creating ORM DAG for example_display_name
[2025-02-23T04:46:34.944+0000] {logging_mixin.py:190} INFO - [2025-02-23T04:46:34.943+0000] {dag.py:4180} INFO - Setting next_dagrun for example_display_name to None, run_after=None
[2025-02-23T04:46:34.959+0000] {processor.py:208} INFO - Processing /home/airflow/.local/lib/python3.12/site-packages/airflow/example_dags/example_display_name.py took 0.362 seconds
[2025-02-23T04:47:05.503+0000] {processor.py:186} INFO - Started process (PID=132) to work on /home/airflow/.local/lib/python3.12/site-packages/airflow/example_dags/example_display_name.py
[2025-02-23T04:47:05.504+0000] {processor.py:914} INFO - Processing file /home/airflow/.local/lib/python3.12/site-packages/airflow/example_dags/example_display_name.py for tasks to queue
[2025-02-23T04:47:05.505+0000] {logging_mixin.py:190} INFO - [2025-02-23T04:47:05.505+0000] {dagbag.py:588} INFO - Filling up the DagBag from /home/airflow/.local/lib/python3.12/site-packages/airflow/example_dags/example_display_name.py
[2025-02-23T04:47:05.510+0000] {processor.py:925} INFO - DAG(s) 'example_display_name' retrieved from /home/airflow/.local/lib/python3.12/site-packages/airflow/example_dags/example_display_name.py
[2025-02-23T04:47:05.526+0000] {logging_mixin.py:190} INFO - [2025-02-23T04:47:05.525+0000] {dag.py:3239} INFO - Sync 1 DAGs
[2025-02-23T04:47:05.537+0000] {logging_mixin.py:190} INFO - [2025-02-23T04:47:05.536+0000] {dag.py:4180} INFO - Setting next_dagrun for example_display_name to None, run_after=None
[2025-02-23T04:47:05.550+0000] {processor.py:208} INFO - Processing /home/airflow/.local/lib/python3.12/site-packages/airflow/example_dags/example_display_name.py took 0.051 seconds
[2025-02-23T04:47:35.961+0000] {processor.py:186} INFO - Started process (PID=195) to work on /home/airflow/.local/lib/python3.12/site-packages/airflow/example_dags/example_display_name.py
[2025-02-23T04:47:35.961+0000] {processor.py:914} INFO - Processing file /home/airflow/.local/lib/python3.12/site-packages/airflow/example_dags/example_display_name.py for tasks to queue
[2025-02-23T04:47:35.963+0000] {logging_mixin.py:190} INFO - [2025-02-23T04:47:35.962+0000] {dagbag.py:588} INFO - Filling up the DagBag from /home/airflow/.local/lib/python3.12/site-packages/airflow/example_dags/example_display_name.py
[2025-02-23T04:47:35.968+0000] {processor.py:925} INFO - DAG(s) 'example_display_name' retrieved from /home/airflow/.local/lib/python3.12/site-packages/airflow/example_dags/example_display_name.py
[2025-02-23T04:47:35.983+0000] {logging_mixin.py:190} INFO - [2025-02-23T04:47:35.983+0000] {dag.py:3239} INFO - Sync 1 DAGs
[2025-02-23T04:47:35.994+0000] {logging_mixin.py:190} INFO - [2025-02-23T04:47:35.994+0000] {dag.py:4180} INFO - Setting next_dagrun for example_display_name to None, run_after=None
[2025-02-23T04:47:36.006+0000] {processor.py:208} INFO - Processing /home/airflow/.local/lib/python3.12/site-packages/airflow/example_dags/example_display_name.py took 0.050 seconds
[2025-02-23T04:48:06.467+0000] {processor.py:186} INFO - Started process (PID=259) to work on /home/airflow/.local/lib/python3.12/site-packages/airflow/example_dags/example_display_name.py
[2025-02-23T04:48:06.467+0000] {processor.py:914} INFO - Processing file /home/airflow/.local/lib/python3.12/site-packages/airflow/example_dags/example_display_name.py for tasks to queue
[2025-02-23T04:48:06.469+0000] {logging_mixin.py:190} INFO - [2025-02-23T04:48:06.469+0000] {dagbag.py:588} INFO - Filling up the DagBag from /home/airflow/.local/lib/python3.12/site-packages/airflow/example_dags/example_display_name.py
[2025-02-23T04:48:06.476+0000] {processor.py:925} INFO - DAG(s) 'example_display_name' retrieved from /home/airflow/.local/lib/python3.12/site-packages/airflow/example_dags/example_display_name.py
[2025-02-23T04:48:06.490+0000] {logging_mixin.py:190} INFO - [2025-02-23T04:48:06.490+0000] {dag.py:3239} INFO - Sync 1 DAGs
[2025-02-23T04:48:06.502+0000] {logging_mixin.py:190} INFO - [2025-02-23T04:48:06.502+0000] {dag.py:4180} INFO - Setting next_dagrun for example_display_name to None, run_after=None
[2025-02-23T04:48:06.515+0000] {processor.py:208} INFO - Processing /home/airflow/.local/lib/python3.12/site-packages/airflow/example_dags/example_display_name.py took 0.054 seconds
[2025-02-23T04:48:36.783+0000] {processor.py:186} INFO - Started process (PID=322) to work on /home/airflow/.local/lib/python3.12/site-packages/airflow/example_dags/example_display_name.py
[2025-02-23T04:48:36.784+0000] {processor.py:914} INFO - Processing file /home/airflow/.local/lib/python3.12/site-packages/airflow/example_dags/example_display_name.py for tasks to queue
[2025-02-23T04:48:36.786+0000] {logging_mixin.py:190} INFO - [2025-02-23T04:48:36.786+0000] {dagbag.py:588} INFO - Filling up the DagBag from /home/airflow/.local/lib/python3.12/site-packages/airflow/example_dags/example_display_name.py
[2025-02-23T04:48:36.793+0000] {processor.py:925} INFO - DAG(s) 'example_display_name' retrieved from /home/airflow/.local/lib/python3.12/site-packages/airflow/example_dags/example_display_name.py
[2025-02-23T04:48:36.812+0000] {logging_mixin.py:190} INFO - [2025-02-23T04:48:36.811+0000] {dag.py:3239} INFO - Sync 1 DAGs
[2025-02-23T04:48:36.827+0000] {logging_mixin.py:190} INFO - [2025-02-23T04:48:36.827+0000] {dag.py:4180} INFO - Setting next_dagrun for example_display_name to None, run_after=None
[2025-02-23T04:48:36.844+0000] {processor.py:208} INFO - Processing /home/airflow/.local/lib/python3.12/site-packages/airflow/example_dags/example_display_name.py took 0.066 seconds
[2025-02-23T04:49:06.952+0000] {processor.py:186} INFO - Started process (PID=385) to work on /home/airflow/.local/lib/python3.12/site-packages/airflow/example_dags/example_display_name.py
[2025-02-23T04:49:06.953+0000] {processor.py:914} INFO - Processing file /home/airflow/.local/lib/python3.12/site-packages/airflow/example_dags/example_display_name.py for tasks to queue
[2025-02-23T04:49:06.954+0000] {logging_mixin.py:190} INFO - [2025-02-23T04:49:06.954+0000] {dagbag.py:588} INFO - Filling up the DagBag from /home/airflow/.local/lib/python3.12/site-packages/airflow/example_dags/example_display_name.py
[2025-02-23T04:49:06.959+0000] {processor.py:925} INFO - DAG(s) 'example_display_name' retrieved from /home/airflow/.local/lib/python3.12/site-packages/airflow/example_dags/example_display_name.py
[2025-02-23T04:49:06.974+0000] {logging_mixin.py:190} INFO - [2025-02-23T04:49:06.974+0000] {dag.py:3239} INFO - Sync 1 DAGs
[2025-02-23T04:49:06.986+0000] {logging_mixin.py:190} INFO - [2025-02-23T04:49:06.985+0000] {dag.py:4180} INFO - Setting next_dagrun for example_display_name to None, run_after=None
[2025-02-23T04:49:07.002+0000] {processor.py:208} INFO - Processing /home/airflow/.local/lib/python3.12/site-packages/airflow/example_dags/example_display_name.py took 0.054 seconds
[2025-02-23T04:49:37.051+0000] {processor.py:186} INFO - Started process (PID=448) to work on /home/airflow/.local/lib/python3.12/site-packages/airflow/example_dags/example_display_name.py
[2025-02-23T04:49:37.052+0000] {processor.py:914} INFO - Processing file /home/airflow/.local/lib/python3.12/site-packages/airflow/example_dags/example_display_name.py for tasks to queue
[2025-02-23T04:49:37.053+0000] {logging_mixin.py:190} INFO - [2025-02-23T04:49:37.053+0000] {dagbag.py:588} INFO - Filling up the DagBag from /home/airflow/.local/lib/python3.12/site-packages/airflow/example_dags/example_display_name.py
[2025-02-23T04:49:37.058+0000] {processor.py:925} INFO - DAG(s) 'example_display_name' retrieved from /home/airflow/.local/lib/python3.12/site-packages/airflow/example_dags/example_display_name.py
[2025-02-23T04:49:37.073+0000] {logging_mixin.py:190} INFO - [2025-02-23T04:49:37.073+0000] {dag.py:3239} INFO - Sync 1 DAGs
[2025-02-23T04:49:37.083+0000] {logging_mixin.py:190} INFO - [2025-02-23T04:49:37.083+0000] {dag.py:4180} INFO - Setting next_dagrun for example_display_name to None, run_after=None
[2025-02-23T04:49:37.095+0000] {processor.py:208} INFO - Processing /home/airflow/.local/lib/python3.12/site-packages/airflow/example_dags/example_display_name.py took 0.048 seconds
[2025-02-23T04:50:07.179+0000] {processor.py:186} INFO - Started process (PID=511) to work on /home/airflow/.local/lib/python3.12/site-packages/airflow/example_dags/example_display_name.py
[2025-02-23T04:50:07.180+0000] {processor.py:914} INFO - Processing file /home/airflow/.local/lib/python3.12/site-packages/airflow/example_dags/example_display_name.py for tasks to queue
[2025-02-23T04:50:07.181+0000] {logging_mixin.py:190} INFO - [2025-02-23T04:50:07.181+0000] {dagbag.py:588} INFO - Filling up the DagBag from /home/airflow/.local/lib/python3.12/site-packages/airflow/example_dags/example_display_name.py
[2025-02-23T04:50:07.186+0000] {processor.py:925} INFO - DAG(s) 'example_display_name' retrieved from /home/airflow/.local/lib/python3.12/site-packages/airflow/example_dags/example_display_name.py
[2025-02-23T04:50:07.202+0000] {logging_mixin.py:190} INFO - [2025-02-23T04:50:07.202+0000] {dag.py:3239} INFO - Sync 1 DAGs
[2025-02-23T04:50:07.213+0000] {logging_mixin.py:190} INFO - [2025-02-23T04:50:07.213+0000] {dag.py:4180} INFO - Setting next_dagrun for example_display_name to None, run_after=None
[2025-02-23T04:50:07.227+0000] {processor.py:208} INFO - Processing /home/airflow/.local/lib/python3.12/site-packages/airflow/example_dags/example_display_name.py took 0.052 seconds
[2025-02-23T04:50:37.437+0000] {processor.py:186} INFO - Started process (PID=574) to work on /home/airflow/.local/lib/python3.12/site-packages/airflow/example_dags/example_display_name.py
[2025-02-23T04:50:37.437+0000] {processor.py:914} INFO - Processing file /home/airflow/.local/lib/python3.12/site-packages/airflow/example_dags/example_display_name.py for tasks to queue
[2025-02-23T04:50:37.439+0000] {logging_mixin.py:190} INFO - [2025-02-23T04:50:37.438+0000] {dagbag.py:588} INFO - Filling up the DagBag from /home/airflow/.local/lib/python3.12/site-packages/airflow/example_dags/example_display_name.py
[2025-02-23T04:50:37.444+0000] {processor.py:925} INFO - DAG(s) 'example_display_name' retrieved from /home/airflow/.local/lib/python3.12/site-packages/airflow/example_dags/example_display_name.py
[2025-02-23T04:50:37.461+0000] {logging_mixin.py:190} INFO - [2025-02-23T04:50:37.461+0000] {dag.py:3239} INFO - Sync 1 DAGs
[2025-02-23T04:50:37.478+0000] {logging_mixin.py:190} INFO - [2025-02-23T04:50:37.477+0000] {dag.py:4180} INFO - Setting next_dagrun for example_display_name to None, run_after=None
[2025-02-23T04:50:37.495+0000] {processor.py:208} INFO - Processing /home/airflow/.local/lib/python3.12/site-packages/airflow/example_dags/example_display_name.py took 0.062 seconds
[2025-02-23T04:51:07.532+0000] {processor.py:186} INFO - Started process (PID=636) to work on /home/airflow/.local/lib/python3.12/site-packages/airflow/example_dags/example_display_name.py
[2025-02-23T04:51:07.533+0000] {processor.py:914} INFO - Processing file /home/airflow/.local/lib/python3.12/site-packages/airflow/example_dags/example_display_name.py for tasks to queue
[2025-02-23T04:51:07.534+0000] {logging_mixin.py:190} INFO - [2025-02-23T04:51:07.534+0000] {dagbag.py:588} INFO - Filling up the DagBag from /home/airflow/.local/lib/python3.12/site-packages/airflow/example_dags/example_display_name.py
[2025-02-23T04:51:07.540+0000] {processor.py:925} INFO - DAG(s) 'example_display_name' retrieved from /home/airflow/.local/lib/python3.12/site-packages/airflow/example_dags/example_display_name.py
[2025-02-23T04:51:07.554+0000] {logging_mixin.py:190} INFO - [2025-02-23T04:51:07.553+0000] {dag.py:3239} INFO - Sync 1 DAGs
[2025-02-23T04:51:07.564+0000] {logging_mixin.py:190} INFO - [2025-02-23T04:51:07.564+0000] {dag.py:4180} INFO - Setting next_dagrun for example_display_name to None, run_after=None
[2025-02-23T04:51:07.576+0000] {processor.py:208} INFO - Processing /home/airflow/.local/lib/python3.12/site-packages/airflow/example_dags/example_display_name.py took 0.048 seconds
[2025-02-23T04:51:37.662+0000] {processor.py:186} INFO - Started process (PID=699) to work on /home/airflow/.local/lib/python3.12/site-packages/airflow/example_dags/example_display_name.py
[2025-02-23T04:51:37.662+0000] {processor.py:914} INFO - Processing file /home/airflow/.local/lib/python3.12/site-packages/airflow/example_dags/example_display_name.py for tasks to queue
[2025-02-23T04:51:37.664+0000] {logging_mixin.py:190} INFO - [2025-02-23T04:51:37.664+0000] {dagbag.py:588} INFO - Filling up the DagBag from /home/airflow/.local/lib/python3.12/site-packages/airflow/example_dags/example_display_name.py
[2025-02-23T04:51:37.671+0000] {processor.py:925} INFO - DAG(s) 'example_display_name' retrieved from /home/airflow/.local/lib/python3.12/site-packages/airflow/example_dags/example_display_name.py
[2025-02-23T04:51:37.690+0000] {logging_mixin.py:190} INFO - [2025-02-23T04:51:37.690+0000] {dag.py:3239} INFO - Sync 1 DAGs
[2025-02-23T04:51:37.705+0000] {logging_mixin.py:190} INFO - [2025-02-23T04:51:37.704+0000] {dag.py:4180} INFO - Setting next_dagrun for example_display_name to None, run_after=None
[2025-02-23T04:51:37.721+0000] {processor.py:208} INFO - Processing /home/airflow/.local/lib/python3.12/site-packages/airflow/example_dags/example_display_name.py took 0.064 seconds
[2025-02-23T04:52:07.912+0000] {processor.py:186} INFO - Started process (PID=763) to work on /home/airflow/.local/lib/python3.12/site-packages/airflow/example_dags/example_display_name.py
[2025-02-23T04:52:07.912+0000] {processor.py:914} INFO - Processing file /home/airflow/.local/lib/python3.12/site-packages/airflow/example_dags/example_display_name.py for tasks to queue
[2025-02-23T04:52:07.914+0000] {logging_mixin.py:190} INFO - [2025-02-23T04:52:07.913+0000] {dagbag.py:588} INFO - Filling up the DagBag from /home/airflow/.local/lib/python3.12/site-packages/airflow/example_dags/example_display_name.py
[2025-02-23T04:52:07.919+0000] {processor.py:925} INFO - DAG(s) 'example_display_name' retrieved from /home/airflow/.local/lib/python3.12/site-packages/airflow/example_dags/example_display_name.py
[2025-02-23T04:52:07.936+0000] {logging_mixin.py:190} INFO - [2025-02-23T04:52:07.936+0000] {dag.py:3239} INFO - Sync 1 DAGs
[2025-02-23T04:52:07.951+0000] {logging_mixin.py:190} INFO - [2025-02-23T04:52:07.950+0000] {dag.py:4180} INFO - Setting next_dagrun for example_display_name to None, run_after=None
[2025-02-23T04:52:07.966+0000] {processor.py:208} INFO - Processing /home/airflow/.local/lib/python3.12/site-packages/airflow/example_dags/example_display_name.py took 0.059 seconds
[2025-02-23T04:52:38.021+0000] {processor.py:186} INFO - Started process (PID=826) to work on /home/airflow/.local/lib/python3.12/site-packages/airflow/example_dags/example_display_name.py
[2025-02-23T04:52:38.021+0000] {processor.py:914} INFO - Processing file /home/airflow/.local/lib/python3.12/site-packages/airflow/example_dags/example_display_name.py for tasks to queue
[2025-02-23T04:52:38.023+0000] {logging_mixin.py:190} INFO - [2025-02-23T04:52:38.023+0000] {dagbag.py:588} INFO - Filling up the DagBag from /home/airflow/.local/lib/python3.12/site-packages/airflow/example_dags/example_display_name.py
[2025-02-23T04:52:38.028+0000] {processor.py:925} INFO - DAG(s) 'example_display_name' retrieved from /home/airflow/.local/lib/python3.12/site-packages/airflow/example_dags/example_display_name.py
[2025-02-23T04:52:38.043+0000] {logging_mixin.py:190} INFO - [2025-02-23T04:52:38.043+0000] {dag.py:3239} INFO - Sync 1 DAGs
[2025-02-23T04:52:38.055+0000] {logging_mixin.py:190} INFO - [2025-02-23T04:52:38.054+0000] {dag.py:4180} INFO - Setting next_dagrun for example_display_name to None, run_after=None
[2025-02-23T04:52:38.070+0000] {processor.py:208} INFO - Processing /home/airflow/.local/lib/python3.12/site-packages/airflow/example_dags/example_display_name.py took 0.053 seconds
[2025-02-23T04:53:08.397+0000] {processor.py:186} INFO - Started process (PID=889) to work on /home/airflow/.local/lib/python3.12/site-packages/airflow/example_dags/example_display_name.py
[2025-02-23T04:53:08.398+0000] {processor.py:914} INFO - Processing file /home/airflow/.local/lib/python3.12/site-packages/airflow/example_dags/example_display_name.py for tasks to queue
[2025-02-23T04:53:08.399+0000] {logging_mixin.py:190} INFO - [2025-02-23T04:53:08.399+0000] {dagbag.py:588} INFO - Filling up the DagBag from /home/airflow/.local/lib/python3.12/site-packages/airflow/example_dags/example_display_name.py
[2025-02-23T04:53:08.405+0000] {processor.py:925} INFO - DAG(s) 'example_display_name' retrieved from /home/airflow/.local/lib/python3.12/site-packages/airflow/example_dags/example_display_name.py
[2025-02-23T04:53:08.420+0000] {logging_mixin.py:190} INFO - [2025-02-23T04:53:08.420+0000] {dag.py:3239} INFO - Sync 1 DAGs
[2025-02-23T04:53:08.431+0000] {logging_mixin.py:190} INFO - [2025-02-23T04:53:08.431+0000] {dag.py:4180} INFO - Setting next_dagrun for example_display_name to None, run_after=None
[2025-02-23T04:53:08.444+0000] {processor.py:208} INFO - Processing /home/airflow/.local/lib/python3.12/site-packages/airflow/example_dags/example_display_name.py took 0.051 seconds
[2025-02-23T04:53:39.011+0000] {processor.py:186} INFO - Started process (PID=952) to work on /home/airflow/.local/lib/python3.12/site-packages/airflow/example_dags/example_display_name.py
[2025-02-23T04:53:39.012+0000] {processor.py:914} INFO - Processing file /home/airflow/.local/lib/python3.12/site-packages/airflow/example_dags/example_display_name.py for tasks to queue
[2025-02-23T04:53:39.013+0000] {logging_mixin.py:190} INFO - [2025-02-23T04:53:39.013+0000] {dagbag.py:588} INFO - Filling up the DagBag from /home/airflow/.local/lib/python3.12/site-packages/airflow/example_dags/example_display_name.py
[2025-02-23T04:53:39.019+0000] {processor.py:925} INFO - DAG(s) 'example_display_name' retrieved from /home/airflow/.local/lib/python3.12/site-packages/airflow/example_dags/example_display_name.py
[2025-02-23T04:53:39.034+0000] {logging_mixin.py:190} INFO - [2025-02-23T04:53:39.034+0000] {dag.py:3239} INFO - Sync 1 DAGs
[2025-02-23T04:53:39.045+0000] {logging_mixin.py:190} INFO - [2025-02-23T04:53:39.045+0000] {dag.py:4180} INFO - Setting next_dagrun for example_display_name to None, run_after=None
[2025-02-23T04:53:39.058+0000] {processor.py:208} INFO - Processing /home/airflow/.local/lib/python3.12/site-packages/airflow/example_dags/example_display_name.py took 0.051 seconds
[2025-02-23T04:54:09.127+0000] {processor.py:186} INFO - Started process (PID=1015) to work on /home/airflow/.local/lib/python3.12/site-packages/airflow/example_dags/example_display_name.py
[2025-02-23T04:54:09.128+0000] {processor.py:914} INFO - Processing file /home/airflow/.local/lib/python3.12/site-packages/airflow/example_dags/example_display_name.py for tasks to queue
[2025-02-23T04:54:09.130+0000] {logging_mixin.py:190} INFO - [2025-02-23T04:54:09.130+0000] {dagbag.py:588} INFO - Filling up the DagBag from /home/airflow/.local/lib/python3.12/site-packages/airflow/example_dags/example_display_name.py
[2025-02-23T04:54:09.138+0000] {processor.py:925} INFO - DAG(s) 'example_display_name' retrieved from /home/airflow/.local/lib/python3.12/site-packages/airflow/example_dags/example_display_name.py
[2025-02-23T04:54:09.158+0000] {logging_mixin.py:190} INFO - [2025-02-23T04:54:09.158+0000] {dag.py:3239} INFO - Sync 1 DAGs
[2025-02-23T04:54:09.174+0000] {logging_mixin.py:190} INFO - [2025-02-23T04:54:09.173+0000] {dag.py:4180} INFO - Setting next_dagrun for example_display_name to None, run_after=None
[2025-02-23T04:54:09.192+0000] {processor.py:208} INFO - Processing /home/airflow/.local/lib/python3.12/site-packages/airflow/example_dags/example_display_name.py took 0.071 seconds
[2025-02-23T04:54:39.459+0000] {processor.py:186} INFO - Started process (PID=1078) to work on /home/airflow/.local/lib/python3.12/site-packages/airflow/example_dags/example_display_name.py
[2025-02-23T04:54:39.460+0000] {processor.py:914} INFO - Processing file /home/airflow/.local/lib/python3.12/site-packages/airflow/example_dags/example_display_name.py for tasks to queue
[2025-02-23T04:54:39.462+0000] {logging_mixin.py:190} INFO - [2025-02-23T04:54:39.462+0000] {dagbag.py:588} INFO - Filling up the DagBag from /home/airflow/.local/lib/python3.12/site-packages/airflow/example_dags/example_display_name.py
[2025-02-23T04:54:39.470+0000] {processor.py:925} INFO - DAG(s) 'example_display_name' retrieved from /home/airflow/.local/lib/python3.12/site-packages/airflow/example_dags/example_display_name.py
[2025-02-23T04:54:39.488+0000] {logging_mixin.py:190} INFO - [2025-02-23T04:54:39.487+0000] {dag.py:3239} INFO - Sync 1 DAGs
[2025-02-23T04:54:39.502+0000] {logging_mixin.py:190} INFO - [2025-02-23T04:54:39.502+0000] {dag.py:4180} INFO - Setting next_dagrun for example_display_name to None, run_after=None
[2025-02-23T04:54:39.520+0000] {processor.py:208} INFO - Processing /home/airflow/.local/lib/python3.12/site-packages/airflow/example_dags/example_display_name.py took 0.069 seconds
[2025-02-23T04:55:09.811+0000] {processor.py:186} INFO - Started process (PID=1141) to work on /home/airflow/.local/lib/python3.12/site-packages/airflow/example_dags/example_display_name.py
[2025-02-23T04:55:09.812+0000] {processor.py:914} INFO - Processing file /home/airflow/.local/lib/python3.12/site-packages/airflow/example_dags/example_display_name.py for tasks to queue
[2025-02-23T04:55:09.813+0000] {logging_mixin.py:190} INFO - [2025-02-23T04:55:09.813+0000] {dagbag.py:588} INFO - Filling up the DagBag from /home/airflow/.local/lib/python3.12/site-packages/airflow/example_dags/example_display_name.py
[2025-02-23T04:55:09.819+0000] {processor.py:925} INFO - DAG(s) 'example_display_name' retrieved from /home/airflow/.local/lib/python3.12/site-packages/airflow/example_dags/example_display_name.py
[2025-02-23T04:55:09.834+0000] {logging_mixin.py:190} INFO - [2025-02-23T04:55:09.834+0000] {dag.py:3239} INFO - Sync 1 DAGs
[2025-02-23T04:55:09.845+0000] {logging_mixin.py:190} INFO - [2025-02-23T04:55:09.845+0000] {dag.py:4180} INFO - Setting next_dagrun for example_display_name to None, run_after=None
[2025-02-23T04:55:09.858+0000] {processor.py:208} INFO - Processing /home/airflow/.local/lib/python3.12/site-packages/airflow/example_dags/example_display_name.py took 0.051 seconds
[2025-02-23T04:55:40.157+0000] {processor.py:186} INFO - Started process (PID=1204) to work on /home/airflow/.local/lib/python3.12/site-packages/airflow/example_dags/example_display_name.py
[2025-02-23T04:55:40.158+0000] {processor.py:914} INFO - Processing file /home/airflow/.local/lib/python3.12/site-packages/airflow/example_dags/example_display_name.py for tasks to queue
[2025-02-23T04:55:40.159+0000] {logging_mixin.py:190} INFO - [2025-02-23T04:55:40.159+0000] {dagbag.py:588} INFO - Filling up the DagBag from /home/airflow/.local/lib/python3.12/site-packages/airflow/example_dags/example_display_name.py
[2025-02-23T04:55:40.164+0000] {processor.py:925} INFO - DAG(s) 'example_display_name' retrieved from /home/airflow/.local/lib/python3.12/site-packages/airflow/example_dags/example_display_name.py
[2025-02-23T04:55:40.179+0000] {logging_mixin.py:190} INFO - [2025-02-23T04:55:40.178+0000] {dag.py:3239} INFO - Sync 1 DAGs
[2025-02-23T04:55:40.189+0000] {logging_mixin.py:190} INFO - [2025-02-23T04:55:40.189+0000] {dag.py:4180} INFO - Setting next_dagrun for example_display_name to None, run_after=None
[2025-02-23T04:55:40.201+0000] {processor.py:208} INFO - Processing /home/airflow/.local/lib/python3.12/site-packages/airflow/example_dags/example_display_name.py took 0.048 seconds
[2025-02-23T04:56:10.549+0000] {processor.py:186} INFO - Started process (PID=1268) to work on /home/airflow/.local/lib/python3.12/site-packages/airflow/example_dags/example_display_name.py
[2025-02-23T04:56:10.549+0000] {processor.py:914} INFO - Processing file /home/airflow/.local/lib/python3.12/site-packages/airflow/example_dags/example_display_name.py for tasks to queue
[2025-02-23T04:56:10.551+0000] {logging_mixin.py:190} INFO - [2025-02-23T04:56:10.550+0000] {dagbag.py:588} INFO - Filling up the DagBag from /home/airflow/.local/lib/python3.12/site-packages/airflow/example_dags/example_display_name.py
[2025-02-23T04:56:10.556+0000] {processor.py:925} INFO - DAG(s) 'example_display_name' retrieved from /home/airflow/.local/lib/python3.12/site-packages/airflow/example_dags/example_display_name.py
[2025-02-23T04:56:10.570+0000] {logging_mixin.py:190} INFO - [2025-02-23T04:56:10.570+0000] {dag.py:3239} INFO - Sync 1 DAGs
[2025-02-23T04:56:10.581+0000] {logging_mixin.py:190} INFO - [2025-02-23T04:56:10.581+0000] {dag.py:4180} INFO - Setting next_dagrun for example_display_name to None, run_after=None
[2025-02-23T04:56:10.594+0000] {processor.py:208} INFO - Processing /home/airflow/.local/lib/python3.12/site-packages/airflow/example_dags/example_display_name.py took 0.049 seconds
