[2025-02-23T04:46:37.536+0000] {processor.py:186} INFO - Started process (PID=83) to work on /home/airflow/.local/lib/python3.12/site-packages/airflow/example_dags/example_skip_dag.py
[2025-02-23T04:46:37.537+0000] {processor.py:914} INFO - Processing file /home/airflow/.local/lib/python3.12/site-packages/airflow/example_dags/example_skip_dag.py for tasks to queue
[2025-02-23T04:46:37.539+0000] {logging_mixin.py:190} INFO - [2025-02-23T04:46:37.539+0000] {dagbag.py:588} INFO - Filling up the DagBag from /home/airflow/.local/lib/python3.12/site-packages/airflow/example_dags/example_skip_dag.py
[2025-02-23T04:46:37.550+0000] {processor.py:925} INFO - DAG(s) 'example_skip_dag' retrieved from /home/airflow/.local/lib/python3.12/site-packages/airflow/example_dags/example_skip_dag.py
[2025-02-23T04:46:38.069+0000] {logging_mixin.py:190} INFO - [2025-02-23T04:46:38.068+0000] {override.py:1911} INFO - Created Permission View: can read on DAG:example_skip_dag
[2025-02-23T04:46:38.644+0000] {logging_mixin.py:190} INFO - [2025-02-23T04:46:38.642+0000] {override.py:1911} INFO - Created Permission View: can delete on DAG:example_skip_dag
[2025-02-23T04:46:38.741+0000] {logging_mixin.py:190} INFO - [2025-02-23T04:46:38.740+0000] {override.py:1911} INFO - Created Permission View: can edit on DAG:example_skip_dag
[2025-02-23T04:46:38.771+0000] {logging_mixin.py:190} INFO - [2025-02-23T04:46:38.771+0000] {override.py:1911} INFO - Created Permission View: can read on DAG Run:example_skip_dag
[2025-02-23T04:46:38.781+0000] {logging_mixin.py:190} INFO - [2025-02-23T04:46:38.780+0000] {override.py:1911} INFO - Created Permission View: can create on DAG Run:example_skip_dag
[2025-02-23T04:46:38.786+0000] {logging_mixin.py:190} INFO - [2025-02-23T04:46:38.786+0000] {override.py:1911} INFO - Created Permission View: can delete on DAG Run:example_skip_dag
[2025-02-23T04:46:38.792+0000] {logging_mixin.py:190} INFO - [2025-02-23T04:46:38.791+0000] {override.py:1911} INFO - Created Permission View: menu access on DAG Run:example_skip_dag
[2025-02-23T04:46:38.792+0000] {logging_mixin.py:190} INFO - [2025-02-23T04:46:38.792+0000] {dag.py:3239} INFO - Sync 1 DAGs
[2025-02-23T04:46:38.806+0000] {logging_mixin.py:190} INFO - [2025-02-23T04:46:38.805+0000] {dag.py:3262} INFO - Creating ORM DAG for example_skip_dag
[2025-02-23T04:46:38.816+0000] {logging_mixin.py:190} INFO - [2025-02-23T04:46:38.815+0000] {dag.py:4180} INFO - Setting next_dagrun for example_skip_dag to 2025-02-22 00:00:00+00:00, run_after=2025-02-23 00:00:00+00:00
[2025-02-23T04:46:38.830+0000] {processor.py:208} INFO - Processing /home/airflow/.local/lib/python3.12/site-packages/airflow/example_dags/example_skip_dag.py took 1.299 seconds
[2025-02-23T04:47:09.104+0000] {processor.py:186} INFO - Started process (PID=145) to work on /home/airflow/.local/lib/python3.12/site-packages/airflow/example_dags/example_skip_dag.py
[2025-02-23T04:47:09.105+0000] {processor.py:914} INFO - Processing file /home/airflow/.local/lib/python3.12/site-packages/airflow/example_dags/example_skip_dag.py for tasks to queue
[2025-02-23T04:47:09.106+0000] {logging_mixin.py:190} INFO - [2025-02-23T04:47:09.106+0000] {dagbag.py:588} INFO - Filling up the DagBag from /home/airflow/.local/lib/python3.12/site-packages/airflow/example_dags/example_skip_dag.py
[2025-02-23T04:47:09.112+0000] {processor.py:925} INFO - DAG(s) 'example_skip_dag' retrieved from /home/airflow/.local/lib/python3.12/site-packages/airflow/example_dags/example_skip_dag.py
[2025-02-23T04:47:09.127+0000] {logging_mixin.py:190} INFO - [2025-02-23T04:47:09.127+0000] {dag.py:3239} INFO - Sync 1 DAGs
[2025-02-23T04:47:09.145+0000] {logging_mixin.py:190} INFO - [2025-02-23T04:47:09.145+0000] {dag.py:4180} INFO - Setting next_dagrun for example_skip_dag to 2025-02-22 00:00:00+00:00, run_after=2025-02-23 00:00:00+00:00
[2025-02-23T04:47:09.158+0000] {processor.py:208} INFO - Processing /home/airflow/.local/lib/python3.12/site-packages/airflow/example_dags/example_skip_dag.py took 0.058 seconds
[2025-02-23T04:47:39.660+0000] {processor.py:186} INFO - Started process (PID=208) to work on /home/airflow/.local/lib/python3.12/site-packages/airflow/example_dags/example_skip_dag.py
[2025-02-23T04:47:39.660+0000] {processor.py:914} INFO - Processing file /home/airflow/.local/lib/python3.12/site-packages/airflow/example_dags/example_skip_dag.py for tasks to queue
[2025-02-23T04:47:39.662+0000] {logging_mixin.py:190} INFO - [2025-02-23T04:47:39.662+0000] {dagbag.py:588} INFO - Filling up the DagBag from /home/airflow/.local/lib/python3.12/site-packages/airflow/example_dags/example_skip_dag.py
[2025-02-23T04:47:39.668+0000] {processor.py:925} INFO - DAG(s) 'example_skip_dag' retrieved from /home/airflow/.local/lib/python3.12/site-packages/airflow/example_dags/example_skip_dag.py
[2025-02-23T04:47:39.687+0000] {logging_mixin.py:190} INFO - [2025-02-23T04:47:39.687+0000] {dag.py:3239} INFO - Sync 1 DAGs
[2025-02-23T04:47:39.710+0000] {logging_mixin.py:190} INFO - [2025-02-23T04:47:39.710+0000] {dag.py:4180} INFO - Setting next_dagrun for example_skip_dag to 2025-02-22 00:00:00+00:00, run_after=2025-02-23 00:00:00+00:00
[2025-02-23T04:47:39.724+0000] {processor.py:208} INFO - Processing /home/airflow/.local/lib/python3.12/site-packages/airflow/example_dags/example_skip_dag.py took 0.068 seconds
[2025-02-23T04:48:10.107+0000] {processor.py:186} INFO - Started process (PID=272) to work on /home/airflow/.local/lib/python3.12/site-packages/airflow/example_dags/example_skip_dag.py
[2025-02-23T04:48:10.108+0000] {processor.py:914} INFO - Processing file /home/airflow/.local/lib/python3.12/site-packages/airflow/example_dags/example_skip_dag.py for tasks to queue
[2025-02-23T04:48:10.109+0000] {logging_mixin.py:190} INFO - [2025-02-23T04:48:10.109+0000] {dagbag.py:588} INFO - Filling up the DagBag from /home/airflow/.local/lib/python3.12/site-packages/airflow/example_dags/example_skip_dag.py
[2025-02-23T04:48:10.117+0000] {processor.py:925} INFO - DAG(s) 'example_skip_dag' retrieved from /home/airflow/.local/lib/python3.12/site-packages/airflow/example_dags/example_skip_dag.py
[2025-02-23T04:48:10.138+0000] {logging_mixin.py:190} INFO - [2025-02-23T04:48:10.138+0000] {dag.py:3239} INFO - Sync 1 DAGs
[2025-02-23T04:48:10.160+0000] {logging_mixin.py:190} INFO - [2025-02-23T04:48:10.160+0000] {dag.py:4180} INFO - Setting next_dagrun for example_skip_dag to 2025-02-22 00:00:00+00:00, run_after=2025-02-23 00:00:00+00:00
[2025-02-23T04:48:10.174+0000] {processor.py:208} INFO - Processing /home/airflow/.local/lib/python3.12/site-packages/airflow/example_dags/example_skip_dag.py took 0.071 seconds
[2025-02-23T04:48:40.482+0000] {processor.py:186} INFO - Started process (PID=335) to work on /home/airflow/.local/lib/python3.12/site-packages/airflow/example_dags/example_skip_dag.py
[2025-02-23T04:48:40.482+0000] {processor.py:914} INFO - Processing file /home/airflow/.local/lib/python3.12/site-packages/airflow/example_dags/example_skip_dag.py for tasks to queue
[2025-02-23T04:48:40.485+0000] {logging_mixin.py:190} INFO - [2025-02-23T04:48:40.485+0000] {dagbag.py:588} INFO - Filling up the DagBag from /home/airflow/.local/lib/python3.12/site-packages/airflow/example_dags/example_skip_dag.py
[2025-02-23T04:48:40.493+0000] {processor.py:925} INFO - DAG(s) 'example_skip_dag' retrieved from /home/airflow/.local/lib/python3.12/site-packages/airflow/example_dags/example_skip_dag.py
[2025-02-23T04:48:40.543+0000] {logging_mixin.py:190} INFO - [2025-02-23T04:48:40.543+0000] {dag.py:3239} INFO - Sync 1 DAGs
[2025-02-23T04:48:40.568+0000] {logging_mixin.py:190} INFO - [2025-02-23T04:48:40.568+0000] {dag.py:4180} INFO - Setting next_dagrun for example_skip_dag to 2025-02-22 00:00:00+00:00, run_after=2025-02-23 00:00:00+00:00
[2025-02-23T04:48:40.586+0000] {processor.py:208} INFO - Processing /home/airflow/.local/lib/python3.12/site-packages/airflow/example_dags/example_skip_dag.py took 0.109 seconds
[2025-02-23T04:49:11.542+0000] {processor.py:186} INFO - Started process (PID=398) to work on /home/airflow/.local/lib/python3.12/site-packages/airflow/example_dags/example_skip_dag.py
[2025-02-23T04:49:11.543+0000] {processor.py:914} INFO - Processing file /home/airflow/.local/lib/python3.12/site-packages/airflow/example_dags/example_skip_dag.py for tasks to queue
[2025-02-23T04:49:11.545+0000] {logging_mixin.py:190} INFO - [2025-02-23T04:49:11.544+0000] {dagbag.py:588} INFO - Filling up the DagBag from /home/airflow/.local/lib/python3.12/site-packages/airflow/example_dags/example_skip_dag.py
[2025-02-23T04:49:11.551+0000] {processor.py:925} INFO - DAG(s) 'example_skip_dag' retrieved from /home/airflow/.local/lib/python3.12/site-packages/airflow/example_dags/example_skip_dag.py
[2025-02-23T04:49:11.571+0000] {logging_mixin.py:190} INFO - [2025-02-23T04:49:11.570+0000] {dag.py:3239} INFO - Sync 1 DAGs
[2025-02-23T04:49:11.589+0000] {logging_mixin.py:190} INFO - [2025-02-23T04:49:11.589+0000] {dag.py:4180} INFO - Setting next_dagrun for example_skip_dag to 2025-02-22 00:00:00+00:00, run_after=2025-02-23 00:00:00+00:00
[2025-02-23T04:49:11.604+0000] {processor.py:208} INFO - Processing /home/airflow/.local/lib/python3.12/site-packages/airflow/example_dags/example_skip_dag.py took 0.067 seconds
[2025-02-23T04:49:41.673+0000] {processor.py:186} INFO - Started process (PID=461) to work on /home/airflow/.local/lib/python3.12/site-packages/airflow/example_dags/example_skip_dag.py
[2025-02-23T04:49:41.673+0000] {processor.py:914} INFO - Processing file /home/airflow/.local/lib/python3.12/site-packages/airflow/example_dags/example_skip_dag.py for tasks to queue
[2025-02-23T04:49:41.675+0000] {logging_mixin.py:190} INFO - [2025-02-23T04:49:41.674+0000] {dagbag.py:588} INFO - Filling up the DagBag from /home/airflow/.local/lib/python3.12/site-packages/airflow/example_dags/example_skip_dag.py
[2025-02-23T04:49:41.681+0000] {processor.py:925} INFO - DAG(s) 'example_skip_dag' retrieved from /home/airflow/.local/lib/python3.12/site-packages/airflow/example_dags/example_skip_dag.py
[2025-02-23T04:49:41.698+0000] {logging_mixin.py:190} INFO - [2025-02-23T04:49:41.697+0000] {dag.py:3239} INFO - Sync 1 DAGs
[2025-02-23T04:49:41.714+0000] {logging_mixin.py:190} INFO - [2025-02-23T04:49:41.714+0000] {dag.py:4180} INFO - Setting next_dagrun for example_skip_dag to 2025-02-22 00:00:00+00:00, run_after=2025-02-23 00:00:00+00:00
[2025-02-23T04:49:41.727+0000] {processor.py:208} INFO - Processing /home/airflow/.local/lib/python3.12/site-packages/airflow/example_dags/example_skip_dag.py took 0.059 seconds
[2025-02-23T04:50:11.841+0000] {processor.py:186} INFO - Started process (PID=524) to work on /home/airflow/.local/lib/python3.12/site-packages/airflow/example_dags/example_skip_dag.py
[2025-02-23T04:50:11.841+0000] {processor.py:914} INFO - Processing file /home/airflow/.local/lib/python3.12/site-packages/airflow/example_dags/example_skip_dag.py for tasks to queue
[2025-02-23T04:50:11.843+0000] {logging_mixin.py:190} INFO - [2025-02-23T04:50:11.843+0000] {dagbag.py:588} INFO - Filling up the DagBag from /home/airflow/.local/lib/python3.12/site-packages/airflow/example_dags/example_skip_dag.py
[2025-02-23T04:50:11.849+0000] {processor.py:925} INFO - DAG(s) 'example_skip_dag' retrieved from /home/airflow/.local/lib/python3.12/site-packages/airflow/example_dags/example_skip_dag.py
[2025-02-23T04:50:11.865+0000] {logging_mixin.py:190} INFO - [2025-02-23T04:50:11.864+0000] {dag.py:3239} INFO - Sync 1 DAGs
[2025-02-23T04:50:11.881+0000] {logging_mixin.py:190} INFO - [2025-02-23T04:50:11.881+0000] {dag.py:4180} INFO - Setting next_dagrun for example_skip_dag to 2025-02-22 00:00:00+00:00, run_after=2025-02-23 00:00:00+00:00
[2025-02-23T04:50:11.894+0000] {processor.py:208} INFO - Processing /home/airflow/.local/lib/python3.12/site-packages/airflow/example_dags/example_skip_dag.py took 0.059 seconds
[2025-02-23T04:50:42.023+0000] {processor.py:186} INFO - Started process (PID=587) to work on /home/airflow/.local/lib/python3.12/site-packages/airflow/example_dags/example_skip_dag.py
[2025-02-23T04:50:42.023+0000] {processor.py:914} INFO - Processing file /home/airflow/.local/lib/python3.12/site-packages/airflow/example_dags/example_skip_dag.py for tasks to queue
[2025-02-23T04:50:42.025+0000] {logging_mixin.py:190} INFO - [2025-02-23T04:50:42.024+0000] {dagbag.py:588} INFO - Filling up the DagBag from /home/airflow/.local/lib/python3.12/site-packages/airflow/example_dags/example_skip_dag.py
[2025-02-23T04:50:42.031+0000] {processor.py:925} INFO - DAG(s) 'example_skip_dag' retrieved from /home/airflow/.local/lib/python3.12/site-packages/airflow/example_dags/example_skip_dag.py
[2025-02-23T04:50:42.049+0000] {logging_mixin.py:190} INFO - [2025-02-23T04:50:42.049+0000] {dag.py:3239} INFO - Sync 1 DAGs
[2025-02-23T04:50:42.073+0000] {logging_mixin.py:190} INFO - [2025-02-23T04:50:42.073+0000] {dag.py:4180} INFO - Setting next_dagrun for example_skip_dag to 2025-02-22 00:00:00+00:00, run_after=2025-02-23 00:00:00+00:00
[2025-02-23T04:50:42.087+0000] {processor.py:208} INFO - Processing /home/airflow/.local/lib/python3.12/site-packages/airflow/example_dags/example_skip_dag.py took 0.069 seconds
[2025-02-23T04:51:12.185+0000] {processor.py:186} INFO - Started process (PID=650) to work on /home/airflow/.local/lib/python3.12/site-packages/airflow/example_dags/example_skip_dag.py
[2025-02-23T04:51:12.186+0000] {processor.py:914} INFO - Processing file /home/airflow/.local/lib/python3.12/site-packages/airflow/example_dags/example_skip_dag.py for tasks to queue
[2025-02-23T04:51:12.187+0000] {logging_mixin.py:190} INFO - [2025-02-23T04:51:12.187+0000] {dagbag.py:588} INFO - Filling up the DagBag from /home/airflow/.local/lib/python3.12/site-packages/airflow/example_dags/example_skip_dag.py
[2025-02-23T04:51:12.193+0000] {processor.py:925} INFO - DAG(s) 'example_skip_dag' retrieved from /home/airflow/.local/lib/python3.12/site-packages/airflow/example_dags/example_skip_dag.py
[2025-02-23T04:51:12.213+0000] {logging_mixin.py:190} INFO - [2025-02-23T04:51:12.213+0000] {dag.py:3239} INFO - Sync 1 DAGs
[2025-02-23T04:51:12.237+0000] {logging_mixin.py:190} INFO - [2025-02-23T04:51:12.236+0000] {dag.py:4180} INFO - Setting next_dagrun for example_skip_dag to 2025-02-22 00:00:00+00:00, run_after=2025-02-23 00:00:00+00:00
[2025-02-23T04:51:12.250+0000] {processor.py:208} INFO - Processing /home/airflow/.local/lib/python3.12/site-packages/airflow/example_dags/example_skip_dag.py took 0.069 seconds
[2025-02-23T04:51:42.336+0000] {processor.py:186} INFO - Started process (PID=713) to work on /home/airflow/.local/lib/python3.12/site-packages/airflow/example_dags/example_skip_dag.py
[2025-02-23T04:51:42.337+0000] {processor.py:914} INFO - Processing file /home/airflow/.local/lib/python3.12/site-packages/airflow/example_dags/example_skip_dag.py for tasks to queue
[2025-02-23T04:51:42.339+0000] {logging_mixin.py:190} INFO - [2025-02-23T04:51:42.338+0000] {dagbag.py:588} INFO - Filling up the DagBag from /home/airflow/.local/lib/python3.12/site-packages/airflow/example_dags/example_skip_dag.py
[2025-02-23T04:51:42.345+0000] {processor.py:925} INFO - DAG(s) 'example_skip_dag' retrieved from /home/airflow/.local/lib/python3.12/site-packages/airflow/example_dags/example_skip_dag.py
[2025-02-23T04:51:42.366+0000] {logging_mixin.py:190} INFO - [2025-02-23T04:51:42.366+0000] {dag.py:3239} INFO - Sync 1 DAGs
[2025-02-23T04:51:42.389+0000] {logging_mixin.py:190} INFO - [2025-02-23T04:51:42.389+0000] {dag.py:4180} INFO - Setting next_dagrun for example_skip_dag to 2025-02-22 00:00:00+00:00, run_after=2025-02-23 00:00:00+00:00
[2025-02-23T04:51:42.404+0000] {processor.py:208} INFO - Processing /home/airflow/.local/lib/python3.12/site-packages/airflow/example_dags/example_skip_dag.py took 0.072 seconds
[2025-02-23T04:52:12.441+0000] {processor.py:186} INFO - Started process (PID=776) to work on /home/airflow/.local/lib/python3.12/site-packages/airflow/example_dags/example_skip_dag.py
[2025-02-23T04:52:12.442+0000] {processor.py:914} INFO - Processing file /home/airflow/.local/lib/python3.12/site-packages/airflow/example_dags/example_skip_dag.py for tasks to queue
[2025-02-23T04:52:12.443+0000] {logging_mixin.py:190} INFO - [2025-02-23T04:52:12.443+0000] {dagbag.py:588} INFO - Filling up the DagBag from /home/airflow/.local/lib/python3.12/site-packages/airflow/example_dags/example_skip_dag.py
[2025-02-23T04:52:12.449+0000] {processor.py:925} INFO - DAG(s) 'example_skip_dag' retrieved from /home/airflow/.local/lib/python3.12/site-packages/airflow/example_dags/example_skip_dag.py
[2025-02-23T04:52:12.467+0000] {logging_mixin.py:190} INFO - [2025-02-23T04:52:12.467+0000] {dag.py:3239} INFO - Sync 1 DAGs
[2025-02-23T04:52:12.488+0000] {logging_mixin.py:190} INFO - [2025-02-23T04:52:12.488+0000] {dag.py:4180} INFO - Setting next_dagrun for example_skip_dag to 2025-02-22 00:00:00+00:00, run_after=2025-02-23 00:00:00+00:00
[2025-02-23T04:52:12.502+0000] {processor.py:208} INFO - Processing /home/airflow/.local/lib/python3.12/site-packages/airflow/example_dags/example_skip_dag.py took 0.065 seconds
[2025-02-23T04:52:42.552+0000] {processor.py:186} INFO - Started process (PID=839) to work on /home/airflow/.local/lib/python3.12/site-packages/airflow/example_dags/example_skip_dag.py
[2025-02-23T04:52:42.552+0000] {processor.py:914} INFO - Processing file /home/airflow/.local/lib/python3.12/site-packages/airflow/example_dags/example_skip_dag.py for tasks to queue
[2025-02-23T04:52:42.554+0000] {logging_mixin.py:190} INFO - [2025-02-23T04:52:42.553+0000] {dagbag.py:588} INFO - Filling up the DagBag from /home/airflow/.local/lib/python3.12/site-packages/airflow/example_dags/example_skip_dag.py
[2025-02-23T04:52:42.561+0000] {processor.py:925} INFO - DAG(s) 'example_skip_dag' retrieved from /home/airflow/.local/lib/python3.12/site-packages/airflow/example_dags/example_skip_dag.py
[2025-02-23T04:52:42.580+0000] {logging_mixin.py:190} INFO - [2025-02-23T04:52:42.580+0000] {dag.py:3239} INFO - Sync 1 DAGs
[2025-02-23T04:52:42.602+0000] {logging_mixin.py:190} INFO - [2025-02-23T04:52:42.602+0000] {dag.py:4180} INFO - Setting next_dagrun for example_skip_dag to 2025-02-22 00:00:00+00:00, run_after=2025-02-23 00:00:00+00:00
[2025-02-23T04:52:42.614+0000] {processor.py:208} INFO - Processing /home/airflow/.local/lib/python3.12/site-packages/airflow/example_dags/example_skip_dag.py took 0.067 seconds
[2025-02-23T04:53:12.960+0000] {processor.py:186} INFO - Started process (PID=902) to work on /home/airflow/.local/lib/python3.12/site-packages/airflow/example_dags/example_skip_dag.py
[2025-02-23T04:53:12.960+0000] {processor.py:914} INFO - Processing file /home/airflow/.local/lib/python3.12/site-packages/airflow/example_dags/example_skip_dag.py for tasks to queue
[2025-02-23T04:53:12.962+0000] {logging_mixin.py:190} INFO - [2025-02-23T04:53:12.962+0000] {dagbag.py:588} INFO - Filling up the DagBag from /home/airflow/.local/lib/python3.12/site-packages/airflow/example_dags/example_skip_dag.py
[2025-02-23T04:53:12.968+0000] {processor.py:925} INFO - DAG(s) 'example_skip_dag' retrieved from /home/airflow/.local/lib/python3.12/site-packages/airflow/example_dags/example_skip_dag.py
[2025-02-23T04:53:12.987+0000] {logging_mixin.py:190} INFO - [2025-02-23T04:53:12.986+0000] {dag.py:3239} INFO - Sync 1 DAGs
[2025-02-23T04:53:13.005+0000] {logging_mixin.py:190} INFO - [2025-02-23T04:53:13.005+0000] {dag.py:4180} INFO - Setting next_dagrun for example_skip_dag to 2025-02-22 00:00:00+00:00, run_after=2025-02-23 00:00:00+00:00
[2025-02-23T04:53:13.018+0000] {processor.py:208} INFO - Processing /home/airflow/.local/lib/python3.12/site-packages/airflow/example_dags/example_skip_dag.py took 0.063 seconds
[2025-02-23T04:53:43.491+0000] {processor.py:186} INFO - Started process (PID=965) to work on /home/airflow/.local/lib/python3.12/site-packages/airflow/example_dags/example_skip_dag.py
[2025-02-23T04:53:43.492+0000] {processor.py:914} INFO - Processing file /home/airflow/.local/lib/python3.12/site-packages/airflow/example_dags/example_skip_dag.py for tasks to queue
[2025-02-23T04:53:43.493+0000] {logging_mixin.py:190} INFO - [2025-02-23T04:53:43.493+0000] {dagbag.py:588} INFO - Filling up the DagBag from /home/airflow/.local/lib/python3.12/site-packages/airflow/example_dags/example_skip_dag.py
[2025-02-23T04:53:43.499+0000] {processor.py:925} INFO - DAG(s) 'example_skip_dag' retrieved from /home/airflow/.local/lib/python3.12/site-packages/airflow/example_dags/example_skip_dag.py
[2025-02-23T04:53:43.519+0000] {logging_mixin.py:190} INFO - [2025-02-23T04:53:43.519+0000] {dag.py:3239} INFO - Sync 1 DAGs
[2025-02-23T04:53:43.544+0000] {logging_mixin.py:190} INFO - [2025-02-23T04:53:43.544+0000] {dag.py:4180} INFO - Setting next_dagrun for example_skip_dag to 2025-02-22 00:00:00+00:00, run_after=2025-02-23 00:00:00+00:00
[2025-02-23T04:53:43.557+0000] {processor.py:208} INFO - Processing /home/airflow/.local/lib/python3.12/site-packages/airflow/example_dags/example_skip_dag.py took 0.071 seconds
[2025-02-23T04:54:13.731+0000] {processor.py:186} INFO - Started process (PID=1028) to work on /home/airflow/.local/lib/python3.12/site-packages/airflow/example_dags/example_skip_dag.py
[2025-02-23T04:54:13.732+0000] {processor.py:914} INFO - Processing file /home/airflow/.local/lib/python3.12/site-packages/airflow/example_dags/example_skip_dag.py for tasks to queue
[2025-02-23T04:54:13.734+0000] {logging_mixin.py:190} INFO - [2025-02-23T04:54:13.733+0000] {dagbag.py:588} INFO - Filling up the DagBag from /home/airflow/.local/lib/python3.12/site-packages/airflow/example_dags/example_skip_dag.py
[2025-02-23T04:54:13.740+0000] {processor.py:925} INFO - DAG(s) 'example_skip_dag' retrieved from /home/airflow/.local/lib/python3.12/site-packages/airflow/example_dags/example_skip_dag.py
[2025-02-23T04:54:13.759+0000] {logging_mixin.py:190} INFO - [2025-02-23T04:54:13.759+0000] {dag.py:3239} INFO - Sync 1 DAGs
[2025-02-23T04:54:13.784+0000] {logging_mixin.py:190} INFO - [2025-02-23T04:54:13.784+0000] {dag.py:4180} INFO - Setting next_dagrun for example_skip_dag to 2025-02-22 00:00:00+00:00, run_after=2025-02-23 00:00:00+00:00
[2025-02-23T04:54:13.798+0000] {processor.py:208} INFO - Processing /home/airflow/.local/lib/python3.12/site-packages/airflow/example_dags/example_skip_dag.py took 0.071 seconds
[2025-02-23T04:54:44.163+0000] {processor.py:186} INFO - Started process (PID=1091) to work on /home/airflow/.local/lib/python3.12/site-packages/airflow/example_dags/example_skip_dag.py
[2025-02-23T04:54:44.163+0000] {processor.py:914} INFO - Processing file /home/airflow/.local/lib/python3.12/site-packages/airflow/example_dags/example_skip_dag.py for tasks to queue
[2025-02-23T04:54:44.165+0000] {logging_mixin.py:190} INFO - [2025-02-23T04:54:44.165+0000] {dagbag.py:588} INFO - Filling up the DagBag from /home/airflow/.local/lib/python3.12/site-packages/airflow/example_dags/example_skip_dag.py
[2025-02-23T04:54:44.173+0000] {processor.py:925} INFO - DAG(s) 'example_skip_dag' retrieved from /home/airflow/.local/lib/python3.12/site-packages/airflow/example_dags/example_skip_dag.py
[2025-02-23T04:54:44.189+0000] {logging_mixin.py:190} INFO - [2025-02-23T04:54:44.189+0000] {dag.py:3239} INFO - Sync 1 DAGs
[2025-02-23T04:54:44.207+0000] {logging_mixin.py:190} INFO - [2025-02-23T04:54:44.206+0000] {dag.py:4180} INFO - Setting next_dagrun for example_skip_dag to 2025-02-22 00:00:00+00:00, run_after=2025-02-23 00:00:00+00:00
[2025-02-23T04:54:44.220+0000] {processor.py:208} INFO - Processing /home/airflow/.local/lib/python3.12/site-packages/airflow/example_dags/example_skip_dag.py took 0.062 seconds
[2025-02-23T04:55:14.454+0000] {processor.py:186} INFO - Started process (PID=1154) to work on /home/airflow/.local/lib/python3.12/site-packages/airflow/example_dags/example_skip_dag.py
[2025-02-23T04:55:14.454+0000] {processor.py:914} INFO - Processing file /home/airflow/.local/lib/python3.12/site-packages/airflow/example_dags/example_skip_dag.py for tasks to queue
[2025-02-23T04:55:14.456+0000] {logging_mixin.py:190} INFO - [2025-02-23T04:55:14.456+0000] {dagbag.py:588} INFO - Filling up the DagBag from /home/airflow/.local/lib/python3.12/site-packages/airflow/example_dags/example_skip_dag.py
[2025-02-23T04:55:14.462+0000] {processor.py:925} INFO - DAG(s) 'example_skip_dag' retrieved from /home/airflow/.local/lib/python3.12/site-packages/airflow/example_dags/example_skip_dag.py
[2025-02-23T04:55:14.478+0000] {logging_mixin.py:190} INFO - [2025-02-23T04:55:14.478+0000] {dag.py:3239} INFO - Sync 1 DAGs
[2025-02-23T04:55:14.499+0000] {logging_mixin.py:190} INFO - [2025-02-23T04:55:14.499+0000] {dag.py:4180} INFO - Setting next_dagrun for example_skip_dag to 2025-02-22 00:00:00+00:00, run_after=2025-02-23 00:00:00+00:00
[2025-02-23T04:55:14.514+0000] {processor.py:208} INFO - Processing /home/airflow/.local/lib/python3.12/site-packages/airflow/example_dags/example_skip_dag.py took 0.066 seconds
[2025-02-23T04:55:44.664+0000] {processor.py:186} INFO - Started process (PID=1217) to work on /home/airflow/.local/lib/python3.12/site-packages/airflow/example_dags/example_skip_dag.py
[2025-02-23T04:55:44.665+0000] {processor.py:914} INFO - Processing file /home/airflow/.local/lib/python3.12/site-packages/airflow/example_dags/example_skip_dag.py for tasks to queue
[2025-02-23T04:55:44.666+0000] {logging_mixin.py:190} INFO - [2025-02-23T04:55:44.666+0000] {dagbag.py:588} INFO - Filling up the DagBag from /home/airflow/.local/lib/python3.12/site-packages/airflow/example_dags/example_skip_dag.py
[2025-02-23T04:55:44.672+0000] {processor.py:925} INFO - DAG(s) 'example_skip_dag' retrieved from /home/airflow/.local/lib/python3.12/site-packages/airflow/example_dags/example_skip_dag.py
[2025-02-23T04:55:44.691+0000] {logging_mixin.py:190} INFO - [2025-02-23T04:55:44.691+0000] {dag.py:3239} INFO - Sync 1 DAGs
[2025-02-23T04:55:44.708+0000] {logging_mixin.py:190} INFO - [2025-02-23T04:55:44.708+0000] {dag.py:4180} INFO - Setting next_dagrun for example_skip_dag to 2025-02-22 00:00:00+00:00, run_after=2025-02-23 00:00:00+00:00
[2025-02-23T04:55:44.721+0000] {processor.py:208} INFO - Processing /home/airflow/.local/lib/python3.12/site-packages/airflow/example_dags/example_skip_dag.py took 0.062 seconds
[2025-02-23T04:56:15.029+0000] {processor.py:186} INFO - Started process (PID=1281) to work on /home/airflow/.local/lib/python3.12/site-packages/airflow/example_dags/example_skip_dag.py
[2025-02-23T04:56:15.030+0000] {processor.py:914} INFO - Processing file /home/airflow/.local/lib/python3.12/site-packages/airflow/example_dags/example_skip_dag.py for tasks to queue
[2025-02-23T04:56:15.032+0000] {logging_mixin.py:190} INFO - [2025-02-23T04:56:15.031+0000] {dagbag.py:588} INFO - Filling up the DagBag from /home/airflow/.local/lib/python3.12/site-packages/airflow/example_dags/example_skip_dag.py
[2025-02-23T04:56:15.037+0000] {processor.py:925} INFO - DAG(s) 'example_skip_dag' retrieved from /home/airflow/.local/lib/python3.12/site-packages/airflow/example_dags/example_skip_dag.py
[2025-02-23T04:56:15.057+0000] {logging_mixin.py:190} INFO - [2025-02-23T04:56:15.057+0000] {dag.py:3239} INFO - Sync 1 DAGs
[2025-02-23T04:56:15.080+0000] {logging_mixin.py:190} INFO - [2025-02-23T04:56:15.080+0000] {dag.py:4180} INFO - Setting next_dagrun for example_skip_dag to 2025-02-22 00:00:00+00:00, run_after=2025-02-23 00:00:00+00:00
[2025-02-23T04:56:15.093+0000] {processor.py:208} INFO - Processing /home/airflow/.local/lib/python3.12/site-packages/airflow/example_dags/example_skip_dag.py took 0.068 seconds
[2025-02-23T04:56:45.723+0000] {processor.py:186} INFO - Started process (PID=1345) to work on /home/airflow/.local/lib/python3.12/site-packages/airflow/example_dags/example_skip_dag.py
[2025-02-23T04:56:45.724+0000] {processor.py:914} INFO - Processing file /home/airflow/.local/lib/python3.12/site-packages/airflow/example_dags/example_skip_dag.py for tasks to queue
[2025-02-23T04:56:45.725+0000] {logging_mixin.py:190} INFO - [2025-02-23T04:56:45.725+0000] {dagbag.py:588} INFO - Filling up the DagBag from /home/airflow/.local/lib/python3.12/site-packages/airflow/example_dags/example_skip_dag.py
[2025-02-23T04:56:45.731+0000] {processor.py:925} INFO - DAG(s) 'example_skip_dag' retrieved from /home/airflow/.local/lib/python3.12/site-packages/airflow/example_dags/example_skip_dag.py
[2025-02-23T04:56:45.747+0000] {logging_mixin.py:190} INFO - [2025-02-23T04:56:45.747+0000] {dag.py:3239} INFO - Sync 1 DAGs
[2025-02-23T04:56:45.766+0000] {logging_mixin.py:190} INFO - [2025-02-23T04:56:45.766+0000] {dag.py:4180} INFO - Setting next_dagrun for example_skip_dag to 2025-02-22 00:00:00+00:00, run_after=2025-02-23 00:00:00+00:00
[2025-02-23T04:56:45.780+0000] {processor.py:208} INFO - Processing /home/airflow/.local/lib/python3.12/site-packages/airflow/example_dags/example_skip_dag.py took 0.061 seconds
