[2025-02-23T04:46:40.729+0000] {processor.py:186} INFO - Started process (PID=95) to work on /home/airflow/.local/lib/python3.12/site-packages/airflow/example_dags/example_datasets.py
[2025-02-23T04:46:40.730+0000] {processor.py:914} INFO - Processing file /home/airflow/.local/lib/python3.12/site-packages/airflow/example_dags/example_datasets.py for tasks to queue
[2025-02-23T04:46:40.732+0000] {logging_mixin.py:190} INFO - [2025-02-23T04:46:40.732+0000] {dagbag.py:588} INFO - Filling up the DagBag from /home/airflow/.local/lib/python3.12/site-packages/airflow/example_dags/example_datasets.py
[2025-02-23T04:46:41.474+0000] {processor.py:925} INFO - DAG(s) 'dataset_produces_2', 'consume_1_and_2_with_dataset_expressions', 'dataset_consumes_1', 'dataset_consumes_unknown_never_scheduled', 'conditional_dataset_and_time_based_timetable', 'dataset_consumes_1_never_scheduled', 'dataset_produces_1', 'consume_1_or_2_with_dataset_expressions', 'consume_1_or_both_2_and_3_with_dataset_expressions', 'dataset_consumes_1_and_2' retrieved from /home/airflow/.local/lib/python3.12/site-packages/airflow/example_dags/example_datasets.py
[2025-02-23T04:46:41.594+0000] {logging_mixin.py:190} INFO - [2025-02-23T04:46:41.593+0000] {override.py:1911} INFO - Created Permission View: can read on DAG:dataset_produces_2
[2025-02-23T04:46:41.603+0000] {logging_mixin.py:190} INFO - [2025-02-23T04:46:41.603+0000] {override.py:1911} INFO - Created Permission View: can delete on DAG:dataset_produces_2
[2025-02-23T04:46:41.609+0000] {logging_mixin.py:190} INFO - [2025-02-23T04:46:41.609+0000] {override.py:1911} INFO - Created Permission View: can edit on DAG:dataset_produces_2
[2025-02-23T04:46:41.615+0000] {logging_mixin.py:190} INFO - [2025-02-23T04:46:41.615+0000] {override.py:1911} INFO - Created Permission View: can read on DAG Run:dataset_produces_2
[2025-02-23T04:46:41.621+0000] {logging_mixin.py:190} INFO - [2025-02-23T04:46:41.620+0000] {override.py:1911} INFO - Created Permission View: can create on DAG Run:dataset_produces_2
[2025-02-23T04:46:41.626+0000] {logging_mixin.py:190} INFO - [2025-02-23T04:46:41.626+0000] {override.py:1911} INFO - Created Permission View: can delete on DAG Run:dataset_produces_2
[2025-02-23T04:46:41.632+0000] {logging_mixin.py:190} INFO - [2025-02-23T04:46:41.632+0000] {override.py:1911} INFO - Created Permission View: menu access on DAG Run:dataset_produces_2
[2025-02-23T04:46:41.643+0000] {logging_mixin.py:190} INFO - [2025-02-23T04:46:41.643+0000] {override.py:1911} INFO - Created Permission View: can read on DAG:consume_1_and_2_with_dataset_expressions
[2025-02-23T04:46:41.649+0000] {logging_mixin.py:190} INFO - [2025-02-23T04:46:41.649+0000] {override.py:1911} INFO - Created Permission View: can delete on DAG:consume_1_and_2_with_dataset_expressions
[2025-02-23T04:46:41.655+0000] {logging_mixin.py:190} INFO - [2025-02-23T04:46:41.655+0000] {override.py:1911} INFO - Created Permission View: can edit on DAG:consume_1_and_2_with_dataset_expressions
[2025-02-23T04:46:41.660+0000] {logging_mixin.py:190} INFO - [2025-02-23T04:46:41.660+0000] {override.py:1911} INFO - Created Permission View: can read on DAG Run:consume_1_and_2_with_dataset_expressions
[2025-02-23T04:46:41.666+0000] {logging_mixin.py:190} INFO - [2025-02-23T04:46:41.665+0000] {override.py:1911} INFO - Created Permission View: can create on DAG Run:consume_1_and_2_with_dataset_expressions
[2025-02-23T04:46:41.671+0000] {logging_mixin.py:190} INFO - [2025-02-23T04:46:41.671+0000] {override.py:1911} INFO - Created Permission View: can delete on DAG Run:consume_1_and_2_with_dataset_expressions
[2025-02-23T04:46:41.677+0000] {logging_mixin.py:190} INFO - [2025-02-23T04:46:41.677+0000] {override.py:1911} INFO - Created Permission View: menu access on DAG Run:consume_1_and_2_with_dataset_expressions
[2025-02-23T04:46:41.688+0000] {logging_mixin.py:190} INFO - [2025-02-23T04:46:41.687+0000] {override.py:1911} INFO - Created Permission View: can read on DAG:dataset_consumes_1
[2025-02-23T04:46:41.693+0000] {logging_mixin.py:190} INFO - [2025-02-23T04:46:41.693+0000] {override.py:1911} INFO - Created Permission View: can delete on DAG:dataset_consumes_1
[2025-02-23T04:46:41.699+0000] {logging_mixin.py:190} INFO - [2025-02-23T04:46:41.699+0000] {override.py:1911} INFO - Created Permission View: can edit on DAG:dataset_consumes_1
[2025-02-23T04:46:41.704+0000] {logging_mixin.py:190} INFO - [2025-02-23T04:46:41.704+0000] {override.py:1911} INFO - Created Permission View: can read on DAG Run:dataset_consumes_1
[2025-02-23T04:46:41.710+0000] {logging_mixin.py:190} INFO - [2025-02-23T04:46:41.710+0000] {override.py:1911} INFO - Created Permission View: can create on DAG Run:dataset_consumes_1
[2025-02-23T04:46:41.716+0000] {logging_mixin.py:190} INFO - [2025-02-23T04:46:41.716+0000] {override.py:1911} INFO - Created Permission View: can delete on DAG Run:dataset_consumes_1
[2025-02-23T04:46:41.722+0000] {logging_mixin.py:190} INFO - [2025-02-23T04:46:41.721+0000] {override.py:1911} INFO - Created Permission View: menu access on DAG Run:dataset_consumes_1
[2025-02-23T04:46:41.731+0000] {logging_mixin.py:190} INFO - [2025-02-23T04:46:41.731+0000] {override.py:1911} INFO - Created Permission View: can read on DAG:dataset_consumes_unknown_never_scheduled
[2025-02-23T04:46:41.736+0000] {logging_mixin.py:190} INFO - [2025-02-23T04:46:41.736+0000] {override.py:1911} INFO - Created Permission View: can delete on DAG:dataset_consumes_unknown_never_scheduled
[2025-02-23T04:46:41.741+0000] {logging_mixin.py:190} INFO - [2025-02-23T04:46:41.740+0000] {override.py:1911} INFO - Created Permission View: can edit on DAG:dataset_consumes_unknown_never_scheduled
[2025-02-23T04:46:41.745+0000] {logging_mixin.py:190} INFO - [2025-02-23T04:46:41.745+0000] {override.py:1911} INFO - Created Permission View: can read on DAG Run:dataset_consumes_unknown_never_scheduled
[2025-02-23T04:46:41.750+0000] {logging_mixin.py:190} INFO - [2025-02-23T04:46:41.750+0000] {override.py:1911} INFO - Created Permission View: can create on DAG Run:dataset_consumes_unknown_never_scheduled
[2025-02-23T04:46:41.756+0000] {logging_mixin.py:190} INFO - [2025-02-23T04:46:41.756+0000] {override.py:1911} INFO - Created Permission View: can delete on DAG Run:dataset_consumes_unknown_never_scheduled
[2025-02-23T04:46:41.762+0000] {logging_mixin.py:190} INFO - [2025-02-23T04:46:41.762+0000] {override.py:1911} INFO - Created Permission View: menu access on DAG Run:dataset_consumes_unknown_never_scheduled
[2025-02-23T04:46:41.773+0000] {logging_mixin.py:190} INFO - [2025-02-23T04:46:41.773+0000] {override.py:1911} INFO - Created Permission View: can read on DAG:conditional_dataset_and_time_based_timetable
[2025-02-23T04:46:41.779+0000] {logging_mixin.py:190} INFO - [2025-02-23T04:46:41.779+0000] {override.py:1911} INFO - Created Permission View: can delete on DAG:conditional_dataset_and_time_based_timetable
[2025-02-23T04:46:41.784+0000] {logging_mixin.py:190} INFO - [2025-02-23T04:46:41.784+0000] {override.py:1911} INFO - Created Permission View: can edit on DAG:conditional_dataset_and_time_based_timetable
[2025-02-23T04:46:41.790+0000] {logging_mixin.py:190} INFO - [2025-02-23T04:46:41.789+0000] {override.py:1911} INFO - Created Permission View: can read on DAG Run:conditional_dataset_and_time_based_timetable
[2025-02-23T04:46:41.795+0000] {logging_mixin.py:190} INFO - [2025-02-23T04:46:41.795+0000] {override.py:1911} INFO - Created Permission View: can create on DAG Run:conditional_dataset_and_time_based_timetable
[2025-02-23T04:46:41.801+0000] {logging_mixin.py:190} INFO - [2025-02-23T04:46:41.801+0000] {override.py:1911} INFO - Created Permission View: can delete on DAG Run:conditional_dataset_and_time_based_timetable
[2025-02-23T04:46:41.807+0000] {logging_mixin.py:190} INFO - [2025-02-23T04:46:41.806+0000] {override.py:1911} INFO - Created Permission View: menu access on DAG Run:conditional_dataset_and_time_based_timetable
[2025-02-23T04:46:41.817+0000] {logging_mixin.py:190} INFO - [2025-02-23T04:46:41.817+0000] {override.py:1911} INFO - Created Permission View: can read on DAG:dataset_consumes_1_never_scheduled
[2025-02-23T04:46:41.823+0000] {logging_mixin.py:190} INFO - [2025-02-23T04:46:41.822+0000] {override.py:1911} INFO - Created Permission View: can delete on DAG:dataset_consumes_1_never_scheduled
[2025-02-23T04:46:41.829+0000] {logging_mixin.py:190} INFO - [2025-02-23T04:46:41.829+0000] {override.py:1911} INFO - Created Permission View: can edit on DAG:dataset_consumes_1_never_scheduled
[2025-02-23T04:46:41.835+0000] {logging_mixin.py:190} INFO - [2025-02-23T04:46:41.835+0000] {override.py:1911} INFO - Created Permission View: can read on DAG Run:dataset_consumes_1_never_scheduled
[2025-02-23T04:46:41.840+0000] {logging_mixin.py:190} INFO - [2025-02-23T04:46:41.840+0000] {override.py:1911} INFO - Created Permission View: can create on DAG Run:dataset_consumes_1_never_scheduled
[2025-02-23T04:46:41.846+0000] {logging_mixin.py:190} INFO - [2025-02-23T04:46:41.846+0000] {override.py:1911} INFO - Created Permission View: can delete on DAG Run:dataset_consumes_1_never_scheduled
[2025-02-23T04:46:41.852+0000] {logging_mixin.py:190} INFO - [2025-02-23T04:46:41.851+0000] {override.py:1911} INFO - Created Permission View: menu access on DAG Run:dataset_consumes_1_never_scheduled
[2025-02-23T04:46:41.862+0000] {logging_mixin.py:190} INFO - [2025-02-23T04:46:41.862+0000] {override.py:1911} INFO - Created Permission View: can read on DAG:dataset_produces_1
[2025-02-23T04:46:41.868+0000] {logging_mixin.py:190} INFO - [2025-02-23T04:46:41.868+0000] {override.py:1911} INFO - Created Permission View: can delete on DAG:dataset_produces_1
[2025-02-23T04:46:41.874+0000] {logging_mixin.py:190} INFO - [2025-02-23T04:46:41.873+0000] {override.py:1911} INFO - Created Permission View: can edit on DAG:dataset_produces_1
[2025-02-23T04:46:41.879+0000] {logging_mixin.py:190} INFO - [2025-02-23T04:46:41.879+0000] {override.py:1911} INFO - Created Permission View: can read on DAG Run:dataset_produces_1
[2025-02-23T04:46:41.885+0000] {logging_mixin.py:190} INFO - [2025-02-23T04:46:41.885+0000] {override.py:1911} INFO - Created Permission View: can create on DAG Run:dataset_produces_1
[2025-02-23T04:46:41.891+0000] {logging_mixin.py:190} INFO - [2025-02-23T04:46:41.891+0000] {override.py:1911} INFO - Created Permission View: can delete on DAG Run:dataset_produces_1
[2025-02-23T04:46:41.896+0000] {logging_mixin.py:190} INFO - [2025-02-23T04:46:41.896+0000] {override.py:1911} INFO - Created Permission View: menu access on DAG Run:dataset_produces_1
[2025-02-23T04:46:41.905+0000] {logging_mixin.py:190} INFO - [2025-02-23T04:46:41.905+0000] {override.py:1911} INFO - Created Permission View: can read on DAG:consume_1_or_2_with_dataset_expressions
[2025-02-23T04:46:41.911+0000] {logging_mixin.py:190} INFO - [2025-02-23T04:46:41.911+0000] {override.py:1911} INFO - Created Permission View: can delete on DAG:consume_1_or_2_with_dataset_expressions
[2025-02-23T04:46:41.917+0000] {logging_mixin.py:190} INFO - [2025-02-23T04:46:41.917+0000] {override.py:1911} INFO - Created Permission View: can edit on DAG:consume_1_or_2_with_dataset_expressions
[2025-02-23T04:46:41.923+0000] {logging_mixin.py:190} INFO - [2025-02-23T04:46:41.923+0000] {override.py:1911} INFO - Created Permission View: can read on DAG Run:consume_1_or_2_with_dataset_expressions
[2025-02-23T04:46:41.929+0000] {logging_mixin.py:190} INFO - [2025-02-23T04:46:41.929+0000] {override.py:1911} INFO - Created Permission View: can create on DAG Run:consume_1_or_2_with_dataset_expressions
[2025-02-23T04:46:41.935+0000] {logging_mixin.py:190} INFO - [2025-02-23T04:46:41.935+0000] {override.py:1911} INFO - Created Permission View: can delete on DAG Run:consume_1_or_2_with_dataset_expressions
[2025-02-23T04:46:41.941+0000] {logging_mixin.py:190} INFO - [2025-02-23T04:46:41.941+0000] {override.py:1911} INFO - Created Permission View: menu access on DAG Run:consume_1_or_2_with_dataset_expressions
[2025-02-23T04:46:41.952+0000] {logging_mixin.py:190} INFO - [2025-02-23T04:46:41.952+0000] {override.py:1911} INFO - Created Permission View: can read on DAG:consume_1_or_both_2_and_3_with_dataset_expressions
[2025-02-23T04:46:41.958+0000] {logging_mixin.py:190} INFO - [2025-02-23T04:46:41.958+0000] {override.py:1911} INFO - Created Permission View: can delete on DAG:consume_1_or_both_2_and_3_with_dataset_expressions
[2025-02-23T04:46:41.964+0000] {logging_mixin.py:190} INFO - [2025-02-23T04:46:41.963+0000] {override.py:1911} INFO - Created Permission View: can edit on DAG:consume_1_or_both_2_and_3_with_dataset_expressions
[2025-02-23T04:46:41.969+0000] {logging_mixin.py:190} INFO - [2025-02-23T04:46:41.969+0000] {override.py:1911} INFO - Created Permission View: can read on DAG Run:consume_1_or_both_2_and_3_with_dataset_expressions
[2025-02-23T04:46:41.975+0000] {logging_mixin.py:190} INFO - [2025-02-23T04:46:41.975+0000] {override.py:1911} INFO - Created Permission View: can create on DAG Run:consume_1_or_both_2_and_3_with_dataset_expressions
[2025-02-23T04:46:41.981+0000] {logging_mixin.py:190} INFO - [2025-02-23T04:46:41.981+0000] {override.py:1911} INFO - Created Permission View: can delete on DAG Run:consume_1_or_both_2_and_3_with_dataset_expressions
[2025-02-23T04:46:41.987+0000] {logging_mixin.py:190} INFO - [2025-02-23T04:46:41.987+0000] {override.py:1911} INFO - Created Permission View: menu access on DAG Run:consume_1_or_both_2_and_3_with_dataset_expressions
[2025-02-23T04:46:41.999+0000] {logging_mixin.py:190} INFO - [2025-02-23T04:46:41.999+0000] {override.py:1911} INFO - Created Permission View: can read on DAG:dataset_consumes_1_and_2
[2025-02-23T04:46:42.005+0000] {logging_mixin.py:190} INFO - [2025-02-23T04:46:42.005+0000] {override.py:1911} INFO - Created Permission View: can delete on DAG:dataset_consumes_1_and_2
[2025-02-23T04:46:42.011+0000] {logging_mixin.py:190} INFO - [2025-02-23T04:46:42.011+0000] {override.py:1911} INFO - Created Permission View: can edit on DAG:dataset_consumes_1_and_2
[2025-02-23T04:46:42.017+0000] {logging_mixin.py:190} INFO - [2025-02-23T04:46:42.016+0000] {override.py:1911} INFO - Created Permission View: can read on DAG Run:dataset_consumes_1_and_2
[2025-02-23T04:46:42.022+0000] {logging_mixin.py:190} INFO - [2025-02-23T04:46:42.022+0000] {override.py:1911} INFO - Created Permission View: can create on DAG Run:dataset_consumes_1_and_2
[2025-02-23T04:46:42.028+0000] {logging_mixin.py:190} INFO - [2025-02-23T04:46:42.028+0000] {override.py:1911} INFO - Created Permission View: can delete on DAG Run:dataset_consumes_1_and_2
[2025-02-23T04:46:42.033+0000] {logging_mixin.py:190} INFO - [2025-02-23T04:46:42.033+0000] {override.py:1911} INFO - Created Permission View: menu access on DAG Run:dataset_consumes_1_and_2
[2025-02-23T04:46:42.034+0000] {logging_mixin.py:190} INFO - [2025-02-23T04:46:42.034+0000] {dag.py:3239} INFO - Sync 10 DAGs
[2025-02-23T04:46:42.051+0000] {logging_mixin.py:190} INFO - [2025-02-23T04:46:42.050+0000] {dag.py:3262} INFO - Creating ORM DAG for dataset_produces_2
[2025-02-23T04:46:42.052+0000] {logging_mixin.py:190} INFO - [2025-02-23T04:46:42.052+0000] {dag.py:3262} INFO - Creating ORM DAG for dataset_consumes_unknown_never_scheduled
[2025-02-23T04:46:42.053+0000] {logging_mixin.py:190} INFO - [2025-02-23T04:46:42.052+0000] {dag.py:3262} INFO - Creating ORM DAG for conditional_dataset_and_time_based_timetable
[2025-02-23T04:46:42.053+0000] {logging_mixin.py:190} INFO - [2025-02-23T04:46:42.053+0000] {dag.py:3262} INFO - Creating ORM DAG for dataset_consumes_1
[2025-02-23T04:46:42.054+0000] {logging_mixin.py:190} INFO - [2025-02-23T04:46:42.054+0000] {dag.py:3262} INFO - Creating ORM DAG for dataset_produces_1
[2025-02-23T04:46:42.055+0000] {logging_mixin.py:190} INFO - [2025-02-23T04:46:42.054+0000] {dag.py:3262} INFO - Creating ORM DAG for consume_1_and_2_with_dataset_expressions
[2025-02-23T04:46:42.055+0000] {logging_mixin.py:190} INFO - [2025-02-23T04:46:42.055+0000] {dag.py:3262} INFO - Creating ORM DAG for consume_1_or_both_2_and_3_with_dataset_expressions
[2025-02-23T04:46:42.056+0000] {logging_mixin.py:190} INFO - [2025-02-23T04:46:42.056+0000] {dag.py:3262} INFO - Creating ORM DAG for dataset_consumes_1_and_2
[2025-02-23T04:46:42.057+0000] {logging_mixin.py:190} INFO - [2025-02-23T04:46:42.056+0000] {dag.py:3262} INFO - Creating ORM DAG for consume_1_or_2_with_dataset_expressions
[2025-02-23T04:46:42.057+0000] {logging_mixin.py:190} INFO - [2025-02-23T04:46:42.057+0000] {dag.py:3262} INFO - Creating ORM DAG for dataset_consumes_1_never_scheduled
[2025-02-23T04:46:42.069+0000] {logging_mixin.py:190} INFO - [2025-02-23T04:46:42.069+0000] {dag.py:4180} INFO - Setting next_dagrun for conditional_dataset_and_time_based_timetable to 2025-02-19 01:00:00+00:00, run_after=2025-02-19 01:00:00+00:00
[2025-02-23T04:46:42.070+0000] {logging_mixin.py:190} INFO - [2025-02-23T04:46:42.070+0000] {dag.py:4180} INFO - Setting next_dagrun for consume_1_and_2_with_dataset_expressions to None, run_after=None
[2025-02-23T04:46:42.070+0000] {logging_mixin.py:190} INFO - [2025-02-23T04:46:42.070+0000] {dag.py:4180} INFO - Setting next_dagrun for consume_1_or_2_with_dataset_expressions to None, run_after=None
[2025-02-23T04:46:42.071+0000] {logging_mixin.py:190} INFO - [2025-02-23T04:46:42.071+0000] {dag.py:4180} INFO - Setting next_dagrun for consume_1_or_both_2_and_3_with_dataset_expressions to None, run_after=None
[2025-02-23T04:46:42.071+0000] {logging_mixin.py:190} INFO - [2025-02-23T04:46:42.071+0000] {dag.py:4180} INFO - Setting next_dagrun for dataset_consumes_1 to None, run_after=None
[2025-02-23T04:46:42.072+0000] {logging_mixin.py:190} INFO - [2025-02-23T04:46:42.072+0000] {dag.py:4180} INFO - Setting next_dagrun for dataset_consumes_1_and_2 to None, run_after=None
[2025-02-23T04:46:42.073+0000] {logging_mixin.py:190} INFO - [2025-02-23T04:46:42.072+0000] {dag.py:4180} INFO - Setting next_dagrun for dataset_consumes_1_never_scheduled to None, run_after=None
[2025-02-23T04:46:42.073+0000] {logging_mixin.py:190} INFO - [2025-02-23T04:46:42.073+0000] {dag.py:4180} INFO - Setting next_dagrun for dataset_consumes_unknown_never_scheduled to None, run_after=None
[2025-02-23T04:46:42.076+0000] {logging_mixin.py:190} INFO - [2025-02-23T04:46:42.076+0000] {dag.py:4180} INFO - Setting next_dagrun for dataset_produces_1 to 2025-02-22 00:00:00+00:00, run_after=2025-02-23 00:00:00+00:00
[2025-02-23T04:46:42.077+0000] {logging_mixin.py:190} INFO - [2025-02-23T04:46:42.077+0000] {dag.py:4180} INFO - Setting next_dagrun for dataset_produces_2 to None, run_after=None
[2025-02-23T04:46:42.123+0000] {processor.py:208} INFO - Processing /home/airflow/.local/lib/python3.12/site-packages/airflow/example_dags/example_datasets.py took 1.399 seconds
[2025-02-23T04:47:12.253+0000] {processor.py:186} INFO - Started process (PID=163) to work on /home/airflow/.local/lib/python3.12/site-packages/airflow/example_dags/example_datasets.py
[2025-02-23T04:47:12.254+0000] {processor.py:914} INFO - Processing file /home/airflow/.local/lib/python3.12/site-packages/airflow/example_dags/example_datasets.py for tasks to queue
[2025-02-23T04:47:12.255+0000] {logging_mixin.py:190} INFO - [2025-02-23T04:47:12.255+0000] {dagbag.py:588} INFO - Filling up the DagBag from /home/airflow/.local/lib/python3.12/site-packages/airflow/example_dags/example_datasets.py
[2025-02-23T04:47:12.740+0000] {processor.py:925} INFO - DAG(s) 'dataset_produces_2', 'dataset_consumes_1_never_scheduled', 'consume_1_or_2_with_dataset_expressions', 'dataset_consumes_unknown_never_scheduled', 'dataset_produces_1', 'consume_1_and_2_with_dataset_expressions', 'conditional_dataset_and_time_based_timetable', 'dataset_consumes_1', 'consume_1_or_both_2_and_3_with_dataset_expressions', 'dataset_consumes_1_and_2' retrieved from /home/airflow/.local/lib/python3.12/site-packages/airflow/example_dags/example_datasets.py
[2025-02-23T04:47:12.772+0000] {logging_mixin.py:190} INFO - [2025-02-23T04:47:12.772+0000] {dag.py:3239} INFO - Sync 10 DAGs
[2025-02-23T04:47:12.792+0000] {logging_mixin.py:190} INFO - [2025-02-23T04:47:12.792+0000] {dag.py:4180} INFO - Setting next_dagrun for conditional_dataset_and_time_based_timetable to 2025-02-19 01:00:00+00:00, run_after=2025-02-19 01:00:00+00:00
[2025-02-23T04:47:12.794+0000] {logging_mixin.py:190} INFO - [2025-02-23T04:47:12.794+0000] {dag.py:4180} INFO - Setting next_dagrun for consume_1_and_2_with_dataset_expressions to None, run_after=None
[2025-02-23T04:47:12.795+0000] {logging_mixin.py:190} INFO - [2025-02-23T04:47:12.795+0000] {dag.py:4180} INFO - Setting next_dagrun for consume_1_or_2_with_dataset_expressions to None, run_after=None
[2025-02-23T04:47:12.796+0000] {logging_mixin.py:190} INFO - [2025-02-23T04:47:12.796+0000] {dag.py:4180} INFO - Setting next_dagrun for consume_1_or_both_2_and_3_with_dataset_expressions to None, run_after=None
[2025-02-23T04:47:12.797+0000] {logging_mixin.py:190} INFO - [2025-02-23T04:47:12.797+0000] {dag.py:4180} INFO - Setting next_dagrun for dataset_consumes_1 to None, run_after=None
[2025-02-23T04:47:12.798+0000] {logging_mixin.py:190} INFO - [2025-02-23T04:47:12.798+0000] {dag.py:4180} INFO - Setting next_dagrun for dataset_consumes_1_and_2 to None, run_after=None
[2025-02-23T04:47:12.799+0000] {logging_mixin.py:190} INFO - [2025-02-23T04:47:12.799+0000] {dag.py:4180} INFO - Setting next_dagrun for dataset_consumes_1_never_scheduled to None, run_after=None
[2025-02-23T04:47:12.800+0000] {logging_mixin.py:190} INFO - [2025-02-23T04:47:12.800+0000] {dag.py:4180} INFO - Setting next_dagrun for dataset_consumes_unknown_never_scheduled to None, run_after=None
[2025-02-23T04:47:12.801+0000] {logging_mixin.py:190} INFO - [2025-02-23T04:47:12.801+0000] {dag.py:4180} INFO - Setting next_dagrun for dataset_produces_1 to 2025-02-22 00:00:00+00:00, run_after=2025-02-23 00:00:00+00:00
[2025-02-23T04:47:12.802+0000] {logging_mixin.py:190} INFO - [2025-02-23T04:47:12.802+0000] {dag.py:4180} INFO - Setting next_dagrun for dataset_produces_2 to None, run_after=None
[2025-02-23T04:47:12.826+0000] {processor.py:208} INFO - Processing /home/airflow/.local/lib/python3.12/site-packages/airflow/example_dags/example_datasets.py took 0.577 seconds
[2025-02-23T04:47:43.681+0000] {processor.py:186} INFO - Started process (PID=226) to work on /home/airflow/.local/lib/python3.12/site-packages/airflow/example_dags/example_datasets.py
[2025-02-23T04:47:43.681+0000] {processor.py:914} INFO - Processing file /home/airflow/.local/lib/python3.12/site-packages/airflow/example_dags/example_datasets.py for tasks to queue
[2025-02-23T04:47:43.683+0000] {logging_mixin.py:190} INFO - [2025-02-23T04:47:43.683+0000] {dagbag.py:588} INFO - Filling up the DagBag from /home/airflow/.local/lib/python3.12/site-packages/airflow/example_dags/example_datasets.py
[2025-02-23T04:47:44.202+0000] {processor.py:925} INFO - DAG(s) 'consume_1_and_2_with_dataset_expressions', 'dataset_consumes_1', 'dataset_consumes_unknown_never_scheduled', 'conditional_dataset_and_time_based_timetable', 'dataset_consumes_1_and_2', 'dataset_produces_1', 'consume_1_or_both_2_and_3_with_dataset_expressions', 'dataset_consumes_1_never_scheduled', 'dataset_produces_2', 'consume_1_or_2_with_dataset_expressions' retrieved from /home/airflow/.local/lib/python3.12/site-packages/airflow/example_dags/example_datasets.py
[2025-02-23T04:47:44.235+0000] {logging_mixin.py:190} INFO - [2025-02-23T04:47:44.235+0000] {dag.py:3239} INFO - Sync 10 DAGs
[2025-02-23T04:47:44.255+0000] {logging_mixin.py:190} INFO - [2025-02-23T04:47:44.254+0000] {dag.py:4180} INFO - Setting next_dagrun for conditional_dataset_and_time_based_timetable to 2025-02-19 01:00:00+00:00, run_after=2025-02-19 01:00:00+00:00
[2025-02-23T04:47:44.257+0000] {logging_mixin.py:190} INFO - [2025-02-23T04:47:44.257+0000] {dag.py:4180} INFO - Setting next_dagrun for consume_1_and_2_with_dataset_expressions to None, run_after=None
[2025-02-23T04:47:44.258+0000] {logging_mixin.py:190} INFO - [2025-02-23T04:47:44.258+0000] {dag.py:4180} INFO - Setting next_dagrun for consume_1_or_2_with_dataset_expressions to None, run_after=None
[2025-02-23T04:47:44.259+0000] {logging_mixin.py:190} INFO - [2025-02-23T04:47:44.259+0000] {dag.py:4180} INFO - Setting next_dagrun for consume_1_or_both_2_and_3_with_dataset_expressions to None, run_after=None
[2025-02-23T04:47:44.260+0000] {logging_mixin.py:190} INFO - [2025-02-23T04:47:44.260+0000] {dag.py:4180} INFO - Setting next_dagrun for dataset_consumes_1 to None, run_after=None
[2025-02-23T04:47:44.261+0000] {logging_mixin.py:190} INFO - [2025-02-23T04:47:44.261+0000] {dag.py:4180} INFO - Setting next_dagrun for dataset_consumes_1_and_2 to None, run_after=None
[2025-02-23T04:47:44.262+0000] {logging_mixin.py:190} INFO - [2025-02-23T04:47:44.262+0000] {dag.py:4180} INFO - Setting next_dagrun for dataset_consumes_1_never_scheduled to None, run_after=None
[2025-02-23T04:47:44.263+0000] {logging_mixin.py:190} INFO - [2025-02-23T04:47:44.262+0000] {dag.py:4180} INFO - Setting next_dagrun for dataset_consumes_unknown_never_scheduled to None, run_after=None
[2025-02-23T04:47:44.264+0000] {logging_mixin.py:190} INFO - [2025-02-23T04:47:44.264+0000] {dag.py:4180} INFO - Setting next_dagrun for dataset_produces_1 to 2025-02-22 00:00:00+00:00, run_after=2025-02-23 00:00:00+00:00
[2025-02-23T04:47:44.265+0000] {logging_mixin.py:190} INFO - [2025-02-23T04:47:44.265+0000] {dag.py:4180} INFO - Setting next_dagrun for dataset_produces_2 to None, run_after=None
[2025-02-23T04:47:44.289+0000] {processor.py:208} INFO - Processing /home/airflow/.local/lib/python3.12/site-packages/airflow/example_dags/example_datasets.py took 0.614 seconds
[2025-02-23T04:48:15.071+0000] {processor.py:186} INFO - Started process (PID=291) to work on /home/airflow/.local/lib/python3.12/site-packages/airflow/example_dags/example_datasets.py
[2025-02-23T04:48:15.072+0000] {processor.py:914} INFO - Processing file /home/airflow/.local/lib/python3.12/site-packages/airflow/example_dags/example_datasets.py for tasks to queue
[2025-02-23T04:48:15.073+0000] {logging_mixin.py:190} INFO - [2025-02-23T04:48:15.073+0000] {dagbag.py:588} INFO - Filling up the DagBag from /home/airflow/.local/lib/python3.12/site-packages/airflow/example_dags/example_datasets.py
[2025-02-23T04:48:15.569+0000] {processor.py:925} INFO - DAG(s) 'dataset_produces_1', 'conditional_dataset_and_time_based_timetable', 'dataset_consumes_unknown_never_scheduled', 'consume_1_or_both_2_and_3_with_dataset_expressions', 'dataset_consumes_1', 'dataset_consumes_1_and_2', 'dataset_produces_2', 'consume_1_and_2_with_dataset_expressions', 'dataset_consumes_1_never_scheduled', 'consume_1_or_2_with_dataset_expressions' retrieved from /home/airflow/.local/lib/python3.12/site-packages/airflow/example_dags/example_datasets.py
[2025-02-23T04:48:15.601+0000] {logging_mixin.py:190} INFO - [2025-02-23T04:48:15.601+0000] {dag.py:3239} INFO - Sync 10 DAGs
[2025-02-23T04:48:15.621+0000] {logging_mixin.py:190} INFO - [2025-02-23T04:48:15.621+0000] {dag.py:4180} INFO - Setting next_dagrun for conditional_dataset_and_time_based_timetable to 2025-02-19 01:00:00+00:00, run_after=2025-02-19 01:00:00+00:00
[2025-02-23T04:48:15.624+0000] {logging_mixin.py:190} INFO - [2025-02-23T04:48:15.624+0000] {dag.py:4180} INFO - Setting next_dagrun for consume_1_and_2_with_dataset_expressions to None, run_after=None
[2025-02-23T04:48:15.625+0000] {logging_mixin.py:190} INFO - [2025-02-23T04:48:15.625+0000] {dag.py:4180} INFO - Setting next_dagrun for consume_1_or_2_with_dataset_expressions to None, run_after=None
[2025-02-23T04:48:15.626+0000] {logging_mixin.py:190} INFO - [2025-02-23T04:48:15.626+0000] {dag.py:4180} INFO - Setting next_dagrun for consume_1_or_both_2_and_3_with_dataset_expressions to None, run_after=None
[2025-02-23T04:48:15.626+0000] {logging_mixin.py:190} INFO - [2025-02-23T04:48:15.626+0000] {dag.py:4180} INFO - Setting next_dagrun for dataset_consumes_1 to None, run_after=None
[2025-02-23T04:48:15.627+0000] {logging_mixin.py:190} INFO - [2025-02-23T04:48:15.627+0000] {dag.py:4180} INFO - Setting next_dagrun for dataset_consumes_1_and_2 to None, run_after=None
[2025-02-23T04:48:15.628+0000] {logging_mixin.py:190} INFO - [2025-02-23T04:48:15.628+0000] {dag.py:4180} INFO - Setting next_dagrun for dataset_consumes_1_never_scheduled to None, run_after=None
[2025-02-23T04:48:15.629+0000] {logging_mixin.py:190} INFO - [2025-02-23T04:48:15.629+0000] {dag.py:4180} INFO - Setting next_dagrun for dataset_consumes_unknown_never_scheduled to None, run_after=None
[2025-02-23T04:48:15.631+0000] {logging_mixin.py:190} INFO - [2025-02-23T04:48:15.631+0000] {dag.py:4180} INFO - Setting next_dagrun for dataset_produces_1 to 2025-02-22 00:00:00+00:00, run_after=2025-02-23 00:00:00+00:00
[2025-02-23T04:48:15.632+0000] {logging_mixin.py:190} INFO - [2025-02-23T04:48:15.631+0000] {dag.py:4180} INFO - Setting next_dagrun for dataset_produces_2 to None, run_after=None
[2025-02-23T04:48:15.654+0000] {processor.py:208} INFO - Processing /home/airflow/.local/lib/python3.12/site-packages/airflow/example_dags/example_datasets.py took 0.587 seconds
[2025-02-23T04:48:45.749+0000] {processor.py:186} INFO - Started process (PID=354) to work on /home/airflow/.local/lib/python3.12/site-packages/airflow/example_dags/example_datasets.py
[2025-02-23T04:48:45.750+0000] {processor.py:914} INFO - Processing file /home/airflow/.local/lib/python3.12/site-packages/airflow/example_dags/example_datasets.py for tasks to queue
[2025-02-23T04:48:45.751+0000] {logging_mixin.py:190} INFO - [2025-02-23T04:48:45.751+0000] {dagbag.py:588} INFO - Filling up the DagBag from /home/airflow/.local/lib/python3.12/site-packages/airflow/example_dags/example_datasets.py
[2025-02-23T04:48:46.274+0000] {processor.py:925} INFO - DAG(s) 'dataset_produces_2', 'dataset_consumes_1_and_2', 'dataset_produces_1', 'dataset_consumes_unknown_never_scheduled', 'conditional_dataset_and_time_based_timetable', 'dataset_consumes_1_never_scheduled', 'consume_1_and_2_with_dataset_expressions', 'consume_1_or_2_with_dataset_expressions', 'consume_1_or_both_2_and_3_with_dataset_expressions', 'dataset_consumes_1' retrieved from /home/airflow/.local/lib/python3.12/site-packages/airflow/example_dags/example_datasets.py
[2025-02-23T04:48:46.305+0000] {logging_mixin.py:190} INFO - [2025-02-23T04:48:46.305+0000] {dag.py:3239} INFO - Sync 10 DAGs
[2025-02-23T04:48:46.325+0000] {logging_mixin.py:190} INFO - [2025-02-23T04:48:46.325+0000] {dag.py:4180} INFO - Setting next_dagrun for conditional_dataset_and_time_based_timetable to 2025-02-19 01:00:00+00:00, run_after=2025-02-19 01:00:00+00:00
[2025-02-23T04:48:46.328+0000] {logging_mixin.py:190} INFO - [2025-02-23T04:48:46.328+0000] {dag.py:4180} INFO - Setting next_dagrun for consume_1_and_2_with_dataset_expressions to None, run_after=None
[2025-02-23T04:48:46.329+0000] {logging_mixin.py:190} INFO - [2025-02-23T04:48:46.329+0000] {dag.py:4180} INFO - Setting next_dagrun for consume_1_or_2_with_dataset_expressions to None, run_after=None
[2025-02-23T04:48:46.330+0000] {logging_mixin.py:190} INFO - [2025-02-23T04:48:46.329+0000] {dag.py:4180} INFO - Setting next_dagrun for consume_1_or_both_2_and_3_with_dataset_expressions to None, run_after=None
[2025-02-23T04:48:46.330+0000] {logging_mixin.py:190} INFO - [2025-02-23T04:48:46.330+0000] {dag.py:4180} INFO - Setting next_dagrun for dataset_consumes_1 to None, run_after=None
[2025-02-23T04:48:46.331+0000] {logging_mixin.py:190} INFO - [2025-02-23T04:48:46.331+0000] {dag.py:4180} INFO - Setting next_dagrun for dataset_consumes_1_and_2 to None, run_after=None
[2025-02-23T04:48:46.332+0000] {logging_mixin.py:190} INFO - [2025-02-23T04:48:46.332+0000] {dag.py:4180} INFO - Setting next_dagrun for dataset_consumes_1_never_scheduled to None, run_after=None
[2025-02-23T04:48:46.333+0000] {logging_mixin.py:190} INFO - [2025-02-23T04:48:46.333+0000] {dag.py:4180} INFO - Setting next_dagrun for dataset_consumes_unknown_never_scheduled to None, run_after=None
[2025-02-23T04:48:46.335+0000] {logging_mixin.py:190} INFO - [2025-02-23T04:48:46.335+0000] {dag.py:4180} INFO - Setting next_dagrun for dataset_produces_1 to 2025-02-22 00:00:00+00:00, run_after=2025-02-23 00:00:00+00:00
[2025-02-23T04:48:46.336+0000] {logging_mixin.py:190} INFO - [2025-02-23T04:48:46.335+0000] {dag.py:4180} INFO - Setting next_dagrun for dataset_produces_2 to None, run_after=None
[2025-02-23T04:48:46.358+0000] {processor.py:208} INFO - Processing /home/airflow/.local/lib/python3.12/site-packages/airflow/example_dags/example_datasets.py took 0.613 seconds
[2025-02-23T04:49:16.866+0000] {processor.py:186} INFO - Started process (PID=417) to work on /home/airflow/.local/lib/python3.12/site-packages/airflow/example_dags/example_datasets.py
[2025-02-23T04:49:16.867+0000] {processor.py:914} INFO - Processing file /home/airflow/.local/lib/python3.12/site-packages/airflow/example_dags/example_datasets.py for tasks to queue
[2025-02-23T04:49:16.868+0000] {logging_mixin.py:190} INFO - [2025-02-23T04:49:16.868+0000] {dagbag.py:588} INFO - Filling up the DagBag from /home/airflow/.local/lib/python3.12/site-packages/airflow/example_dags/example_datasets.py
[2025-02-23T04:49:17.344+0000] {processor.py:925} INFO - DAG(s) 'consume_1_or_2_with_dataset_expressions', 'consume_1_or_both_2_and_3_with_dataset_expressions', 'dataset_consumes_1', 'conditional_dataset_and_time_based_timetable', 'dataset_consumes_1_never_scheduled', 'dataset_consumes_unknown_never_scheduled', 'consume_1_and_2_with_dataset_expressions', 'dataset_produces_1', 'dataset_consumes_1_and_2', 'dataset_produces_2' retrieved from /home/airflow/.local/lib/python3.12/site-packages/airflow/example_dags/example_datasets.py
[2025-02-23T04:49:17.378+0000] {logging_mixin.py:190} INFO - [2025-02-23T04:49:17.378+0000] {dag.py:3239} INFO - Sync 10 DAGs
[2025-02-23T04:49:17.398+0000] {logging_mixin.py:190} INFO - [2025-02-23T04:49:17.398+0000] {dag.py:4180} INFO - Setting next_dagrun for conditional_dataset_and_time_based_timetable to 2025-02-19 01:00:00+00:00, run_after=2025-02-19 01:00:00+00:00
[2025-02-23T04:49:17.402+0000] {logging_mixin.py:190} INFO - [2025-02-23T04:49:17.402+0000] {dag.py:4180} INFO - Setting next_dagrun for consume_1_and_2_with_dataset_expressions to None, run_after=None
[2025-02-23T04:49:17.403+0000] {logging_mixin.py:190} INFO - [2025-02-23T04:49:17.403+0000] {dag.py:4180} INFO - Setting next_dagrun for consume_1_or_2_with_dataset_expressions to None, run_after=None
[2025-02-23T04:49:17.404+0000] {logging_mixin.py:190} INFO - [2025-02-23T04:49:17.404+0000] {dag.py:4180} INFO - Setting next_dagrun for consume_1_or_both_2_and_3_with_dataset_expressions to None, run_after=None
[2025-02-23T04:49:17.405+0000] {logging_mixin.py:190} INFO - [2025-02-23T04:49:17.405+0000] {dag.py:4180} INFO - Setting next_dagrun for dataset_consumes_1 to None, run_after=None
[2025-02-23T04:49:17.405+0000] {logging_mixin.py:190} INFO - [2025-02-23T04:49:17.405+0000] {dag.py:4180} INFO - Setting next_dagrun for dataset_consumes_1_and_2 to None, run_after=None
[2025-02-23T04:49:17.406+0000] {logging_mixin.py:190} INFO - [2025-02-23T04:49:17.406+0000] {dag.py:4180} INFO - Setting next_dagrun for dataset_consumes_1_never_scheduled to None, run_after=None
[2025-02-23T04:49:17.407+0000] {logging_mixin.py:190} INFO - [2025-02-23T04:49:17.407+0000] {dag.py:4180} INFO - Setting next_dagrun for dataset_consumes_unknown_never_scheduled to None, run_after=None
[2025-02-23T04:49:17.409+0000] {logging_mixin.py:190} INFO - [2025-02-23T04:49:17.409+0000] {dag.py:4180} INFO - Setting next_dagrun for dataset_produces_1 to 2025-02-22 00:00:00+00:00, run_after=2025-02-23 00:00:00+00:00
[2025-02-23T04:49:17.410+0000] {logging_mixin.py:190} INFO - [2025-02-23T04:49:17.410+0000] {dag.py:4180} INFO - Setting next_dagrun for dataset_produces_2 to None, run_after=None
[2025-02-23T04:49:17.432+0000] {processor.py:208} INFO - Processing /home/airflow/.local/lib/python3.12/site-packages/airflow/example_dags/example_datasets.py took 0.571 seconds
[2025-02-23T04:49:47.984+0000] {processor.py:186} INFO - Started process (PID=480) to work on /home/airflow/.local/lib/python3.12/site-packages/airflow/example_dags/example_datasets.py
[2025-02-23T04:49:47.985+0000] {processor.py:914} INFO - Processing file /home/airflow/.local/lib/python3.12/site-packages/airflow/example_dags/example_datasets.py for tasks to queue
[2025-02-23T04:49:47.987+0000] {logging_mixin.py:190} INFO - [2025-02-23T04:49:47.987+0000] {dagbag.py:588} INFO - Filling up the DagBag from /home/airflow/.local/lib/python3.12/site-packages/airflow/example_dags/example_datasets.py
[2025-02-23T04:49:48.552+0000] {processor.py:925} INFO - DAG(s) 'consume_1_or_2_with_dataset_expressions', 'dataset_consumes_1', 'dataset_consumes_unknown_never_scheduled', 'conditional_dataset_and_time_based_timetable', 'dataset_consumes_1_and_2', 'consume_1_or_both_2_and_3_with_dataset_expressions', 'dataset_produces_1', 'dataset_consumes_1_never_scheduled', 'dataset_produces_2', 'consume_1_and_2_with_dataset_expressions' retrieved from /home/airflow/.local/lib/python3.12/site-packages/airflow/example_dags/example_datasets.py
[2025-02-23T04:49:48.584+0000] {logging_mixin.py:190} INFO - [2025-02-23T04:49:48.583+0000] {dag.py:3239} INFO - Sync 10 DAGs
[2025-02-23T04:49:48.603+0000] {logging_mixin.py:190} INFO - [2025-02-23T04:49:48.603+0000] {dag.py:4180} INFO - Setting next_dagrun for conditional_dataset_and_time_based_timetable to 2025-02-19 01:00:00+00:00, run_after=2025-02-19 01:00:00+00:00
[2025-02-23T04:49:48.606+0000] {logging_mixin.py:190} INFO - [2025-02-23T04:49:48.606+0000] {dag.py:4180} INFO - Setting next_dagrun for consume_1_and_2_with_dataset_expressions to None, run_after=None
[2025-02-23T04:49:48.607+0000] {logging_mixin.py:190} INFO - [2025-02-23T04:49:48.607+0000] {dag.py:4180} INFO - Setting next_dagrun for consume_1_or_2_with_dataset_expressions to None, run_after=None
[2025-02-23T04:49:48.608+0000] {logging_mixin.py:190} INFO - [2025-02-23T04:49:48.608+0000] {dag.py:4180} INFO - Setting next_dagrun for consume_1_or_both_2_and_3_with_dataset_expressions to None, run_after=None
[2025-02-23T04:49:48.609+0000] {logging_mixin.py:190} INFO - [2025-02-23T04:49:48.609+0000] {dag.py:4180} INFO - Setting next_dagrun for dataset_consumes_1 to None, run_after=None
[2025-02-23T04:49:48.610+0000] {logging_mixin.py:190} INFO - [2025-02-23T04:49:48.610+0000] {dag.py:4180} INFO - Setting next_dagrun for dataset_consumes_1_and_2 to None, run_after=None
[2025-02-23T04:49:48.611+0000] {logging_mixin.py:190} INFO - [2025-02-23T04:49:48.611+0000] {dag.py:4180} INFO - Setting next_dagrun for dataset_consumes_1_never_scheduled to None, run_after=None
[2025-02-23T04:49:48.612+0000] {logging_mixin.py:190} INFO - [2025-02-23T04:49:48.611+0000] {dag.py:4180} INFO - Setting next_dagrun for dataset_consumes_unknown_never_scheduled to None, run_after=None
[2025-02-23T04:49:48.613+0000] {logging_mixin.py:190} INFO - [2025-02-23T04:49:48.613+0000] {dag.py:4180} INFO - Setting next_dagrun for dataset_produces_1 to 2025-02-22 00:00:00+00:00, run_after=2025-02-23 00:00:00+00:00
[2025-02-23T04:49:48.614+0000] {logging_mixin.py:190} INFO - [2025-02-23T04:49:48.614+0000] {dag.py:4180} INFO - Setting next_dagrun for dataset_produces_2 to None, run_after=None
[2025-02-23T04:49:48.639+0000] {processor.py:208} INFO - Processing /home/airflow/.local/lib/python3.12/site-packages/airflow/example_dags/example_datasets.py took 0.662 seconds
[2025-02-23T04:50:19.061+0000] {processor.py:186} INFO - Started process (PID=543) to work on /home/airflow/.local/lib/python3.12/site-packages/airflow/example_dags/example_datasets.py
[2025-02-23T04:50:19.062+0000] {processor.py:914} INFO - Processing file /home/airflow/.local/lib/python3.12/site-packages/airflow/example_dags/example_datasets.py for tasks to queue
[2025-02-23T04:50:19.063+0000] {logging_mixin.py:190} INFO - [2025-02-23T04:50:19.063+0000] {dagbag.py:588} INFO - Filling up the DagBag from /home/airflow/.local/lib/python3.12/site-packages/airflow/example_dags/example_datasets.py
[2025-02-23T04:50:19.572+0000] {processor.py:925} INFO - DAG(s) 'dataset_consumes_1_and_2', 'consume_1_or_both_2_and_3_with_dataset_expressions', 'consume_1_and_2_with_dataset_expressions', 'dataset_consumes_unknown_never_scheduled', 'conditional_dataset_and_time_based_timetable', 'consume_1_or_2_with_dataset_expressions', 'dataset_produces_1', 'dataset_consumes_1', 'dataset_consumes_1_never_scheduled', 'dataset_produces_2' retrieved from /home/airflow/.local/lib/python3.12/site-packages/airflow/example_dags/example_datasets.py
[2025-02-23T04:50:19.604+0000] {logging_mixin.py:190} INFO - [2025-02-23T04:50:19.604+0000] {dag.py:3239} INFO - Sync 10 DAGs
[2025-02-23T04:50:19.624+0000] {logging_mixin.py:190} INFO - [2025-02-23T04:50:19.624+0000] {dag.py:4180} INFO - Setting next_dagrun for conditional_dataset_and_time_based_timetable to 2025-02-19 01:00:00+00:00, run_after=2025-02-19 01:00:00+00:00
[2025-02-23T04:50:19.627+0000] {logging_mixin.py:190} INFO - [2025-02-23T04:50:19.627+0000] {dag.py:4180} INFO - Setting next_dagrun for consume_1_and_2_with_dataset_expressions to None, run_after=None
[2025-02-23T04:50:19.628+0000] {logging_mixin.py:190} INFO - [2025-02-23T04:50:19.628+0000] {dag.py:4180} INFO - Setting next_dagrun for consume_1_or_2_with_dataset_expressions to None, run_after=None
[2025-02-23T04:50:19.629+0000] {logging_mixin.py:190} INFO - [2025-02-23T04:50:19.629+0000] {dag.py:4180} INFO - Setting next_dagrun for consume_1_or_both_2_and_3_with_dataset_expressions to None, run_after=None
[2025-02-23T04:50:19.630+0000] {logging_mixin.py:190} INFO - [2025-02-23T04:50:19.629+0000] {dag.py:4180} INFO - Setting next_dagrun for dataset_consumes_1 to None, run_after=None
[2025-02-23T04:50:19.631+0000] {logging_mixin.py:190} INFO - [2025-02-23T04:50:19.630+0000] {dag.py:4180} INFO - Setting next_dagrun for dataset_consumes_1_and_2 to None, run_after=None
[2025-02-23T04:50:19.631+0000] {logging_mixin.py:190} INFO - [2025-02-23T04:50:19.631+0000] {dag.py:4180} INFO - Setting next_dagrun for dataset_consumes_1_never_scheduled to None, run_after=None
[2025-02-23T04:50:19.632+0000] {logging_mixin.py:190} INFO - [2025-02-23T04:50:19.632+0000] {dag.py:4180} INFO - Setting next_dagrun for dataset_consumes_unknown_never_scheduled to None, run_after=None
[2025-02-23T04:50:19.634+0000] {logging_mixin.py:190} INFO - [2025-02-23T04:50:19.634+0000] {dag.py:4180} INFO - Setting next_dagrun for dataset_produces_1 to 2025-02-22 00:00:00+00:00, run_after=2025-02-23 00:00:00+00:00
[2025-02-23T04:50:19.635+0000] {logging_mixin.py:190} INFO - [2025-02-23T04:50:19.635+0000] {dag.py:4180} INFO - Setting next_dagrun for dataset_produces_2 to None, run_after=None
[2025-02-23T04:50:19.672+0000] {processor.py:208} INFO - Processing /home/airflow/.local/lib/python3.12/site-packages/airflow/example_dags/example_datasets.py took 0.615 seconds
[2025-02-23T04:50:50.139+0000] {processor.py:186} INFO - Started process (PID=606) to work on /home/airflow/.local/lib/python3.12/site-packages/airflow/example_dags/example_datasets.py
[2025-02-23T04:50:50.140+0000] {processor.py:914} INFO - Processing file /home/airflow/.local/lib/python3.12/site-packages/airflow/example_dags/example_datasets.py for tasks to queue
[2025-02-23T04:50:50.141+0000] {logging_mixin.py:190} INFO - [2025-02-23T04:50:50.141+0000] {dagbag.py:588} INFO - Filling up the DagBag from /home/airflow/.local/lib/python3.12/site-packages/airflow/example_dags/example_datasets.py
[2025-02-23T04:50:50.695+0000] {processor.py:925} INFO - DAG(s) 'conditional_dataset_and_time_based_timetable', 'dataset_consumes_1_and_2', 'dataset_consumes_unknown_never_scheduled', 'dataset_produces_1', 'dataset_consumes_1', 'consume_1_and_2_with_dataset_expressions', 'consume_1_or_both_2_and_3_with_dataset_expressions', 'consume_1_or_2_with_dataset_expressions', 'dataset_produces_2', 'dataset_consumes_1_never_scheduled' retrieved from /home/airflow/.local/lib/python3.12/site-packages/airflow/example_dags/example_datasets.py
[2025-02-23T04:50:50.745+0000] {logging_mixin.py:190} INFO - [2025-02-23T04:50:50.745+0000] {dag.py:3239} INFO - Sync 10 DAGs
[2025-02-23T04:50:50.777+0000] {logging_mixin.py:190} INFO - [2025-02-23T04:50:50.777+0000] {dag.py:4180} INFO - Setting next_dagrun for conditional_dataset_and_time_based_timetable to 2025-02-19 01:00:00+00:00, run_after=2025-02-19 01:00:00+00:00
[2025-02-23T04:50:50.780+0000] {logging_mixin.py:190} INFO - [2025-02-23T04:50:50.780+0000] {dag.py:4180} INFO - Setting next_dagrun for consume_1_and_2_with_dataset_expressions to None, run_after=None
[2025-02-23T04:50:50.781+0000] {logging_mixin.py:190} INFO - [2025-02-23T04:50:50.781+0000] {dag.py:4180} INFO - Setting next_dagrun for consume_1_or_2_with_dataset_expressions to None, run_after=None
[2025-02-23T04:50:50.782+0000] {logging_mixin.py:190} INFO - [2025-02-23T04:50:50.782+0000] {dag.py:4180} INFO - Setting next_dagrun for consume_1_or_both_2_and_3_with_dataset_expressions to None, run_after=None
[2025-02-23T04:50:50.783+0000] {logging_mixin.py:190} INFO - [2025-02-23T04:50:50.783+0000] {dag.py:4180} INFO - Setting next_dagrun for dataset_consumes_1 to None, run_after=None
[2025-02-23T04:50:50.784+0000] {logging_mixin.py:190} INFO - [2025-02-23T04:50:50.784+0000] {dag.py:4180} INFO - Setting next_dagrun for dataset_consumes_1_and_2 to None, run_after=None
[2025-02-23T04:50:50.785+0000] {logging_mixin.py:190} INFO - [2025-02-23T04:50:50.785+0000] {dag.py:4180} INFO - Setting next_dagrun for dataset_consumes_1_never_scheduled to None, run_after=None
[2025-02-23T04:50:50.786+0000] {logging_mixin.py:190} INFO - [2025-02-23T04:50:50.786+0000] {dag.py:4180} INFO - Setting next_dagrun for dataset_consumes_unknown_never_scheduled to None, run_after=None
[2025-02-23T04:50:50.788+0000] {logging_mixin.py:190} INFO - [2025-02-23T04:50:50.788+0000] {dag.py:4180} INFO - Setting next_dagrun for dataset_produces_1 to 2025-02-22 00:00:00+00:00, run_after=2025-02-23 00:00:00+00:00
[2025-02-23T04:50:50.789+0000] {logging_mixin.py:190} INFO - [2025-02-23T04:50:50.789+0000] {dag.py:4180} INFO - Setting next_dagrun for dataset_produces_2 to None, run_after=None
[2025-02-23T04:50:50.818+0000] {processor.py:208} INFO - Processing /home/airflow/.local/lib/python3.12/site-packages/airflow/example_dags/example_datasets.py took 0.683 seconds
[2025-02-23T04:51:21.241+0000] {processor.py:186} INFO - Started process (PID=669) to work on /home/airflow/.local/lib/python3.12/site-packages/airflow/example_dags/example_datasets.py
[2025-02-23T04:51:21.242+0000] {processor.py:914} INFO - Processing file /home/airflow/.local/lib/python3.12/site-packages/airflow/example_dags/example_datasets.py for tasks to queue
[2025-02-23T04:51:21.243+0000] {logging_mixin.py:190} INFO - [2025-02-23T04:51:21.243+0000] {dagbag.py:588} INFO - Filling up the DagBag from /home/airflow/.local/lib/python3.12/site-packages/airflow/example_dags/example_datasets.py
[2025-02-23T04:51:21.741+0000] {processor.py:925} INFO - DAG(s) 'dataset_produces_2', 'dataset_consumes_1_never_scheduled', 'dataset_consumes_1', 'dataset_produces_1', 'dataset_consumes_unknown_never_scheduled', 'consume_1_or_2_with_dataset_expressions', 'consume_1_and_2_with_dataset_expressions', 'consume_1_or_both_2_and_3_with_dataset_expressions', 'conditional_dataset_and_time_based_timetable', 'dataset_consumes_1_and_2' retrieved from /home/airflow/.local/lib/python3.12/site-packages/airflow/example_dags/example_datasets.py
[2025-02-23T04:51:21.774+0000] {logging_mixin.py:190} INFO - [2025-02-23T04:51:21.774+0000] {dag.py:3239} INFO - Sync 10 DAGs
[2025-02-23T04:51:21.795+0000] {logging_mixin.py:190} INFO - [2025-02-23T04:51:21.795+0000] {dag.py:4180} INFO - Setting next_dagrun for conditional_dataset_and_time_based_timetable to 2025-02-19 01:00:00+00:00, run_after=2025-02-19 01:00:00+00:00
[2025-02-23T04:51:21.798+0000] {logging_mixin.py:190} INFO - [2025-02-23T04:51:21.798+0000] {dag.py:4180} INFO - Setting next_dagrun for consume_1_and_2_with_dataset_expressions to None, run_after=None
[2025-02-23T04:51:21.799+0000] {logging_mixin.py:190} INFO - [2025-02-23T04:51:21.799+0000] {dag.py:4180} INFO - Setting next_dagrun for consume_1_or_2_with_dataset_expressions to None, run_after=None
[2025-02-23T04:51:21.800+0000] {logging_mixin.py:190} INFO - [2025-02-23T04:51:21.800+0000] {dag.py:4180} INFO - Setting next_dagrun for consume_1_or_both_2_and_3_with_dataset_expressions to None, run_after=None
[2025-02-23T04:51:21.801+0000] {logging_mixin.py:190} INFO - [2025-02-23T04:51:21.801+0000] {dag.py:4180} INFO - Setting next_dagrun for dataset_consumes_1 to None, run_after=None
[2025-02-23T04:51:21.802+0000] {logging_mixin.py:190} INFO - [2025-02-23T04:51:21.802+0000] {dag.py:4180} INFO - Setting next_dagrun for dataset_consumes_1_and_2 to None, run_after=None
[2025-02-23T04:51:21.803+0000] {logging_mixin.py:190} INFO - [2025-02-23T04:51:21.803+0000] {dag.py:4180} INFO - Setting next_dagrun for dataset_consumes_1_never_scheduled to None, run_after=None
[2025-02-23T04:51:21.804+0000] {logging_mixin.py:190} INFO - [2025-02-23T04:51:21.803+0000] {dag.py:4180} INFO - Setting next_dagrun for dataset_consumes_unknown_never_scheduled to None, run_after=None
[2025-02-23T04:51:21.805+0000] {logging_mixin.py:190} INFO - [2025-02-23T04:51:21.805+0000] {dag.py:4180} INFO - Setting next_dagrun for dataset_produces_1 to 2025-02-22 00:00:00+00:00, run_after=2025-02-23 00:00:00+00:00
[2025-02-23T04:51:21.806+0000] {logging_mixin.py:190} INFO - [2025-02-23T04:51:21.806+0000] {dag.py:4180} INFO - Setting next_dagrun for dataset_produces_2 to None, run_after=None
[2025-02-23T04:51:21.830+0000] {processor.py:208} INFO - Processing /home/airflow/.local/lib/python3.12/site-packages/airflow/example_dags/example_datasets.py took 0.593 seconds
[2025-02-23T04:51:52.227+0000] {processor.py:186} INFO - Started process (PID=732) to work on /home/airflow/.local/lib/python3.12/site-packages/airflow/example_dags/example_datasets.py
[2025-02-23T04:51:52.227+0000] {processor.py:914} INFO - Processing file /home/airflow/.local/lib/python3.12/site-packages/airflow/example_dags/example_datasets.py for tasks to queue
[2025-02-23T04:51:52.229+0000] {logging_mixin.py:190} INFO - [2025-02-23T04:51:52.229+0000] {dagbag.py:588} INFO - Filling up the DagBag from /home/airflow/.local/lib/python3.12/site-packages/airflow/example_dags/example_datasets.py
[2025-02-23T04:51:52.721+0000] {processor.py:925} INFO - DAG(s) 'dataset_consumes_unknown_never_scheduled', 'dataset_produces_2', 'dataset_consumes_1_never_scheduled', 'dataset_consumes_1', 'dataset_consumes_1_and_2', 'consume_1_and_2_with_dataset_expressions', 'dataset_produces_1', 'conditional_dataset_and_time_based_timetable', 'consume_1_or_2_with_dataset_expressions', 'consume_1_or_both_2_and_3_with_dataset_expressions' retrieved from /home/airflow/.local/lib/python3.12/site-packages/airflow/example_dags/example_datasets.py
[2025-02-23T04:51:52.765+0000] {logging_mixin.py:190} INFO - [2025-02-23T04:51:52.765+0000] {dag.py:3239} INFO - Sync 10 DAGs
[2025-02-23T04:51:52.796+0000] {logging_mixin.py:190} INFO - [2025-02-23T04:51:52.796+0000] {dag.py:4180} INFO - Setting next_dagrun for conditional_dataset_and_time_based_timetable to 2025-02-19 01:00:00+00:00, run_after=2025-02-19 01:00:00+00:00
[2025-02-23T04:51:52.800+0000] {logging_mixin.py:190} INFO - [2025-02-23T04:51:52.800+0000] {dag.py:4180} INFO - Setting next_dagrun for consume_1_and_2_with_dataset_expressions to None, run_after=None
[2025-02-23T04:51:52.801+0000] {logging_mixin.py:190} INFO - [2025-02-23T04:51:52.801+0000] {dag.py:4180} INFO - Setting next_dagrun for consume_1_or_2_with_dataset_expressions to None, run_after=None
[2025-02-23T04:51:52.803+0000] {logging_mixin.py:190} INFO - [2025-02-23T04:51:52.803+0000] {dag.py:4180} INFO - Setting next_dagrun for consume_1_or_both_2_and_3_with_dataset_expressions to None, run_after=None
[2025-02-23T04:51:52.804+0000] {logging_mixin.py:190} INFO - [2025-02-23T04:51:52.804+0000] {dag.py:4180} INFO - Setting next_dagrun for dataset_consumes_1 to None, run_after=None
[2025-02-23T04:51:52.805+0000] {logging_mixin.py:190} INFO - [2025-02-23T04:51:52.805+0000] {dag.py:4180} INFO - Setting next_dagrun for dataset_consumes_1_and_2 to None, run_after=None
[2025-02-23T04:51:52.806+0000] {logging_mixin.py:190} INFO - [2025-02-23T04:51:52.806+0000] {dag.py:4180} INFO - Setting next_dagrun for dataset_consumes_1_never_scheduled to None, run_after=None
[2025-02-23T04:51:52.808+0000] {logging_mixin.py:190} INFO - [2025-02-23T04:51:52.807+0000] {dag.py:4180} INFO - Setting next_dagrun for dataset_consumes_unknown_never_scheduled to None, run_after=None
[2025-02-23T04:51:52.811+0000] {logging_mixin.py:190} INFO - [2025-02-23T04:51:52.810+0000] {dag.py:4180} INFO - Setting next_dagrun for dataset_produces_1 to 2025-02-22 00:00:00+00:00, run_after=2025-02-23 00:00:00+00:00
[2025-02-23T04:51:52.812+0000] {logging_mixin.py:190} INFO - [2025-02-23T04:51:52.812+0000] {dag.py:4180} INFO - Setting next_dagrun for dataset_produces_2 to None, run_after=None
[2025-02-23T04:51:52.844+0000] {processor.py:208} INFO - Processing /home/airflow/.local/lib/python3.12/site-packages/airflow/example_dags/example_datasets.py took 0.622 seconds
[2025-02-23T04:52:22.942+0000] {processor.py:186} INFO - Started process (PID=795) to work on /home/airflow/.local/lib/python3.12/site-packages/airflow/example_dags/example_datasets.py
[2025-02-23T04:52:22.942+0000] {processor.py:914} INFO - Processing file /home/airflow/.local/lib/python3.12/site-packages/airflow/example_dags/example_datasets.py for tasks to queue
[2025-02-23T04:52:22.944+0000] {logging_mixin.py:190} INFO - [2025-02-23T04:52:22.944+0000] {dagbag.py:588} INFO - Filling up the DagBag from /home/airflow/.local/lib/python3.12/site-packages/airflow/example_dags/example_datasets.py
[2025-02-23T04:52:23.463+0000] {processor.py:925} INFO - DAG(s) 'dataset_produces_2', 'dataset_consumes_1_and_2', 'dataset_consumes_unknown_never_scheduled', 'dataset_produces_1', 'dataset_consumes_1', 'consume_1_or_2_with_dataset_expressions', 'consume_1_or_both_2_and_3_with_dataset_expressions', 'dataset_consumes_1_never_scheduled', 'consume_1_and_2_with_dataset_expressions', 'conditional_dataset_and_time_based_timetable' retrieved from /home/airflow/.local/lib/python3.12/site-packages/airflow/example_dags/example_datasets.py
[2025-02-23T04:52:23.495+0000] {logging_mixin.py:190} INFO - [2025-02-23T04:52:23.495+0000] {dag.py:3239} INFO - Sync 10 DAGs
[2025-02-23T04:52:23.515+0000] {logging_mixin.py:190} INFO - [2025-02-23T04:52:23.514+0000] {dag.py:4180} INFO - Setting next_dagrun for conditional_dataset_and_time_based_timetable to 2025-02-19 01:00:00+00:00, run_after=2025-02-19 01:00:00+00:00
[2025-02-23T04:52:23.517+0000] {logging_mixin.py:190} INFO - [2025-02-23T04:52:23.517+0000] {dag.py:4180} INFO - Setting next_dagrun for consume_1_and_2_with_dataset_expressions to None, run_after=None
[2025-02-23T04:52:23.519+0000] {logging_mixin.py:190} INFO - [2025-02-23T04:52:23.519+0000] {dag.py:4180} INFO - Setting next_dagrun for consume_1_or_2_with_dataset_expressions to None, run_after=None
[2025-02-23T04:52:23.520+0000] {logging_mixin.py:190} INFO - [2025-02-23T04:52:23.520+0000] {dag.py:4180} INFO - Setting next_dagrun for consume_1_or_both_2_and_3_with_dataset_expressions to None, run_after=None
[2025-02-23T04:52:23.521+0000] {logging_mixin.py:190} INFO - [2025-02-23T04:52:23.521+0000] {dag.py:4180} INFO - Setting next_dagrun for dataset_consumes_1 to None, run_after=None
[2025-02-23T04:52:23.522+0000] {logging_mixin.py:190} INFO - [2025-02-23T04:52:23.522+0000] {dag.py:4180} INFO - Setting next_dagrun for dataset_consumes_1_and_2 to None, run_after=None
[2025-02-23T04:52:23.523+0000] {logging_mixin.py:190} INFO - [2025-02-23T04:52:23.523+0000] {dag.py:4180} INFO - Setting next_dagrun for dataset_consumes_1_never_scheduled to None, run_after=None
[2025-02-23T04:52:23.524+0000] {logging_mixin.py:190} INFO - [2025-02-23T04:52:23.524+0000] {dag.py:4180} INFO - Setting next_dagrun for dataset_consumes_unknown_never_scheduled to None, run_after=None
[2025-02-23T04:52:23.526+0000] {logging_mixin.py:190} INFO - [2025-02-23T04:52:23.525+0000] {dag.py:4180} INFO - Setting next_dagrun for dataset_produces_1 to 2025-02-22 00:00:00+00:00, run_after=2025-02-23 00:00:00+00:00
[2025-02-23T04:52:23.526+0000] {logging_mixin.py:190} INFO - [2025-02-23T04:52:23.526+0000] {dag.py:4180} INFO - Setting next_dagrun for dataset_produces_2 to None, run_after=None
[2025-02-23T04:52:23.552+0000] {processor.py:208} INFO - Processing /home/airflow/.local/lib/python3.12/site-packages/airflow/example_dags/example_datasets.py took 0.614 seconds
[2025-02-23T04:52:53.597+0000] {processor.py:186} INFO - Started process (PID=858) to work on /home/airflow/.local/lib/python3.12/site-packages/airflow/example_dags/example_datasets.py
[2025-02-23T04:52:53.598+0000] {processor.py:914} INFO - Processing file /home/airflow/.local/lib/python3.12/site-packages/airflow/example_dags/example_datasets.py for tasks to queue
[2025-02-23T04:52:53.599+0000] {logging_mixin.py:190} INFO - [2025-02-23T04:52:53.599+0000] {dagbag.py:588} INFO - Filling up the DagBag from /home/airflow/.local/lib/python3.12/site-packages/airflow/example_dags/example_datasets.py
[2025-02-23T04:52:54.113+0000] {processor.py:925} INFO - DAG(s) 'dataset_consumes_1_never_scheduled', 'conditional_dataset_and_time_based_timetable', 'dataset_consumes_1_and_2', 'consume_1_or_both_2_and_3_with_dataset_expressions', 'dataset_consumes_unknown_never_scheduled', 'dataset_produces_1', 'dataset_consumes_1', 'consume_1_or_2_with_dataset_expressions', 'dataset_produces_2', 'consume_1_and_2_with_dataset_expressions' retrieved from /home/airflow/.local/lib/python3.12/site-packages/airflow/example_dags/example_datasets.py
[2025-02-23T04:52:54.156+0000] {logging_mixin.py:190} INFO - [2025-02-23T04:52:54.156+0000] {dag.py:3239} INFO - Sync 10 DAGs
[2025-02-23T04:52:54.186+0000] {logging_mixin.py:190} INFO - [2025-02-23T04:52:54.185+0000] {dag.py:4180} INFO - Setting next_dagrun for conditional_dataset_and_time_based_timetable to 2025-02-19 01:00:00+00:00, run_after=2025-02-19 01:00:00+00:00
[2025-02-23T04:52:54.190+0000] {logging_mixin.py:190} INFO - [2025-02-23T04:52:54.190+0000] {dag.py:4180} INFO - Setting next_dagrun for consume_1_and_2_with_dataset_expressions to None, run_after=None
[2025-02-23T04:52:54.192+0000] {logging_mixin.py:190} INFO - [2025-02-23T04:52:54.191+0000] {dag.py:4180} INFO - Setting next_dagrun for consume_1_or_2_with_dataset_expressions to None, run_after=None
[2025-02-23T04:52:54.193+0000] {logging_mixin.py:190} INFO - [2025-02-23T04:52:54.193+0000] {dag.py:4180} INFO - Setting next_dagrun for consume_1_or_both_2_and_3_with_dataset_expressions to None, run_after=None
[2025-02-23T04:52:54.194+0000] {logging_mixin.py:190} INFO - [2025-02-23T04:52:54.194+0000] {dag.py:4180} INFO - Setting next_dagrun for dataset_consumes_1 to None, run_after=None
[2025-02-23T04:52:54.195+0000] {logging_mixin.py:190} INFO - [2025-02-23T04:52:54.195+0000] {dag.py:4180} INFO - Setting next_dagrun for dataset_consumes_1_and_2 to None, run_after=None
[2025-02-23T04:52:54.197+0000] {logging_mixin.py:190} INFO - [2025-02-23T04:52:54.197+0000] {dag.py:4180} INFO - Setting next_dagrun for dataset_consumes_1_never_scheduled to None, run_after=None
[2025-02-23T04:52:54.198+0000] {logging_mixin.py:190} INFO - [2025-02-23T04:52:54.198+0000] {dag.py:4180} INFO - Setting next_dagrun for dataset_consumes_unknown_never_scheduled to None, run_after=None
[2025-02-23T04:52:54.201+0000] {logging_mixin.py:190} INFO - [2025-02-23T04:52:54.201+0000] {dag.py:4180} INFO - Setting next_dagrun for dataset_produces_1 to 2025-02-22 00:00:00+00:00, run_after=2025-02-23 00:00:00+00:00
[2025-02-23T04:52:54.202+0000] {logging_mixin.py:190} INFO - [2025-02-23T04:52:54.202+0000] {dag.py:4180} INFO - Setting next_dagrun for dataset_produces_2 to None, run_after=None
[2025-02-23T04:52:54.234+0000] {processor.py:208} INFO - Processing /home/airflow/.local/lib/python3.12/site-packages/airflow/example_dags/example_datasets.py took 0.641 seconds
[2025-02-23T04:53:24.283+0000] {processor.py:186} INFO - Started process (PID=921) to work on /home/airflow/.local/lib/python3.12/site-packages/airflow/example_dags/example_datasets.py
[2025-02-23T04:53:24.283+0000] {processor.py:914} INFO - Processing file /home/airflow/.local/lib/python3.12/site-packages/airflow/example_dags/example_datasets.py for tasks to queue
[2025-02-23T04:53:24.285+0000] {logging_mixin.py:190} INFO - [2025-02-23T04:53:24.284+0000] {dagbag.py:588} INFO - Filling up the DagBag from /home/airflow/.local/lib/python3.12/site-packages/airflow/example_dags/example_datasets.py
[2025-02-23T04:53:24.785+0000] {processor.py:925} INFO - DAG(s) 'dataset_consumes_1', 'dataset_produces_2', 'dataset_produces_1', 'dataset_consumes_1_never_scheduled', 'consume_1_and_2_with_dataset_expressions', 'dataset_consumes_unknown_never_scheduled', 'conditional_dataset_and_time_based_timetable', 'consume_1_or_both_2_and_3_with_dataset_expressions', 'dataset_consumes_1_and_2', 'consume_1_or_2_with_dataset_expressions' retrieved from /home/airflow/.local/lib/python3.12/site-packages/airflow/example_dags/example_datasets.py
[2025-02-23T04:53:24.816+0000] {logging_mixin.py:190} INFO - [2025-02-23T04:53:24.816+0000] {dag.py:3239} INFO - Sync 10 DAGs
[2025-02-23T04:53:24.835+0000] {logging_mixin.py:190} INFO - [2025-02-23T04:53:24.835+0000] {dag.py:4180} INFO - Setting next_dagrun for conditional_dataset_and_time_based_timetable to 2025-02-19 01:00:00+00:00, run_after=2025-02-19 01:00:00+00:00
[2025-02-23T04:53:24.838+0000] {logging_mixin.py:190} INFO - [2025-02-23T04:53:24.838+0000] {dag.py:4180} INFO - Setting next_dagrun for consume_1_and_2_with_dataset_expressions to None, run_after=None
[2025-02-23T04:53:24.839+0000] {logging_mixin.py:190} INFO - [2025-02-23T04:53:24.839+0000] {dag.py:4180} INFO - Setting next_dagrun for consume_1_or_2_with_dataset_expressions to None, run_after=None
[2025-02-23T04:53:24.840+0000] {logging_mixin.py:190} INFO - [2025-02-23T04:53:24.840+0000] {dag.py:4180} INFO - Setting next_dagrun for consume_1_or_both_2_and_3_with_dataset_expressions to None, run_after=None
[2025-02-23T04:53:24.841+0000] {logging_mixin.py:190} INFO - [2025-02-23T04:53:24.840+0000] {dag.py:4180} INFO - Setting next_dagrun for dataset_consumes_1 to None, run_after=None
[2025-02-23T04:53:24.841+0000] {logging_mixin.py:190} INFO - [2025-02-23T04:53:24.841+0000] {dag.py:4180} INFO - Setting next_dagrun for dataset_consumes_1_and_2 to None, run_after=None
[2025-02-23T04:53:24.842+0000] {logging_mixin.py:190} INFO - [2025-02-23T04:53:24.842+0000] {dag.py:4180} INFO - Setting next_dagrun for dataset_consumes_1_never_scheduled to None, run_after=None
[2025-02-23T04:53:24.843+0000] {logging_mixin.py:190} INFO - [2025-02-23T04:53:24.843+0000] {dag.py:4180} INFO - Setting next_dagrun for dataset_consumes_unknown_never_scheduled to None, run_after=None
[2025-02-23T04:53:24.845+0000] {logging_mixin.py:190} INFO - [2025-02-23T04:53:24.845+0000] {dag.py:4180} INFO - Setting next_dagrun for dataset_produces_1 to 2025-02-22 00:00:00+00:00, run_after=2025-02-23 00:00:00+00:00
[2025-02-23T04:53:24.846+0000] {logging_mixin.py:190} INFO - [2025-02-23T04:53:24.846+0000] {dag.py:4180} INFO - Setting next_dagrun for dataset_produces_2 to None, run_after=None
[2025-02-23T04:53:24.868+0000] {processor.py:208} INFO - Processing /home/airflow/.local/lib/python3.12/site-packages/airflow/example_dags/example_datasets.py took 0.590 seconds
[2025-02-23T04:53:54.955+0000] {processor.py:186} INFO - Started process (PID=984) to work on /home/airflow/.local/lib/python3.12/site-packages/airflow/example_dags/example_datasets.py
[2025-02-23T04:53:54.956+0000] {processor.py:914} INFO - Processing file /home/airflow/.local/lib/python3.12/site-packages/airflow/example_dags/example_datasets.py for tasks to queue
[2025-02-23T04:53:54.958+0000] {logging_mixin.py:190} INFO - [2025-02-23T04:53:54.957+0000] {dagbag.py:588} INFO - Filling up the DagBag from /home/airflow/.local/lib/python3.12/site-packages/airflow/example_dags/example_datasets.py
[2025-02-23T04:53:55.483+0000] {processor.py:925} INFO - DAG(s) 'dataset_produces_2', 'conditional_dataset_and_time_based_timetable', 'consume_1_or_2_with_dataset_expressions', 'dataset_consumes_unknown_never_scheduled', 'consume_1_or_both_2_and_3_with_dataset_expressions', 'dataset_produces_1', 'dataset_consumes_1', 'dataset_consumes_1_and_2', 'dataset_consumes_1_never_scheduled', 'consume_1_and_2_with_dataset_expressions' retrieved from /home/airflow/.local/lib/python3.12/site-packages/airflow/example_dags/example_datasets.py
[2025-02-23T04:53:55.514+0000] {logging_mixin.py:190} INFO - [2025-02-23T04:53:55.514+0000] {dag.py:3239} INFO - Sync 10 DAGs
[2025-02-23T04:53:55.535+0000] {logging_mixin.py:190} INFO - [2025-02-23T04:53:55.535+0000] {dag.py:4180} INFO - Setting next_dagrun for conditional_dataset_and_time_based_timetable to 2025-02-19 01:00:00+00:00, run_after=2025-02-19 01:00:00+00:00
[2025-02-23T04:53:55.538+0000] {logging_mixin.py:190} INFO - [2025-02-23T04:53:55.537+0000] {dag.py:4180} INFO - Setting next_dagrun for consume_1_and_2_with_dataset_expressions to None, run_after=None
[2025-02-23T04:53:55.539+0000] {logging_mixin.py:190} INFO - [2025-02-23T04:53:55.538+0000] {dag.py:4180} INFO - Setting next_dagrun for consume_1_or_2_with_dataset_expressions to None, run_after=None
[2025-02-23T04:53:55.539+0000] {logging_mixin.py:190} INFO - [2025-02-23T04:53:55.539+0000] {dag.py:4180} INFO - Setting next_dagrun for consume_1_or_both_2_and_3_with_dataset_expressions to None, run_after=None
[2025-02-23T04:53:55.540+0000] {logging_mixin.py:190} INFO - [2025-02-23T04:53:55.540+0000] {dag.py:4180} INFO - Setting next_dagrun for dataset_consumes_1 to None, run_after=None
[2025-02-23T04:53:55.541+0000] {logging_mixin.py:190} INFO - [2025-02-23T04:53:55.541+0000] {dag.py:4180} INFO - Setting next_dagrun for dataset_consumes_1_and_2 to None, run_after=None
[2025-02-23T04:53:55.542+0000] {logging_mixin.py:190} INFO - [2025-02-23T04:53:55.542+0000] {dag.py:4180} INFO - Setting next_dagrun for dataset_consumes_1_never_scheduled to None, run_after=None
[2025-02-23T04:53:55.543+0000] {logging_mixin.py:190} INFO - [2025-02-23T04:53:55.543+0000] {dag.py:4180} INFO - Setting next_dagrun for dataset_consumes_unknown_never_scheduled to None, run_after=None
[2025-02-23T04:53:55.545+0000] {logging_mixin.py:190} INFO - [2025-02-23T04:53:55.544+0000] {dag.py:4180} INFO - Setting next_dagrun for dataset_produces_1 to 2025-02-22 00:00:00+00:00, run_after=2025-02-23 00:00:00+00:00
[2025-02-23T04:53:55.545+0000] {logging_mixin.py:190} INFO - [2025-02-23T04:53:55.545+0000] {dag.py:4180} INFO - Setting next_dagrun for dataset_produces_2 to None, run_after=None
[2025-02-23T04:53:55.568+0000] {processor.py:208} INFO - Processing /home/airflow/.local/lib/python3.12/site-packages/airflow/example_dags/example_datasets.py took 0.617 seconds
[2025-02-23T04:54:25.645+0000] {processor.py:186} INFO - Started process (PID=1047) to work on /home/airflow/.local/lib/python3.12/site-packages/airflow/example_dags/example_datasets.py
[2025-02-23T04:54:25.646+0000] {processor.py:914} INFO - Processing file /home/airflow/.local/lib/python3.12/site-packages/airflow/example_dags/example_datasets.py for tasks to queue
[2025-02-23T04:54:25.647+0000] {logging_mixin.py:190} INFO - [2025-02-23T04:54:25.647+0000] {dagbag.py:588} INFO - Filling up the DagBag from /home/airflow/.local/lib/python3.12/site-packages/airflow/example_dags/example_datasets.py
[2025-02-23T04:54:26.174+0000] {processor.py:925} INFO - DAG(s) 'consume_1_and_2_with_dataset_expressions', 'dataset_consumes_1_never_scheduled', 'dataset_consumes_1_and_2', 'dataset_produces_2', 'consume_1_or_2_with_dataset_expressions', 'conditional_dataset_and_time_based_timetable', 'dataset_produces_1', 'consume_1_or_both_2_and_3_with_dataset_expressions', 'dataset_consumes_unknown_never_scheduled', 'dataset_consumes_1' retrieved from /home/airflow/.local/lib/python3.12/site-packages/airflow/example_dags/example_datasets.py
[2025-02-23T04:54:26.211+0000] {logging_mixin.py:190} INFO - [2025-02-23T04:54:26.211+0000] {dag.py:3239} INFO - Sync 10 DAGs
[2025-02-23T04:54:26.236+0000] {logging_mixin.py:190} INFO - [2025-02-23T04:54:26.235+0000] {dag.py:4180} INFO - Setting next_dagrun for conditional_dataset_and_time_based_timetable to 2025-02-19 01:00:00+00:00, run_after=2025-02-19 01:00:00+00:00
[2025-02-23T04:54:26.239+0000] {logging_mixin.py:190} INFO - [2025-02-23T04:54:26.239+0000] {dag.py:4180} INFO - Setting next_dagrun for consume_1_and_2_with_dataset_expressions to None, run_after=None
[2025-02-23T04:54:26.240+0000] {logging_mixin.py:190} INFO - [2025-02-23T04:54:26.240+0000] {dag.py:4180} INFO - Setting next_dagrun for consume_1_or_2_with_dataset_expressions to None, run_after=None
[2025-02-23T04:54:26.241+0000] {logging_mixin.py:190} INFO - [2025-02-23T04:54:26.241+0000] {dag.py:4180} INFO - Setting next_dagrun for consume_1_or_both_2_and_3_with_dataset_expressions to None, run_after=None
[2025-02-23T04:54:26.242+0000] {logging_mixin.py:190} INFO - [2025-02-23T04:54:26.242+0000] {dag.py:4180} INFO - Setting next_dagrun for dataset_consumes_1 to None, run_after=None
[2025-02-23T04:54:26.243+0000] {logging_mixin.py:190} INFO - [2025-02-23T04:54:26.243+0000] {dag.py:4180} INFO - Setting next_dagrun for dataset_consumes_1_and_2 to None, run_after=None
[2025-02-23T04:54:26.244+0000] {logging_mixin.py:190} INFO - [2025-02-23T04:54:26.244+0000] {dag.py:4180} INFO - Setting next_dagrun for dataset_consumes_1_never_scheduled to None, run_after=None
[2025-02-23T04:54:26.245+0000] {logging_mixin.py:190} INFO - [2025-02-23T04:54:26.244+0000] {dag.py:4180} INFO - Setting next_dagrun for dataset_consumes_unknown_never_scheduled to None, run_after=None
[2025-02-23T04:54:26.247+0000] {logging_mixin.py:190} INFO - [2025-02-23T04:54:26.246+0000] {dag.py:4180} INFO - Setting next_dagrun for dataset_produces_1 to 2025-02-22 00:00:00+00:00, run_after=2025-02-23 00:00:00+00:00
[2025-02-23T04:54:26.248+0000] {logging_mixin.py:190} INFO - [2025-02-23T04:54:26.247+0000] {dag.py:4180} INFO - Setting next_dagrun for dataset_produces_2 to None, run_after=None
[2025-02-23T04:54:26.274+0000] {processor.py:208} INFO - Processing /home/airflow/.local/lib/python3.12/site-packages/airflow/example_dags/example_datasets.py took 0.633 seconds
[2025-02-23T04:54:57.109+0000] {processor.py:186} INFO - Started process (PID=1110) to work on /home/airflow/.local/lib/python3.12/site-packages/airflow/example_dags/example_datasets.py
[2025-02-23T04:54:57.109+0000] {processor.py:914} INFO - Processing file /home/airflow/.local/lib/python3.12/site-packages/airflow/example_dags/example_datasets.py for tasks to queue
[2025-02-23T04:54:57.111+0000] {logging_mixin.py:190} INFO - [2025-02-23T04:54:57.110+0000] {dagbag.py:588} INFO - Filling up the DagBag from /home/airflow/.local/lib/python3.12/site-packages/airflow/example_dags/example_datasets.py
[2025-02-23T04:54:57.616+0000] {processor.py:925} INFO - DAG(s) 'consume_1_or_2_with_dataset_expressions', 'consume_1_or_both_2_and_3_with_dataset_expressions', 'dataset_consumes_unknown_never_scheduled', 'dataset_produces_2', 'dataset_consumes_1', 'dataset_consumes_1_and_2', 'consume_1_and_2_with_dataset_expressions', 'dataset_produces_1', 'dataset_consumes_1_never_scheduled', 'conditional_dataset_and_time_based_timetable' retrieved from /home/airflow/.local/lib/python3.12/site-packages/airflow/example_dags/example_datasets.py
[2025-02-23T04:54:57.648+0000] {logging_mixin.py:190} INFO - [2025-02-23T04:54:57.647+0000] {dag.py:3239} INFO - Sync 10 DAGs
[2025-02-23T04:54:57.668+0000] {logging_mixin.py:190} INFO - [2025-02-23T04:54:57.668+0000] {dag.py:4180} INFO - Setting next_dagrun for conditional_dataset_and_time_based_timetable to 2025-02-19 01:00:00+00:00, run_after=2025-02-19 01:00:00+00:00
[2025-02-23T04:54:57.671+0000] {logging_mixin.py:190} INFO - [2025-02-23T04:54:57.670+0000] {dag.py:4180} INFO - Setting next_dagrun for consume_1_and_2_with_dataset_expressions to None, run_after=None
[2025-02-23T04:54:57.671+0000] {logging_mixin.py:190} INFO - [2025-02-23T04:54:57.671+0000] {dag.py:4180} INFO - Setting next_dagrun for consume_1_or_2_with_dataset_expressions to None, run_after=None
[2025-02-23T04:54:57.672+0000] {logging_mixin.py:190} INFO - [2025-02-23T04:54:57.672+0000] {dag.py:4180} INFO - Setting next_dagrun for consume_1_or_both_2_and_3_with_dataset_expressions to None, run_after=None
[2025-02-23T04:54:57.673+0000] {logging_mixin.py:190} INFO - [2025-02-23T04:54:57.673+0000] {dag.py:4180} INFO - Setting next_dagrun for dataset_consumes_1 to None, run_after=None
[2025-02-23T04:54:57.674+0000] {logging_mixin.py:190} INFO - [2025-02-23T04:54:57.674+0000] {dag.py:4180} INFO - Setting next_dagrun for dataset_consumes_1_and_2 to None, run_after=None
[2025-02-23T04:54:57.676+0000] {logging_mixin.py:190} INFO - [2025-02-23T04:54:57.675+0000] {dag.py:4180} INFO - Setting next_dagrun for dataset_consumes_1_never_scheduled to None, run_after=None
[2025-02-23T04:54:57.677+0000] {logging_mixin.py:190} INFO - [2025-02-23T04:54:57.677+0000] {dag.py:4180} INFO - Setting next_dagrun for dataset_consumes_unknown_never_scheduled to None, run_after=None
[2025-02-23T04:54:57.679+0000] {logging_mixin.py:190} INFO - [2025-02-23T04:54:57.679+0000] {dag.py:4180} INFO - Setting next_dagrun for dataset_produces_1 to 2025-02-22 00:00:00+00:00, run_after=2025-02-23 00:00:00+00:00
[2025-02-23T04:54:57.680+0000] {logging_mixin.py:190} INFO - [2025-02-23T04:54:57.680+0000] {dag.py:4180} INFO - Setting next_dagrun for dataset_produces_2 to None, run_after=None
[2025-02-23T04:54:57.707+0000] {processor.py:208} INFO - Processing /home/airflow/.local/lib/python3.12/site-packages/airflow/example_dags/example_datasets.py took 0.603 seconds
[2025-02-23T04:55:28.348+0000] {processor.py:186} INFO - Started process (PID=1173) to work on /home/airflow/.local/lib/python3.12/site-packages/airflow/example_dags/example_datasets.py
[2025-02-23T04:55:28.349+0000] {processor.py:914} INFO - Processing file /home/airflow/.local/lib/python3.12/site-packages/airflow/example_dags/example_datasets.py for tasks to queue
[2025-02-23T04:55:28.350+0000] {logging_mixin.py:190} INFO - [2025-02-23T04:55:28.350+0000] {dagbag.py:588} INFO - Filling up the DagBag from /home/airflow/.local/lib/python3.12/site-packages/airflow/example_dags/example_datasets.py
[2025-02-23T04:55:28.897+0000] {processor.py:925} INFO - DAG(s) 'conditional_dataset_and_time_based_timetable', 'dataset_consumes_1_never_scheduled', 'consume_1_or_both_2_and_3_with_dataset_expressions', 'dataset_consumes_1_and_2', 'dataset_produces_2', 'dataset_consumes_unknown_never_scheduled', 'dataset_produces_1', 'consume_1_and_2_with_dataset_expressions', 'consume_1_or_2_with_dataset_expressions', 'dataset_consumes_1' retrieved from /home/airflow/.local/lib/python3.12/site-packages/airflow/example_dags/example_datasets.py
[2025-02-23T04:55:28.939+0000] {logging_mixin.py:190} INFO - [2025-02-23T04:55:28.939+0000] {dag.py:3239} INFO - Sync 10 DAGs
[2025-02-23T04:55:28.967+0000] {logging_mixin.py:190} INFO - [2025-02-23T04:55:28.966+0000] {dag.py:4180} INFO - Setting next_dagrun for conditional_dataset_and_time_based_timetable to 2025-02-19 01:00:00+00:00, run_after=2025-02-19 01:00:00+00:00
[2025-02-23T04:55:28.971+0000] {logging_mixin.py:190} INFO - [2025-02-23T04:55:28.971+0000] {dag.py:4180} INFO - Setting next_dagrun for consume_1_and_2_with_dataset_expressions to None, run_after=None
[2025-02-23T04:55:28.972+0000] {logging_mixin.py:190} INFO - [2025-02-23T04:55:28.972+0000] {dag.py:4180} INFO - Setting next_dagrun for consume_1_or_2_with_dataset_expressions to None, run_after=None
[2025-02-23T04:55:28.973+0000] {logging_mixin.py:190} INFO - [2025-02-23T04:55:28.973+0000] {dag.py:4180} INFO - Setting next_dagrun for consume_1_or_both_2_and_3_with_dataset_expressions to None, run_after=None
[2025-02-23T04:55:28.974+0000] {logging_mixin.py:190} INFO - [2025-02-23T04:55:28.974+0000] {dag.py:4180} INFO - Setting next_dagrun for dataset_consumes_1 to None, run_after=None
[2025-02-23T04:55:28.976+0000] {logging_mixin.py:190} INFO - [2025-02-23T04:55:28.975+0000] {dag.py:4180} INFO - Setting next_dagrun for dataset_consumes_1_and_2 to None, run_after=None
[2025-02-23T04:55:28.977+0000] {logging_mixin.py:190} INFO - [2025-02-23T04:55:28.977+0000] {dag.py:4180} INFO - Setting next_dagrun for dataset_consumes_1_never_scheduled to None, run_after=None
[2025-02-23T04:55:28.978+0000] {logging_mixin.py:190} INFO - [2025-02-23T04:55:28.978+0000] {dag.py:4180} INFO - Setting next_dagrun for dataset_consumes_unknown_never_scheduled to None, run_after=None
[2025-02-23T04:55:28.981+0000] {logging_mixin.py:190} INFO - [2025-02-23T04:55:28.981+0000] {dag.py:4180} INFO - Setting next_dagrun for dataset_produces_1 to 2025-02-22 00:00:00+00:00, run_after=2025-02-23 00:00:00+00:00
[2025-02-23T04:55:28.982+0000] {logging_mixin.py:190} INFO - [2025-02-23T04:55:28.982+0000] {dag.py:4180} INFO - Setting next_dagrun for dataset_produces_2 to None, run_after=None
[2025-02-23T04:55:29.013+0000] {processor.py:208} INFO - Processing /home/airflow/.local/lib/python3.12/site-packages/airflow/example_dags/example_datasets.py took 0.670 seconds
[2025-02-23T04:55:59.810+0000] {processor.py:186} INFO - Started process (PID=1236) to work on /home/airflow/.local/lib/python3.12/site-packages/airflow/example_dags/example_datasets.py
[2025-02-23T04:55:59.810+0000] {processor.py:914} INFO - Processing file /home/airflow/.local/lib/python3.12/site-packages/airflow/example_dags/example_datasets.py for tasks to queue
[2025-02-23T04:55:59.812+0000] {logging_mixin.py:190} INFO - [2025-02-23T04:55:59.812+0000] {dagbag.py:588} INFO - Filling up the DagBag from /home/airflow/.local/lib/python3.12/site-packages/airflow/example_dags/example_datasets.py
[2025-02-23T04:56:00.309+0000] {processor.py:925} INFO - DAG(s) 'conditional_dataset_and_time_based_timetable', 'dataset_consumes_1_never_scheduled', 'dataset_consumes_1_and_2', 'consume_1_or_2_with_dataset_expressions', 'dataset_consumes_1', 'dataset_consumes_unknown_never_scheduled', 'consume_1_or_both_2_and_3_with_dataset_expressions', 'consume_1_and_2_with_dataset_expressions', 'dataset_produces_2', 'dataset_produces_1' retrieved from /home/airflow/.local/lib/python3.12/site-packages/airflow/example_dags/example_datasets.py
[2025-02-23T04:56:00.344+0000] {logging_mixin.py:190} INFO - [2025-02-23T04:56:00.344+0000] {dag.py:3239} INFO - Sync 10 DAGs
[2025-02-23T04:56:00.364+0000] {logging_mixin.py:190} INFO - [2025-02-23T04:56:00.364+0000] {dag.py:4180} INFO - Setting next_dagrun for conditional_dataset_and_time_based_timetable to 2025-02-19 01:00:00+00:00, run_after=2025-02-19 01:00:00+00:00
[2025-02-23T04:56:00.367+0000] {logging_mixin.py:190} INFO - [2025-02-23T04:56:00.367+0000] {dag.py:4180} INFO - Setting next_dagrun for consume_1_and_2_with_dataset_expressions to None, run_after=None
[2025-02-23T04:56:00.368+0000] {logging_mixin.py:190} INFO - [2025-02-23T04:56:00.368+0000] {dag.py:4180} INFO - Setting next_dagrun for consume_1_or_2_with_dataset_expressions to None, run_after=None
[2025-02-23T04:56:00.369+0000] {logging_mixin.py:190} INFO - [2025-02-23T04:56:00.368+0000] {dag.py:4180} INFO - Setting next_dagrun for consume_1_or_both_2_and_3_with_dataset_expressions to None, run_after=None
[2025-02-23T04:56:00.370+0000] {logging_mixin.py:190} INFO - [2025-02-23T04:56:00.369+0000] {dag.py:4180} INFO - Setting next_dagrun for dataset_consumes_1 to None, run_after=None
[2025-02-23T04:56:00.370+0000] {logging_mixin.py:190} INFO - [2025-02-23T04:56:00.370+0000] {dag.py:4180} INFO - Setting next_dagrun for dataset_consumes_1_and_2 to None, run_after=None
[2025-02-23T04:56:00.371+0000] {logging_mixin.py:190} INFO - [2025-02-23T04:56:00.371+0000] {dag.py:4180} INFO - Setting next_dagrun for dataset_consumes_1_never_scheduled to None, run_after=None
[2025-02-23T04:56:00.372+0000] {logging_mixin.py:190} INFO - [2025-02-23T04:56:00.372+0000] {dag.py:4180} INFO - Setting next_dagrun for dataset_consumes_unknown_never_scheduled to None, run_after=None
[2025-02-23T04:56:00.374+0000] {logging_mixin.py:190} INFO - [2025-02-23T04:56:00.374+0000] {dag.py:4180} INFO - Setting next_dagrun for dataset_produces_1 to 2025-02-22 00:00:00+00:00, run_after=2025-02-23 00:00:00+00:00
[2025-02-23T04:56:00.375+0000] {logging_mixin.py:190} INFO - [2025-02-23T04:56:00.375+0000] {dag.py:4180} INFO - Setting next_dagrun for dataset_produces_2 to None, run_after=None
[2025-02-23T04:56:00.400+0000] {processor.py:208} INFO - Processing /home/airflow/.local/lib/python3.12/site-packages/airflow/example_dags/example_datasets.py took 0.595 seconds
[2025-02-23T04:56:30.910+0000] {processor.py:186} INFO - Started process (PID=1300) to work on /home/airflow/.local/lib/python3.12/site-packages/airflow/example_dags/example_datasets.py
[2025-02-23T04:56:30.911+0000] {processor.py:914} INFO - Processing file /home/airflow/.local/lib/python3.12/site-packages/airflow/example_dags/example_datasets.py for tasks to queue
[2025-02-23T04:56:30.912+0000] {logging_mixin.py:190} INFO - [2025-02-23T04:56:30.912+0000] {dagbag.py:588} INFO - Filling up the DagBag from /home/airflow/.local/lib/python3.12/site-packages/airflow/example_dags/example_datasets.py
[2025-02-23T04:56:31.428+0000] {processor.py:925} INFO - DAG(s) 'conditional_dataset_and_time_based_timetable', 'consume_1_or_both_2_and_3_with_dataset_expressions', 'dataset_produces_2', 'dataset_consumes_unknown_never_scheduled', 'dataset_produces_1', 'consume_1_or_2_with_dataset_expressions', 'consume_1_and_2_with_dataset_expressions', 'dataset_consumes_1_never_scheduled', 'dataset_consumes_1_and_2', 'dataset_consumes_1' retrieved from /home/airflow/.local/lib/python3.12/site-packages/airflow/example_dags/example_datasets.py
[2025-02-23T04:56:31.460+0000] {logging_mixin.py:190} INFO - [2025-02-23T04:56:31.460+0000] {dag.py:3239} INFO - Sync 10 DAGs
[2025-02-23T04:56:31.483+0000] {logging_mixin.py:190} INFO - [2025-02-23T04:56:31.483+0000] {dag.py:4180} INFO - Setting next_dagrun for conditional_dataset_and_time_based_timetable to 2025-02-19 01:00:00+00:00, run_after=2025-02-19 01:00:00+00:00
[2025-02-23T04:56:31.486+0000] {logging_mixin.py:190} INFO - [2025-02-23T04:56:31.486+0000] {dag.py:4180} INFO - Setting next_dagrun for consume_1_and_2_with_dataset_expressions to None, run_after=None
[2025-02-23T04:56:31.488+0000] {logging_mixin.py:190} INFO - [2025-02-23T04:56:31.487+0000] {dag.py:4180} INFO - Setting next_dagrun for consume_1_or_2_with_dataset_expressions to None, run_after=None
[2025-02-23T04:56:31.489+0000] {logging_mixin.py:190} INFO - [2025-02-23T04:56:31.489+0000] {dag.py:4180} INFO - Setting next_dagrun for consume_1_or_both_2_and_3_with_dataset_expressions to None, run_after=None
[2025-02-23T04:56:31.490+0000] {logging_mixin.py:190} INFO - [2025-02-23T04:56:31.489+0000] {dag.py:4180} INFO - Setting next_dagrun for dataset_consumes_1 to None, run_after=None
[2025-02-23T04:56:31.491+0000] {logging_mixin.py:190} INFO - [2025-02-23T04:56:31.490+0000] {dag.py:4180} INFO - Setting next_dagrun for dataset_consumes_1_and_2 to None, run_after=None
[2025-02-23T04:56:31.491+0000] {logging_mixin.py:190} INFO - [2025-02-23T04:56:31.491+0000] {dag.py:4180} INFO - Setting next_dagrun for dataset_consumes_1_never_scheduled to None, run_after=None
[2025-02-23T04:56:31.492+0000] {logging_mixin.py:190} INFO - [2025-02-23T04:56:31.492+0000] {dag.py:4180} INFO - Setting next_dagrun for dataset_consumes_unknown_never_scheduled to None, run_after=None
[2025-02-23T04:56:31.495+0000] {logging_mixin.py:190} INFO - [2025-02-23T04:56:31.494+0000] {dag.py:4180} INFO - Setting next_dagrun for dataset_produces_1 to 2025-02-22 00:00:00+00:00, run_after=2025-02-23 00:00:00+00:00
[2025-02-23T04:56:31.496+0000] {logging_mixin.py:190} INFO - [2025-02-23T04:56:31.496+0000] {dag.py:4180} INFO - Setting next_dagrun for dataset_produces_2 to None, run_after=None
[2025-02-23T04:56:31.521+0000] {processor.py:208} INFO - Processing /home/airflow/.local/lib/python3.12/site-packages/airflow/example_dags/example_datasets.py took 0.615 seconds
