[2025-02-23T04:46:44.879+0000] {processor.py:186} INFO - Started process (PID=119) to work on /home/airflow/.local/lib/python3.12/site-packages/airflow/example_dags/example_task_group_decorator.py
[2025-02-23T04:46:44.880+0000] {processor.py:914} INFO - Processing file /home/airflow/.local/lib/python3.12/site-packages/airflow/example_dags/example_task_group_decorator.py for tasks to queue
[2025-02-23T04:46:44.882+0000] {logging_mixin.py:190} INFO - [2025-02-23T04:46:44.882+0000] {dagbag.py:588} INFO - Filling up the DagBag from /home/airflow/.local/lib/python3.12/site-packages/airflow/example_dags/example_task_group_decorator.py
[2025-02-23T04:46:44.901+0000] {processor.py:925} INFO - DAG(s) 'example_task_group_decorator' retrieved from /home/airflow/.local/lib/python3.12/site-packages/airflow/example_dags/example_task_group_decorator.py
[2025-02-23T04:46:45.027+0000] {logging_mixin.py:190} INFO - [2025-02-23T04:46:45.027+0000] {override.py:1911} INFO - Created Permission View: can read on DAG:example_task_group_decorator
[2025-02-23T04:46:45.040+0000] {logging_mixin.py:190} INFO - [2025-02-23T04:46:45.040+0000] {override.py:1911} INFO - Created Permission View: can delete on DAG:example_task_group_decorator
[2025-02-23T04:46:45.045+0000] {logging_mixin.py:190} INFO - [2025-02-23T04:46:45.045+0000] {override.py:1911} INFO - Created Permission View: can edit on DAG:example_task_group_decorator
[2025-02-23T04:46:45.052+0000] {logging_mixin.py:190} INFO - [2025-02-23T04:46:45.051+0000] {override.py:1911} INFO - Created Permission View: can read on DAG Run:example_task_group_decorator
[2025-02-23T04:46:45.057+0000] {logging_mixin.py:190} INFO - [2025-02-23T04:46:45.057+0000] {override.py:1911} INFO - Created Permission View: can create on DAG Run:example_task_group_decorator
[2025-02-23T04:46:45.063+0000] {logging_mixin.py:190} INFO - [2025-02-23T04:46:45.063+0000] {override.py:1911} INFO - Created Permission View: can delete on DAG Run:example_task_group_decorator
[2025-02-23T04:46:45.069+0000] {logging_mixin.py:190} INFO - [2025-02-23T04:46:45.068+0000] {override.py:1911} INFO - Created Permission View: menu access on DAG Run:example_task_group_decorator
[2025-02-23T04:46:45.069+0000] {logging_mixin.py:190} INFO - [2025-02-23T04:46:45.069+0000] {dag.py:3239} INFO - Sync 1 DAGs
[2025-02-23T04:46:45.084+0000] {logging_mixin.py:190} INFO - [2025-02-23T04:46:45.084+0000] {dag.py:3262} INFO - Creating ORM DAG for example_task_group_decorator
[2025-02-23T04:46:45.085+0000] {logging_mixin.py:190} INFO - [2025-02-23T04:46:45.085+0000] {dag.py:4180} INFO - Setting next_dagrun for example_task_group_decorator to None, run_after=None
[2025-02-23T04:46:45.101+0000] {processor.py:208} INFO - Processing /home/airflow/.local/lib/python3.12/site-packages/airflow/example_dags/example_task_group_decorator.py took 0.227 seconds
[2025-02-23T04:47:15.144+0000] {processor.py:186} INFO - Started process (PID=181) to work on /home/airflow/.local/lib/python3.12/site-packages/airflow/example_dags/example_task_group_decorator.py
[2025-02-23T04:47:15.144+0000] {processor.py:914} INFO - Processing file /home/airflow/.local/lib/python3.12/site-packages/airflow/example_dags/example_task_group_decorator.py for tasks to queue
[2025-02-23T04:47:15.146+0000] {logging_mixin.py:190} INFO - [2025-02-23T04:47:15.146+0000] {dagbag.py:588} INFO - Filling up the DagBag from /home/airflow/.local/lib/python3.12/site-packages/airflow/example_dags/example_task_group_decorator.py
[2025-02-23T04:47:15.158+0000] {processor.py:925} INFO - DAG(s) 'example_task_group_decorator' retrieved from /home/airflow/.local/lib/python3.12/site-packages/airflow/example_dags/example_task_group_decorator.py
[2025-02-23T04:47:15.176+0000] {logging_mixin.py:190} INFO - [2025-02-23T04:47:15.176+0000] {dag.py:3239} INFO - Sync 1 DAGs
[2025-02-23T04:47:15.187+0000] {logging_mixin.py:190} INFO - [2025-02-23T04:47:15.187+0000] {dag.py:4180} INFO - Setting next_dagrun for example_task_group_decorator to None, run_after=None
[2025-02-23T04:47:15.199+0000] {processor.py:208} INFO - Processing /home/airflow/.local/lib/python3.12/site-packages/airflow/example_dags/example_task_group_decorator.py took 0.059 seconds
[2025-02-23T04:47:46.136+0000] {processor.py:186} INFO - Started process (PID=244) to work on /home/airflow/.local/lib/python3.12/site-packages/airflow/example_dags/example_task_group_decorator.py
[2025-02-23T04:47:46.137+0000] {processor.py:914} INFO - Processing file /home/airflow/.local/lib/python3.12/site-packages/airflow/example_dags/example_task_group_decorator.py for tasks to queue
[2025-02-23T04:47:46.139+0000] {logging_mixin.py:190} INFO - [2025-02-23T04:47:46.138+0000] {dagbag.py:588} INFO - Filling up the DagBag from /home/airflow/.local/lib/python3.12/site-packages/airflow/example_dags/example_task_group_decorator.py
[2025-02-23T04:47:46.153+0000] {processor.py:925} INFO - DAG(s) 'example_task_group_decorator' retrieved from /home/airflow/.local/lib/python3.12/site-packages/airflow/example_dags/example_task_group_decorator.py
[2025-02-23T04:47:46.173+0000] {logging_mixin.py:190} INFO - [2025-02-23T04:47:46.173+0000] {dag.py:3239} INFO - Sync 1 DAGs
[2025-02-23T04:47:46.184+0000] {logging_mixin.py:190} INFO - [2025-02-23T04:47:46.184+0000] {dag.py:4180} INFO - Setting next_dagrun for example_task_group_decorator to None, run_after=None
[2025-02-23T04:47:46.199+0000] {processor.py:208} INFO - Processing /home/airflow/.local/lib/python3.12/site-packages/airflow/example_dags/example_task_group_decorator.py took 0.068 seconds
[2025-02-23T04:48:16.994+0000] {processor.py:186} INFO - Started process (PID=308) to work on /home/airflow/.local/lib/python3.12/site-packages/airflow/example_dags/example_task_group_decorator.py
[2025-02-23T04:48:16.995+0000] {processor.py:914} INFO - Processing file /home/airflow/.local/lib/python3.12/site-packages/airflow/example_dags/example_task_group_decorator.py for tasks to queue
[2025-02-23T04:48:16.996+0000] {logging_mixin.py:190} INFO - [2025-02-23T04:48:16.996+0000] {dagbag.py:588} INFO - Filling up the DagBag from /home/airflow/.local/lib/python3.12/site-packages/airflow/example_dags/example_task_group_decorator.py
[2025-02-23T04:48:17.008+0000] {processor.py:925} INFO - DAG(s) 'example_task_group_decorator' retrieved from /home/airflow/.local/lib/python3.12/site-packages/airflow/example_dags/example_task_group_decorator.py
[2025-02-23T04:48:17.027+0000] {logging_mixin.py:190} INFO - [2025-02-23T04:48:17.027+0000] {dag.py:3239} INFO - Sync 1 DAGs
[2025-02-23T04:48:17.039+0000] {logging_mixin.py:190} INFO - [2025-02-23T04:48:17.039+0000] {dag.py:4180} INFO - Setting next_dagrun for example_task_group_decorator to None, run_after=None
[2025-02-23T04:48:17.054+0000] {processor.py:208} INFO - Processing /home/airflow/.local/lib/python3.12/site-packages/airflow/example_dags/example_task_group_decorator.py took 0.064 seconds
[2025-02-23T04:48:47.587+0000] {processor.py:186} INFO - Started process (PID=371) to work on /home/airflow/.local/lib/python3.12/site-packages/airflow/example_dags/example_task_group_decorator.py
[2025-02-23T04:48:47.588+0000] {processor.py:914} INFO - Processing file /home/airflow/.local/lib/python3.12/site-packages/airflow/example_dags/example_task_group_decorator.py for tasks to queue
[2025-02-23T04:48:47.590+0000] {logging_mixin.py:190} INFO - [2025-02-23T04:48:47.590+0000] {dagbag.py:588} INFO - Filling up the DagBag from /home/airflow/.local/lib/python3.12/site-packages/airflow/example_dags/example_task_group_decorator.py
[2025-02-23T04:48:47.607+0000] {processor.py:925} INFO - DAG(s) 'example_task_group_decorator' retrieved from /home/airflow/.local/lib/python3.12/site-packages/airflow/example_dags/example_task_group_decorator.py
[2025-02-23T04:48:47.661+0000] {logging_mixin.py:190} INFO - [2025-02-23T04:48:47.660+0000] {dag.py:3239} INFO - Sync 1 DAGs
[2025-02-23T04:48:47.677+0000] {logging_mixin.py:190} INFO - [2025-02-23T04:48:47.677+0000] {dag.py:4180} INFO - Setting next_dagrun for example_task_group_decorator to None, run_after=None
[2025-02-23T04:48:47.705+0000] {processor.py:208} INFO - Processing /home/airflow/.local/lib/python3.12/site-packages/airflow/example_dags/example_task_group_decorator.py took 0.124 seconds
[2025-02-23T04:49:18.799+0000] {processor.py:186} INFO - Started process (PID=434) to work on /home/airflow/.local/lib/python3.12/site-packages/airflow/example_dags/example_task_group_decorator.py
[2025-02-23T04:49:18.800+0000] {processor.py:914} INFO - Processing file /home/airflow/.local/lib/python3.12/site-packages/airflow/example_dags/example_task_group_decorator.py for tasks to queue
[2025-02-23T04:49:18.802+0000] {logging_mixin.py:190} INFO - [2025-02-23T04:49:18.802+0000] {dagbag.py:588} INFO - Filling up the DagBag from /home/airflow/.local/lib/python3.12/site-packages/airflow/example_dags/example_task_group_decorator.py
[2025-02-23T04:49:18.818+0000] {processor.py:925} INFO - DAG(s) 'example_task_group_decorator' retrieved from /home/airflow/.local/lib/python3.12/site-packages/airflow/example_dags/example_task_group_decorator.py
[2025-02-23T04:49:18.839+0000] {logging_mixin.py:190} INFO - [2025-02-23T04:49:18.839+0000] {dag.py:3239} INFO - Sync 1 DAGs
[2025-02-23T04:49:18.850+0000] {logging_mixin.py:190} INFO - [2025-02-23T04:49:18.850+0000] {dag.py:4180} INFO - Setting next_dagrun for example_task_group_decorator to None, run_after=None
[2025-02-23T04:49:18.863+0000] {processor.py:208} INFO - Processing /home/airflow/.local/lib/python3.12/site-packages/airflow/example_dags/example_task_group_decorator.py took 0.070 seconds
[2025-02-23T04:49:49.901+0000] {processor.py:186} INFO - Started process (PID=497) to work on /home/airflow/.local/lib/python3.12/site-packages/airflow/example_dags/example_task_group_decorator.py
[2025-02-23T04:49:49.902+0000] {processor.py:914} INFO - Processing file /home/airflow/.local/lib/python3.12/site-packages/airflow/example_dags/example_task_group_decorator.py for tasks to queue
[2025-02-23T04:49:49.903+0000] {logging_mixin.py:190} INFO - [2025-02-23T04:49:49.903+0000] {dagbag.py:588} INFO - Filling up the DagBag from /home/airflow/.local/lib/python3.12/site-packages/airflow/example_dags/example_task_group_decorator.py
[2025-02-23T04:49:49.916+0000] {processor.py:925} INFO - DAG(s) 'example_task_group_decorator' retrieved from /home/airflow/.local/lib/python3.12/site-packages/airflow/example_dags/example_task_group_decorator.py
[2025-02-23T04:49:49.938+0000] {logging_mixin.py:190} INFO - [2025-02-23T04:49:49.938+0000] {dag.py:3239} INFO - Sync 1 DAGs
[2025-02-23T04:49:49.949+0000] {logging_mixin.py:190} INFO - [2025-02-23T04:49:49.949+0000] {dag.py:4180} INFO - Setting next_dagrun for example_task_group_decorator to None, run_after=None
[2025-02-23T04:49:49.963+0000] {processor.py:208} INFO - Processing /home/airflow/.local/lib/python3.12/site-packages/airflow/example_dags/example_task_group_decorator.py took 0.067 seconds
[2025-02-23T04:50:21.160+0000] {processor.py:186} INFO - Started process (PID=560) to work on /home/airflow/.local/lib/python3.12/site-packages/airflow/example_dags/example_task_group_decorator.py
[2025-02-23T04:50:21.161+0000] {processor.py:914} INFO - Processing file /home/airflow/.local/lib/python3.12/site-packages/airflow/example_dags/example_task_group_decorator.py for tasks to queue
[2025-02-23T04:50:21.163+0000] {logging_mixin.py:190} INFO - [2025-02-23T04:50:21.163+0000] {dagbag.py:588} INFO - Filling up the DagBag from /home/airflow/.local/lib/python3.12/site-packages/airflow/example_dags/example_task_group_decorator.py
[2025-02-23T04:50:21.181+0000] {processor.py:925} INFO - DAG(s) 'example_task_group_decorator' retrieved from /home/airflow/.local/lib/python3.12/site-packages/airflow/example_dags/example_task_group_decorator.py
[2025-02-23T04:50:21.207+0000] {logging_mixin.py:190} INFO - [2025-02-23T04:50:21.207+0000] {dag.py:3239} INFO - Sync 1 DAGs
[2025-02-23T04:50:21.222+0000] {logging_mixin.py:190} INFO - [2025-02-23T04:50:21.222+0000] {dag.py:4180} INFO - Setting next_dagrun for example_task_group_decorator to None, run_after=None
[2025-02-23T04:50:21.236+0000] {processor.py:208} INFO - Processing /home/airflow/.local/lib/python3.12/site-packages/airflow/example_dags/example_task_group_decorator.py took 0.082 seconds
[2025-02-23T04:50:52.261+0000] {processor.py:186} INFO - Started process (PID=623) to work on /home/airflow/.local/lib/python3.12/site-packages/airflow/example_dags/example_task_group_decorator.py
[2025-02-23T04:50:52.262+0000] {processor.py:914} INFO - Processing file /home/airflow/.local/lib/python3.12/site-packages/airflow/example_dags/example_task_group_decorator.py for tasks to queue
[2025-02-23T04:50:52.263+0000] {logging_mixin.py:190} INFO - [2025-02-23T04:50:52.263+0000] {dagbag.py:588} INFO - Filling up the DagBag from /home/airflow/.local/lib/python3.12/site-packages/airflow/example_dags/example_task_group_decorator.py
[2025-02-23T04:50:52.277+0000] {processor.py:925} INFO - DAG(s) 'example_task_group_decorator' retrieved from /home/airflow/.local/lib/python3.12/site-packages/airflow/example_dags/example_task_group_decorator.py
[2025-02-23T04:50:52.298+0000] {logging_mixin.py:190} INFO - [2025-02-23T04:50:52.298+0000] {dag.py:3239} INFO - Sync 1 DAGs
[2025-02-23T04:50:52.310+0000] {logging_mixin.py:190} INFO - [2025-02-23T04:50:52.309+0000] {dag.py:4180} INFO - Setting next_dagrun for example_task_group_decorator to None, run_after=None
[2025-02-23T04:50:52.325+0000] {processor.py:208} INFO - Processing /home/airflow/.local/lib/python3.12/site-packages/airflow/example_dags/example_task_group_decorator.py took 0.068 seconds
[2025-02-23T04:51:23.352+0000] {processor.py:186} INFO - Started process (PID=686) to work on /home/airflow/.local/lib/python3.12/site-packages/airflow/example_dags/example_task_group_decorator.py
[2025-02-23T04:51:23.353+0000] {processor.py:914} INFO - Processing file /home/airflow/.local/lib/python3.12/site-packages/airflow/example_dags/example_task_group_decorator.py for tasks to queue
[2025-02-23T04:51:23.355+0000] {logging_mixin.py:190} INFO - [2025-02-23T04:51:23.354+0000] {dagbag.py:588} INFO - Filling up the DagBag from /home/airflow/.local/lib/python3.12/site-packages/airflow/example_dags/example_task_group_decorator.py
[2025-02-23T04:51:23.372+0000] {processor.py:925} INFO - DAG(s) 'example_task_group_decorator' retrieved from /home/airflow/.local/lib/python3.12/site-packages/airflow/example_dags/example_task_group_decorator.py
[2025-02-23T04:51:23.401+0000] {logging_mixin.py:190} INFO - [2025-02-23T04:51:23.401+0000] {dag.py:3239} INFO - Sync 1 DAGs
[2025-02-23T04:51:23.417+0000] {logging_mixin.py:190} INFO - [2025-02-23T04:51:23.417+0000] {dag.py:4180} INFO - Setting next_dagrun for example_task_group_decorator to None, run_after=None
[2025-02-23T04:51:23.430+0000] {processor.py:208} INFO - Processing /home/airflow/.local/lib/python3.12/site-packages/airflow/example_dags/example_task_group_decorator.py took 0.084 seconds
[2025-02-23T04:51:54.112+0000] {processor.py:186} INFO - Started process (PID=749) to work on /home/airflow/.local/lib/python3.12/site-packages/airflow/example_dags/example_task_group_decorator.py
[2025-02-23T04:51:54.112+0000] {processor.py:914} INFO - Processing file /home/airflow/.local/lib/python3.12/site-packages/airflow/example_dags/example_task_group_decorator.py for tasks to queue
[2025-02-23T04:51:54.114+0000] {logging_mixin.py:190} INFO - [2025-02-23T04:51:54.114+0000] {dagbag.py:588} INFO - Filling up the DagBag from /home/airflow/.local/lib/python3.12/site-packages/airflow/example_dags/example_task_group_decorator.py
[2025-02-23T04:51:54.126+0000] {processor.py:925} INFO - DAG(s) 'example_task_group_decorator' retrieved from /home/airflow/.local/lib/python3.12/site-packages/airflow/example_dags/example_task_group_decorator.py
[2025-02-23T04:51:54.150+0000] {logging_mixin.py:190} INFO - [2025-02-23T04:51:54.150+0000] {dag.py:3239} INFO - Sync 1 DAGs
[2025-02-23T04:51:54.165+0000] {logging_mixin.py:190} INFO - [2025-02-23T04:51:54.165+0000] {dag.py:4180} INFO - Setting next_dagrun for example_task_group_decorator to None, run_after=None
[2025-02-23T04:51:54.181+0000] {processor.py:208} INFO - Processing /home/airflow/.local/lib/python3.12/site-packages/airflow/example_dags/example_task_group_decorator.py took 0.075 seconds
[2025-02-23T04:52:24.757+0000] {processor.py:186} INFO - Started process (PID=812) to work on /home/airflow/.local/lib/python3.12/site-packages/airflow/example_dags/example_task_group_decorator.py
[2025-02-23T04:52:24.758+0000] {processor.py:914} INFO - Processing file /home/airflow/.local/lib/python3.12/site-packages/airflow/example_dags/example_task_group_decorator.py for tasks to queue
[2025-02-23T04:52:24.759+0000] {logging_mixin.py:190} INFO - [2025-02-23T04:52:24.759+0000] {dagbag.py:588} INFO - Filling up the DagBag from /home/airflow/.local/lib/python3.12/site-packages/airflow/example_dags/example_task_group_decorator.py
[2025-02-23T04:52:24.773+0000] {processor.py:925} INFO - DAG(s) 'example_task_group_decorator' retrieved from /home/airflow/.local/lib/python3.12/site-packages/airflow/example_dags/example_task_group_decorator.py
[2025-02-23T04:52:24.795+0000] {logging_mixin.py:190} INFO - [2025-02-23T04:52:24.795+0000] {dag.py:3239} INFO - Sync 1 DAGs
[2025-02-23T04:52:24.807+0000] {logging_mixin.py:190} INFO - [2025-02-23T04:52:24.807+0000] {dag.py:4180} INFO - Setting next_dagrun for example_task_group_decorator to None, run_after=None
[2025-02-23T04:52:24.821+0000] {processor.py:208} INFO - Processing /home/airflow/.local/lib/python3.12/site-packages/airflow/example_dags/example_task_group_decorator.py took 0.068 seconds
[2025-02-23T04:52:55.551+0000] {processor.py:186} INFO - Started process (PID=875) to work on /home/airflow/.local/lib/python3.12/site-packages/airflow/example_dags/example_task_group_decorator.py
[2025-02-23T04:52:55.552+0000] {processor.py:914} INFO - Processing file /home/airflow/.local/lib/python3.12/site-packages/airflow/example_dags/example_task_group_decorator.py for tasks to queue
[2025-02-23T04:52:55.553+0000] {logging_mixin.py:190} INFO - [2025-02-23T04:52:55.553+0000] {dagbag.py:588} INFO - Filling up the DagBag from /home/airflow/.local/lib/python3.12/site-packages/airflow/example_dags/example_task_group_decorator.py
[2025-02-23T04:52:55.565+0000] {processor.py:925} INFO - DAG(s) 'example_task_group_decorator' retrieved from /home/airflow/.local/lib/python3.12/site-packages/airflow/example_dags/example_task_group_decorator.py
[2025-02-23T04:52:55.584+0000] {logging_mixin.py:190} INFO - [2025-02-23T04:52:55.584+0000] {dag.py:3239} INFO - Sync 1 DAGs
[2025-02-23T04:52:55.595+0000] {logging_mixin.py:190} INFO - [2025-02-23T04:52:55.595+0000] {dag.py:4180} INFO - Setting next_dagrun for example_task_group_decorator to None, run_after=None
[2025-02-23T04:52:55.607+0000] {processor.py:208} INFO - Processing /home/airflow/.local/lib/python3.12/site-packages/airflow/example_dags/example_task_group_decorator.py took 0.060 seconds
[2025-02-23T04:53:26.195+0000] {processor.py:186} INFO - Started process (PID=938) to work on /home/airflow/.local/lib/python3.12/site-packages/airflow/example_dags/example_task_group_decorator.py
[2025-02-23T04:53:26.196+0000] {processor.py:914} INFO - Processing file /home/airflow/.local/lib/python3.12/site-packages/airflow/example_dags/example_task_group_decorator.py for tasks to queue
[2025-02-23T04:53:26.197+0000] {logging_mixin.py:190} INFO - [2025-02-23T04:53:26.197+0000] {dagbag.py:588} INFO - Filling up the DagBag from /home/airflow/.local/lib/python3.12/site-packages/airflow/example_dags/example_task_group_decorator.py
[2025-02-23T04:53:26.209+0000] {processor.py:925} INFO - DAG(s) 'example_task_group_decorator' retrieved from /home/airflow/.local/lib/python3.12/site-packages/airflow/example_dags/example_task_group_decorator.py
[2025-02-23T04:53:26.228+0000] {logging_mixin.py:190} INFO - [2025-02-23T04:53:26.228+0000] {dag.py:3239} INFO - Sync 1 DAGs
[2025-02-23T04:53:26.238+0000] {logging_mixin.py:190} INFO - [2025-02-23T04:53:26.238+0000] {dag.py:4180} INFO - Setting next_dagrun for example_task_group_decorator to None, run_after=None
[2025-02-23T04:53:26.250+0000] {processor.py:208} INFO - Processing /home/airflow/.local/lib/python3.12/site-packages/airflow/example_dags/example_task_group_decorator.py took 0.059 seconds
[2025-02-23T04:53:56.859+0000] {processor.py:186} INFO - Started process (PID=1001) to work on /home/airflow/.local/lib/python3.12/site-packages/airflow/example_dags/example_task_group_decorator.py
[2025-02-23T04:53:56.860+0000] {processor.py:914} INFO - Processing file /home/airflow/.local/lib/python3.12/site-packages/airflow/example_dags/example_task_group_decorator.py for tasks to queue
[2025-02-23T04:53:56.862+0000] {logging_mixin.py:190} INFO - [2025-02-23T04:53:56.861+0000] {dagbag.py:588} INFO - Filling up the DagBag from /home/airflow/.local/lib/python3.12/site-packages/airflow/example_dags/example_task_group_decorator.py
[2025-02-23T04:53:56.875+0000] {processor.py:925} INFO - DAG(s) 'example_task_group_decorator' retrieved from /home/airflow/.local/lib/python3.12/site-packages/airflow/example_dags/example_task_group_decorator.py
[2025-02-23T04:53:56.898+0000] {logging_mixin.py:190} INFO - [2025-02-23T04:53:56.898+0000] {dag.py:3239} INFO - Sync 1 DAGs
[2025-02-23T04:53:56.910+0000] {logging_mixin.py:190} INFO - [2025-02-23T04:53:56.909+0000] {dag.py:4180} INFO - Setting next_dagrun for example_task_group_decorator to None, run_after=None
[2025-02-23T04:53:56.923+0000] {processor.py:208} INFO - Processing /home/airflow/.local/lib/python3.12/site-packages/airflow/example_dags/example_task_group_decorator.py took 0.069 seconds
[2025-02-23T04:54:27.628+0000] {processor.py:186} INFO - Started process (PID=1064) to work on /home/airflow/.local/lib/python3.12/site-packages/airflow/example_dags/example_task_group_decorator.py
[2025-02-23T04:54:27.629+0000] {processor.py:914} INFO - Processing file /home/airflow/.local/lib/python3.12/site-packages/airflow/example_dags/example_task_group_decorator.py for tasks to queue
[2025-02-23T04:54:27.631+0000] {logging_mixin.py:190} INFO - [2025-02-23T04:54:27.630+0000] {dagbag.py:588} INFO - Filling up the DagBag from /home/airflow/.local/lib/python3.12/site-packages/airflow/example_dags/example_task_group_decorator.py
[2025-02-23T04:54:27.643+0000] {processor.py:925} INFO - DAG(s) 'example_task_group_decorator' retrieved from /home/airflow/.local/lib/python3.12/site-packages/airflow/example_dags/example_task_group_decorator.py
[2025-02-23T04:54:27.668+0000] {logging_mixin.py:190} INFO - [2025-02-23T04:54:27.667+0000] {dag.py:3239} INFO - Sync 1 DAGs
[2025-02-23T04:54:27.679+0000] {logging_mixin.py:190} INFO - [2025-02-23T04:54:27.679+0000] {dag.py:4180} INFO - Setting next_dagrun for example_task_group_decorator to None, run_after=None
[2025-02-23T04:54:27.692+0000] {processor.py:208} INFO - Processing /home/airflow/.local/lib/python3.12/site-packages/airflow/example_dags/example_task_group_decorator.py took 0.068 seconds
[2025-02-23T04:54:59.030+0000] {processor.py:186} INFO - Started process (PID=1127) to work on /home/airflow/.local/lib/python3.12/site-packages/airflow/example_dags/example_task_group_decorator.py
[2025-02-23T04:54:59.031+0000] {processor.py:914} INFO - Processing file /home/airflow/.local/lib/python3.12/site-packages/airflow/example_dags/example_task_group_decorator.py for tasks to queue
[2025-02-23T04:54:59.032+0000] {logging_mixin.py:190} INFO - [2025-02-23T04:54:59.032+0000] {dagbag.py:588} INFO - Filling up the DagBag from /home/airflow/.local/lib/python3.12/site-packages/airflow/example_dags/example_task_group_decorator.py
[2025-02-23T04:54:59.044+0000] {processor.py:925} INFO - DAG(s) 'example_task_group_decorator' retrieved from /home/airflow/.local/lib/python3.12/site-packages/airflow/example_dags/example_task_group_decorator.py
[2025-02-23T04:54:59.063+0000] {logging_mixin.py:190} INFO - [2025-02-23T04:54:59.063+0000] {dag.py:3239} INFO - Sync 1 DAGs
[2025-02-23T04:54:59.074+0000] {logging_mixin.py:190} INFO - [2025-02-23T04:54:59.074+0000] {dag.py:4180} INFO - Setting next_dagrun for example_task_group_decorator to None, run_after=None
[2025-02-23T04:54:59.087+0000] {processor.py:208} INFO - Processing /home/airflow/.local/lib/python3.12/site-packages/airflow/example_dags/example_task_group_decorator.py took 0.061 seconds
[2025-02-23T04:55:30.302+0000] {processor.py:186} INFO - Started process (PID=1190) to work on /home/airflow/.local/lib/python3.12/site-packages/airflow/example_dags/example_task_group_decorator.py
[2025-02-23T04:55:30.302+0000] {processor.py:914} INFO - Processing file /home/airflow/.local/lib/python3.12/site-packages/airflow/example_dags/example_task_group_decorator.py for tasks to queue
[2025-02-23T04:55:30.304+0000] {logging_mixin.py:190} INFO - [2025-02-23T04:55:30.303+0000] {dagbag.py:588} INFO - Filling up the DagBag from /home/airflow/.local/lib/python3.12/site-packages/airflow/example_dags/example_task_group_decorator.py
[2025-02-23T04:55:30.317+0000] {processor.py:925} INFO - DAG(s) 'example_task_group_decorator' retrieved from /home/airflow/.local/lib/python3.12/site-packages/airflow/example_dags/example_task_group_decorator.py
[2025-02-23T04:55:30.342+0000] {logging_mixin.py:190} INFO - [2025-02-23T04:55:30.342+0000] {dag.py:3239} INFO - Sync 1 DAGs
[2025-02-23T04:55:30.357+0000] {logging_mixin.py:190} INFO - [2025-02-23T04:55:30.357+0000] {dag.py:4180} INFO - Setting next_dagrun for example_task_group_decorator to None, run_after=None
[2025-02-23T04:55:30.371+0000] {processor.py:208} INFO - Processing /home/airflow/.local/lib/python3.12/site-packages/airflow/example_dags/example_task_group_decorator.py took 0.074 seconds
[2025-02-23T04:56:01.722+0000] {processor.py:186} INFO - Started process (PID=1253) to work on /home/airflow/.local/lib/python3.12/site-packages/airflow/example_dags/example_task_group_decorator.py
[2025-02-23T04:56:01.722+0000] {processor.py:914} INFO - Processing file /home/airflow/.local/lib/python3.12/site-packages/airflow/example_dags/example_task_group_decorator.py for tasks to queue
[2025-02-23T04:56:01.724+0000] {logging_mixin.py:190} INFO - [2025-02-23T04:56:01.724+0000] {dagbag.py:588} INFO - Filling up the DagBag from /home/airflow/.local/lib/python3.12/site-packages/airflow/example_dags/example_task_group_decorator.py
[2025-02-23T04:56:01.738+0000] {processor.py:925} INFO - DAG(s) 'example_task_group_decorator' retrieved from /home/airflow/.local/lib/python3.12/site-packages/airflow/example_dags/example_task_group_decorator.py
[2025-02-23T04:56:01.765+0000] {logging_mixin.py:190} INFO - [2025-02-23T04:56:01.765+0000] {dag.py:3239} INFO - Sync 1 DAGs
[2025-02-23T04:56:01.776+0000] {logging_mixin.py:190} INFO - [2025-02-23T04:56:01.776+0000] {dag.py:4180} INFO - Setting next_dagrun for example_task_group_decorator to None, run_after=None
[2025-02-23T04:56:01.793+0000] {processor.py:208} INFO - Processing /home/airflow/.local/lib/python3.12/site-packages/airflow/example_dags/example_task_group_decorator.py took 0.075 seconds
[2025-02-23T04:56:32.841+0000] {processor.py:186} INFO - Started process (PID=1317) to work on /home/airflow/.local/lib/python3.12/site-packages/airflow/example_dags/example_task_group_decorator.py
[2025-02-23T04:56:32.842+0000] {processor.py:914} INFO - Processing file /home/airflow/.local/lib/python3.12/site-packages/airflow/example_dags/example_task_group_decorator.py for tasks to queue
[2025-02-23T04:56:32.844+0000] {logging_mixin.py:190} INFO - [2025-02-23T04:56:32.844+0000] {dagbag.py:588} INFO - Filling up the DagBag from /home/airflow/.local/lib/python3.12/site-packages/airflow/example_dags/example_task_group_decorator.py
[2025-02-23T04:56:32.859+0000] {processor.py:925} INFO - DAG(s) 'example_task_group_decorator' retrieved from /home/airflow/.local/lib/python3.12/site-packages/airflow/example_dags/example_task_group_decorator.py
[2025-02-23T04:56:32.882+0000] {logging_mixin.py:190} INFO - [2025-02-23T04:56:32.882+0000] {dag.py:3239} INFO - Sync 1 DAGs
[2025-02-23T04:56:32.894+0000] {logging_mixin.py:190} INFO - [2025-02-23T04:56:32.894+0000] {dag.py:4180} INFO - Setting next_dagrun for example_task_group_decorator to None, run_after=None
[2025-02-23T04:56:32.909+0000] {processor.py:208} INFO - Processing /home/airflow/.local/lib/python3.12/site-packages/airflow/example_dags/example_task_group_decorator.py took 0.072 seconds
[2025-02-23T04:57:03.976+0000] {processor.py:186} INFO - Started process (PID=1383) to work on /home/airflow/.local/lib/python3.12/site-packages/airflow/example_dags/example_task_group_decorator.py
[2025-02-23T04:57:03.976+0000] {processor.py:914} INFO - Processing file /home/airflow/.local/lib/python3.12/site-packages/airflow/example_dags/example_task_group_decorator.py for tasks to queue
[2025-02-23T04:57:03.978+0000] {logging_mixin.py:190} INFO - [2025-02-23T04:57:03.977+0000] {dagbag.py:588} INFO - Filling up the DagBag from /home/airflow/.local/lib/python3.12/site-packages/airflow/example_dags/example_task_group_decorator.py
[2025-02-23T04:57:03.989+0000] {processor.py:925} INFO - DAG(s) 'example_task_group_decorator' retrieved from /home/airflow/.local/lib/python3.12/site-packages/airflow/example_dags/example_task_group_decorator.py
[2025-02-23T04:57:04.008+0000] {logging_mixin.py:190} INFO - [2025-02-23T04:57:04.008+0000] {dag.py:3239} INFO - Sync 1 DAGs
[2025-02-23T04:57:04.018+0000] {logging_mixin.py:190} INFO - [2025-02-23T04:57:04.018+0000] {dag.py:4180} INFO - Setting next_dagrun for example_task_group_decorator to None, run_after=None
[2025-02-23T04:57:04.030+0000] {processor.py:208} INFO - Processing /home/airflow/.local/lib/python3.12/site-packages/airflow/example_dags/example_task_group_decorator.py took 0.058 seconds
