[2025-02-23T04:46:40.290+0000] {processor.py:186} INFO - Started process (PID=91) to work on /home/airflow/.local/lib/python3.12/site-packages/airflow/example_dags/example_nested_branch_dag.py
[2025-02-23T04:46:40.291+0000] {processor.py:914} INFO - Processing file /home/airflow/.local/lib/python3.12/site-packages/airflow/example_dags/example_nested_branch_dag.py for tasks to queue
[2025-02-23T04:46:40.293+0000] {logging_mixin.py:190} INFO - [2025-02-23T04:46:40.292+0000] {dagbag.py:588} INFO - Filling up the DagBag from /home/airflow/.local/lib/python3.12/site-packages/airflow/example_dags/example_nested_branch_dag.py
[2025-02-23T04:46:40.302+0000] {processor.py:925} INFO - DAG(s) 'example_nested_branch_dag' retrieved from /home/airflow/.local/lib/python3.12/site-packages/airflow/example_dags/example_nested_branch_dag.py
[2025-02-23T04:46:40.427+0000] {logging_mixin.py:190} INFO - [2025-02-23T04:46:40.426+0000] {override.py:1911} INFO - Created Permission View: can read on DAG:example_nested_branch_dag
[2025-02-23T04:46:40.435+0000] {logging_mixin.py:190} INFO - [2025-02-23T04:46:40.435+0000] {override.py:1911} INFO - Created Permission View: can delete on DAG:example_nested_branch_dag
[2025-02-23T04:46:40.441+0000] {logging_mixin.py:190} INFO - [2025-02-23T04:46:40.440+0000] {override.py:1911} INFO - Created Permission View: can edit on DAG:example_nested_branch_dag
[2025-02-23T04:46:40.446+0000] {logging_mixin.py:190} INFO - [2025-02-23T04:46:40.446+0000] {override.py:1911} INFO - Created Permission View: can read on DAG Run:example_nested_branch_dag
[2025-02-23T04:46:40.451+0000] {logging_mixin.py:190} INFO - [2025-02-23T04:46:40.451+0000] {override.py:1911} INFO - Created Permission View: can create on DAG Run:example_nested_branch_dag
[2025-02-23T04:46:40.456+0000] {logging_mixin.py:190} INFO - [2025-02-23T04:46:40.456+0000] {override.py:1911} INFO - Created Permission View: can delete on DAG Run:example_nested_branch_dag
[2025-02-23T04:46:40.461+0000] {logging_mixin.py:190} INFO - [2025-02-23T04:46:40.461+0000] {override.py:1911} INFO - Created Permission View: menu access on DAG Run:example_nested_branch_dag
[2025-02-23T04:46:40.462+0000] {logging_mixin.py:190} INFO - [2025-02-23T04:46:40.462+0000] {dag.py:3239} INFO - Sync 1 DAGs
[2025-02-23T04:46:40.476+0000] {logging_mixin.py:190} INFO - [2025-02-23T04:46:40.475+0000] {dag.py:3262} INFO - Creating ORM DAG for example_nested_branch_dag
[2025-02-23T04:46:40.487+0000] {logging_mixin.py:190} INFO - [2025-02-23T04:46:40.487+0000] {dag.py:4180} INFO - Setting next_dagrun for example_nested_branch_dag to 2025-02-22 00:00:00+00:00, run_after=2025-02-23 00:00:00+00:00
[2025-02-23T04:46:40.504+0000] {processor.py:208} INFO - Processing /home/airflow/.local/lib/python3.12/site-packages/airflow/example_dags/example_nested_branch_dag.py took 0.218 seconds
[2025-02-23T04:47:10.725+0000] {processor.py:186} INFO - Started process (PID=154) to work on /home/airflow/.local/lib/python3.12/site-packages/airflow/example_dags/example_nested_branch_dag.py
[2025-02-23T04:47:10.725+0000] {processor.py:914} INFO - Processing file /home/airflow/.local/lib/python3.12/site-packages/airflow/example_dags/example_nested_branch_dag.py for tasks to queue
[2025-02-23T04:47:10.727+0000] {logging_mixin.py:190} INFO - [2025-02-23T04:47:10.727+0000] {dagbag.py:588} INFO - Filling up the DagBag from /home/airflow/.local/lib/python3.12/site-packages/airflow/example_dags/example_nested_branch_dag.py
[2025-02-23T04:47:10.740+0000] {processor.py:925} INFO - DAG(s) 'example_nested_branch_dag' retrieved from /home/airflow/.local/lib/python3.12/site-packages/airflow/example_dags/example_nested_branch_dag.py
[2025-02-23T04:47:10.759+0000] {logging_mixin.py:190} INFO - [2025-02-23T04:47:10.759+0000] {dag.py:3239} INFO - Sync 1 DAGs
[2025-02-23T04:47:10.779+0000] {logging_mixin.py:190} INFO - [2025-02-23T04:47:10.779+0000] {dag.py:4180} INFO - Setting next_dagrun for example_nested_branch_dag to 2025-02-22 00:00:00+00:00, run_after=2025-02-23 00:00:00+00:00
[2025-02-23T04:47:10.793+0000] {processor.py:208} INFO - Processing /home/airflow/.local/lib/python3.12/site-packages/airflow/example_dags/example_nested_branch_dag.py took 0.074 seconds
[2025-02-23T04:47:41.072+0000] {processor.py:186} INFO - Started process (PID=217) to work on /home/airflow/.local/lib/python3.12/site-packages/airflow/example_dags/example_nested_branch_dag.py
[2025-02-23T04:47:41.073+0000] {processor.py:914} INFO - Processing file /home/airflow/.local/lib/python3.12/site-packages/airflow/example_dags/example_nested_branch_dag.py for tasks to queue
[2025-02-23T04:47:41.074+0000] {logging_mixin.py:190} INFO - [2025-02-23T04:47:41.074+0000] {dagbag.py:588} INFO - Filling up the DagBag from /home/airflow/.local/lib/python3.12/site-packages/airflow/example_dags/example_nested_branch_dag.py
[2025-02-23T04:47:41.083+0000] {processor.py:925} INFO - DAG(s) 'example_nested_branch_dag' retrieved from /home/airflow/.local/lib/python3.12/site-packages/airflow/example_dags/example_nested_branch_dag.py
[2025-02-23T04:47:41.103+0000] {logging_mixin.py:190} INFO - [2025-02-23T04:47:41.103+0000] {dag.py:3239} INFO - Sync 1 DAGs
[2025-02-23T04:47:41.128+0000] {logging_mixin.py:190} INFO - [2025-02-23T04:47:41.128+0000] {dag.py:4180} INFO - Setting next_dagrun for example_nested_branch_dag to 2025-02-22 00:00:00+00:00, run_after=2025-02-23 00:00:00+00:00
[2025-02-23T04:47:41.144+0000] {processor.py:208} INFO - Processing /home/airflow/.local/lib/python3.12/site-packages/airflow/example_dags/example_nested_branch_dag.py took 0.076 seconds
[2025-02-23T04:48:11.465+0000] {processor.py:186} INFO - Started process (PID=280) to work on /home/airflow/.local/lib/python3.12/site-packages/airflow/example_dags/example_nested_branch_dag.py
[2025-02-23T04:48:11.465+0000] {processor.py:914} INFO - Processing file /home/airflow/.local/lib/python3.12/site-packages/airflow/example_dags/example_nested_branch_dag.py for tasks to queue
[2025-02-23T04:48:11.467+0000] {logging_mixin.py:190} INFO - [2025-02-23T04:48:11.467+0000] {dagbag.py:588} INFO - Filling up the DagBag from /home/airflow/.local/lib/python3.12/site-packages/airflow/example_dags/example_nested_branch_dag.py
[2025-02-23T04:48:11.478+0000] {processor.py:925} INFO - DAG(s) 'example_nested_branch_dag' retrieved from /home/airflow/.local/lib/python3.12/site-packages/airflow/example_dags/example_nested_branch_dag.py
[2025-02-23T04:48:11.497+0000] {logging_mixin.py:190} INFO - [2025-02-23T04:48:11.497+0000] {dag.py:3239} INFO - Sync 1 DAGs
[2025-02-23T04:48:11.522+0000] {logging_mixin.py:190} INFO - [2025-02-23T04:48:11.522+0000] {dag.py:4180} INFO - Setting next_dagrun for example_nested_branch_dag to 2025-02-22 00:00:00+00:00, run_after=2025-02-23 00:00:00+00:00
[2025-02-23T04:48:11.537+0000] {processor.py:208} INFO - Processing /home/airflow/.local/lib/python3.12/site-packages/airflow/example_dags/example_nested_branch_dag.py took 0.077 seconds
[2025-02-23T04:48:41.873+0000] {processor.py:186} INFO - Started process (PID=343) to work on /home/airflow/.local/lib/python3.12/site-packages/airflow/example_dags/example_nested_branch_dag.py
[2025-02-23T04:48:41.874+0000] {processor.py:914} INFO - Processing file /home/airflow/.local/lib/python3.12/site-packages/airflow/example_dags/example_nested_branch_dag.py for tasks to queue
[2025-02-23T04:48:41.876+0000] {logging_mixin.py:190} INFO - [2025-02-23T04:48:41.875+0000] {dagbag.py:588} INFO - Filling up the DagBag from /home/airflow/.local/lib/python3.12/site-packages/airflow/example_dags/example_nested_branch_dag.py
[2025-02-23T04:48:41.884+0000] {processor.py:925} INFO - DAG(s) 'example_nested_branch_dag' retrieved from /home/airflow/.local/lib/python3.12/site-packages/airflow/example_dags/example_nested_branch_dag.py
[2025-02-23T04:48:41.901+0000] {logging_mixin.py:190} INFO - [2025-02-23T04:48:41.901+0000] {dag.py:3239} INFO - Sync 1 DAGs
[2025-02-23T04:48:41.920+0000] {logging_mixin.py:190} INFO - [2025-02-23T04:48:41.920+0000] {dag.py:4180} INFO - Setting next_dagrun for example_nested_branch_dag to 2025-02-22 00:00:00+00:00, run_after=2025-02-23 00:00:00+00:00
[2025-02-23T04:48:41.934+0000] {processor.py:208} INFO - Processing /home/airflow/.local/lib/python3.12/site-packages/airflow/example_dags/example_nested_branch_dag.py took 0.066 seconds
[2025-02-23T04:49:12.946+0000] {processor.py:186} INFO - Started process (PID=406) to work on /home/airflow/.local/lib/python3.12/site-packages/airflow/example_dags/example_nested_branch_dag.py
[2025-02-23T04:49:12.947+0000] {processor.py:914} INFO - Processing file /home/airflow/.local/lib/python3.12/site-packages/airflow/example_dags/example_nested_branch_dag.py for tasks to queue
[2025-02-23T04:49:12.949+0000] {logging_mixin.py:190} INFO - [2025-02-23T04:49:12.948+0000] {dagbag.py:588} INFO - Filling up the DagBag from /home/airflow/.local/lib/python3.12/site-packages/airflow/example_dags/example_nested_branch_dag.py
[2025-02-23T04:49:12.957+0000] {processor.py:925} INFO - DAG(s) 'example_nested_branch_dag' retrieved from /home/airflow/.local/lib/python3.12/site-packages/airflow/example_dags/example_nested_branch_dag.py
[2025-02-23T04:49:12.975+0000] {logging_mixin.py:190} INFO - [2025-02-23T04:49:12.974+0000] {dag.py:3239} INFO - Sync 1 DAGs
[2025-02-23T04:49:12.998+0000] {logging_mixin.py:190} INFO - [2025-02-23T04:49:12.998+0000] {dag.py:4180} INFO - Setting next_dagrun for example_nested_branch_dag to 2025-02-22 00:00:00+00:00, run_after=2025-02-23 00:00:00+00:00
[2025-02-23T04:49:13.015+0000] {processor.py:208} INFO - Processing /home/airflow/.local/lib/python3.12/site-packages/airflow/example_dags/example_nested_branch_dag.py took 0.073 seconds
[2025-02-23T04:49:43.097+0000] {processor.py:186} INFO - Started process (PID=469) to work on /home/airflow/.local/lib/python3.12/site-packages/airflow/example_dags/example_nested_branch_dag.py
[2025-02-23T04:49:43.097+0000] {processor.py:914} INFO - Processing file /home/airflow/.local/lib/python3.12/site-packages/airflow/example_dags/example_nested_branch_dag.py for tasks to queue
[2025-02-23T04:49:43.099+0000] {logging_mixin.py:190} INFO - [2025-02-23T04:49:43.099+0000] {dagbag.py:588} INFO - Filling up the DagBag from /home/airflow/.local/lib/python3.12/site-packages/airflow/example_dags/example_nested_branch_dag.py
[2025-02-23T04:49:43.108+0000] {processor.py:925} INFO - DAG(s) 'example_nested_branch_dag' retrieved from /home/airflow/.local/lib/python3.12/site-packages/airflow/example_dags/example_nested_branch_dag.py
[2025-02-23T04:49:43.125+0000] {logging_mixin.py:190} INFO - [2025-02-23T04:49:43.125+0000] {dag.py:3239} INFO - Sync 1 DAGs
[2025-02-23T04:49:43.151+0000] {logging_mixin.py:190} INFO - [2025-02-23T04:49:43.150+0000] {dag.py:4180} INFO - Setting next_dagrun for example_nested_branch_dag to 2025-02-22 00:00:00+00:00, run_after=2025-02-23 00:00:00+00:00
[2025-02-23T04:49:43.166+0000] {processor.py:208} INFO - Processing /home/airflow/.local/lib/python3.12/site-packages/airflow/example_dags/example_nested_branch_dag.py took 0.075 seconds
[2025-02-23T04:50:13.249+0000] {processor.py:186} INFO - Started process (PID=532) to work on /home/airflow/.local/lib/python3.12/site-packages/airflow/example_dags/example_nested_branch_dag.py
[2025-02-23T04:50:13.250+0000] {processor.py:914} INFO - Processing file /home/airflow/.local/lib/python3.12/site-packages/airflow/example_dags/example_nested_branch_dag.py for tasks to queue
[2025-02-23T04:50:13.251+0000] {logging_mixin.py:190} INFO - [2025-02-23T04:50:13.251+0000] {dagbag.py:588} INFO - Filling up the DagBag from /home/airflow/.local/lib/python3.12/site-packages/airflow/example_dags/example_nested_branch_dag.py
[2025-02-23T04:50:13.260+0000] {processor.py:925} INFO - DAG(s) 'example_nested_branch_dag' retrieved from /home/airflow/.local/lib/python3.12/site-packages/airflow/example_dags/example_nested_branch_dag.py
[2025-02-23T04:50:13.277+0000] {logging_mixin.py:190} INFO - [2025-02-23T04:50:13.277+0000] {dag.py:3239} INFO - Sync 1 DAGs
[2025-02-23T04:50:13.298+0000] {logging_mixin.py:190} INFO - [2025-02-23T04:50:13.298+0000] {dag.py:4180} INFO - Setting next_dagrun for example_nested_branch_dag to 2025-02-22 00:00:00+00:00, run_after=2025-02-23 00:00:00+00:00
[2025-02-23T04:50:13.312+0000] {processor.py:208} INFO - Processing /home/airflow/.local/lib/python3.12/site-packages/airflow/example_dags/example_nested_branch_dag.py took 0.067 seconds
[2025-02-23T04:50:43.422+0000] {processor.py:186} INFO - Started process (PID=595) to work on /home/airflow/.local/lib/python3.12/site-packages/airflow/example_dags/example_nested_branch_dag.py
[2025-02-23T04:50:43.423+0000] {processor.py:914} INFO - Processing file /home/airflow/.local/lib/python3.12/site-packages/airflow/example_dags/example_nested_branch_dag.py for tasks to queue
[2025-02-23T04:50:43.424+0000] {logging_mixin.py:190} INFO - [2025-02-23T04:50:43.424+0000] {dagbag.py:588} INFO - Filling up the DagBag from /home/airflow/.local/lib/python3.12/site-packages/airflow/example_dags/example_nested_branch_dag.py
[2025-02-23T04:50:43.433+0000] {processor.py:925} INFO - DAG(s) 'example_nested_branch_dag' retrieved from /home/airflow/.local/lib/python3.12/site-packages/airflow/example_dags/example_nested_branch_dag.py
[2025-02-23T04:50:43.452+0000] {logging_mixin.py:190} INFO - [2025-02-23T04:50:43.452+0000] {dag.py:3239} INFO - Sync 1 DAGs
[2025-02-23T04:50:43.475+0000] {logging_mixin.py:190} INFO - [2025-02-23T04:50:43.474+0000] {dag.py:4180} INFO - Setting next_dagrun for example_nested_branch_dag to 2025-02-22 00:00:00+00:00, run_after=2025-02-23 00:00:00+00:00
[2025-02-23T04:50:43.489+0000] {processor.py:208} INFO - Processing /home/airflow/.local/lib/python3.12/site-packages/airflow/example_dags/example_nested_branch_dag.py took 0.071 seconds
[2025-02-23T04:51:13.565+0000] {processor.py:186} INFO - Started process (PID=658) to work on /home/airflow/.local/lib/python3.12/site-packages/airflow/example_dags/example_nested_branch_dag.py
[2025-02-23T04:51:13.565+0000] {processor.py:914} INFO - Processing file /home/airflow/.local/lib/python3.12/site-packages/airflow/example_dags/example_nested_branch_dag.py for tasks to queue
[2025-02-23T04:51:13.567+0000] {logging_mixin.py:190} INFO - [2025-02-23T04:51:13.567+0000] {dagbag.py:588} INFO - Filling up the DagBag from /home/airflow/.local/lib/python3.12/site-packages/airflow/example_dags/example_nested_branch_dag.py
[2025-02-23T04:51:13.577+0000] {processor.py:925} INFO - DAG(s) 'example_nested_branch_dag' retrieved from /home/airflow/.local/lib/python3.12/site-packages/airflow/example_dags/example_nested_branch_dag.py
[2025-02-23T04:51:13.594+0000] {logging_mixin.py:190} INFO - [2025-02-23T04:51:13.594+0000] {dag.py:3239} INFO - Sync 1 DAGs
[2025-02-23T04:51:13.615+0000] {logging_mixin.py:190} INFO - [2025-02-23T04:51:13.614+0000] {dag.py:4180} INFO - Setting next_dagrun for example_nested_branch_dag to 2025-02-22 00:00:00+00:00, run_after=2025-02-23 00:00:00+00:00
[2025-02-23T04:51:13.628+0000] {processor.py:208} INFO - Processing /home/airflow/.local/lib/python3.12/site-packages/airflow/example_dags/example_nested_branch_dag.py took 0.067 seconds
[2025-02-23T04:51:43.682+0000] {processor.py:186} INFO - Started process (PID=721) to work on /home/airflow/.local/lib/python3.12/site-packages/airflow/example_dags/example_nested_branch_dag.py
[2025-02-23T04:51:43.683+0000] {processor.py:914} INFO - Processing file /home/airflow/.local/lib/python3.12/site-packages/airflow/example_dags/example_nested_branch_dag.py for tasks to queue
[2025-02-23T04:51:43.685+0000] {logging_mixin.py:190} INFO - [2025-02-23T04:51:43.685+0000] {dagbag.py:588} INFO - Filling up the DagBag from /home/airflow/.local/lib/python3.12/site-packages/airflow/example_dags/example_nested_branch_dag.py
[2025-02-23T04:51:43.697+0000] {processor.py:925} INFO - DAG(s) 'example_nested_branch_dag' retrieved from /home/airflow/.local/lib/python3.12/site-packages/airflow/example_dags/example_nested_branch_dag.py
[2025-02-23T04:51:43.715+0000] {logging_mixin.py:190} INFO - [2025-02-23T04:51:43.715+0000] {dag.py:3239} INFO - Sync 1 DAGs
[2025-02-23T04:51:43.733+0000] {logging_mixin.py:190} INFO - [2025-02-23T04:51:43.733+0000] {dag.py:4180} INFO - Setting next_dagrun for example_nested_branch_dag to 2025-02-22 00:00:00+00:00, run_after=2025-02-23 00:00:00+00:00
[2025-02-23T04:51:43.747+0000] {processor.py:208} INFO - Processing /home/airflow/.local/lib/python3.12/site-packages/airflow/example_dags/example_nested_branch_dag.py took 0.071 seconds
[2025-02-23T04:52:13.865+0000] {processor.py:186} INFO - Started process (PID=784) to work on /home/airflow/.local/lib/python3.12/site-packages/airflow/example_dags/example_nested_branch_dag.py
[2025-02-23T04:52:13.866+0000] {processor.py:914} INFO - Processing file /home/airflow/.local/lib/python3.12/site-packages/airflow/example_dags/example_nested_branch_dag.py for tasks to queue
[2025-02-23T04:52:13.867+0000] {logging_mixin.py:190} INFO - [2025-02-23T04:52:13.867+0000] {dagbag.py:588} INFO - Filling up the DagBag from /home/airflow/.local/lib/python3.12/site-packages/airflow/example_dags/example_nested_branch_dag.py
[2025-02-23T04:52:13.876+0000] {processor.py:925} INFO - DAG(s) 'example_nested_branch_dag' retrieved from /home/airflow/.local/lib/python3.12/site-packages/airflow/example_dags/example_nested_branch_dag.py
[2025-02-23T04:52:13.892+0000] {logging_mixin.py:190} INFO - [2025-02-23T04:52:13.891+0000] {dag.py:3239} INFO - Sync 1 DAGs
[2025-02-23T04:52:13.909+0000] {logging_mixin.py:190} INFO - [2025-02-23T04:52:13.909+0000] {dag.py:4180} INFO - Setting next_dagrun for example_nested_branch_dag to 2025-02-22 00:00:00+00:00, run_after=2025-02-23 00:00:00+00:00
[2025-02-23T04:52:13.921+0000] {processor.py:208} INFO - Processing /home/airflow/.local/lib/python3.12/site-packages/airflow/example_dags/example_nested_branch_dag.py took 0.060 seconds
[2025-02-23T04:52:43.986+0000] {processor.py:186} INFO - Started process (PID=847) to work on /home/airflow/.local/lib/python3.12/site-packages/airflow/example_dags/example_nested_branch_dag.py
[2025-02-23T04:52:43.987+0000] {processor.py:914} INFO - Processing file /home/airflow/.local/lib/python3.12/site-packages/airflow/example_dags/example_nested_branch_dag.py for tasks to queue
[2025-02-23T04:52:43.988+0000] {logging_mixin.py:190} INFO - [2025-02-23T04:52:43.988+0000] {dagbag.py:588} INFO - Filling up the DagBag from /home/airflow/.local/lib/python3.12/site-packages/airflow/example_dags/example_nested_branch_dag.py
[2025-02-23T04:52:43.997+0000] {processor.py:925} INFO - DAG(s) 'example_nested_branch_dag' retrieved from /home/airflow/.local/lib/python3.12/site-packages/airflow/example_dags/example_nested_branch_dag.py
[2025-02-23T04:52:44.012+0000] {logging_mixin.py:190} INFO - [2025-02-23T04:52:44.012+0000] {dag.py:3239} INFO - Sync 1 DAGs
[2025-02-23T04:52:44.030+0000] {logging_mixin.py:190} INFO - [2025-02-23T04:52:44.030+0000] {dag.py:4180} INFO - Setting next_dagrun for example_nested_branch_dag to 2025-02-22 00:00:00+00:00, run_after=2025-02-23 00:00:00+00:00
[2025-02-23T04:52:44.041+0000] {processor.py:208} INFO - Processing /home/airflow/.local/lib/python3.12/site-packages/airflow/example_dags/example_nested_branch_dag.py took 0.059 seconds
[2025-02-23T04:53:14.278+0000] {processor.py:186} INFO - Started process (PID=910) to work on /home/airflow/.local/lib/python3.12/site-packages/airflow/example_dags/example_nested_branch_dag.py
[2025-02-23T04:53:14.278+0000] {processor.py:914} INFO - Processing file /home/airflow/.local/lib/python3.12/site-packages/airflow/example_dags/example_nested_branch_dag.py for tasks to queue
[2025-02-23T04:53:14.280+0000] {logging_mixin.py:190} INFO - [2025-02-23T04:53:14.280+0000] {dagbag.py:588} INFO - Filling up the DagBag from /home/airflow/.local/lib/python3.12/site-packages/airflow/example_dags/example_nested_branch_dag.py
[2025-02-23T04:53:14.289+0000] {processor.py:925} INFO - DAG(s) 'example_nested_branch_dag' retrieved from /home/airflow/.local/lib/python3.12/site-packages/airflow/example_dags/example_nested_branch_dag.py
[2025-02-23T04:53:14.307+0000] {logging_mixin.py:190} INFO - [2025-02-23T04:53:14.307+0000] {dag.py:3239} INFO - Sync 1 DAGs
[2025-02-23T04:53:14.327+0000] {logging_mixin.py:190} INFO - [2025-02-23T04:53:14.327+0000] {dag.py:4180} INFO - Setting next_dagrun for example_nested_branch_dag to 2025-02-22 00:00:00+00:00, run_after=2025-02-23 00:00:00+00:00
[2025-02-23T04:53:14.340+0000] {processor.py:208} INFO - Processing /home/airflow/.local/lib/python3.12/site-packages/airflow/example_dags/example_nested_branch_dag.py took 0.066 seconds
[2025-02-23T04:53:44.841+0000] {processor.py:186} INFO - Started process (PID=973) to work on /home/airflow/.local/lib/python3.12/site-packages/airflow/example_dags/example_nested_branch_dag.py
[2025-02-23T04:53:44.842+0000] {processor.py:914} INFO - Processing file /home/airflow/.local/lib/python3.12/site-packages/airflow/example_dags/example_nested_branch_dag.py for tasks to queue
[2025-02-23T04:53:44.844+0000] {logging_mixin.py:190} INFO - [2025-02-23T04:53:44.843+0000] {dagbag.py:588} INFO - Filling up the DagBag from /home/airflow/.local/lib/python3.12/site-packages/airflow/example_dags/example_nested_branch_dag.py
[2025-02-23T04:53:44.855+0000] {processor.py:925} INFO - DAG(s) 'example_nested_branch_dag' retrieved from /home/airflow/.local/lib/python3.12/site-packages/airflow/example_dags/example_nested_branch_dag.py
[2025-02-23T04:53:44.875+0000] {logging_mixin.py:190} INFO - [2025-02-23T04:53:44.875+0000] {dag.py:3239} INFO - Sync 1 DAGs
[2025-02-23T04:53:44.895+0000] {logging_mixin.py:190} INFO - [2025-02-23T04:53:44.895+0000] {dag.py:4180} INFO - Setting next_dagrun for example_nested_branch_dag to 2025-02-22 00:00:00+00:00, run_after=2025-02-23 00:00:00+00:00
[2025-02-23T04:53:44.907+0000] {processor.py:208} INFO - Processing /home/airflow/.local/lib/python3.12/site-packages/airflow/example_dags/example_nested_branch_dag.py took 0.070 seconds
[2025-02-23T04:54:15.089+0000] {processor.py:186} INFO - Started process (PID=1036) to work on /home/airflow/.local/lib/python3.12/site-packages/airflow/example_dags/example_nested_branch_dag.py
[2025-02-23T04:54:15.090+0000] {processor.py:914} INFO - Processing file /home/airflow/.local/lib/python3.12/site-packages/airflow/example_dags/example_nested_branch_dag.py for tasks to queue
[2025-02-23T04:54:15.091+0000] {logging_mixin.py:190} INFO - [2025-02-23T04:54:15.091+0000] {dagbag.py:588} INFO - Filling up the DagBag from /home/airflow/.local/lib/python3.12/site-packages/airflow/example_dags/example_nested_branch_dag.py
[2025-02-23T04:54:15.101+0000] {processor.py:925} INFO - DAG(s) 'example_nested_branch_dag' retrieved from /home/airflow/.local/lib/python3.12/site-packages/airflow/example_dags/example_nested_branch_dag.py
[2025-02-23T04:54:15.118+0000] {logging_mixin.py:190} INFO - [2025-02-23T04:54:15.118+0000] {dag.py:3239} INFO - Sync 1 DAGs
[2025-02-23T04:54:15.140+0000] {logging_mixin.py:190} INFO - [2025-02-23T04:54:15.140+0000] {dag.py:4180} INFO - Setting next_dagrun for example_nested_branch_dag to 2025-02-22 00:00:00+00:00, run_after=2025-02-23 00:00:00+00:00
[2025-02-23T04:54:15.153+0000] {processor.py:208} INFO - Processing /home/airflow/.local/lib/python3.12/site-packages/airflow/example_dags/example_nested_branch_dag.py took 0.069 seconds
[2025-02-23T04:54:45.554+0000] {processor.py:186} INFO - Started process (PID=1099) to work on /home/airflow/.local/lib/python3.12/site-packages/airflow/example_dags/example_nested_branch_dag.py
[2025-02-23T04:54:45.555+0000] {processor.py:914} INFO - Processing file /home/airflow/.local/lib/python3.12/site-packages/airflow/example_dags/example_nested_branch_dag.py for tasks to queue
[2025-02-23T04:54:45.557+0000] {logging_mixin.py:190} INFO - [2025-02-23T04:54:45.557+0000] {dagbag.py:588} INFO - Filling up the DagBag from /home/airflow/.local/lib/python3.12/site-packages/airflow/example_dags/example_nested_branch_dag.py
[2025-02-23T04:54:45.570+0000] {processor.py:925} INFO - DAG(s) 'example_nested_branch_dag' retrieved from /home/airflow/.local/lib/python3.12/site-packages/airflow/example_dags/example_nested_branch_dag.py
[2025-02-23T04:54:45.592+0000] {logging_mixin.py:190} INFO - [2025-02-23T04:54:45.592+0000] {dag.py:3239} INFO - Sync 1 DAGs
[2025-02-23T04:54:45.616+0000] {logging_mixin.py:190} INFO - [2025-02-23T04:54:45.616+0000] {dag.py:4180} INFO - Setting next_dagrun for example_nested_branch_dag to 2025-02-22 00:00:00+00:00, run_after=2025-02-23 00:00:00+00:00
[2025-02-23T04:54:45.631+0000] {processor.py:208} INFO - Processing /home/airflow/.local/lib/python3.12/site-packages/airflow/example_dags/example_nested_branch_dag.py took 0.082 seconds
[2025-02-23T04:55:15.810+0000] {processor.py:186} INFO - Started process (PID=1162) to work on /home/airflow/.local/lib/python3.12/site-packages/airflow/example_dags/example_nested_branch_dag.py
[2025-02-23T04:55:15.811+0000] {processor.py:914} INFO - Processing file /home/airflow/.local/lib/python3.12/site-packages/airflow/example_dags/example_nested_branch_dag.py for tasks to queue
[2025-02-23T04:55:15.812+0000] {logging_mixin.py:190} INFO - [2025-02-23T04:55:15.812+0000] {dagbag.py:588} INFO - Filling up the DagBag from /home/airflow/.local/lib/python3.12/site-packages/airflow/example_dags/example_nested_branch_dag.py
[2025-02-23T04:55:15.822+0000] {processor.py:925} INFO - DAG(s) 'example_nested_branch_dag' retrieved from /home/airflow/.local/lib/python3.12/site-packages/airflow/example_dags/example_nested_branch_dag.py
[2025-02-23T04:55:15.838+0000] {logging_mixin.py:190} INFO - [2025-02-23T04:55:15.838+0000] {dag.py:3239} INFO - Sync 1 DAGs
[2025-02-23T04:55:15.856+0000] {logging_mixin.py:190} INFO - [2025-02-23T04:55:15.856+0000] {dag.py:4180} INFO - Setting next_dagrun for example_nested_branch_dag to 2025-02-22 00:00:00+00:00, run_after=2025-02-23 00:00:00+00:00
[2025-02-23T04:55:15.869+0000] {processor.py:208} INFO - Processing /home/airflow/.local/lib/python3.12/site-packages/airflow/example_dags/example_nested_branch_dag.py took 0.063 seconds
[2025-02-23T04:55:46.164+0000] {processor.py:186} INFO - Started process (PID=1225) to work on /home/airflow/.local/lib/python3.12/site-packages/airflow/example_dags/example_nested_branch_dag.py
[2025-02-23T04:55:46.165+0000] {processor.py:914} INFO - Processing file /home/airflow/.local/lib/python3.12/site-packages/airflow/example_dags/example_nested_branch_dag.py for tasks to queue
[2025-02-23T04:55:46.167+0000] {logging_mixin.py:190} INFO - [2025-02-23T04:55:46.166+0000] {dagbag.py:588} INFO - Filling up the DagBag from /home/airflow/.local/lib/python3.12/site-packages/airflow/example_dags/example_nested_branch_dag.py
[2025-02-23T04:55:46.178+0000] {processor.py:925} INFO - DAG(s) 'example_nested_branch_dag' retrieved from /home/airflow/.local/lib/python3.12/site-packages/airflow/example_dags/example_nested_branch_dag.py
[2025-02-23T04:55:46.199+0000] {logging_mixin.py:190} INFO - [2025-02-23T04:55:46.199+0000] {dag.py:3239} INFO - Sync 1 DAGs
[2025-02-23T04:55:46.225+0000] {logging_mixin.py:190} INFO - [2025-02-23T04:55:46.225+0000] {dag.py:4180} INFO - Setting next_dagrun for example_nested_branch_dag to 2025-02-22 00:00:00+00:00, run_after=2025-02-23 00:00:00+00:00
[2025-02-23T04:55:46.242+0000] {processor.py:208} INFO - Processing /home/airflow/.local/lib/python3.12/site-packages/airflow/example_dags/example_nested_branch_dag.py took 0.084 seconds
[2025-02-23T04:56:16.366+0000] {processor.py:186} INFO - Started process (PID=1289) to work on /home/airflow/.local/lib/python3.12/site-packages/airflow/example_dags/example_nested_branch_dag.py
[2025-02-23T04:56:16.367+0000] {processor.py:914} INFO - Processing file /home/airflow/.local/lib/python3.12/site-packages/airflow/example_dags/example_nested_branch_dag.py for tasks to queue
[2025-02-23T04:56:16.369+0000] {logging_mixin.py:190} INFO - [2025-02-23T04:56:16.368+0000] {dagbag.py:588} INFO - Filling up the DagBag from /home/airflow/.local/lib/python3.12/site-packages/airflow/example_dags/example_nested_branch_dag.py
[2025-02-23T04:56:16.378+0000] {processor.py:925} INFO - DAG(s) 'example_nested_branch_dag' retrieved from /home/airflow/.local/lib/python3.12/site-packages/airflow/example_dags/example_nested_branch_dag.py
[2025-02-23T04:56:16.395+0000] {logging_mixin.py:190} INFO - [2025-02-23T04:56:16.395+0000] {dag.py:3239} INFO - Sync 1 DAGs
[2025-02-23T04:56:16.413+0000] {logging_mixin.py:190} INFO - [2025-02-23T04:56:16.413+0000] {dag.py:4180} INFO - Setting next_dagrun for example_nested_branch_dag to 2025-02-22 00:00:00+00:00, run_after=2025-02-23 00:00:00+00:00
[2025-02-23T04:56:16.426+0000] {processor.py:208} INFO - Processing /home/airflow/.local/lib/python3.12/site-packages/airflow/example_dags/example_nested_branch_dag.py took 0.065 seconds
[2025-02-23T04:56:47.052+0000] {processor.py:186} INFO - Started process (PID=1353) to work on /home/airflow/.local/lib/python3.12/site-packages/airflow/example_dags/example_nested_branch_dag.py
[2025-02-23T04:56:47.052+0000] {processor.py:914} INFO - Processing file /home/airflow/.local/lib/python3.12/site-packages/airflow/example_dags/example_nested_branch_dag.py for tasks to queue
[2025-02-23T04:56:47.054+0000] {logging_mixin.py:190} INFO - [2025-02-23T04:56:47.053+0000] {dagbag.py:588} INFO - Filling up the DagBag from /home/airflow/.local/lib/python3.12/site-packages/airflow/example_dags/example_nested_branch_dag.py
[2025-02-23T04:56:47.063+0000] {processor.py:925} INFO - DAG(s) 'example_nested_branch_dag' retrieved from /home/airflow/.local/lib/python3.12/site-packages/airflow/example_dags/example_nested_branch_dag.py
[2025-02-23T04:56:47.080+0000] {logging_mixin.py:190} INFO - [2025-02-23T04:56:47.080+0000] {dag.py:3239} INFO - Sync 1 DAGs
[2025-02-23T04:56:47.102+0000] {logging_mixin.py:190} INFO - [2025-02-23T04:56:47.102+0000] {dag.py:4180} INFO - Setting next_dagrun for example_nested_branch_dag to 2025-02-22 00:00:00+00:00, run_after=2025-02-23 00:00:00+00:00
[2025-02-23T04:56:47.115+0000] {processor.py:208} INFO - Processing /home/airflow/.local/lib/python3.12/site-packages/airflow/example_dags/example_nested_branch_dag.py took 0.068 seconds
