[2025-02-23T04:46:40.104+0000] {processor.py:186} INFO - Started process (PID=90) to work on /home/airflow/.local/lib/python3.12/site-packages/airflow/example_dags/example_sla_dag.py
[2025-02-23T04:46:40.105+0000] {processor.py:914} INFO - Processing file /home/airflow/.local/lib/python3.12/site-packages/airflow/example_dags/example_sla_dag.py for tasks to queue
[2025-02-23T04:46:40.107+0000] {logging_mixin.py:190} INFO - [2025-02-23T04:46:40.106+0000] {dagbag.py:588} INFO - Filling up the DagBag from /home/airflow/.local/lib/python3.12/site-packages/airflow/example_dags/example_sla_dag.py
[2025-02-23T04:46:40.118+0000] {processor.py:925} INFO - DAG(s) 'example_sla_dag' retrieved from /home/airflow/.local/lib/python3.12/site-packages/airflow/example_dags/example_sla_dag.py
[2025-02-23T04:46:40.235+0000] {logging_mixin.py:190} INFO - [2025-02-23T04:46:40.234+0000] {override.py:1911} INFO - Created Permission View: can read on DAG:example_sla_dag
[2025-02-23T04:46:40.244+0000] {logging_mixin.py:190} INFO - [2025-02-23T04:46:40.244+0000] {override.py:1911} INFO - Created Permission View: can delete on DAG:example_sla_dag
[2025-02-23T04:46:40.249+0000] {logging_mixin.py:190} INFO - [2025-02-23T04:46:40.249+0000] {override.py:1911} INFO - Created Permission View: can edit on DAG:example_sla_dag
[2025-02-23T04:46:40.255+0000] {logging_mixin.py:190} INFO - [2025-02-23T04:46:40.255+0000] {override.py:1911} INFO - Created Permission View: can read on DAG Run:example_sla_dag
[2025-02-23T04:46:40.260+0000] {logging_mixin.py:190} INFO - [2025-02-23T04:46:40.260+0000] {override.py:1911} INFO - Created Permission View: can create on DAG Run:example_sla_dag
[2025-02-23T04:46:40.266+0000] {logging_mixin.py:190} INFO - [2025-02-23T04:46:40.265+0000] {override.py:1911} INFO - Created Permission View: can delete on DAG Run:example_sla_dag
[2025-02-23T04:46:40.271+0000] {logging_mixin.py:190} INFO - [2025-02-23T04:46:40.271+0000] {override.py:1911} INFO - Created Permission View: menu access on DAG Run:example_sla_dag
[2025-02-23T04:46:40.271+0000] {logging_mixin.py:190} INFO - [2025-02-23T04:46:40.271+0000] {dag.py:3239} INFO - Sync 1 DAGs
[2025-02-23T04:46:40.285+0000] {logging_mixin.py:190} INFO - [2025-02-23T04:46:40.285+0000] {dag.py:3262} INFO - Creating ORM DAG for example_sla_dag
[2025-02-23T04:46:40.298+0000] {logging_mixin.py:190} INFO - [2025-02-23T04:46:40.298+0000] {dag.py:4180} INFO - Setting next_dagrun for example_sla_dag to 2025-02-23 04:44:00+00:00, run_after=2025-02-23 04:46:00+00:00
[2025-02-23T04:46:40.314+0000] {processor.py:208} INFO - Processing /home/airflow/.local/lib/python3.12/site-packages/airflow/example_dags/example_sla_dag.py took 0.216 seconds
[2025-02-23T04:47:10.633+0000] {processor.py:186} INFO - Started process (PID=153) to work on /home/airflow/.local/lib/python3.12/site-packages/airflow/example_dags/example_sla_dag.py
[2025-02-23T04:47:10.634+0000] {processor.py:914} INFO - Processing file /home/airflow/.local/lib/python3.12/site-packages/airflow/example_dags/example_sla_dag.py for tasks to queue
[2025-02-23T04:47:10.636+0000] {logging_mixin.py:190} INFO - [2025-02-23T04:47:10.636+0000] {dagbag.py:588} INFO - Filling up the DagBag from /home/airflow/.local/lib/python3.12/site-packages/airflow/example_dags/example_sla_dag.py
[2025-02-23T04:47:10.644+0000] {processor.py:925} INFO - DAG(s) 'example_sla_dag' retrieved from /home/airflow/.local/lib/python3.12/site-packages/airflow/example_dags/example_sla_dag.py
[2025-02-23T04:47:10.658+0000] {logging_mixin.py:190} INFO - [2025-02-23T04:47:10.658+0000] {dag.py:3239} INFO - Sync 1 DAGs
[2025-02-23T04:47:10.677+0000] {logging_mixin.py:190} INFO - [2025-02-23T04:47:10.677+0000] {dag.py:4180} INFO - Setting next_dagrun for example_sla_dag to 2025-02-23 04:44:00+00:00, run_after=2025-02-23 04:46:00+00:00
[2025-02-23T04:47:10.693+0000] {processor.py:208} INFO - Processing /home/airflow/.local/lib/python3.12/site-packages/airflow/example_dags/example_sla_dag.py took 0.064 seconds
[2025-02-23T04:47:40.987+0000] {processor.py:186} INFO - Started process (PID=215) to work on /home/airflow/.local/lib/python3.12/site-packages/airflow/example_dags/example_sla_dag.py
[2025-02-23T04:47:40.987+0000] {processor.py:914} INFO - Processing file /home/airflow/.local/lib/python3.12/site-packages/airflow/example_dags/example_sla_dag.py for tasks to queue
[2025-02-23T04:47:40.989+0000] {logging_mixin.py:190} INFO - [2025-02-23T04:47:40.989+0000] {dagbag.py:588} INFO - Filling up the DagBag from /home/airflow/.local/lib/python3.12/site-packages/airflow/example_dags/example_sla_dag.py
[2025-02-23T04:47:40.998+0000] {processor.py:925} INFO - DAG(s) 'example_sla_dag' retrieved from /home/airflow/.local/lib/python3.12/site-packages/airflow/example_dags/example_sla_dag.py
[2025-02-23T04:47:41.015+0000] {logging_mixin.py:190} INFO - [2025-02-23T04:47:41.015+0000] {dag.py:3239} INFO - Sync 1 DAGs
[2025-02-23T04:47:41.035+0000] {logging_mixin.py:190} INFO - [2025-02-23T04:47:41.035+0000] {dag.py:4180} INFO - Setting next_dagrun for example_sla_dag to 2025-02-23 04:44:00+00:00, run_after=2025-02-23 04:46:00+00:00
[2025-02-23T04:47:41.048+0000] {processor.py:208} INFO - Processing /home/airflow/.local/lib/python3.12/site-packages/airflow/example_dags/example_sla_dag.py took 0.067 seconds
[2025-02-23T04:48:11.453+0000] {processor.py:186} INFO - Started process (PID=279) to work on /home/airflow/.local/lib/python3.12/site-packages/airflow/example_dags/example_sla_dag.py
[2025-02-23T04:48:11.454+0000] {processor.py:914} INFO - Processing file /home/airflow/.local/lib/python3.12/site-packages/airflow/example_dags/example_sla_dag.py for tasks to queue
[2025-02-23T04:48:11.455+0000] {logging_mixin.py:190} INFO - [2025-02-23T04:48:11.455+0000] {dagbag.py:588} INFO - Filling up the DagBag from /home/airflow/.local/lib/python3.12/site-packages/airflow/example_dags/example_sla_dag.py
[2025-02-23T04:48:11.464+0000] {processor.py:925} INFO - DAG(s) 'example_sla_dag' retrieved from /home/airflow/.local/lib/python3.12/site-packages/airflow/example_dags/example_sla_dag.py
[2025-02-23T04:48:11.481+0000] {logging_mixin.py:190} INFO - [2025-02-23T04:48:11.480+0000] {dag.py:3239} INFO - Sync 1 DAGs
[2025-02-23T04:48:11.506+0000] {logging_mixin.py:190} INFO - [2025-02-23T04:48:11.506+0000] {dag.py:4180} INFO - Setting next_dagrun for example_sla_dag to 2025-02-23 04:46:00+00:00, run_after=2025-02-23 04:48:00+00:00
[2025-02-23T04:48:11.521+0000] {processor.py:208} INFO - Processing /home/airflow/.local/lib/python3.12/site-packages/airflow/example_dags/example_sla_dag.py took 0.074 seconds
[2025-02-23T04:48:41.852+0000] {processor.py:186} INFO - Started process (PID=342) to work on /home/airflow/.local/lib/python3.12/site-packages/airflow/example_dags/example_sla_dag.py
[2025-02-23T04:48:41.853+0000] {processor.py:914} INFO - Processing file /home/airflow/.local/lib/python3.12/site-packages/airflow/example_dags/example_sla_dag.py for tasks to queue
[2025-02-23T04:48:41.855+0000] {logging_mixin.py:190} INFO - [2025-02-23T04:48:41.854+0000] {dagbag.py:588} INFO - Filling up the DagBag from /home/airflow/.local/lib/python3.12/site-packages/airflow/example_dags/example_sla_dag.py
[2025-02-23T04:48:41.865+0000] {processor.py:925} INFO - DAG(s) 'example_sla_dag' retrieved from /home/airflow/.local/lib/python3.12/site-packages/airflow/example_dags/example_sla_dag.py
[2025-02-23T04:48:41.884+0000] {logging_mixin.py:190} INFO - [2025-02-23T04:48:41.883+0000] {dag.py:3239} INFO - Sync 1 DAGs
[2025-02-23T04:48:41.913+0000] {logging_mixin.py:190} INFO - [2025-02-23T04:48:41.912+0000] {dag.py:4180} INFO - Setting next_dagrun for example_sla_dag to 2025-02-23 04:46:00+00:00, run_after=2025-02-23 04:48:00+00:00
[2025-02-23T04:48:41.930+0000] {processor.py:208} INFO - Processing /home/airflow/.local/lib/python3.12/site-packages/airflow/example_dags/example_sla_dag.py took 0.084 seconds
[2025-02-23T04:49:12.872+0000] {processor.py:186} INFO - Started process (PID=405) to work on /home/airflow/.local/lib/python3.12/site-packages/airflow/example_dags/example_sla_dag.py
[2025-02-23T04:49:12.872+0000] {processor.py:914} INFO - Processing file /home/airflow/.local/lib/python3.12/site-packages/airflow/example_dags/example_sla_dag.py for tasks to queue
[2025-02-23T04:49:12.874+0000] {logging_mixin.py:190} INFO - [2025-02-23T04:49:12.874+0000] {dagbag.py:588} INFO - Filling up the DagBag from /home/airflow/.local/lib/python3.12/site-packages/airflow/example_dags/example_sla_dag.py
[2025-02-23T04:49:12.881+0000] {processor.py:925} INFO - DAG(s) 'example_sla_dag' retrieved from /home/airflow/.local/lib/python3.12/site-packages/airflow/example_dags/example_sla_dag.py
[2025-02-23T04:49:12.895+0000] {logging_mixin.py:190} INFO - [2025-02-23T04:49:12.895+0000] {dag.py:3239} INFO - Sync 1 DAGs
[2025-02-23T04:49:12.913+0000] {logging_mixin.py:190} INFO - [2025-02-23T04:49:12.913+0000] {dag.py:4180} INFO - Setting next_dagrun for example_sla_dag to 2025-02-23 04:46:00+00:00, run_after=2025-02-23 04:48:00+00:00
[2025-02-23T04:49:12.925+0000] {processor.py:208} INFO - Processing /home/airflow/.local/lib/python3.12/site-packages/airflow/example_dags/example_sla_dag.py took 0.057 seconds
[2025-02-23T04:49:43.017+0000] {processor.py:186} INFO - Started process (PID=468) to work on /home/airflow/.local/lib/python3.12/site-packages/airflow/example_dags/example_sla_dag.py
[2025-02-23T04:49:43.017+0000] {processor.py:914} INFO - Processing file /home/airflow/.local/lib/python3.12/site-packages/airflow/example_dags/example_sla_dag.py for tasks to queue
[2025-02-23T04:49:43.019+0000] {logging_mixin.py:190} INFO - [2025-02-23T04:49:43.019+0000] {dagbag.py:588} INFO - Filling up the DagBag from /home/airflow/.local/lib/python3.12/site-packages/airflow/example_dags/example_sla_dag.py
[2025-02-23T04:49:43.026+0000] {processor.py:925} INFO - DAG(s) 'example_sla_dag' retrieved from /home/airflow/.local/lib/python3.12/site-packages/airflow/example_dags/example_sla_dag.py
[2025-02-23T04:49:43.040+0000] {logging_mixin.py:190} INFO - [2025-02-23T04:49:43.040+0000] {dag.py:3239} INFO - Sync 1 DAGs
[2025-02-23T04:49:43.059+0000] {logging_mixin.py:190} INFO - [2025-02-23T04:49:43.059+0000] {dag.py:4180} INFO - Setting next_dagrun for example_sla_dag to 2025-02-23 04:46:00+00:00, run_after=2025-02-23 04:48:00+00:00
[2025-02-23T04:49:43.071+0000] {processor.py:208} INFO - Processing /home/airflow/.local/lib/python3.12/site-packages/airflow/example_dags/example_sla_dag.py took 0.059 seconds
[2025-02-23T04:50:13.170+0000] {processor.py:186} INFO - Started process (PID=531) to work on /home/airflow/.local/lib/python3.12/site-packages/airflow/example_dags/example_sla_dag.py
[2025-02-23T04:50:13.171+0000] {processor.py:914} INFO - Processing file /home/airflow/.local/lib/python3.12/site-packages/airflow/example_dags/example_sla_dag.py for tasks to queue
[2025-02-23T04:50:13.173+0000] {logging_mixin.py:190} INFO - [2025-02-23T04:50:13.172+0000] {dagbag.py:588} INFO - Filling up the DagBag from /home/airflow/.local/lib/python3.12/site-packages/airflow/example_dags/example_sla_dag.py
[2025-02-23T04:50:13.182+0000] {processor.py:925} INFO - DAG(s) 'example_sla_dag' retrieved from /home/airflow/.local/lib/python3.12/site-packages/airflow/example_dags/example_sla_dag.py
[2025-02-23T04:50:13.198+0000] {logging_mixin.py:190} INFO - [2025-02-23T04:50:13.198+0000] {dag.py:3239} INFO - Sync 1 DAGs
[2025-02-23T04:50:13.216+0000] {logging_mixin.py:190} INFO - [2025-02-23T04:50:13.216+0000] {dag.py:4180} INFO - Setting next_dagrun for example_sla_dag to 2025-02-23 04:48:00+00:00, run_after=2025-02-23 04:50:00+00:00
[2025-02-23T04:50:13.228+0000] {processor.py:208} INFO - Processing /home/airflow/.local/lib/python3.12/site-packages/airflow/example_dags/example_sla_dag.py took 0.064 seconds
[2025-02-23T04:50:43.345+0000] {processor.py:186} INFO - Started process (PID=594) to work on /home/airflow/.local/lib/python3.12/site-packages/airflow/example_dags/example_sla_dag.py
[2025-02-23T04:50:43.346+0000] {processor.py:914} INFO - Processing file /home/airflow/.local/lib/python3.12/site-packages/airflow/example_dags/example_sla_dag.py for tasks to queue
[2025-02-23T04:50:43.347+0000] {logging_mixin.py:190} INFO - [2025-02-23T04:50:43.347+0000] {dagbag.py:588} INFO - Filling up the DagBag from /home/airflow/.local/lib/python3.12/site-packages/airflow/example_dags/example_sla_dag.py
[2025-02-23T04:50:43.355+0000] {processor.py:925} INFO - DAG(s) 'example_sla_dag' retrieved from /home/airflow/.local/lib/python3.12/site-packages/airflow/example_dags/example_sla_dag.py
[2025-02-23T04:50:43.369+0000] {logging_mixin.py:190} INFO - [2025-02-23T04:50:43.369+0000] {dag.py:3239} INFO - Sync 1 DAGs
[2025-02-23T04:50:43.387+0000] {logging_mixin.py:190} INFO - [2025-02-23T04:50:43.387+0000] {dag.py:4180} INFO - Setting next_dagrun for example_sla_dag to 2025-02-23 04:48:00+00:00, run_after=2025-02-23 04:50:00+00:00
[2025-02-23T04:50:43.399+0000] {processor.py:208} INFO - Processing /home/airflow/.local/lib/python3.12/site-packages/airflow/example_dags/example_sla_dag.py took 0.058 seconds
[2025-02-23T04:51:13.485+0000] {processor.py:186} INFO - Started process (PID=657) to work on /home/airflow/.local/lib/python3.12/site-packages/airflow/example_dags/example_sla_dag.py
[2025-02-23T04:51:13.485+0000] {processor.py:914} INFO - Processing file /home/airflow/.local/lib/python3.12/site-packages/airflow/example_dags/example_sla_dag.py for tasks to queue
[2025-02-23T04:51:13.487+0000] {logging_mixin.py:190} INFO - [2025-02-23T04:51:13.487+0000] {dagbag.py:588} INFO - Filling up the DagBag from /home/airflow/.local/lib/python3.12/site-packages/airflow/example_dags/example_sla_dag.py
[2025-02-23T04:51:13.496+0000] {processor.py:925} INFO - DAG(s) 'example_sla_dag' retrieved from /home/airflow/.local/lib/python3.12/site-packages/airflow/example_dags/example_sla_dag.py
[2025-02-23T04:51:13.510+0000] {logging_mixin.py:190} INFO - [2025-02-23T04:51:13.510+0000] {dag.py:3239} INFO - Sync 1 DAGs
[2025-02-23T04:51:13.529+0000] {logging_mixin.py:190} INFO - [2025-02-23T04:51:13.529+0000] {dag.py:4180} INFO - Setting next_dagrun for example_sla_dag to 2025-02-23 04:48:00+00:00, run_after=2025-02-23 04:50:00+00:00
[2025-02-23T04:51:13.541+0000] {processor.py:208} INFO - Processing /home/airflow/.local/lib/python3.12/site-packages/airflow/example_dags/example_sla_dag.py took 0.061 seconds
[2025-02-23T04:51:43.630+0000] {processor.py:186} INFO - Started process (PID=720) to work on /home/airflow/.local/lib/python3.12/site-packages/airflow/example_dags/example_sla_dag.py
[2025-02-23T04:51:43.631+0000] {processor.py:914} INFO - Processing file /home/airflow/.local/lib/python3.12/site-packages/airflow/example_dags/example_sla_dag.py for tasks to queue
[2025-02-23T04:51:43.632+0000] {logging_mixin.py:190} INFO - [2025-02-23T04:51:43.632+0000] {dagbag.py:588} INFO - Filling up the DagBag from /home/airflow/.local/lib/python3.12/site-packages/airflow/example_dags/example_sla_dag.py
[2025-02-23T04:51:43.641+0000] {processor.py:925} INFO - DAG(s) 'example_sla_dag' retrieved from /home/airflow/.local/lib/python3.12/site-packages/airflow/example_dags/example_sla_dag.py
[2025-02-23T04:51:43.657+0000] {logging_mixin.py:190} INFO - [2025-02-23T04:51:43.657+0000] {dag.py:3239} INFO - Sync 1 DAGs
[2025-02-23T04:51:43.680+0000] {logging_mixin.py:190} INFO - [2025-02-23T04:51:43.680+0000] {dag.py:4180} INFO - Setting next_dagrun for example_sla_dag to 2025-02-23 04:48:00+00:00, run_after=2025-02-23 04:50:00+00:00
[2025-02-23T04:51:43.696+0000] {processor.py:208} INFO - Processing /home/airflow/.local/lib/python3.12/site-packages/airflow/example_dags/example_sla_dag.py took 0.071 seconds
[2025-02-23T04:52:13.791+0000] {processor.py:186} INFO - Started process (PID=783) to work on /home/airflow/.local/lib/python3.12/site-packages/airflow/example_dags/example_sla_dag.py
[2025-02-23T04:52:13.791+0000] {processor.py:914} INFO - Processing file /home/airflow/.local/lib/python3.12/site-packages/airflow/example_dags/example_sla_dag.py for tasks to queue
[2025-02-23T04:52:13.792+0000] {logging_mixin.py:190} INFO - [2025-02-23T04:52:13.792+0000] {dagbag.py:588} INFO - Filling up the DagBag from /home/airflow/.local/lib/python3.12/site-packages/airflow/example_dags/example_sla_dag.py
[2025-02-23T04:52:13.801+0000] {processor.py:925} INFO - DAG(s) 'example_sla_dag' retrieved from /home/airflow/.local/lib/python3.12/site-packages/airflow/example_dags/example_sla_dag.py
[2025-02-23T04:52:13.814+0000] {logging_mixin.py:190} INFO - [2025-02-23T04:52:13.814+0000] {dag.py:3239} INFO - Sync 1 DAGs
[2025-02-23T04:52:13.833+0000] {logging_mixin.py:190} INFO - [2025-02-23T04:52:13.833+0000] {dag.py:4180} INFO - Setting next_dagrun for example_sla_dag to 2025-02-23 04:50:00+00:00, run_after=2025-02-23 04:52:00+00:00
[2025-02-23T04:52:13.844+0000] {processor.py:208} INFO - Processing /home/airflow/.local/lib/python3.12/site-packages/airflow/example_dags/example_sla_dag.py took 0.058 seconds
[2025-02-23T04:52:43.890+0000] {processor.py:186} INFO - Started process (PID=846) to work on /home/airflow/.local/lib/python3.12/site-packages/airflow/example_dags/example_sla_dag.py
[2025-02-23T04:52:43.891+0000] {processor.py:914} INFO - Processing file /home/airflow/.local/lib/python3.12/site-packages/airflow/example_dags/example_sla_dag.py for tasks to queue
[2025-02-23T04:52:43.893+0000] {logging_mixin.py:190} INFO - [2025-02-23T04:52:43.893+0000] {dagbag.py:588} INFO - Filling up the DagBag from /home/airflow/.local/lib/python3.12/site-packages/airflow/example_dags/example_sla_dag.py
[2025-02-23T04:52:43.902+0000] {processor.py:925} INFO - DAG(s) 'example_sla_dag' retrieved from /home/airflow/.local/lib/python3.12/site-packages/airflow/example_dags/example_sla_dag.py
[2025-02-23T04:52:43.919+0000] {logging_mixin.py:190} INFO - [2025-02-23T04:52:43.918+0000] {dag.py:3239} INFO - Sync 1 DAGs
[2025-02-23T04:52:43.946+0000] {logging_mixin.py:190} INFO - [2025-02-23T04:52:43.945+0000] {dag.py:4180} INFO - Setting next_dagrun for example_sla_dag to 2025-02-23 04:50:00+00:00, run_after=2025-02-23 04:52:00+00:00
[2025-02-23T04:52:43.960+0000] {processor.py:208} INFO - Processing /home/airflow/.local/lib/python3.12/site-packages/airflow/example_dags/example_sla_dag.py took 0.076 seconds
[2025-02-23T04:53:14.229+0000] {processor.py:186} INFO - Started process (PID=909) to work on /home/airflow/.local/lib/python3.12/site-packages/airflow/example_dags/example_sla_dag.py
[2025-02-23T04:53:14.229+0000] {processor.py:914} INFO - Processing file /home/airflow/.local/lib/python3.12/site-packages/airflow/example_dags/example_sla_dag.py for tasks to queue
[2025-02-23T04:53:14.231+0000] {logging_mixin.py:190} INFO - [2025-02-23T04:53:14.231+0000] {dagbag.py:588} INFO - Filling up the DagBag from /home/airflow/.local/lib/python3.12/site-packages/airflow/example_dags/example_sla_dag.py
[2025-02-23T04:53:14.239+0000] {processor.py:925} INFO - DAG(s) 'example_sla_dag' retrieved from /home/airflow/.local/lib/python3.12/site-packages/airflow/example_dags/example_sla_dag.py
[2025-02-23T04:53:14.256+0000] {logging_mixin.py:190} INFO - [2025-02-23T04:53:14.256+0000] {dag.py:3239} INFO - Sync 1 DAGs
[2025-02-23T04:53:14.278+0000] {logging_mixin.py:190} INFO - [2025-02-23T04:53:14.278+0000] {dag.py:4180} INFO - Setting next_dagrun for example_sla_dag to 2025-02-23 04:50:00+00:00, run_after=2025-02-23 04:52:00+00:00
[2025-02-23T04:53:14.290+0000] {processor.py:208} INFO - Processing /home/airflow/.local/lib/python3.12/site-packages/airflow/example_dags/example_sla_dag.py took 0.066 seconds
[2025-02-23T04:53:44.827+0000] {processor.py:186} INFO - Started process (PID=972) to work on /home/airflow/.local/lib/python3.12/site-packages/airflow/example_dags/example_sla_dag.py
[2025-02-23T04:53:44.828+0000] {processor.py:914} INFO - Processing file /home/airflow/.local/lib/python3.12/site-packages/airflow/example_dags/example_sla_dag.py for tasks to queue
[2025-02-23T04:53:44.830+0000] {logging_mixin.py:190} INFO - [2025-02-23T04:53:44.829+0000] {dagbag.py:588} INFO - Filling up the DagBag from /home/airflow/.local/lib/python3.12/site-packages/airflow/example_dags/example_sla_dag.py
[2025-02-23T04:53:44.837+0000] {processor.py:925} INFO - DAG(s) 'example_sla_dag' retrieved from /home/airflow/.local/lib/python3.12/site-packages/airflow/example_dags/example_sla_dag.py
[2025-02-23T04:53:44.854+0000] {logging_mixin.py:190} INFO - [2025-02-23T04:53:44.854+0000] {dag.py:3239} INFO - Sync 1 DAGs
[2025-02-23T04:53:44.878+0000] {logging_mixin.py:190} INFO - [2025-02-23T04:53:44.877+0000] {dag.py:4180} INFO - Setting next_dagrun for example_sla_dag to 2025-02-23 04:50:00+00:00, run_after=2025-02-23 04:52:00+00:00
[2025-02-23T04:53:44.890+0000] {processor.py:208} INFO - Processing /home/airflow/.local/lib/python3.12/site-packages/airflow/example_dags/example_sla_dag.py took 0.067 seconds
[2025-02-23T04:54:15.036+0000] {processor.py:186} INFO - Started process (PID=1035) to work on /home/airflow/.local/lib/python3.12/site-packages/airflow/example_dags/example_sla_dag.py
[2025-02-23T04:54:15.037+0000] {processor.py:914} INFO - Processing file /home/airflow/.local/lib/python3.12/site-packages/airflow/example_dags/example_sla_dag.py for tasks to queue
[2025-02-23T04:54:15.039+0000] {logging_mixin.py:190} INFO - [2025-02-23T04:54:15.039+0000] {dagbag.py:588} INFO - Filling up the DagBag from /home/airflow/.local/lib/python3.12/site-packages/airflow/example_dags/example_sla_dag.py
[2025-02-23T04:54:15.051+0000] {processor.py:925} INFO - DAG(s) 'example_sla_dag' retrieved from /home/airflow/.local/lib/python3.12/site-packages/airflow/example_dags/example_sla_dag.py
[2025-02-23T04:54:15.072+0000] {logging_mixin.py:190} INFO - [2025-02-23T04:54:15.071+0000] {dag.py:3239} INFO - Sync 1 DAGs
[2025-02-23T04:54:15.099+0000] {logging_mixin.py:190} INFO - [2025-02-23T04:54:15.098+0000] {dag.py:4180} INFO - Setting next_dagrun for example_sla_dag to 2025-02-23 04:52:00+00:00, run_after=2025-02-23 04:54:00+00:00
[2025-02-23T04:54:15.111+0000] {processor.py:208} INFO - Processing /home/airflow/.local/lib/python3.12/site-packages/airflow/example_dags/example_sla_dag.py took 0.081 seconds
[2025-02-23T04:54:45.475+0000] {processor.py:186} INFO - Started process (PID=1098) to work on /home/airflow/.local/lib/python3.12/site-packages/airflow/example_dags/example_sla_dag.py
[2025-02-23T04:54:45.476+0000] {processor.py:914} INFO - Processing file /home/airflow/.local/lib/python3.12/site-packages/airflow/example_dags/example_sla_dag.py for tasks to queue
[2025-02-23T04:54:45.478+0000] {logging_mixin.py:190} INFO - [2025-02-23T04:54:45.478+0000] {dagbag.py:588} INFO - Filling up the DagBag from /home/airflow/.local/lib/python3.12/site-packages/airflow/example_dags/example_sla_dag.py
[2025-02-23T04:54:45.489+0000] {processor.py:925} INFO - DAG(s) 'example_sla_dag' retrieved from /home/airflow/.local/lib/python3.12/site-packages/airflow/example_dags/example_sla_dag.py
[2025-02-23T04:54:45.510+0000] {logging_mixin.py:190} INFO - [2025-02-23T04:54:45.510+0000] {dag.py:3239} INFO - Sync 1 DAGs
[2025-02-23T04:54:45.541+0000] {logging_mixin.py:190} INFO - [2025-02-23T04:54:45.541+0000] {dag.py:4180} INFO - Setting next_dagrun for example_sla_dag to 2025-02-23 04:52:00+00:00, run_after=2025-02-23 04:54:00+00:00
[2025-02-23T04:54:45.554+0000] {processor.py:208} INFO - Processing /home/airflow/.local/lib/python3.12/site-packages/airflow/example_dags/example_sla_dag.py took 0.086 seconds
[2025-02-23T04:55:15.754+0000] {processor.py:186} INFO - Started process (PID=1161) to work on /home/airflow/.local/lib/python3.12/site-packages/airflow/example_dags/example_sla_dag.py
[2025-02-23T04:55:15.755+0000] {processor.py:914} INFO - Processing file /home/airflow/.local/lib/python3.12/site-packages/airflow/example_dags/example_sla_dag.py for tasks to queue
[2025-02-23T04:55:15.756+0000] {logging_mixin.py:190} INFO - [2025-02-23T04:55:15.756+0000] {dagbag.py:588} INFO - Filling up the DagBag from /home/airflow/.local/lib/python3.12/site-packages/airflow/example_dags/example_sla_dag.py
[2025-02-23T04:55:15.765+0000] {processor.py:925} INFO - DAG(s) 'example_sla_dag' retrieved from /home/airflow/.local/lib/python3.12/site-packages/airflow/example_dags/example_sla_dag.py
[2025-02-23T04:55:15.781+0000] {logging_mixin.py:190} INFO - [2025-02-23T04:55:15.781+0000] {dag.py:3239} INFO - Sync 1 DAGs
[2025-02-23T04:55:15.803+0000] {logging_mixin.py:190} INFO - [2025-02-23T04:55:15.803+0000] {dag.py:4180} INFO - Setting next_dagrun for example_sla_dag to 2025-02-23 04:52:00+00:00, run_after=2025-02-23 04:54:00+00:00
[2025-02-23T04:55:15.816+0000] {processor.py:208} INFO - Processing /home/airflow/.local/lib/python3.12/site-packages/airflow/example_dags/example_sla_dag.py took 0.066 seconds
[2025-02-23T04:55:46.091+0000] {processor.py:186} INFO - Started process (PID=1224) to work on /home/airflow/.local/lib/python3.12/site-packages/airflow/example_dags/example_sla_dag.py
[2025-02-23T04:55:46.095+0000] {processor.py:914} INFO - Processing file /home/airflow/.local/lib/python3.12/site-packages/airflow/example_dags/example_sla_dag.py for tasks to queue
[2025-02-23T04:55:46.097+0000] {logging_mixin.py:190} INFO - [2025-02-23T04:55:46.097+0000] {dagbag.py:588} INFO - Filling up the DagBag from /home/airflow/.local/lib/python3.12/site-packages/airflow/example_dags/example_sla_dag.py
[2025-02-23T04:55:46.108+0000] {processor.py:925} INFO - DAG(s) 'example_sla_dag' retrieved from /home/airflow/.local/lib/python3.12/site-packages/airflow/example_dags/example_sla_dag.py
[2025-02-23T04:55:46.129+0000] {logging_mixin.py:190} INFO - [2025-02-23T04:55:46.129+0000] {dag.py:3239} INFO - Sync 1 DAGs
[2025-02-23T04:55:46.158+0000] {logging_mixin.py:190} INFO - [2025-02-23T04:55:46.158+0000] {dag.py:4180} INFO - Setting next_dagrun for example_sla_dag to 2025-02-23 04:52:00+00:00, run_after=2025-02-23 04:54:00+00:00
[2025-02-23T04:55:46.175+0000] {processor.py:208} INFO - Processing /home/airflow/.local/lib/python3.12/site-packages/airflow/example_dags/example_sla_dag.py took 0.091 seconds
[2025-02-23T04:56:16.315+0000] {processor.py:186} INFO - Started process (PID=1288) to work on /home/airflow/.local/lib/python3.12/site-packages/airflow/example_dags/example_sla_dag.py
[2025-02-23T04:56:16.316+0000] {processor.py:914} INFO - Processing file /home/airflow/.local/lib/python3.12/site-packages/airflow/example_dags/example_sla_dag.py for tasks to queue
[2025-02-23T04:56:16.317+0000] {logging_mixin.py:190} INFO - [2025-02-23T04:56:16.317+0000] {dagbag.py:588} INFO - Filling up the DagBag from /home/airflow/.local/lib/python3.12/site-packages/airflow/example_dags/example_sla_dag.py
[2025-02-23T04:56:16.326+0000] {processor.py:925} INFO - DAG(s) 'example_sla_dag' retrieved from /home/airflow/.local/lib/python3.12/site-packages/airflow/example_dags/example_sla_dag.py
[2025-02-23T04:56:16.342+0000] {logging_mixin.py:190} INFO - [2025-02-23T04:56:16.341+0000] {dag.py:3239} INFO - Sync 1 DAGs
[2025-02-23T04:56:16.365+0000] {logging_mixin.py:190} INFO - [2025-02-23T04:56:16.365+0000] {dag.py:4180} INFO - Setting next_dagrun for example_sla_dag to 2025-02-23 04:54:00+00:00, run_after=2025-02-23 04:56:00+00:00
[2025-02-23T04:56:16.378+0000] {processor.py:208} INFO - Processing /home/airflow/.local/lib/python3.12/site-packages/airflow/example_dags/example_sla_dag.py took 0.067 seconds
