[2025-02-23T04:46:44.143+0000] {processor.py:186} INFO - Started process (PID=113) to work on /home/airflow/.local/lib/python3.12/site-packages/airflow/example_dags/example_python_operator.py
[2025-02-23T04:46:44.143+0000] {processor.py:914} INFO - Processing file /home/airflow/.local/lib/python3.12/site-packages/airflow/example_dags/example_python_operator.py for tasks to queue
[2025-02-23T04:46:44.145+0000] {logging_mixin.py:190} INFO - [2025-02-23T04:46:44.145+0000] {dagbag.py:588} INFO - Filling up the DagBag from /home/airflow/.local/lib/python3.12/site-packages/airflow/example_dags/example_python_operator.py
[2025-02-23T04:46:44.156+0000] {processor.py:925} INFO - DAG(s) 'example_python_operator' retrieved from /home/airflow/.local/lib/python3.12/site-packages/airflow/example_dags/example_python_operator.py
[2025-02-23T04:46:44.271+0000] {logging_mixin.py:190} INFO - [2025-02-23T04:46:44.271+0000] {override.py:1911} INFO - Created Permission View: can read on DAG:example_python_operator
[2025-02-23T04:46:44.279+0000] {logging_mixin.py:190} INFO - [2025-02-23T04:46:44.279+0000] {override.py:1911} INFO - Created Permission View: can delete on DAG:example_python_operator
[2025-02-23T04:46:44.284+0000] {logging_mixin.py:190} INFO - [2025-02-23T04:46:44.284+0000] {override.py:1911} INFO - Created Permission View: can edit on DAG:example_python_operator
[2025-02-23T04:46:44.289+0000] {logging_mixin.py:190} INFO - [2025-02-23T04:46:44.289+0000] {override.py:1911} INFO - Created Permission View: can read on DAG Run:example_python_operator
[2025-02-23T04:46:44.294+0000] {logging_mixin.py:190} INFO - [2025-02-23T04:46:44.294+0000] {override.py:1911} INFO - Created Permission View: can create on DAG Run:example_python_operator
[2025-02-23T04:46:44.299+0000] {logging_mixin.py:190} INFO - [2025-02-23T04:46:44.299+0000] {override.py:1911} INFO - Created Permission View: can delete on DAG Run:example_python_operator
[2025-02-23T04:46:44.304+0000] {logging_mixin.py:190} INFO - [2025-02-23T04:46:44.303+0000] {override.py:1911} INFO - Created Permission View: menu access on DAG Run:example_python_operator
[2025-02-23T04:46:44.304+0000] {logging_mixin.py:190} INFO - [2025-02-23T04:46:44.304+0000] {dag.py:3239} INFO - Sync 1 DAGs
[2025-02-23T04:46:44.318+0000] {logging_mixin.py:190} INFO - [2025-02-23T04:46:44.318+0000] {dag.py:3262} INFO - Creating ORM DAG for example_python_operator
[2025-02-23T04:46:44.319+0000] {logging_mixin.py:190} INFO - [2025-02-23T04:46:44.318+0000] {dag.py:4180} INFO - Setting next_dagrun for example_python_operator to None, run_after=None
[2025-02-23T04:46:44.331+0000] {processor.py:208} INFO - Processing /home/airflow/.local/lib/python3.12/site-packages/airflow/example_dags/example_python_operator.py took 0.193 seconds
[2025-02-23T04:47:14.863+0000] {processor.py:186} INFO - Started process (PID=176) to work on /home/airflow/.local/lib/python3.12/site-packages/airflow/example_dags/example_python_operator.py
[2025-02-23T04:47:14.864+0000] {processor.py:914} INFO - Processing file /home/airflow/.local/lib/python3.12/site-packages/airflow/example_dags/example_python_operator.py for tasks to queue
[2025-02-23T04:47:14.866+0000] {logging_mixin.py:190} INFO - [2025-02-23T04:47:14.865+0000] {dagbag.py:588} INFO - Filling up the DagBag from /home/airflow/.local/lib/python3.12/site-packages/airflow/example_dags/example_python_operator.py
[2025-02-23T04:47:14.876+0000] {processor.py:925} INFO - DAG(s) 'example_python_operator' retrieved from /home/airflow/.local/lib/python3.12/site-packages/airflow/example_dags/example_python_operator.py
[2025-02-23T04:47:14.893+0000] {logging_mixin.py:190} INFO - [2025-02-23T04:47:14.893+0000] {dag.py:3239} INFO - Sync 1 DAGs
[2025-02-23T04:47:14.905+0000] {logging_mixin.py:190} INFO - [2025-02-23T04:47:14.905+0000] {dag.py:4180} INFO - Setting next_dagrun for example_python_operator to None, run_after=None
[2025-02-23T04:47:14.924+0000] {processor.py:208} INFO - Processing /home/airflow/.local/lib/python3.12/site-packages/airflow/example_dags/example_python_operator.py took 0.066 seconds
[2025-02-23T04:47:45.891+0000] {processor.py:186} INFO - Started process (PID=239) to work on /home/airflow/.local/lib/python3.12/site-packages/airflow/example_dags/example_python_operator.py
[2025-02-23T04:47:45.892+0000] {processor.py:914} INFO - Processing file /home/airflow/.local/lib/python3.12/site-packages/airflow/example_dags/example_python_operator.py for tasks to queue
[2025-02-23T04:47:45.893+0000] {logging_mixin.py:190} INFO - [2025-02-23T04:47:45.893+0000] {dagbag.py:588} INFO - Filling up the DagBag from /home/airflow/.local/lib/python3.12/site-packages/airflow/example_dags/example_python_operator.py
[2025-02-23T04:47:45.903+0000] {processor.py:925} INFO - DAG(s) 'example_python_operator' retrieved from /home/airflow/.local/lib/python3.12/site-packages/airflow/example_dags/example_python_operator.py
[2025-02-23T04:47:45.920+0000] {logging_mixin.py:190} INFO - [2025-02-23T04:47:45.920+0000] {dag.py:3239} INFO - Sync 1 DAGs
[2025-02-23T04:47:45.931+0000] {logging_mixin.py:190} INFO - [2025-02-23T04:47:45.931+0000] {dag.py:4180} INFO - Setting next_dagrun for example_python_operator to None, run_after=None
[2025-02-23T04:47:45.945+0000] {processor.py:208} INFO - Processing /home/airflow/.local/lib/python3.12/site-packages/airflow/example_dags/example_python_operator.py took 0.059 seconds
[2025-02-23T04:48:16.779+0000] {processor.py:186} INFO - Started process (PID=303) to work on /home/airflow/.local/lib/python3.12/site-packages/airflow/example_dags/example_python_operator.py
[2025-02-23T04:48:16.780+0000] {processor.py:914} INFO - Processing file /home/airflow/.local/lib/python3.12/site-packages/airflow/example_dags/example_python_operator.py for tasks to queue
[2025-02-23T04:48:16.782+0000] {logging_mixin.py:190} INFO - [2025-02-23T04:48:16.781+0000] {dagbag.py:588} INFO - Filling up the DagBag from /home/airflow/.local/lib/python3.12/site-packages/airflow/example_dags/example_python_operator.py
[2025-02-23T04:48:16.792+0000] {processor.py:925} INFO - DAG(s) 'example_python_operator' retrieved from /home/airflow/.local/lib/python3.12/site-packages/airflow/example_dags/example_python_operator.py
[2025-02-23T04:48:16.808+0000] {logging_mixin.py:190} INFO - [2025-02-23T04:48:16.808+0000] {dag.py:3239} INFO - Sync 1 DAGs
[2025-02-23T04:48:16.819+0000] {logging_mixin.py:190} INFO - [2025-02-23T04:48:16.818+0000] {dag.py:4180} INFO - Setting next_dagrun for example_python_operator to None, run_after=None
[2025-02-23T04:48:16.833+0000] {processor.py:208} INFO - Processing /home/airflow/.local/lib/python3.12/site-packages/airflow/example_dags/example_python_operator.py took 0.058 seconds
[2025-02-23T04:48:47.373+0000] {processor.py:186} INFO - Started process (PID=366) to work on /home/airflow/.local/lib/python3.12/site-packages/airflow/example_dags/example_python_operator.py
[2025-02-23T04:48:47.373+0000] {processor.py:914} INFO - Processing file /home/airflow/.local/lib/python3.12/site-packages/airflow/example_dags/example_python_operator.py for tasks to queue
[2025-02-23T04:48:47.375+0000] {logging_mixin.py:190} INFO - [2025-02-23T04:48:47.374+0000] {dagbag.py:588} INFO - Filling up the DagBag from /home/airflow/.local/lib/python3.12/site-packages/airflow/example_dags/example_python_operator.py
[2025-02-23T04:48:47.384+0000] {processor.py:925} INFO - DAG(s) 'example_python_operator' retrieved from /home/airflow/.local/lib/python3.12/site-packages/airflow/example_dags/example_python_operator.py
[2025-02-23T04:48:47.401+0000] {logging_mixin.py:190} INFO - [2025-02-23T04:48:47.401+0000] {dag.py:3239} INFO - Sync 1 DAGs
[2025-02-23T04:48:47.414+0000] {logging_mixin.py:190} INFO - [2025-02-23T04:48:47.414+0000] {dag.py:4180} INFO - Setting next_dagrun for example_python_operator to None, run_after=None
[2025-02-23T04:48:47.430+0000] {processor.py:208} INFO - Processing /home/airflow/.local/lib/python3.12/site-packages/airflow/example_dags/example_python_operator.py took 0.061 seconds
[2025-02-23T04:49:18.525+0000] {processor.py:186} INFO - Started process (PID=429) to work on /home/airflow/.local/lib/python3.12/site-packages/airflow/example_dags/example_python_operator.py
[2025-02-23T04:49:18.526+0000] {processor.py:914} INFO - Processing file /home/airflow/.local/lib/python3.12/site-packages/airflow/example_dags/example_python_operator.py for tasks to queue
[2025-02-23T04:49:18.528+0000] {logging_mixin.py:190} INFO - [2025-02-23T04:49:18.528+0000] {dagbag.py:588} INFO - Filling up the DagBag from /home/airflow/.local/lib/python3.12/site-packages/airflow/example_dags/example_python_operator.py
[2025-02-23T04:49:18.540+0000] {processor.py:925} INFO - DAG(s) 'example_python_operator' retrieved from /home/airflow/.local/lib/python3.12/site-packages/airflow/example_dags/example_python_operator.py
[2025-02-23T04:49:18.559+0000] {logging_mixin.py:190} INFO - [2025-02-23T04:49:18.559+0000] {dag.py:3239} INFO - Sync 1 DAGs
[2025-02-23T04:49:18.572+0000] {logging_mixin.py:190} INFO - [2025-02-23T04:49:18.571+0000] {dag.py:4180} INFO - Setting next_dagrun for example_python_operator to None, run_after=None
[2025-02-23T04:49:18.585+0000] {processor.py:208} INFO - Processing /home/airflow/.local/lib/python3.12/site-packages/airflow/example_dags/example_python_operator.py took 0.066 seconds
[2025-02-23T04:49:49.662+0000] {processor.py:186} INFO - Started process (PID=492) to work on /home/airflow/.local/lib/python3.12/site-packages/airflow/example_dags/example_python_operator.py
[2025-02-23T04:49:49.663+0000] {processor.py:914} INFO - Processing file /home/airflow/.local/lib/python3.12/site-packages/airflow/example_dags/example_python_operator.py for tasks to queue
[2025-02-23T04:49:49.665+0000] {logging_mixin.py:190} INFO - [2025-02-23T04:49:49.665+0000] {dagbag.py:588} INFO - Filling up the DagBag from /home/airflow/.local/lib/python3.12/site-packages/airflow/example_dags/example_python_operator.py
[2025-02-23T04:49:49.675+0000] {processor.py:925} INFO - DAG(s) 'example_python_operator' retrieved from /home/airflow/.local/lib/python3.12/site-packages/airflow/example_dags/example_python_operator.py
[2025-02-23T04:49:49.693+0000] {logging_mixin.py:190} INFO - [2025-02-23T04:49:49.692+0000] {dag.py:3239} INFO - Sync 1 DAGs
[2025-02-23T04:49:49.707+0000] {logging_mixin.py:190} INFO - [2025-02-23T04:49:49.707+0000] {dag.py:4180} INFO - Setting next_dagrun for example_python_operator to None, run_after=None
[2025-02-23T04:49:49.723+0000] {processor.py:208} INFO - Processing /home/airflow/.local/lib/python3.12/site-packages/airflow/example_dags/example_python_operator.py took 0.066 seconds
[2025-02-23T04:50:20.891+0000] {processor.py:186} INFO - Started process (PID=555) to work on /home/airflow/.local/lib/python3.12/site-packages/airflow/example_dags/example_python_operator.py
[2025-02-23T04:50:20.892+0000] {processor.py:914} INFO - Processing file /home/airflow/.local/lib/python3.12/site-packages/airflow/example_dags/example_python_operator.py for tasks to queue
[2025-02-23T04:50:20.894+0000] {logging_mixin.py:190} INFO - [2025-02-23T04:50:20.894+0000] {dagbag.py:588} INFO - Filling up the DagBag from /home/airflow/.local/lib/python3.12/site-packages/airflow/example_dags/example_python_operator.py
[2025-02-23T04:50:20.906+0000] {processor.py:925} INFO - DAG(s) 'example_python_operator' retrieved from /home/airflow/.local/lib/python3.12/site-packages/airflow/example_dags/example_python_operator.py
[2025-02-23T04:50:20.930+0000] {logging_mixin.py:190} INFO - [2025-02-23T04:50:20.930+0000] {dag.py:3239} INFO - Sync 1 DAGs
[2025-02-23T04:50:20.946+0000] {logging_mixin.py:190} INFO - [2025-02-23T04:50:20.946+0000] {dag.py:4180} INFO - Setting next_dagrun for example_python_operator to None, run_after=None
[2025-02-23T04:50:20.962+0000] {processor.py:208} INFO - Processing /home/airflow/.local/lib/python3.12/site-packages/airflow/example_dags/example_python_operator.py took 0.077 seconds
[2025-02-23T04:50:51.990+0000] {processor.py:186} INFO - Started process (PID=618) to work on /home/airflow/.local/lib/python3.12/site-packages/airflow/example_dags/example_python_operator.py
[2025-02-23T04:50:51.990+0000] {processor.py:914} INFO - Processing file /home/airflow/.local/lib/python3.12/site-packages/airflow/example_dags/example_python_operator.py for tasks to queue
[2025-02-23T04:50:51.992+0000] {logging_mixin.py:190} INFO - [2025-02-23T04:50:51.992+0000] {dagbag.py:588} INFO - Filling up the DagBag from /home/airflow/.local/lib/python3.12/site-packages/airflow/example_dags/example_python_operator.py
[2025-02-23T04:50:52.002+0000] {processor.py:925} INFO - DAG(s) 'example_python_operator' retrieved from /home/airflow/.local/lib/python3.12/site-packages/airflow/example_dags/example_python_operator.py
[2025-02-23T04:50:52.020+0000] {logging_mixin.py:190} INFO - [2025-02-23T04:50:52.020+0000] {dag.py:3239} INFO - Sync 1 DAGs
[2025-02-23T04:50:52.031+0000] {logging_mixin.py:190} INFO - [2025-02-23T04:50:52.031+0000] {dag.py:4180} INFO - Setting next_dagrun for example_python_operator to None, run_after=None
[2025-02-23T04:50:52.044+0000] {processor.py:208} INFO - Processing /home/airflow/.local/lib/python3.12/site-packages/airflow/example_dags/example_python_operator.py took 0.060 seconds
[2025-02-23T04:51:23.015+0000] {processor.py:186} INFO - Started process (PID=681) to work on /home/airflow/.local/lib/python3.12/site-packages/airflow/example_dags/example_python_operator.py
[2025-02-23T04:51:23.016+0000] {processor.py:914} INFO - Processing file /home/airflow/.local/lib/python3.12/site-packages/airflow/example_dags/example_python_operator.py for tasks to queue
[2025-02-23T04:51:23.017+0000] {logging_mixin.py:190} INFO - [2025-02-23T04:51:23.017+0000] {dagbag.py:588} INFO - Filling up the DagBag from /home/airflow/.local/lib/python3.12/site-packages/airflow/example_dags/example_python_operator.py
[2025-02-23T04:51:23.030+0000] {processor.py:925} INFO - DAG(s) 'example_python_operator' retrieved from /home/airflow/.local/lib/python3.12/site-packages/airflow/example_dags/example_python_operator.py
[2025-02-23T04:51:23.055+0000] {logging_mixin.py:190} INFO - [2025-02-23T04:51:23.055+0000] {dag.py:3239} INFO - Sync 1 DAGs
[2025-02-23T04:51:23.072+0000] {logging_mixin.py:190} INFO - [2025-02-23T04:51:23.072+0000] {dag.py:4180} INFO - Setting next_dagrun for example_python_operator to None, run_after=None
[2025-02-23T04:51:23.089+0000] {processor.py:208} INFO - Processing /home/airflow/.local/lib/python3.12/site-packages/airflow/example_dags/example_python_operator.py took 0.079 seconds
[2025-02-23T04:51:53.832+0000] {processor.py:186} INFO - Started process (PID=744) to work on /home/airflow/.local/lib/python3.12/site-packages/airflow/example_dags/example_python_operator.py
[2025-02-23T04:51:53.833+0000] {processor.py:914} INFO - Processing file /home/airflow/.local/lib/python3.12/site-packages/airflow/example_dags/example_python_operator.py for tasks to queue
[2025-02-23T04:51:53.835+0000] {logging_mixin.py:190} INFO - [2025-02-23T04:51:53.834+0000] {dagbag.py:588} INFO - Filling up the DagBag from /home/airflow/.local/lib/python3.12/site-packages/airflow/example_dags/example_python_operator.py
[2025-02-23T04:51:53.844+0000] {processor.py:925} INFO - DAG(s) 'example_python_operator' retrieved from /home/airflow/.local/lib/python3.12/site-packages/airflow/example_dags/example_python_operator.py
[2025-02-23T04:51:53.862+0000] {logging_mixin.py:190} INFO - [2025-02-23T04:51:53.862+0000] {dag.py:3239} INFO - Sync 1 DAGs
[2025-02-23T04:51:53.874+0000] {logging_mixin.py:190} INFO - [2025-02-23T04:51:53.873+0000] {dag.py:4180} INFO - Setting next_dagrun for example_python_operator to None, run_after=None
[2025-02-23T04:51:53.886+0000] {processor.py:208} INFO - Processing /home/airflow/.local/lib/python3.12/site-packages/airflow/example_dags/example_python_operator.py took 0.058 seconds
[2025-02-23T04:52:24.526+0000] {processor.py:186} INFO - Started process (PID=807) to work on /home/airflow/.local/lib/python3.12/site-packages/airflow/example_dags/example_python_operator.py
[2025-02-23T04:52:24.527+0000] {processor.py:914} INFO - Processing file /home/airflow/.local/lib/python3.12/site-packages/airflow/example_dags/example_python_operator.py for tasks to queue
[2025-02-23T04:52:24.529+0000] {logging_mixin.py:190} INFO - [2025-02-23T04:52:24.528+0000] {dagbag.py:588} INFO - Filling up the DagBag from /home/airflow/.local/lib/python3.12/site-packages/airflow/example_dags/example_python_operator.py
[2025-02-23T04:52:24.540+0000] {processor.py:925} INFO - DAG(s) 'example_python_operator' retrieved from /home/airflow/.local/lib/python3.12/site-packages/airflow/example_dags/example_python_operator.py
[2025-02-23T04:52:24.556+0000] {logging_mixin.py:190} INFO - [2025-02-23T04:52:24.556+0000] {dag.py:3239} INFO - Sync 1 DAGs
[2025-02-23T04:52:24.568+0000] {logging_mixin.py:190} INFO - [2025-02-23T04:52:24.568+0000] {dag.py:4180} INFO - Setting next_dagrun for example_python_operator to None, run_after=None
[2025-02-23T04:52:24.582+0000] {processor.py:208} INFO - Processing /home/airflow/.local/lib/python3.12/site-packages/airflow/example_dags/example_python_operator.py took 0.062 seconds
[2025-02-23T04:52:55.272+0000] {processor.py:186} INFO - Started process (PID=870) to work on /home/airflow/.local/lib/python3.12/site-packages/airflow/example_dags/example_python_operator.py
[2025-02-23T04:52:55.273+0000] {processor.py:914} INFO - Processing file /home/airflow/.local/lib/python3.12/site-packages/airflow/example_dags/example_python_operator.py for tasks to queue
[2025-02-23T04:52:55.274+0000] {logging_mixin.py:190} INFO - [2025-02-23T04:52:55.274+0000] {dagbag.py:588} INFO - Filling up the DagBag from /home/airflow/.local/lib/python3.12/site-packages/airflow/example_dags/example_python_operator.py
[2025-02-23T04:52:55.284+0000] {processor.py:925} INFO - DAG(s) 'example_python_operator' retrieved from /home/airflow/.local/lib/python3.12/site-packages/airflow/example_dags/example_python_operator.py
[2025-02-23T04:52:55.300+0000] {logging_mixin.py:190} INFO - [2025-02-23T04:52:55.300+0000] {dag.py:3239} INFO - Sync 1 DAGs
[2025-02-23T04:52:55.310+0000] {logging_mixin.py:190} INFO - [2025-02-23T04:52:55.310+0000] {dag.py:4180} INFO - Setting next_dagrun for example_python_operator to None, run_after=None
[2025-02-23T04:52:55.322+0000] {processor.py:208} INFO - Processing /home/airflow/.local/lib/python3.12/site-packages/airflow/example_dags/example_python_operator.py took 0.055 seconds
[2025-02-23T04:53:25.936+0000] {processor.py:186} INFO - Started process (PID=933) to work on /home/airflow/.local/lib/python3.12/site-packages/airflow/example_dags/example_python_operator.py
[2025-02-23T04:53:25.937+0000] {processor.py:914} INFO - Processing file /home/airflow/.local/lib/python3.12/site-packages/airflow/example_dags/example_python_operator.py for tasks to queue
[2025-02-23T04:53:25.939+0000] {logging_mixin.py:190} INFO - [2025-02-23T04:53:25.938+0000] {dagbag.py:588} INFO - Filling up the DagBag from /home/airflow/.local/lib/python3.12/site-packages/airflow/example_dags/example_python_operator.py
[2025-02-23T04:53:25.948+0000] {processor.py:925} INFO - DAG(s) 'example_python_operator' retrieved from /home/airflow/.local/lib/python3.12/site-packages/airflow/example_dags/example_python_operator.py
[2025-02-23T04:53:25.965+0000] {logging_mixin.py:190} INFO - [2025-02-23T04:53:25.964+0000] {dag.py:3239} INFO - Sync 1 DAGs
[2025-02-23T04:53:25.976+0000] {logging_mixin.py:190} INFO - [2025-02-23T04:53:25.975+0000] {dag.py:4180} INFO - Setting next_dagrun for example_python_operator to None, run_after=None
[2025-02-23T04:53:25.987+0000] {processor.py:208} INFO - Processing /home/airflow/.local/lib/python3.12/site-packages/airflow/example_dags/example_python_operator.py took 0.055 seconds
[2025-02-23T04:53:56.622+0000] {processor.py:186} INFO - Started process (PID=996) to work on /home/airflow/.local/lib/python3.12/site-packages/airflow/example_dags/example_python_operator.py
[2025-02-23T04:53:56.623+0000] {processor.py:914} INFO - Processing file /home/airflow/.local/lib/python3.12/site-packages/airflow/example_dags/example_python_operator.py for tasks to queue
[2025-02-23T04:53:56.624+0000] {logging_mixin.py:190} INFO - [2025-02-23T04:53:56.624+0000] {dagbag.py:588} INFO - Filling up the DagBag from /home/airflow/.local/lib/python3.12/site-packages/airflow/example_dags/example_python_operator.py
[2025-02-23T04:53:56.634+0000] {processor.py:925} INFO - DAG(s) 'example_python_operator' retrieved from /home/airflow/.local/lib/python3.12/site-packages/airflow/example_dags/example_python_operator.py
[2025-02-23T04:53:56.654+0000] {logging_mixin.py:190} INFO - [2025-02-23T04:53:56.654+0000] {dag.py:3239} INFO - Sync 1 DAGs
[2025-02-23T04:53:56.668+0000] {logging_mixin.py:190} INFO - [2025-02-23T04:53:56.668+0000] {dag.py:4180} INFO - Setting next_dagrun for example_python_operator to None, run_after=None
[2025-02-23T04:53:56.684+0000] {processor.py:208} INFO - Processing /home/airflow/.local/lib/python3.12/site-packages/airflow/example_dags/example_python_operator.py took 0.066 seconds
[2025-02-23T04:54:27.379+0000] {processor.py:186} INFO - Started process (PID=1059) to work on /home/airflow/.local/lib/python3.12/site-packages/airflow/example_dags/example_python_operator.py
[2025-02-23T04:54:27.380+0000] {processor.py:914} INFO - Processing file /home/airflow/.local/lib/python3.12/site-packages/airflow/example_dags/example_python_operator.py for tasks to queue
[2025-02-23T04:54:27.382+0000] {logging_mixin.py:190} INFO - [2025-02-23T04:54:27.381+0000] {dagbag.py:588} INFO - Filling up the DagBag from /home/airflow/.local/lib/python3.12/site-packages/airflow/example_dags/example_python_operator.py
[2025-02-23T04:54:27.393+0000] {processor.py:925} INFO - DAG(s) 'example_python_operator' retrieved from /home/airflow/.local/lib/python3.12/site-packages/airflow/example_dags/example_python_operator.py
[2025-02-23T04:54:27.409+0000] {logging_mixin.py:190} INFO - [2025-02-23T04:54:27.409+0000] {dag.py:3239} INFO - Sync 1 DAGs
[2025-02-23T04:54:27.420+0000] {logging_mixin.py:190} INFO - [2025-02-23T04:54:27.420+0000] {dag.py:4180} INFO - Setting next_dagrun for example_python_operator to None, run_after=None
[2025-02-23T04:54:27.436+0000] {processor.py:208} INFO - Processing /home/airflow/.local/lib/python3.12/site-packages/airflow/example_dags/example_python_operator.py took 0.062 seconds
[2025-02-23T04:54:58.806+0000] {processor.py:186} INFO - Started process (PID=1122) to work on /home/airflow/.local/lib/python3.12/site-packages/airflow/example_dags/example_python_operator.py
[2025-02-23T04:54:58.807+0000] {processor.py:914} INFO - Processing file /home/airflow/.local/lib/python3.12/site-packages/airflow/example_dags/example_python_operator.py for tasks to queue
[2025-02-23T04:54:58.808+0000] {logging_mixin.py:190} INFO - [2025-02-23T04:54:58.808+0000] {dagbag.py:588} INFO - Filling up the DagBag from /home/airflow/.local/lib/python3.12/site-packages/airflow/example_dags/example_python_operator.py
[2025-02-23T04:54:58.818+0000] {processor.py:925} INFO - DAG(s) 'example_python_operator' retrieved from /home/airflow/.local/lib/python3.12/site-packages/airflow/example_dags/example_python_operator.py
[2025-02-23T04:54:58.834+0000] {logging_mixin.py:190} INFO - [2025-02-23T04:54:58.834+0000] {dag.py:3239} INFO - Sync 1 DAGs
[2025-02-23T04:54:58.851+0000] {logging_mixin.py:190} INFO - [2025-02-23T04:54:58.851+0000] {dag.py:4180} INFO - Setting next_dagrun for example_python_operator to None, run_after=None
[2025-02-23T04:54:58.864+0000] {processor.py:208} INFO - Processing /home/airflow/.local/lib/python3.12/site-packages/airflow/example_dags/example_python_operator.py took 0.061 seconds
[2025-02-23T04:55:30.035+0000] {processor.py:186} INFO - Started process (PID=1185) to work on /home/airflow/.local/lib/python3.12/site-packages/airflow/example_dags/example_python_operator.py
[2025-02-23T04:55:30.035+0000] {processor.py:914} INFO - Processing file /home/airflow/.local/lib/python3.12/site-packages/airflow/example_dags/example_python_operator.py for tasks to queue
[2025-02-23T04:55:30.037+0000] {logging_mixin.py:190} INFO - [2025-02-23T04:55:30.037+0000] {dagbag.py:588} INFO - Filling up the DagBag from /home/airflow/.local/lib/python3.12/site-packages/airflow/example_dags/example_python_operator.py
[2025-02-23T04:55:30.046+0000] {processor.py:925} INFO - DAG(s) 'example_python_operator' retrieved from /home/airflow/.local/lib/python3.12/site-packages/airflow/example_dags/example_python_operator.py
[2025-02-23T04:55:30.062+0000] {logging_mixin.py:190} INFO - [2025-02-23T04:55:30.062+0000] {dag.py:3239} INFO - Sync 1 DAGs
[2025-02-23T04:55:30.073+0000] {logging_mixin.py:190} INFO - [2025-02-23T04:55:30.073+0000] {dag.py:4180} INFO - Setting next_dagrun for example_python_operator to None, run_after=None
[2025-02-23T04:55:30.086+0000] {processor.py:208} INFO - Processing /home/airflow/.local/lib/python3.12/site-packages/airflow/example_dags/example_python_operator.py took 0.055 seconds
[2025-02-23T04:56:01.439+0000] {processor.py:186} INFO - Started process (PID=1248) to work on /home/airflow/.local/lib/python3.12/site-packages/airflow/example_dags/example_python_operator.py
[2025-02-23T04:56:01.439+0000] {processor.py:914} INFO - Processing file /home/airflow/.local/lib/python3.12/site-packages/airflow/example_dags/example_python_operator.py for tasks to queue
[2025-02-23T04:56:01.441+0000] {logging_mixin.py:190} INFO - [2025-02-23T04:56:01.441+0000] {dagbag.py:588} INFO - Filling up the DagBag from /home/airflow/.local/lib/python3.12/site-packages/airflow/example_dags/example_python_operator.py
[2025-02-23T04:56:01.451+0000] {processor.py:925} INFO - DAG(s) 'example_python_operator' retrieved from /home/airflow/.local/lib/python3.12/site-packages/airflow/example_dags/example_python_operator.py
[2025-02-23T04:56:01.474+0000] {logging_mixin.py:190} INFO - [2025-02-23T04:56:01.473+0000] {dag.py:3239} INFO - Sync 1 DAGs
[2025-02-23T04:56:01.485+0000] {logging_mixin.py:190} INFO - [2025-02-23T04:56:01.485+0000] {dag.py:4180} INFO - Setting next_dagrun for example_python_operator to None, run_after=None
[2025-02-23T04:56:01.497+0000] {processor.py:208} INFO - Processing /home/airflow/.local/lib/python3.12/site-packages/airflow/example_dags/example_python_operator.py took 0.063 seconds
[2025-02-23T04:56:32.575+0000] {processor.py:186} INFO - Started process (PID=1312) to work on /home/airflow/.local/lib/python3.12/site-packages/airflow/example_dags/example_python_operator.py
[2025-02-23T04:56:32.576+0000] {processor.py:914} INFO - Processing file /home/airflow/.local/lib/python3.12/site-packages/airflow/example_dags/example_python_operator.py for tasks to queue
[2025-02-23T04:56:32.578+0000] {logging_mixin.py:190} INFO - [2025-02-23T04:56:32.577+0000] {dagbag.py:588} INFO - Filling up the DagBag from /home/airflow/.local/lib/python3.12/site-packages/airflow/example_dags/example_python_operator.py
[2025-02-23T04:56:32.588+0000] {processor.py:925} INFO - DAG(s) 'example_python_operator' retrieved from /home/airflow/.local/lib/python3.12/site-packages/airflow/example_dags/example_python_operator.py
[2025-02-23T04:56:32.611+0000] {logging_mixin.py:190} INFO - [2025-02-23T04:56:32.611+0000] {dag.py:3239} INFO - Sync 1 DAGs
[2025-02-23T04:56:32.626+0000] {logging_mixin.py:190} INFO - [2025-02-23T04:56:32.625+0000] {dag.py:4180} INFO - Setting next_dagrun for example_python_operator to None, run_after=None
[2025-02-23T04:56:32.640+0000] {processor.py:208} INFO - Processing /home/airflow/.local/lib/python3.12/site-packages/airflow/example_dags/example_python_operator.py took 0.069 seconds
