[2025-02-23T04:46:42.179+0000] {processor.py:186} INFO - Started process (PID=102) to work on /home/airflow/.local/lib/python3.12/site-packages/airflow/example_dags/example_sensors.py
[2025-02-23T04:46:42.180+0000] {processor.py:914} INFO - Processing file /home/airflow/.local/lib/python3.12/site-packages/airflow/example_dags/example_sensors.py for tasks to queue
[2025-02-23T04:46:42.181+0000] {logging_mixin.py:190} INFO - [2025-02-23T04:46:42.181+0000] {dagbag.py:588} INFO - Filling up the DagBag from /home/airflow/.local/lib/python3.12/site-packages/airflow/example_dags/example_sensors.py
[2025-02-23T04:46:42.191+0000] {processor.py:925} INFO - DAG(s) 'example_sensors' retrieved from /home/airflow/.local/lib/python3.12/site-packages/airflow/example_dags/example_sensors.py
[2025-02-23T04:46:42.280+0000] {logging_mixin.py:190} INFO - [2025-02-23T04:46:42.280+0000] {override.py:1911} INFO - Created Permission View: can read on DAG:example_sensors
[2025-02-23T04:46:42.287+0000] {logging_mixin.py:190} INFO - [2025-02-23T04:46:42.287+0000] {override.py:1911} INFO - Created Permission View: can delete on DAG:example_sensors
[2025-02-23T04:46:42.291+0000] {logging_mixin.py:190} INFO - [2025-02-23T04:46:42.291+0000] {override.py:1911} INFO - Created Permission View: can edit on DAG:example_sensors
[2025-02-23T04:46:42.296+0000] {logging_mixin.py:190} INFO - [2025-02-23T04:46:42.295+0000] {override.py:1911} INFO - Created Permission View: can read on DAG Run:example_sensors
[2025-02-23T04:46:42.300+0000] {logging_mixin.py:190} INFO - [2025-02-23T04:46:42.300+0000] {override.py:1911} INFO - Created Permission View: can create on DAG Run:example_sensors
[2025-02-23T04:46:42.304+0000] {logging_mixin.py:190} INFO - [2025-02-23T04:46:42.304+0000] {override.py:1911} INFO - Created Permission View: can delete on DAG Run:example_sensors
[2025-02-23T04:46:42.308+0000] {logging_mixin.py:190} INFO - [2025-02-23T04:46:42.308+0000] {override.py:1911} INFO - Created Permission View: menu access on DAG Run:example_sensors
[2025-02-23T04:46:42.309+0000] {logging_mixin.py:190} INFO - [2025-02-23T04:46:42.309+0000] {dag.py:3239} INFO - Sync 1 DAGs
[2025-02-23T04:46:42.319+0000] {logging_mixin.py:190} INFO - [2025-02-23T04:46:42.319+0000] {dag.py:3262} INFO - Creating ORM DAG for example_sensors
[2025-02-23T04:46:42.320+0000] {logging_mixin.py:190} INFO - [2025-02-23T04:46:42.320+0000] {dag.py:4180} INFO - Setting next_dagrun for example_sensors to None, run_after=None
[2025-02-23T04:46:42.331+0000] {processor.py:208} INFO - Processing /home/airflow/.local/lib/python3.12/site-packages/airflow/example_dags/example_sensors.py took 0.158 seconds
[2025-02-23T04:47:12.855+0000] {processor.py:186} INFO - Started process (PID=164) to work on /home/airflow/.local/lib/python3.12/site-packages/airflow/example_dags/example_sensors.py
[2025-02-23T04:47:12.856+0000] {processor.py:914} INFO - Processing file /home/airflow/.local/lib/python3.12/site-packages/airflow/example_dags/example_sensors.py for tasks to queue
[2025-02-23T04:47:12.857+0000] {logging_mixin.py:190} INFO - [2025-02-23T04:47:12.857+0000] {dagbag.py:588} INFO - Filling up the DagBag from /home/airflow/.local/lib/python3.12/site-packages/airflow/example_dags/example_sensors.py
[2025-02-23T04:47:12.865+0000] {processor.py:925} INFO - DAG(s) 'example_sensors' retrieved from /home/airflow/.local/lib/python3.12/site-packages/airflow/example_dags/example_sensors.py
[2025-02-23T04:47:12.884+0000] {logging_mixin.py:190} INFO - [2025-02-23T04:47:12.884+0000] {dag.py:3239} INFO - Sync 1 DAGs
[2025-02-23T04:47:12.895+0000] {logging_mixin.py:190} INFO - [2025-02-23T04:47:12.895+0000] {dag.py:4180} INFO - Setting next_dagrun for example_sensors to None, run_after=None
[2025-02-23T04:47:12.907+0000] {processor.py:208} INFO - Processing /home/airflow/.local/lib/python3.12/site-packages/airflow/example_dags/example_sensors.py took 0.056 seconds
[2025-02-23T04:47:43.687+0000] {processor.py:186} INFO - Started process (PID=227) to work on /home/airflow/.local/lib/python3.12/site-packages/airflow/example_dags/example_sensors.py
[2025-02-23T04:47:43.688+0000] {processor.py:914} INFO - Processing file /home/airflow/.local/lib/python3.12/site-packages/airflow/example_dags/example_sensors.py for tasks to queue
[2025-02-23T04:47:43.689+0000] {logging_mixin.py:190} INFO - [2025-02-23T04:47:43.689+0000] {dagbag.py:588} INFO - Filling up the DagBag from /home/airflow/.local/lib/python3.12/site-packages/airflow/example_dags/example_sensors.py
[2025-02-23T04:47:43.699+0000] {processor.py:925} INFO - DAG(s) 'example_sensors' retrieved from /home/airflow/.local/lib/python3.12/site-packages/airflow/example_dags/example_sensors.py
[2025-02-23T04:47:43.725+0000] {logging_mixin.py:190} INFO - [2025-02-23T04:47:43.724+0000] {dag.py:3239} INFO - Sync 1 DAGs
[2025-02-23T04:47:43.739+0000] {logging_mixin.py:190} INFO - [2025-02-23T04:47:43.739+0000] {dag.py:4180} INFO - Setting next_dagrun for example_sensors to None, run_after=None
[2025-02-23T04:47:43.756+0000] {processor.py:208} INFO - Processing /home/airflow/.local/lib/python3.12/site-packages/airflow/example_dags/example_sensors.py took 0.073 seconds
[2025-02-23T04:48:14.002+0000] {processor.py:186} INFO - Started process (PID=290) to work on /home/airflow/.local/lib/python3.12/site-packages/airflow/example_dags/example_sensors.py
[2025-02-23T04:48:14.003+0000] {processor.py:914} INFO - Processing file /home/airflow/.local/lib/python3.12/site-packages/airflow/example_dags/example_sensors.py for tasks to queue
[2025-02-23T04:48:14.004+0000] {logging_mixin.py:190} INFO - [2025-02-23T04:48:14.004+0000] {dagbag.py:588} INFO - Filling up the DagBag from /home/airflow/.local/lib/python3.12/site-packages/airflow/example_dags/example_sensors.py
[2025-02-23T04:48:14.012+0000] {processor.py:925} INFO - DAG(s) 'example_sensors' retrieved from /home/airflow/.local/lib/python3.12/site-packages/airflow/example_dags/example_sensors.py
[2025-02-23T04:48:14.032+0000] {logging_mixin.py:190} INFO - [2025-02-23T04:48:14.032+0000] {dag.py:3239} INFO - Sync 1 DAGs
[2025-02-23T04:48:14.042+0000] {logging_mixin.py:190} INFO - [2025-02-23T04:48:14.042+0000] {dag.py:4180} INFO - Setting next_dagrun for example_sensors to None, run_after=None
[2025-02-23T04:48:14.054+0000] {processor.py:208} INFO - Processing /home/airflow/.local/lib/python3.12/site-packages/airflow/example_dags/example_sensors.py took 0.056 seconds
[2025-02-23T04:48:44.669+0000] {processor.py:186} INFO - Started process (PID=353) to work on /home/airflow/.local/lib/python3.12/site-packages/airflow/example_dags/example_sensors.py
[2025-02-23T04:48:44.670+0000] {processor.py:914} INFO - Processing file /home/airflow/.local/lib/python3.12/site-packages/airflow/example_dags/example_sensors.py for tasks to queue
[2025-02-23T04:48:44.671+0000] {logging_mixin.py:190} INFO - [2025-02-23T04:48:44.671+0000] {dagbag.py:588} INFO - Filling up the DagBag from /home/airflow/.local/lib/python3.12/site-packages/airflow/example_dags/example_sensors.py
[2025-02-23T04:48:44.679+0000] {processor.py:925} INFO - DAG(s) 'example_sensors' retrieved from /home/airflow/.local/lib/python3.12/site-packages/airflow/example_dags/example_sensors.py
[2025-02-23T04:48:44.698+0000] {logging_mixin.py:190} INFO - [2025-02-23T04:48:44.698+0000] {dag.py:3239} INFO - Sync 1 DAGs
[2025-02-23T04:48:44.709+0000] {logging_mixin.py:190} INFO - [2025-02-23T04:48:44.709+0000] {dag.py:4180} INFO - Setting next_dagrun for example_sensors to None, run_after=None
[2025-02-23T04:48:44.721+0000] {processor.py:208} INFO - Processing /home/airflow/.local/lib/python3.12/site-packages/airflow/example_dags/example_sensors.py took 0.056 seconds
[2025-02-23T04:49:14.770+0000] {processor.py:186} INFO - Started process (PID=416) to work on /home/airflow/.local/lib/python3.12/site-packages/airflow/example_dags/example_sensors.py
[2025-02-23T04:49:14.771+0000] {processor.py:914} INFO - Processing file /home/airflow/.local/lib/python3.12/site-packages/airflow/example_dags/example_sensors.py for tasks to queue
[2025-02-23T04:49:14.773+0000] {logging_mixin.py:190} INFO - [2025-02-23T04:49:14.772+0000] {dagbag.py:588} INFO - Filling up the DagBag from /home/airflow/.local/lib/python3.12/site-packages/airflow/example_dags/example_sensors.py
[2025-02-23T04:49:14.781+0000] {processor.py:925} INFO - DAG(s) 'example_sensors' retrieved from /home/airflow/.local/lib/python3.12/site-packages/airflow/example_dags/example_sensors.py
[2025-02-23T04:49:14.803+0000] {logging_mixin.py:190} INFO - [2025-02-23T04:49:14.802+0000] {dag.py:3239} INFO - Sync 1 DAGs
[2025-02-23T04:49:14.815+0000] {logging_mixin.py:190} INFO - [2025-02-23T04:49:14.815+0000] {dag.py:4180} INFO - Setting next_dagrun for example_sensors to None, run_after=None
[2025-02-23T04:49:14.829+0000] {processor.py:208} INFO - Processing /home/airflow/.local/lib/python3.12/site-packages/airflow/example_dags/example_sensors.py took 0.063 seconds
[2025-02-23T04:49:45.861+0000] {processor.py:186} INFO - Started process (PID=479) to work on /home/airflow/.local/lib/python3.12/site-packages/airflow/example_dags/example_sensors.py
[2025-02-23T04:49:45.862+0000] {processor.py:914} INFO - Processing file /home/airflow/.local/lib/python3.12/site-packages/airflow/example_dags/example_sensors.py for tasks to queue
[2025-02-23T04:49:45.864+0000] {logging_mixin.py:190} INFO - [2025-02-23T04:49:45.864+0000] {dagbag.py:588} INFO - Filling up the DagBag from /home/airflow/.local/lib/python3.12/site-packages/airflow/example_dags/example_sensors.py
[2025-02-23T04:49:45.876+0000] {processor.py:925} INFO - DAG(s) 'example_sensors' retrieved from /home/airflow/.local/lib/python3.12/site-packages/airflow/example_dags/example_sensors.py
[2025-02-23T04:49:45.904+0000] {logging_mixin.py:190} INFO - [2025-02-23T04:49:45.903+0000] {dag.py:3239} INFO - Sync 1 DAGs
[2025-02-23T04:49:45.920+0000] {logging_mixin.py:190} INFO - [2025-02-23T04:49:45.920+0000] {dag.py:4180} INFO - Setting next_dagrun for example_sensors to None, run_after=None
[2025-02-23T04:49:45.938+0000] {processor.py:208} INFO - Processing /home/airflow/.local/lib/python3.12/site-packages/airflow/example_dags/example_sensors.py took 0.083 seconds
[2025-02-23T04:50:16.965+0000] {processor.py:186} INFO - Started process (PID=542) to work on /home/airflow/.local/lib/python3.12/site-packages/airflow/example_dags/example_sensors.py
[2025-02-23T04:50:16.966+0000] {processor.py:914} INFO - Processing file /home/airflow/.local/lib/python3.12/site-packages/airflow/example_dags/example_sensors.py for tasks to queue
[2025-02-23T04:50:16.967+0000] {logging_mixin.py:190} INFO - [2025-02-23T04:50:16.967+0000] {dagbag.py:588} INFO - Filling up the DagBag from /home/airflow/.local/lib/python3.12/site-packages/airflow/example_dags/example_sensors.py
[2025-02-23T04:50:16.975+0000] {processor.py:925} INFO - DAG(s) 'example_sensors' retrieved from /home/airflow/.local/lib/python3.12/site-packages/airflow/example_dags/example_sensors.py
[2025-02-23T04:50:16.994+0000] {logging_mixin.py:190} INFO - [2025-02-23T04:50:16.994+0000] {dag.py:3239} INFO - Sync 1 DAGs
[2025-02-23T04:50:17.005+0000] {logging_mixin.py:190} INFO - [2025-02-23T04:50:17.004+0000] {dag.py:4180} INFO - Setting next_dagrun for example_sensors to None, run_after=None
[2025-02-23T04:50:17.018+0000] {processor.py:208} INFO - Processing /home/airflow/.local/lib/python3.12/site-packages/airflow/example_dags/example_sensors.py took 0.057 seconds
[2025-02-23T04:50:47.045+0000] {processor.py:186} INFO - Started process (PID=604) to work on /home/airflow/.local/lib/python3.12/site-packages/airflow/example_dags/example_sensors.py
[2025-02-23T04:50:47.046+0000] {processor.py:914} INFO - Processing file /home/airflow/.local/lib/python3.12/site-packages/airflow/example_dags/example_sensors.py for tasks to queue
[2025-02-23T04:50:47.047+0000] {logging_mixin.py:190} INFO - [2025-02-23T04:50:47.047+0000] {dagbag.py:588} INFO - Filling up the DagBag from /home/airflow/.local/lib/python3.12/site-packages/airflow/example_dags/example_sensors.py
[2025-02-23T04:50:47.055+0000] {processor.py:925} INFO - DAG(s) 'example_sensors' retrieved from /home/airflow/.local/lib/python3.12/site-packages/airflow/example_dags/example_sensors.py
[2025-02-23T04:50:47.075+0000] {logging_mixin.py:190} INFO - [2025-02-23T04:50:47.074+0000] {dag.py:3239} INFO - Sync 1 DAGs
[2025-02-23T04:50:47.085+0000] {logging_mixin.py:190} INFO - [2025-02-23T04:50:47.085+0000] {dag.py:4180} INFO - Setting next_dagrun for example_sensors to None, run_after=None
[2025-02-23T04:50:47.097+0000] {processor.py:208} INFO - Processing /home/airflow/.local/lib/python3.12/site-packages/airflow/example_dags/example_sensors.py took 0.056 seconds
[2025-02-23T04:51:17.141+0000] {processor.py:186} INFO - Started process (PID=667) to work on /home/airflow/.local/lib/python3.12/site-packages/airflow/example_dags/example_sensors.py
[2025-02-23T04:51:17.142+0000] {processor.py:914} INFO - Processing file /home/airflow/.local/lib/python3.12/site-packages/airflow/example_dags/example_sensors.py for tasks to queue
[2025-02-23T04:51:17.143+0000] {logging_mixin.py:190} INFO - [2025-02-23T04:51:17.143+0000] {dagbag.py:588} INFO - Filling up the DagBag from /home/airflow/.local/lib/python3.12/site-packages/airflow/example_dags/example_sensors.py
[2025-02-23T04:51:17.152+0000] {processor.py:925} INFO - DAG(s) 'example_sensors' retrieved from /home/airflow/.local/lib/python3.12/site-packages/airflow/example_dags/example_sensors.py
[2025-02-23T04:51:17.172+0000] {logging_mixin.py:190} INFO - [2025-02-23T04:51:17.172+0000] {dag.py:3239} INFO - Sync 1 DAGs
[2025-02-23T04:51:17.182+0000] {logging_mixin.py:190} INFO - [2025-02-23T04:51:17.182+0000] {dag.py:4180} INFO - Setting next_dagrun for example_sensors to None, run_after=None
[2025-02-23T04:51:17.194+0000] {processor.py:208} INFO - Processing /home/airflow/.local/lib/python3.12/site-packages/airflow/example_dags/example_sensors.py took 0.057 seconds
[2025-02-23T04:51:48.135+0000] {processor.py:186} INFO - Started process (PID=730) to work on /home/airflow/.local/lib/python3.12/site-packages/airflow/example_dags/example_sensors.py
[2025-02-23T04:51:48.136+0000] {processor.py:914} INFO - Processing file /home/airflow/.local/lib/python3.12/site-packages/airflow/example_dags/example_sensors.py for tasks to queue
[2025-02-23T04:51:48.138+0000] {logging_mixin.py:190} INFO - [2025-02-23T04:51:48.138+0000] {dagbag.py:588} INFO - Filling up the DagBag from /home/airflow/.local/lib/python3.12/site-packages/airflow/example_dags/example_sensors.py
[2025-02-23T04:51:48.147+0000] {processor.py:925} INFO - DAG(s) 'example_sensors' retrieved from /home/airflow/.local/lib/python3.12/site-packages/airflow/example_dags/example_sensors.py
[2025-02-23T04:51:48.165+0000] {logging_mixin.py:190} INFO - [2025-02-23T04:51:48.165+0000] {dag.py:3239} INFO - Sync 1 DAGs
[2025-02-23T04:51:48.176+0000] {logging_mixin.py:190} INFO - [2025-02-23T04:51:48.176+0000] {dag.py:4180} INFO - Setting next_dagrun for example_sensors to None, run_after=None
[2025-02-23T04:51:48.188+0000] {processor.py:208} INFO - Processing /home/airflow/.local/lib/python3.12/site-packages/airflow/example_dags/example_sensors.py took 0.057 seconds
[2025-02-23T04:52:18.296+0000] {processor.py:186} INFO - Started process (PID=793) to work on /home/airflow/.local/lib/python3.12/site-packages/airflow/example_dags/example_sensors.py
[2025-02-23T04:52:18.296+0000] {processor.py:914} INFO - Processing file /home/airflow/.local/lib/python3.12/site-packages/airflow/example_dags/example_sensors.py for tasks to queue
[2025-02-23T04:52:18.298+0000] {logging_mixin.py:190} INFO - [2025-02-23T04:52:18.298+0000] {dagbag.py:588} INFO - Filling up the DagBag from /home/airflow/.local/lib/python3.12/site-packages/airflow/example_dags/example_sensors.py
[2025-02-23T04:52:18.310+0000] {processor.py:925} INFO - DAG(s) 'example_sensors' retrieved from /home/airflow/.local/lib/python3.12/site-packages/airflow/example_dags/example_sensors.py
[2025-02-23T04:52:18.331+0000] {logging_mixin.py:190} INFO - [2025-02-23T04:52:18.331+0000] {dag.py:3239} INFO - Sync 1 DAGs
[2025-02-23T04:52:18.343+0000] {logging_mixin.py:190} INFO - [2025-02-23T04:52:18.343+0000] {dag.py:4180} INFO - Setting next_dagrun for example_sensors to None, run_after=None
[2025-02-23T04:52:18.360+0000] {processor.py:208} INFO - Processing /home/airflow/.local/lib/python3.12/site-packages/airflow/example_dags/example_sensors.py took 0.069 seconds
[2025-02-23T04:52:48.496+0000] {processor.py:186} INFO - Started process (PID=856) to work on /home/airflow/.local/lib/python3.12/site-packages/airflow/example_dags/example_sensors.py
[2025-02-23T04:52:48.496+0000] {processor.py:914} INFO - Processing file /home/airflow/.local/lib/python3.12/site-packages/airflow/example_dags/example_sensors.py for tasks to queue
[2025-02-23T04:52:48.498+0000] {logging_mixin.py:190} INFO - [2025-02-23T04:52:48.498+0000] {dagbag.py:588} INFO - Filling up the DagBag from /home/airflow/.local/lib/python3.12/site-packages/airflow/example_dags/example_sensors.py
[2025-02-23T04:52:48.506+0000] {processor.py:925} INFO - DAG(s) 'example_sensors' retrieved from /home/airflow/.local/lib/python3.12/site-packages/airflow/example_dags/example_sensors.py
[2025-02-23T04:52:48.525+0000] {logging_mixin.py:190} INFO - [2025-02-23T04:52:48.525+0000] {dag.py:3239} INFO - Sync 1 DAGs
[2025-02-23T04:52:48.539+0000] {logging_mixin.py:190} INFO - [2025-02-23T04:52:48.539+0000] {dag.py:4180} INFO - Setting next_dagrun for example_sensors to None, run_after=None
[2025-02-23T04:52:48.551+0000] {processor.py:208} INFO - Processing /home/airflow/.local/lib/python3.12/site-packages/airflow/example_dags/example_sensors.py took 0.062 seconds
[2025-02-23T04:53:18.640+0000] {processor.py:186} INFO - Started process (PID=919) to work on /home/airflow/.local/lib/python3.12/site-packages/airflow/example_dags/example_sensors.py
[2025-02-23T04:53:18.641+0000] {processor.py:914} INFO - Processing file /home/airflow/.local/lib/python3.12/site-packages/airflow/example_dags/example_sensors.py for tasks to queue
[2025-02-23T04:53:18.643+0000] {logging_mixin.py:190} INFO - [2025-02-23T04:53:18.643+0000] {dagbag.py:588} INFO - Filling up the DagBag from /home/airflow/.local/lib/python3.12/site-packages/airflow/example_dags/example_sensors.py
[2025-02-23T04:53:18.654+0000] {processor.py:925} INFO - DAG(s) 'example_sensors' retrieved from /home/airflow/.local/lib/python3.12/site-packages/airflow/example_dags/example_sensors.py
[2025-02-23T04:53:18.674+0000] {logging_mixin.py:190} INFO - [2025-02-23T04:53:18.673+0000] {dag.py:3239} INFO - Sync 1 DAGs
[2025-02-23T04:53:18.684+0000] {logging_mixin.py:190} INFO - [2025-02-23T04:53:18.684+0000] {dag.py:4180} INFO - Setting next_dagrun for example_sensors to None, run_after=None
[2025-02-23T04:53:18.696+0000] {processor.py:208} INFO - Processing /home/airflow/.local/lib/python3.12/site-packages/airflow/example_dags/example_sensors.py took 0.061 seconds
[2025-02-23T04:53:49.287+0000] {processor.py:186} INFO - Started process (PID=982) to work on /home/airflow/.local/lib/python3.12/site-packages/airflow/example_dags/example_sensors.py
[2025-02-23T04:53:49.287+0000] {processor.py:914} INFO - Processing file /home/airflow/.local/lib/python3.12/site-packages/airflow/example_dags/example_sensors.py for tasks to queue
[2025-02-23T04:53:49.289+0000] {logging_mixin.py:190} INFO - [2025-02-23T04:53:49.289+0000] {dagbag.py:588} INFO - Filling up the DagBag from /home/airflow/.local/lib/python3.12/site-packages/airflow/example_dags/example_sensors.py
[2025-02-23T04:53:49.297+0000] {processor.py:925} INFO - DAG(s) 'example_sensors' retrieved from /home/airflow/.local/lib/python3.12/site-packages/airflow/example_dags/example_sensors.py
[2025-02-23T04:53:49.321+0000] {logging_mixin.py:190} INFO - [2025-02-23T04:53:49.321+0000] {dag.py:3239} INFO - Sync 1 DAGs
[2025-02-23T04:53:49.335+0000] {logging_mixin.py:190} INFO - [2025-02-23T04:53:49.335+0000] {dag.py:4180} INFO - Setting next_dagrun for example_sensors to None, run_after=None
[2025-02-23T04:53:49.350+0000] {processor.py:208} INFO - Processing /home/airflow/.local/lib/python3.12/site-packages/airflow/example_dags/example_sensors.py took 0.067 seconds
[2025-02-23T04:54:19.532+0000] {processor.py:186} INFO - Started process (PID=1045) to work on /home/airflow/.local/lib/python3.12/site-packages/airflow/example_dags/example_sensors.py
[2025-02-23T04:54:19.533+0000] {processor.py:914} INFO - Processing file /home/airflow/.local/lib/python3.12/site-packages/airflow/example_dags/example_sensors.py for tasks to queue
[2025-02-23T04:54:19.534+0000] {logging_mixin.py:190} INFO - [2025-02-23T04:54:19.534+0000] {dagbag.py:588} INFO - Filling up the DagBag from /home/airflow/.local/lib/python3.12/site-packages/airflow/example_dags/example_sensors.py
[2025-02-23T04:54:19.543+0000] {processor.py:925} INFO - DAG(s) 'example_sensors' retrieved from /home/airflow/.local/lib/python3.12/site-packages/airflow/example_dags/example_sensors.py
[2025-02-23T04:54:19.569+0000] {logging_mixin.py:190} INFO - [2025-02-23T04:54:19.569+0000] {dag.py:3239} INFO - Sync 1 DAGs
[2025-02-23T04:54:19.584+0000] {logging_mixin.py:190} INFO - [2025-02-23T04:54:19.583+0000] {dag.py:4180} INFO - Setting next_dagrun for example_sensors to None, run_after=None
[2025-02-23T04:54:19.599+0000] {processor.py:208} INFO - Processing /home/airflow/.local/lib/python3.12/site-packages/airflow/example_dags/example_sensors.py took 0.071 seconds
[2025-02-23T04:54:49.994+0000] {processor.py:186} INFO - Started process (PID=1108) to work on /home/airflow/.local/lib/python3.12/site-packages/airflow/example_dags/example_sensors.py
[2025-02-23T04:54:49.995+0000] {processor.py:914} INFO - Processing file /home/airflow/.local/lib/python3.12/site-packages/airflow/example_dags/example_sensors.py for tasks to queue
[2025-02-23T04:54:49.996+0000] {logging_mixin.py:190} INFO - [2025-02-23T04:54:49.996+0000] {dagbag.py:588} INFO - Filling up the DagBag from /home/airflow/.local/lib/python3.12/site-packages/airflow/example_dags/example_sensors.py
[2025-02-23T04:54:50.007+0000] {processor.py:925} INFO - DAG(s) 'example_sensors' retrieved from /home/airflow/.local/lib/python3.12/site-packages/airflow/example_dags/example_sensors.py
[2025-02-23T04:54:50.033+0000] {logging_mixin.py:190} INFO - [2025-02-23T04:54:50.032+0000] {dag.py:3239} INFO - Sync 1 DAGs
[2025-02-23T04:54:50.047+0000] {logging_mixin.py:190} INFO - [2025-02-23T04:54:50.047+0000] {dag.py:4180} INFO - Setting next_dagrun for example_sensors to None, run_after=None
[2025-02-23T04:54:50.062+0000] {processor.py:208} INFO - Processing /home/airflow/.local/lib/python3.12/site-packages/airflow/example_dags/example_sensors.py took 0.072 seconds
[2025-02-23T04:55:20.237+0000] {processor.py:186} INFO - Started process (PID=1171) to work on /home/airflow/.local/lib/python3.12/site-packages/airflow/example_dags/example_sensors.py
[2025-02-23T04:55:20.238+0000] {processor.py:914} INFO - Processing file /home/airflow/.local/lib/python3.12/site-packages/airflow/example_dags/example_sensors.py for tasks to queue
[2025-02-23T04:55:20.239+0000] {logging_mixin.py:190} INFO - [2025-02-23T04:55:20.239+0000] {dagbag.py:588} INFO - Filling up the DagBag from /home/airflow/.local/lib/python3.12/site-packages/airflow/example_dags/example_sensors.py
[2025-02-23T04:55:20.248+0000] {processor.py:925} INFO - DAG(s) 'example_sensors' retrieved from /home/airflow/.local/lib/python3.12/site-packages/airflow/example_dags/example_sensors.py
[2025-02-23T04:55:20.266+0000] {logging_mixin.py:190} INFO - [2025-02-23T04:55:20.266+0000] {dag.py:3239} INFO - Sync 1 DAGs
[2025-02-23T04:55:20.278+0000] {logging_mixin.py:190} INFO - [2025-02-23T04:55:20.278+0000] {dag.py:4180} INFO - Setting next_dagrun for example_sensors to None, run_after=None
[2025-02-23T04:55:20.291+0000] {processor.py:208} INFO - Processing /home/airflow/.local/lib/python3.12/site-packages/airflow/example_dags/example_sensors.py took 0.058 seconds
[2025-02-23T04:55:50.689+0000] {processor.py:186} INFO - Started process (PID=1234) to work on /home/airflow/.local/lib/python3.12/site-packages/airflow/example_dags/example_sensors.py
[2025-02-23T04:55:50.689+0000] {processor.py:914} INFO - Processing file /home/airflow/.local/lib/python3.12/site-packages/airflow/example_dags/example_sensors.py for tasks to queue
[2025-02-23T04:55:50.691+0000] {logging_mixin.py:190} INFO - [2025-02-23T04:55:50.691+0000] {dagbag.py:588} INFO - Filling up the DagBag from /home/airflow/.local/lib/python3.12/site-packages/airflow/example_dags/example_sensors.py
[2025-02-23T04:55:50.701+0000] {processor.py:925} INFO - DAG(s) 'example_sensors' retrieved from /home/airflow/.local/lib/python3.12/site-packages/airflow/example_dags/example_sensors.py
[2025-02-23T04:55:50.725+0000] {logging_mixin.py:190} INFO - [2025-02-23T04:55:50.725+0000] {dag.py:3239} INFO - Sync 1 DAGs
[2025-02-23T04:55:50.739+0000] {logging_mixin.py:190} INFO - [2025-02-23T04:55:50.739+0000] {dag.py:4180} INFO - Setting next_dagrun for example_sensors to None, run_after=None
[2025-02-23T04:55:50.753+0000] {processor.py:208} INFO - Processing /home/airflow/.local/lib/python3.12/site-packages/airflow/example_dags/example_sensors.py took 0.068 seconds
[2025-02-23T04:56:20.854+0000] {processor.py:186} INFO - Started process (PID=1298) to work on /home/airflow/.local/lib/python3.12/site-packages/airflow/example_dags/example_sensors.py
[2025-02-23T04:56:20.854+0000] {processor.py:914} INFO - Processing file /home/airflow/.local/lib/python3.12/site-packages/airflow/example_dags/example_sensors.py for tasks to queue
[2025-02-23T04:56:20.856+0000] {logging_mixin.py:190} INFO - [2025-02-23T04:56:20.856+0000] {dagbag.py:588} INFO - Filling up the DagBag from /home/airflow/.local/lib/python3.12/site-packages/airflow/example_dags/example_sensors.py
[2025-02-23T04:56:20.864+0000] {processor.py:925} INFO - DAG(s) 'example_sensors' retrieved from /home/airflow/.local/lib/python3.12/site-packages/airflow/example_dags/example_sensors.py
[2025-02-23T04:56:20.883+0000] {logging_mixin.py:190} INFO - [2025-02-23T04:56:20.883+0000] {dag.py:3239} INFO - Sync 1 DAGs
[2025-02-23T04:56:20.893+0000] {logging_mixin.py:190} INFO - [2025-02-23T04:56:20.893+0000] {dag.py:4180} INFO - Setting next_dagrun for example_sensors to None, run_after=None
[2025-02-23T04:56:20.906+0000] {processor.py:208} INFO - Processing /home/airflow/.local/lib/python3.12/site-packages/airflow/example_dags/example_sensors.py took 0.056 seconds
