[2025-02-23T04:46:37.273+0000] {processor.py:186} INFO - Started process (PID=82) to work on /home/airflow/.local/lib/python3.12/site-packages/airflow/example_dags/tutorial_dag.py
[2025-02-23T04:46:37.274+0000] {processor.py:914} INFO - Processing file /home/airflow/.local/lib/python3.12/site-packages/airflow/example_dags/tutorial_dag.py for tasks to queue
[2025-02-23T04:46:37.276+0000] {logging_mixin.py:190} INFO - [2025-02-23T04:46:37.276+0000] {dagbag.py:588} INFO - Filling up the DagBag from /home/airflow/.local/lib/python3.12/site-packages/airflow/example_dags/tutorial_dag.py
[2025-02-23T04:46:37.286+0000] {processor.py:925} INFO - DAG(s) 'tutorial_dag' retrieved from /home/airflow/.local/lib/python3.12/site-packages/airflow/example_dags/tutorial_dag.py
[2025-02-23T04:46:37.418+0000] {logging_mixin.py:190} INFO - [2025-02-23T04:46:37.418+0000] {override.py:1911} INFO - Created Permission View: can read on DAG:tutorial_dag
[2025-02-23T04:46:37.433+0000] {logging_mixin.py:190} INFO - [2025-02-23T04:46:37.433+0000] {override.py:1911} INFO - Created Permission View: can delete on DAG:tutorial_dag
[2025-02-23T04:46:37.440+0000] {logging_mixin.py:190} INFO - [2025-02-23T04:46:37.440+0000] {override.py:1911} INFO - Created Permission View: can edit on DAG:tutorial_dag
[2025-02-23T04:46:37.446+0000] {logging_mixin.py:190} INFO - [2025-02-23T04:46:37.445+0000] {override.py:1911} INFO - Created Permission View: can read on DAG Run:tutorial_dag
[2025-02-23T04:46:37.451+0000] {logging_mixin.py:190} INFO - [2025-02-23T04:46:37.451+0000] {override.py:1911} INFO - Created Permission View: can create on DAG Run:tutorial_dag
[2025-02-23T04:46:37.458+0000] {logging_mixin.py:190} INFO - [2025-02-23T04:46:37.457+0000] {override.py:1911} INFO - Created Permission View: can delete on DAG Run:tutorial_dag
[2025-02-23T04:46:37.463+0000] {logging_mixin.py:190} INFO - [2025-02-23T04:46:37.463+0000] {override.py:1911} INFO - Created Permission View: menu access on DAG Run:tutorial_dag
[2025-02-23T04:46:37.464+0000] {logging_mixin.py:190} INFO - [2025-02-23T04:46:37.464+0000] {dag.py:3239} INFO - Sync 1 DAGs
[2025-02-23T04:46:37.479+0000] {logging_mixin.py:190} INFO - [2025-02-23T04:46:37.479+0000] {dag.py:3262} INFO - Creating ORM DAG for tutorial_dag
[2025-02-23T04:46:37.480+0000] {logging_mixin.py:190} INFO - [2025-02-23T04:46:37.480+0000] {dag.py:4180} INFO - Setting next_dagrun for tutorial_dag to None, run_after=None
[2025-02-23T04:46:37.496+0000] {processor.py:208} INFO - Processing /home/airflow/.local/lib/python3.12/site-packages/airflow/example_dags/tutorial_dag.py took 0.229 seconds
[2025-02-23T04:47:08.084+0000] {processor.py:186} INFO - Started process (PID=144) to work on /home/airflow/.local/lib/python3.12/site-packages/airflow/example_dags/tutorial_dag.py
[2025-02-23T04:47:08.085+0000] {processor.py:914} INFO - Processing file /home/airflow/.local/lib/python3.12/site-packages/airflow/example_dags/tutorial_dag.py for tasks to queue
[2025-02-23T04:47:08.087+0000] {logging_mixin.py:190} INFO - [2025-02-23T04:47:08.087+0000] {dagbag.py:588} INFO - Filling up the DagBag from /home/airflow/.local/lib/python3.12/site-packages/airflow/example_dags/tutorial_dag.py
[2025-02-23T04:47:08.093+0000] {processor.py:925} INFO - DAG(s) 'tutorial_dag' retrieved from /home/airflow/.local/lib/python3.12/site-packages/airflow/example_dags/tutorial_dag.py
[2025-02-23T04:47:08.106+0000] {logging_mixin.py:190} INFO - [2025-02-23T04:47:08.105+0000] {dag.py:3239} INFO - Sync 1 DAGs
[2025-02-23T04:47:08.116+0000] {logging_mixin.py:190} INFO - [2025-02-23T04:47:08.116+0000] {dag.py:4180} INFO - Setting next_dagrun for tutorial_dag to None, run_after=None
[2025-02-23T04:47:08.127+0000] {processor.py:208} INFO - Processing /home/airflow/.local/lib/python3.12/site-packages/airflow/example_dags/tutorial_dag.py took 0.048 seconds
[2025-02-23T04:47:38.649+0000] {processor.py:186} INFO - Started process (PID=207) to work on /home/airflow/.local/lib/python3.12/site-packages/airflow/example_dags/tutorial_dag.py
[2025-02-23T04:47:38.649+0000] {processor.py:914} INFO - Processing file /home/airflow/.local/lib/python3.12/site-packages/airflow/example_dags/tutorial_dag.py for tasks to queue
[2025-02-23T04:47:38.651+0000] {logging_mixin.py:190} INFO - [2025-02-23T04:47:38.651+0000] {dagbag.py:588} INFO - Filling up the DagBag from /home/airflow/.local/lib/python3.12/site-packages/airflow/example_dags/tutorial_dag.py
[2025-02-23T04:47:38.656+0000] {processor.py:925} INFO - DAG(s) 'tutorial_dag' retrieved from /home/airflow/.local/lib/python3.12/site-packages/airflow/example_dags/tutorial_dag.py
[2025-02-23T04:47:38.670+0000] {logging_mixin.py:190} INFO - [2025-02-23T04:47:38.670+0000] {dag.py:3239} INFO - Sync 1 DAGs
[2025-02-23T04:47:38.681+0000] {logging_mixin.py:190} INFO - [2025-02-23T04:47:38.681+0000] {dag.py:4180} INFO - Setting next_dagrun for tutorial_dag to None, run_after=None
[2025-02-23T04:47:38.693+0000] {processor.py:208} INFO - Processing /home/airflow/.local/lib/python3.12/site-packages/airflow/example_dags/tutorial_dag.py took 0.049 seconds
[2025-02-23T04:48:09.088+0000] {processor.py:186} INFO - Started process (PID=271) to work on /home/airflow/.local/lib/python3.12/site-packages/airflow/example_dags/tutorial_dag.py
[2025-02-23T04:48:09.088+0000] {processor.py:914} INFO - Processing file /home/airflow/.local/lib/python3.12/site-packages/airflow/example_dags/tutorial_dag.py for tasks to queue
[2025-02-23T04:48:09.090+0000] {logging_mixin.py:190} INFO - [2025-02-23T04:48:09.090+0000] {dagbag.py:588} INFO - Filling up the DagBag from /home/airflow/.local/lib/python3.12/site-packages/airflow/example_dags/tutorial_dag.py
[2025-02-23T04:48:09.098+0000] {processor.py:925} INFO - DAG(s) 'tutorial_dag' retrieved from /home/airflow/.local/lib/python3.12/site-packages/airflow/example_dags/tutorial_dag.py
[2025-02-23T04:48:09.112+0000] {logging_mixin.py:190} INFO - [2025-02-23T04:48:09.112+0000] {dag.py:3239} INFO - Sync 1 DAGs
[2025-02-23T04:48:09.123+0000] {logging_mixin.py:190} INFO - [2025-02-23T04:48:09.123+0000] {dag.py:4180} INFO - Setting next_dagrun for tutorial_dag to None, run_after=None
[2025-02-23T04:48:09.135+0000] {processor.py:208} INFO - Processing /home/airflow/.local/lib/python3.12/site-packages/airflow/example_dags/tutorial_dag.py took 0.054 seconds
[2025-02-23T04:48:39.466+0000] {processor.py:186} INFO - Started process (PID=334) to work on /home/airflow/.local/lib/python3.12/site-packages/airflow/example_dags/tutorial_dag.py
[2025-02-23T04:48:39.466+0000] {processor.py:914} INFO - Processing file /home/airflow/.local/lib/python3.12/site-packages/airflow/example_dags/tutorial_dag.py for tasks to queue
[2025-02-23T04:48:39.468+0000] {logging_mixin.py:190} INFO - [2025-02-23T04:48:39.468+0000] {dagbag.py:588} INFO - Filling up the DagBag from /home/airflow/.local/lib/python3.12/site-packages/airflow/example_dags/tutorial_dag.py
[2025-02-23T04:48:39.473+0000] {processor.py:925} INFO - DAG(s) 'tutorial_dag' retrieved from /home/airflow/.local/lib/python3.12/site-packages/airflow/example_dags/tutorial_dag.py
[2025-02-23T04:48:39.487+0000] {logging_mixin.py:190} INFO - [2025-02-23T04:48:39.487+0000] {dag.py:3239} INFO - Sync 1 DAGs
[2025-02-23T04:48:39.498+0000] {logging_mixin.py:190} INFO - [2025-02-23T04:48:39.497+0000] {dag.py:4180} INFO - Setting next_dagrun for tutorial_dag to None, run_after=None
[2025-02-23T04:48:39.510+0000] {processor.py:208} INFO - Processing /home/airflow/.local/lib/python3.12/site-packages/airflow/example_dags/tutorial_dag.py took 0.048 seconds
[2025-02-23T04:49:10.523+0000] {processor.py:186} INFO - Started process (PID=397) to work on /home/airflow/.local/lib/python3.12/site-packages/airflow/example_dags/tutorial_dag.py
[2025-02-23T04:49:10.524+0000] {processor.py:914} INFO - Processing file /home/airflow/.local/lib/python3.12/site-packages/airflow/example_dags/tutorial_dag.py for tasks to queue
[2025-02-23T04:49:10.526+0000] {logging_mixin.py:190} INFO - [2025-02-23T04:49:10.525+0000] {dagbag.py:588} INFO - Filling up the DagBag from /home/airflow/.local/lib/python3.12/site-packages/airflow/example_dags/tutorial_dag.py
[2025-02-23T04:49:10.533+0000] {processor.py:925} INFO - DAG(s) 'tutorial_dag' retrieved from /home/airflow/.local/lib/python3.12/site-packages/airflow/example_dags/tutorial_dag.py
[2025-02-23T04:49:10.548+0000] {logging_mixin.py:190} INFO - [2025-02-23T04:49:10.548+0000] {dag.py:3239} INFO - Sync 1 DAGs
[2025-02-23T04:49:10.561+0000] {logging_mixin.py:190} INFO - [2025-02-23T04:49:10.561+0000] {dag.py:4180} INFO - Setting next_dagrun for tutorial_dag to None, run_after=None
[2025-02-23T04:49:10.573+0000] {processor.py:208} INFO - Processing /home/airflow/.local/lib/python3.12/site-packages/airflow/example_dags/tutorial_dag.py took 0.056 seconds
[2025-02-23T04:49:40.661+0000] {processor.py:186} INFO - Started process (PID=460) to work on /home/airflow/.local/lib/python3.12/site-packages/airflow/example_dags/tutorial_dag.py
[2025-02-23T04:49:40.662+0000] {processor.py:914} INFO - Processing file /home/airflow/.local/lib/python3.12/site-packages/airflow/example_dags/tutorial_dag.py for tasks to queue
[2025-02-23T04:49:40.663+0000] {logging_mixin.py:190} INFO - [2025-02-23T04:49:40.663+0000] {dagbag.py:588} INFO - Filling up the DagBag from /home/airflow/.local/lib/python3.12/site-packages/airflow/example_dags/tutorial_dag.py
[2025-02-23T04:49:40.669+0000] {processor.py:925} INFO - DAG(s) 'tutorial_dag' retrieved from /home/airflow/.local/lib/python3.12/site-packages/airflow/example_dags/tutorial_dag.py
[2025-02-23T04:49:40.683+0000] {logging_mixin.py:190} INFO - [2025-02-23T04:49:40.683+0000] {dag.py:3239} INFO - Sync 1 DAGs
[2025-02-23T04:49:40.693+0000] {logging_mixin.py:190} INFO - [2025-02-23T04:49:40.693+0000] {dag.py:4180} INFO - Setting next_dagrun for tutorial_dag to None, run_after=None
[2025-02-23T04:49:40.705+0000] {processor.py:208} INFO - Processing /home/airflow/.local/lib/python3.12/site-packages/airflow/example_dags/tutorial_dag.py took 0.048 seconds
[2025-02-23T04:50:10.828+0000] {processor.py:186} INFO - Started process (PID=523) to work on /home/airflow/.local/lib/python3.12/site-packages/airflow/example_dags/tutorial_dag.py
[2025-02-23T04:50:10.829+0000] {processor.py:914} INFO - Processing file /home/airflow/.local/lib/python3.12/site-packages/airflow/example_dags/tutorial_dag.py for tasks to queue
[2025-02-23T04:50:10.830+0000] {logging_mixin.py:190} INFO - [2025-02-23T04:50:10.830+0000] {dagbag.py:588} INFO - Filling up the DagBag from /home/airflow/.local/lib/python3.12/site-packages/airflow/example_dags/tutorial_dag.py
[2025-02-23T04:50:10.836+0000] {processor.py:925} INFO - DAG(s) 'tutorial_dag' retrieved from /home/airflow/.local/lib/python3.12/site-packages/airflow/example_dags/tutorial_dag.py
[2025-02-23T04:50:10.850+0000] {logging_mixin.py:190} INFO - [2025-02-23T04:50:10.850+0000] {dag.py:3239} INFO - Sync 1 DAGs
[2025-02-23T04:50:10.860+0000] {logging_mixin.py:190} INFO - [2025-02-23T04:50:10.860+0000] {dag.py:4180} INFO - Setting next_dagrun for tutorial_dag to None, run_after=None
[2025-02-23T04:50:10.872+0000] {processor.py:208} INFO - Processing /home/airflow/.local/lib/python3.12/site-packages/airflow/example_dags/tutorial_dag.py took 0.048 seconds
[2025-02-23T04:50:41.011+0000] {processor.py:186} INFO - Started process (PID=586) to work on /home/airflow/.local/lib/python3.12/site-packages/airflow/example_dags/tutorial_dag.py
[2025-02-23T04:50:41.011+0000] {processor.py:914} INFO - Processing file /home/airflow/.local/lib/python3.12/site-packages/airflow/example_dags/tutorial_dag.py for tasks to queue
[2025-02-23T04:50:41.013+0000] {logging_mixin.py:190} INFO - [2025-02-23T04:50:41.013+0000] {dagbag.py:588} INFO - Filling up the DagBag from /home/airflow/.local/lib/python3.12/site-packages/airflow/example_dags/tutorial_dag.py
[2025-02-23T04:50:41.018+0000] {processor.py:925} INFO - DAG(s) 'tutorial_dag' retrieved from /home/airflow/.local/lib/python3.12/site-packages/airflow/example_dags/tutorial_dag.py
[2025-02-23T04:50:41.032+0000] {logging_mixin.py:190} INFO - [2025-02-23T04:50:41.032+0000] {dag.py:3239} INFO - Sync 1 DAGs
[2025-02-23T04:50:41.043+0000] {logging_mixin.py:190} INFO - [2025-02-23T04:50:41.042+0000] {dag.py:4180} INFO - Setting next_dagrun for tutorial_dag to None, run_after=None
[2025-02-23T04:50:41.054+0000] {processor.py:208} INFO - Processing /home/airflow/.local/lib/python3.12/site-packages/airflow/example_dags/tutorial_dag.py took 0.048 seconds
[2025-02-23T04:51:11.175+0000] {processor.py:186} INFO - Started process (PID=649) to work on /home/airflow/.local/lib/python3.12/site-packages/airflow/example_dags/tutorial_dag.py
[2025-02-23T04:51:11.175+0000] {processor.py:914} INFO - Processing file /home/airflow/.local/lib/python3.12/site-packages/airflow/example_dags/tutorial_dag.py for tasks to queue
[2025-02-23T04:51:11.177+0000] {logging_mixin.py:190} INFO - [2025-02-23T04:51:11.176+0000] {dagbag.py:588} INFO - Filling up the DagBag from /home/airflow/.local/lib/python3.12/site-packages/airflow/example_dags/tutorial_dag.py
[2025-02-23T04:51:11.182+0000] {processor.py:925} INFO - DAG(s) 'tutorial_dag' retrieved from /home/airflow/.local/lib/python3.12/site-packages/airflow/example_dags/tutorial_dag.py
[2025-02-23T04:51:11.197+0000] {logging_mixin.py:190} INFO - [2025-02-23T04:51:11.196+0000] {dag.py:3239} INFO - Sync 1 DAGs
[2025-02-23T04:51:11.207+0000] {logging_mixin.py:190} INFO - [2025-02-23T04:51:11.207+0000] {dag.py:4180} INFO - Setting next_dagrun for tutorial_dag to None, run_after=None
[2025-02-23T04:51:11.219+0000] {processor.py:208} INFO - Processing /home/airflow/.local/lib/python3.12/site-packages/airflow/example_dags/tutorial_dag.py took 0.049 seconds
[2025-02-23T04:51:41.325+0000] {processor.py:186} INFO - Started process (PID=712) to work on /home/airflow/.local/lib/python3.12/site-packages/airflow/example_dags/tutorial_dag.py
[2025-02-23T04:51:41.326+0000] {processor.py:914} INFO - Processing file /home/airflow/.local/lib/python3.12/site-packages/airflow/example_dags/tutorial_dag.py for tasks to queue
[2025-02-23T04:51:41.327+0000] {logging_mixin.py:190} INFO - [2025-02-23T04:51:41.327+0000] {dagbag.py:588} INFO - Filling up the DagBag from /home/airflow/.local/lib/python3.12/site-packages/airflow/example_dags/tutorial_dag.py
[2025-02-23T04:51:41.333+0000] {processor.py:925} INFO - DAG(s) 'tutorial_dag' retrieved from /home/airflow/.local/lib/python3.12/site-packages/airflow/example_dags/tutorial_dag.py
[2025-02-23T04:51:41.348+0000] {logging_mixin.py:190} INFO - [2025-02-23T04:51:41.348+0000] {dag.py:3239} INFO - Sync 1 DAGs
[2025-02-23T04:51:41.361+0000] {logging_mixin.py:190} INFO - [2025-02-23T04:51:41.361+0000] {dag.py:4180} INFO - Setting next_dagrun for tutorial_dag to None, run_after=None
[2025-02-23T04:51:41.374+0000] {processor.py:208} INFO - Processing /home/airflow/.local/lib/python3.12/site-packages/airflow/example_dags/tutorial_dag.py took 0.052 seconds
[2025-02-23T04:52:11.430+0000] {processor.py:186} INFO - Started process (PID=775) to work on /home/airflow/.local/lib/python3.12/site-packages/airflow/example_dags/tutorial_dag.py
[2025-02-23T04:52:11.430+0000] {processor.py:914} INFO - Processing file /home/airflow/.local/lib/python3.12/site-packages/airflow/example_dags/tutorial_dag.py for tasks to queue
[2025-02-23T04:52:11.432+0000] {logging_mixin.py:190} INFO - [2025-02-23T04:52:11.432+0000] {dagbag.py:588} INFO - Filling up the DagBag from /home/airflow/.local/lib/python3.12/site-packages/airflow/example_dags/tutorial_dag.py
[2025-02-23T04:52:11.437+0000] {processor.py:925} INFO - DAG(s) 'tutorial_dag' retrieved from /home/airflow/.local/lib/python3.12/site-packages/airflow/example_dags/tutorial_dag.py
[2025-02-23T04:52:11.452+0000] {logging_mixin.py:190} INFO - [2025-02-23T04:52:11.452+0000] {dag.py:3239} INFO - Sync 1 DAGs
[2025-02-23T04:52:11.462+0000] {logging_mixin.py:190} INFO - [2025-02-23T04:52:11.462+0000] {dag.py:4180} INFO - Setting next_dagrun for tutorial_dag to None, run_after=None
[2025-02-23T04:52:11.474+0000] {processor.py:208} INFO - Processing /home/airflow/.local/lib/python3.12/site-packages/airflow/example_dags/tutorial_dag.py took 0.048 seconds
[2025-02-23T04:52:41.540+0000] {processor.py:186} INFO - Started process (PID=838) to work on /home/airflow/.local/lib/python3.12/site-packages/airflow/example_dags/tutorial_dag.py
[2025-02-23T04:52:41.541+0000] {processor.py:914} INFO - Processing file /home/airflow/.local/lib/python3.12/site-packages/airflow/example_dags/tutorial_dag.py for tasks to queue
[2025-02-23T04:52:41.542+0000] {logging_mixin.py:190} INFO - [2025-02-23T04:52:41.542+0000] {dagbag.py:588} INFO - Filling up the DagBag from /home/airflow/.local/lib/python3.12/site-packages/airflow/example_dags/tutorial_dag.py
[2025-02-23T04:52:41.548+0000] {processor.py:925} INFO - DAG(s) 'tutorial_dag' retrieved from /home/airflow/.local/lib/python3.12/site-packages/airflow/example_dags/tutorial_dag.py
[2025-02-23T04:52:41.561+0000] {logging_mixin.py:190} INFO - [2025-02-23T04:52:41.561+0000] {dag.py:3239} INFO - Sync 1 DAGs
[2025-02-23T04:52:41.572+0000] {logging_mixin.py:190} INFO - [2025-02-23T04:52:41.572+0000] {dag.py:4180} INFO - Setting next_dagrun for tutorial_dag to None, run_after=None
[2025-02-23T04:52:41.583+0000] {processor.py:208} INFO - Processing /home/airflow/.local/lib/python3.12/site-packages/airflow/example_dags/tutorial_dag.py took 0.047 seconds
[2025-02-23T04:53:11.949+0000] {processor.py:186} INFO - Started process (PID=901) to work on /home/airflow/.local/lib/python3.12/site-packages/airflow/example_dags/tutorial_dag.py
[2025-02-23T04:53:11.950+0000] {processor.py:914} INFO - Processing file /home/airflow/.local/lib/python3.12/site-packages/airflow/example_dags/tutorial_dag.py for tasks to queue
[2025-02-23T04:53:11.951+0000] {logging_mixin.py:190} INFO - [2025-02-23T04:53:11.951+0000] {dagbag.py:588} INFO - Filling up the DagBag from /home/airflow/.local/lib/python3.12/site-packages/airflow/example_dags/tutorial_dag.py
[2025-02-23T04:53:11.957+0000] {processor.py:925} INFO - DAG(s) 'tutorial_dag' retrieved from /home/airflow/.local/lib/python3.12/site-packages/airflow/example_dags/tutorial_dag.py
[2025-02-23T04:53:11.971+0000] {logging_mixin.py:190} INFO - [2025-02-23T04:53:11.971+0000] {dag.py:3239} INFO - Sync 1 DAGs
[2025-02-23T04:53:11.981+0000] {logging_mixin.py:190} INFO - [2025-02-23T04:53:11.981+0000] {dag.py:4180} INFO - Setting next_dagrun for tutorial_dag to None, run_after=None
[2025-02-23T04:53:11.993+0000] {processor.py:208} INFO - Processing /home/airflow/.local/lib/python3.12/site-packages/airflow/example_dags/tutorial_dag.py took 0.048 seconds
[2025-02-23T04:53:42.480+0000] {processor.py:186} INFO - Started process (PID=964) to work on /home/airflow/.local/lib/python3.12/site-packages/airflow/example_dags/tutorial_dag.py
[2025-02-23T04:53:42.481+0000] {processor.py:914} INFO - Processing file /home/airflow/.local/lib/python3.12/site-packages/airflow/example_dags/tutorial_dag.py for tasks to queue
[2025-02-23T04:53:42.482+0000] {logging_mixin.py:190} INFO - [2025-02-23T04:53:42.482+0000] {dagbag.py:588} INFO - Filling up the DagBag from /home/airflow/.local/lib/python3.12/site-packages/airflow/example_dags/tutorial_dag.py
[2025-02-23T04:53:42.488+0000] {processor.py:925} INFO - DAG(s) 'tutorial_dag' retrieved from /home/airflow/.local/lib/python3.12/site-packages/airflow/example_dags/tutorial_dag.py
[2025-02-23T04:53:42.502+0000] {logging_mixin.py:190} INFO - [2025-02-23T04:53:42.502+0000] {dag.py:3239} INFO - Sync 1 DAGs
[2025-02-23T04:53:42.513+0000] {logging_mixin.py:190} INFO - [2025-02-23T04:53:42.513+0000] {dag.py:4180} INFO - Setting next_dagrun for tutorial_dag to None, run_after=None
[2025-02-23T04:53:42.526+0000] {processor.py:208} INFO - Processing /home/airflow/.local/lib/python3.12/site-packages/airflow/example_dags/tutorial_dag.py took 0.050 seconds
[2025-02-23T04:54:12.720+0000] {processor.py:186} INFO - Started process (PID=1027) to work on /home/airflow/.local/lib/python3.12/site-packages/airflow/example_dags/tutorial_dag.py
[2025-02-23T04:54:12.720+0000] {processor.py:914} INFO - Processing file /home/airflow/.local/lib/python3.12/site-packages/airflow/example_dags/tutorial_dag.py for tasks to queue
[2025-02-23T04:54:12.722+0000] {logging_mixin.py:190} INFO - [2025-02-23T04:54:12.722+0000] {dagbag.py:588} INFO - Filling up the DagBag from /home/airflow/.local/lib/python3.12/site-packages/airflow/example_dags/tutorial_dag.py
[2025-02-23T04:54:12.728+0000] {processor.py:925} INFO - DAG(s) 'tutorial_dag' retrieved from /home/airflow/.local/lib/python3.12/site-packages/airflow/example_dags/tutorial_dag.py
[2025-02-23T04:54:12.743+0000] {logging_mixin.py:190} INFO - [2025-02-23T04:54:12.743+0000] {dag.py:3239} INFO - Sync 1 DAGs
[2025-02-23T04:54:12.754+0000] {logging_mixin.py:190} INFO - [2025-02-23T04:54:12.753+0000] {dag.py:4180} INFO - Setting next_dagrun for tutorial_dag to None, run_after=None
[2025-02-23T04:54:12.766+0000] {processor.py:208} INFO - Processing /home/airflow/.local/lib/python3.12/site-packages/airflow/example_dags/tutorial_dag.py took 0.050 seconds
[2025-02-23T04:54:43.151+0000] {processor.py:186} INFO - Started process (PID=1090) to work on /home/airflow/.local/lib/python3.12/site-packages/airflow/example_dags/tutorial_dag.py
[2025-02-23T04:54:43.151+0000] {processor.py:914} INFO - Processing file /home/airflow/.local/lib/python3.12/site-packages/airflow/example_dags/tutorial_dag.py for tasks to queue
[2025-02-23T04:54:43.153+0000] {logging_mixin.py:190} INFO - [2025-02-23T04:54:43.153+0000] {dagbag.py:588} INFO - Filling up the DagBag from /home/airflow/.local/lib/python3.12/site-packages/airflow/example_dags/tutorial_dag.py
[2025-02-23T04:54:43.159+0000] {processor.py:925} INFO - DAG(s) 'tutorial_dag' retrieved from /home/airflow/.local/lib/python3.12/site-packages/airflow/example_dags/tutorial_dag.py
[2025-02-23T04:54:43.174+0000] {logging_mixin.py:190} INFO - [2025-02-23T04:54:43.173+0000] {dag.py:3239} INFO - Sync 1 DAGs
[2025-02-23T04:54:43.185+0000] {logging_mixin.py:190} INFO - [2025-02-23T04:54:43.185+0000] {dag.py:4180} INFO - Setting next_dagrun for tutorial_dag to None, run_after=None
[2025-02-23T04:54:43.198+0000] {processor.py:208} INFO - Processing /home/airflow/.local/lib/python3.12/site-packages/airflow/example_dags/tutorial_dag.py took 0.051 seconds
[2025-02-23T04:55:13.442+0000] {processor.py:186} INFO - Started process (PID=1153) to work on /home/airflow/.local/lib/python3.12/site-packages/airflow/example_dags/tutorial_dag.py
[2025-02-23T04:55:13.442+0000] {processor.py:914} INFO - Processing file /home/airflow/.local/lib/python3.12/site-packages/airflow/example_dags/tutorial_dag.py for tasks to queue
[2025-02-23T04:55:13.444+0000] {logging_mixin.py:190} INFO - [2025-02-23T04:55:13.444+0000] {dagbag.py:588} INFO - Filling up the DagBag from /home/airflow/.local/lib/python3.12/site-packages/airflow/example_dags/tutorial_dag.py
[2025-02-23T04:55:13.449+0000] {processor.py:925} INFO - DAG(s) 'tutorial_dag' retrieved from /home/airflow/.local/lib/python3.12/site-packages/airflow/example_dags/tutorial_dag.py
[2025-02-23T04:55:13.466+0000] {logging_mixin.py:190} INFO - [2025-02-23T04:55:13.466+0000] {dag.py:3239} INFO - Sync 1 DAGs
[2025-02-23T04:55:13.481+0000] {logging_mixin.py:190} INFO - [2025-02-23T04:55:13.481+0000] {dag.py:4180} INFO - Setting next_dagrun for tutorial_dag to None, run_after=None
[2025-02-23T04:55:13.497+0000] {processor.py:208} INFO - Processing /home/airflow/.local/lib/python3.12/site-packages/airflow/example_dags/tutorial_dag.py took 0.060 seconds
[2025-02-23T04:55:43.622+0000] {processor.py:186} INFO - Started process (PID=1216) to work on /home/airflow/.local/lib/python3.12/site-packages/airflow/example_dags/tutorial_dag.py
[2025-02-23T04:55:43.623+0000] {processor.py:914} INFO - Processing file /home/airflow/.local/lib/python3.12/site-packages/airflow/example_dags/tutorial_dag.py for tasks to queue
[2025-02-23T04:55:43.625+0000] {logging_mixin.py:190} INFO - [2025-02-23T04:55:43.624+0000] {dagbag.py:588} INFO - Filling up the DagBag from /home/airflow/.local/lib/python3.12/site-packages/airflow/example_dags/tutorial_dag.py
[2025-02-23T04:55:43.631+0000] {processor.py:925} INFO - DAG(s) 'tutorial_dag' retrieved from /home/airflow/.local/lib/python3.12/site-packages/airflow/example_dags/tutorial_dag.py
[2025-02-23T04:55:43.647+0000] {logging_mixin.py:190} INFO - [2025-02-23T04:55:43.647+0000] {dag.py:3239} INFO - Sync 1 DAGs
[2025-02-23T04:55:43.658+0000] {logging_mixin.py:190} INFO - [2025-02-23T04:55:43.658+0000] {dag.py:4180} INFO - Setting next_dagrun for tutorial_dag to None, run_after=None
[2025-02-23T04:55:43.670+0000] {processor.py:208} INFO - Processing /home/airflow/.local/lib/python3.12/site-packages/airflow/example_dags/tutorial_dag.py took 0.053 seconds
[2025-02-23T04:56:14.018+0000] {processor.py:186} INFO - Started process (PID=1280) to work on /home/airflow/.local/lib/python3.12/site-packages/airflow/example_dags/tutorial_dag.py
[2025-02-23T04:56:14.019+0000] {processor.py:914} INFO - Processing file /home/airflow/.local/lib/python3.12/site-packages/airflow/example_dags/tutorial_dag.py for tasks to queue
[2025-02-23T04:56:14.020+0000] {logging_mixin.py:190} INFO - [2025-02-23T04:56:14.020+0000] {dagbag.py:588} INFO - Filling up the DagBag from /home/airflow/.local/lib/python3.12/site-packages/airflow/example_dags/tutorial_dag.py
[2025-02-23T04:56:14.026+0000] {processor.py:925} INFO - DAG(s) 'tutorial_dag' retrieved from /home/airflow/.local/lib/python3.12/site-packages/airflow/example_dags/tutorial_dag.py
[2025-02-23T04:56:14.039+0000] {logging_mixin.py:190} INFO - [2025-02-23T04:56:14.039+0000] {dag.py:3239} INFO - Sync 1 DAGs
[2025-02-23T04:56:14.051+0000] {logging_mixin.py:190} INFO - [2025-02-23T04:56:14.051+0000] {dag.py:4180} INFO - Setting next_dagrun for tutorial_dag to None, run_after=None
[2025-02-23T04:56:14.063+0000] {processor.py:208} INFO - Processing /home/airflow/.local/lib/python3.12/site-packages/airflow/example_dags/tutorial_dag.py took 0.049 seconds
