[2025-02-23T04:46:36.087+0000] {processor.py:186} INFO - Started process (PID=76) to work on /home/airflow/.local/lib/python3.12/site-packages/airflow/example_dags/tutorial.py
[2025-02-23T04:46:36.088+0000] {processor.py:914} INFO - Processing file /home/airflow/.local/lib/python3.12/site-packages/airflow/example_dags/tutorial.py for tasks to queue
[2025-02-23T04:46:36.090+0000] {logging_mixin.py:190} INFO - [2025-02-23T04:46:36.089+0000] {dagbag.py:588} INFO - Filling up the DagBag from /home/airflow/.local/lib/python3.12/site-packages/airflow/example_dags/tutorial.py
[2025-02-23T04:46:36.105+0000] {processor.py:925} INFO - DAG(s) 'tutorial' retrieved from /home/airflow/.local/lib/python3.12/site-packages/airflow/example_dags/tutorial.py
[2025-02-23T04:46:36.238+0000] {logging_mixin.py:190} INFO - [2025-02-23T04:46:36.238+0000] {override.py:1911} INFO - Created Permission View: can read on DAG:tutorial
[2025-02-23T04:46:36.248+0000] {logging_mixin.py:190} INFO - [2025-02-23T04:46:36.247+0000] {override.py:1911} INFO - Created Permission View: can delete on DAG:tutorial
[2025-02-23T04:46:36.253+0000] {logging_mixin.py:190} INFO - [2025-02-23T04:46:36.253+0000] {override.py:1911} INFO - Created Permission View: can edit on DAG:tutorial
[2025-02-23T04:46:36.258+0000] {logging_mixin.py:190} INFO - [2025-02-23T04:46:36.258+0000] {override.py:1911} INFO - Created Permission View: can read on DAG Run:tutorial
[2025-02-23T04:46:36.263+0000] {logging_mixin.py:190} INFO - [2025-02-23T04:46:36.263+0000] {override.py:1911} INFO - Created Permission View: can create on DAG Run:tutorial
[2025-02-23T04:46:36.269+0000] {logging_mixin.py:190} INFO - [2025-02-23T04:46:36.268+0000] {override.py:1911} INFO - Created Permission View: can delete on DAG Run:tutorial
[2025-02-23T04:46:36.274+0000] {logging_mixin.py:190} INFO - [2025-02-23T04:46:36.274+0000] {override.py:1911} INFO - Created Permission View: menu access on DAG Run:tutorial
[2025-02-23T04:46:36.275+0000] {logging_mixin.py:190} INFO - [2025-02-23T04:46:36.274+0000] {dag.py:3239} INFO - Sync 1 DAGs
[2025-02-23T04:46:36.289+0000] {logging_mixin.py:190} INFO - [2025-02-23T04:46:36.289+0000] {dag.py:3262} INFO - Creating ORM DAG for tutorial
[2025-02-23T04:46:36.300+0000] {logging_mixin.py:190} INFO - [2025-02-23T04:46:36.300+0000] {dag.py:4180} INFO - Setting next_dagrun for tutorial to 2025-02-22 00:00:00+00:00, run_after=2025-02-23 00:00:00+00:00
[2025-02-23T04:46:36.315+0000] {processor.py:208} INFO - Processing /home/airflow/.local/lib/python3.12/site-packages/airflow/example_dags/tutorial.py took 0.235 seconds
[2025-02-23T04:47:06.849+0000] {processor.py:186} INFO - Started process (PID=139) to work on /home/airflow/.local/lib/python3.12/site-packages/airflow/example_dags/tutorial.py
[2025-02-23T04:47:06.850+0000] {processor.py:914} INFO - Processing file /home/airflow/.local/lib/python3.12/site-packages/airflow/example_dags/tutorial.py for tasks to queue
[2025-02-23T04:47:06.852+0000] {logging_mixin.py:190} INFO - [2025-02-23T04:47:06.851+0000] {dagbag.py:588} INFO - Filling up the DagBag from /home/airflow/.local/lib/python3.12/site-packages/airflow/example_dags/tutorial.py
[2025-02-23T04:47:06.857+0000] {processor.py:925} INFO - DAG(s) 'tutorial' retrieved from /home/airflow/.local/lib/python3.12/site-packages/airflow/example_dags/tutorial.py
[2025-02-23T04:47:06.872+0000] {logging_mixin.py:190} INFO - [2025-02-23T04:47:06.872+0000] {dag.py:3239} INFO - Sync 1 DAGs
[2025-02-23T04:47:06.892+0000] {logging_mixin.py:190} INFO - [2025-02-23T04:47:06.891+0000] {dag.py:4180} INFO - Setting next_dagrun for tutorial to 2025-02-22 00:00:00+00:00, run_after=2025-02-23 00:00:00+00:00
[2025-02-23T04:47:06.904+0000] {processor.py:208} INFO - Processing /home/airflow/.local/lib/python3.12/site-packages/airflow/example_dags/tutorial.py took 0.059 seconds
[2025-02-23T04:47:37.376+0000] {processor.py:186} INFO - Started process (PID=202) to work on /home/airflow/.local/lib/python3.12/site-packages/airflow/example_dags/tutorial.py
[2025-02-23T04:47:37.377+0000] {processor.py:914} INFO - Processing file /home/airflow/.local/lib/python3.12/site-packages/airflow/example_dags/tutorial.py for tasks to queue
[2025-02-23T04:47:37.379+0000] {logging_mixin.py:190} INFO - [2025-02-23T04:47:37.379+0000] {dagbag.py:588} INFO - Filling up the DagBag from /home/airflow/.local/lib/python3.12/site-packages/airflow/example_dags/tutorial.py
[2025-02-23T04:47:37.388+0000] {processor.py:925} INFO - DAG(s) 'tutorial' retrieved from /home/airflow/.local/lib/python3.12/site-packages/airflow/example_dags/tutorial.py
[2025-02-23T04:47:37.407+0000] {logging_mixin.py:190} INFO - [2025-02-23T04:47:37.407+0000] {dag.py:3239} INFO - Sync 1 DAGs
[2025-02-23T04:47:37.433+0000] {logging_mixin.py:190} INFO - [2025-02-23T04:47:37.432+0000] {dag.py:4180} INFO - Setting next_dagrun for tutorial to 2025-02-22 00:00:00+00:00, run_after=2025-02-23 00:00:00+00:00
[2025-02-23T04:47:37.449+0000] {processor.py:208} INFO - Processing /home/airflow/.local/lib/python3.12/site-packages/airflow/example_dags/tutorial.py took 0.078 seconds
[2025-02-23T04:48:07.826+0000] {processor.py:186} INFO - Started process (PID=266) to work on /home/airflow/.local/lib/python3.12/site-packages/airflow/example_dags/tutorial.py
[2025-02-23T04:48:07.827+0000] {processor.py:914} INFO - Processing file /home/airflow/.local/lib/python3.12/site-packages/airflow/example_dags/tutorial.py for tasks to queue
[2025-02-23T04:48:07.829+0000] {logging_mixin.py:190} INFO - [2025-02-23T04:48:07.829+0000] {dagbag.py:588} INFO - Filling up the DagBag from /home/airflow/.local/lib/python3.12/site-packages/airflow/example_dags/tutorial.py
[2025-02-23T04:48:07.838+0000] {processor.py:925} INFO - DAG(s) 'tutorial' retrieved from /home/airflow/.local/lib/python3.12/site-packages/airflow/example_dags/tutorial.py
[2025-02-23T04:48:07.857+0000] {logging_mixin.py:190} INFO - [2025-02-23T04:48:07.856+0000] {dag.py:3239} INFO - Sync 1 DAGs
[2025-02-23T04:48:07.878+0000] {logging_mixin.py:190} INFO - [2025-02-23T04:48:07.878+0000] {dag.py:4180} INFO - Setting next_dagrun for tutorial to 2025-02-22 00:00:00+00:00, run_after=2025-02-23 00:00:00+00:00
[2025-02-23T04:48:07.894+0000] {processor.py:208} INFO - Processing /home/airflow/.local/lib/python3.12/site-packages/airflow/example_dags/tutorial.py took 0.074 seconds
[2025-02-23T04:48:38.187+0000] {processor.py:186} INFO - Started process (PID=329) to work on /home/airflow/.local/lib/python3.12/site-packages/airflow/example_dags/tutorial.py
[2025-02-23T04:48:38.188+0000] {processor.py:914} INFO - Processing file /home/airflow/.local/lib/python3.12/site-packages/airflow/example_dags/tutorial.py for tasks to queue
[2025-02-23T04:48:38.189+0000] {logging_mixin.py:190} INFO - [2025-02-23T04:48:38.189+0000] {dagbag.py:588} INFO - Filling up the DagBag from /home/airflow/.local/lib/python3.12/site-packages/airflow/example_dags/tutorial.py
[2025-02-23T04:48:38.197+0000] {processor.py:925} INFO - DAG(s) 'tutorial' retrieved from /home/airflow/.local/lib/python3.12/site-packages/airflow/example_dags/tutorial.py
[2025-02-23T04:48:38.216+0000] {logging_mixin.py:190} INFO - [2025-02-23T04:48:38.216+0000] {dag.py:3239} INFO - Sync 1 DAGs
[2025-02-23T04:48:38.241+0000] {logging_mixin.py:190} INFO - [2025-02-23T04:48:38.241+0000] {dag.py:4180} INFO - Setting next_dagrun for tutorial to 2025-02-22 00:00:00+00:00, run_after=2025-02-23 00:00:00+00:00
[2025-02-23T04:48:38.257+0000] {processor.py:208} INFO - Processing /home/airflow/.local/lib/python3.12/site-packages/airflow/example_dags/tutorial.py took 0.076 seconds
[2025-02-23T04:49:09.236+0000] {processor.py:186} INFO - Started process (PID=392) to work on /home/airflow/.local/lib/python3.12/site-packages/airflow/example_dags/tutorial.py
[2025-02-23T04:49:09.237+0000] {processor.py:914} INFO - Processing file /home/airflow/.local/lib/python3.12/site-packages/airflow/example_dags/tutorial.py for tasks to queue
[2025-02-23T04:49:09.239+0000] {logging_mixin.py:190} INFO - [2025-02-23T04:49:09.239+0000] {dagbag.py:588} INFO - Filling up the DagBag from /home/airflow/.local/lib/python3.12/site-packages/airflow/example_dags/tutorial.py
[2025-02-23T04:49:09.246+0000] {processor.py:925} INFO - DAG(s) 'tutorial' retrieved from /home/airflow/.local/lib/python3.12/site-packages/airflow/example_dags/tutorial.py
[2025-02-23T04:49:09.266+0000] {logging_mixin.py:190} INFO - [2025-02-23T04:49:09.266+0000] {dag.py:3239} INFO - Sync 1 DAGs
[2025-02-23T04:49:09.290+0000] {logging_mixin.py:190} INFO - [2025-02-23T04:49:09.290+0000] {dag.py:4180} INFO - Setting next_dagrun for tutorial to 2025-02-22 00:00:00+00:00, run_after=2025-02-23 00:00:00+00:00
[2025-02-23T04:49:09.303+0000] {processor.py:208} INFO - Processing /home/airflow/.local/lib/python3.12/site-packages/airflow/example_dags/tutorial.py took 0.072 seconds
[2025-02-23T04:49:39.330+0000] {processor.py:186} INFO - Started process (PID=454) to work on /home/airflow/.local/lib/python3.12/site-packages/airflow/example_dags/tutorial.py
[2025-02-23T04:49:39.330+0000] {processor.py:914} INFO - Processing file /home/airflow/.local/lib/python3.12/site-packages/airflow/example_dags/tutorial.py for tasks to queue
[2025-02-23T04:49:39.332+0000] {logging_mixin.py:190} INFO - [2025-02-23T04:49:39.332+0000] {dagbag.py:588} INFO - Filling up the DagBag from /home/airflow/.local/lib/python3.12/site-packages/airflow/example_dags/tutorial.py
[2025-02-23T04:49:39.338+0000] {processor.py:925} INFO - DAG(s) 'tutorial' retrieved from /home/airflow/.local/lib/python3.12/site-packages/airflow/example_dags/tutorial.py
[2025-02-23T04:49:39.352+0000] {logging_mixin.py:190} INFO - [2025-02-23T04:49:39.351+0000] {dag.py:3239} INFO - Sync 1 DAGs
[2025-02-23T04:49:39.369+0000] {logging_mixin.py:190} INFO - [2025-02-23T04:49:39.368+0000] {dag.py:4180} INFO - Setting next_dagrun for tutorial to 2025-02-22 00:00:00+00:00, run_after=2025-02-23 00:00:00+00:00
[2025-02-23T04:49:39.384+0000] {processor.py:208} INFO - Processing /home/airflow/.local/lib/python3.12/site-packages/airflow/example_dags/tutorial.py took 0.058 seconds
[2025-02-23T04:50:09.478+0000] {processor.py:186} INFO - Started process (PID=517) to work on /home/airflow/.local/lib/python3.12/site-packages/airflow/example_dags/tutorial.py
[2025-02-23T04:50:09.479+0000] {processor.py:914} INFO - Processing file /home/airflow/.local/lib/python3.12/site-packages/airflow/example_dags/tutorial.py for tasks to queue
[2025-02-23T04:50:09.480+0000] {logging_mixin.py:190} INFO - [2025-02-23T04:50:09.480+0000] {dagbag.py:588} INFO - Filling up the DagBag from /home/airflow/.local/lib/python3.12/site-packages/airflow/example_dags/tutorial.py
[2025-02-23T04:50:09.486+0000] {processor.py:925} INFO - DAG(s) 'tutorial' retrieved from /home/airflow/.local/lib/python3.12/site-packages/airflow/example_dags/tutorial.py
[2025-02-23T04:50:09.500+0000] {logging_mixin.py:190} INFO - [2025-02-23T04:50:09.500+0000] {dag.py:3239} INFO - Sync 1 DAGs
[2025-02-23T04:50:09.517+0000] {logging_mixin.py:190} INFO - [2025-02-23T04:50:09.517+0000] {dag.py:4180} INFO - Setting next_dagrun for tutorial to 2025-02-22 00:00:00+00:00, run_after=2025-02-23 00:00:00+00:00
[2025-02-23T04:50:09.530+0000] {processor.py:208} INFO - Processing /home/airflow/.local/lib/python3.12/site-packages/airflow/example_dags/tutorial.py took 0.056 seconds
[2025-02-23T04:50:39.750+0000] {processor.py:186} INFO - Started process (PID=581) to work on /home/airflow/.local/lib/python3.12/site-packages/airflow/example_dags/tutorial.py
[2025-02-23T04:50:39.751+0000] {processor.py:914} INFO - Processing file /home/airflow/.local/lib/python3.12/site-packages/airflow/example_dags/tutorial.py for tasks to queue
[2025-02-23T04:50:39.752+0000] {logging_mixin.py:190} INFO - [2025-02-23T04:50:39.752+0000] {dagbag.py:588} INFO - Filling up the DagBag from /home/airflow/.local/lib/python3.12/site-packages/airflow/example_dags/tutorial.py
[2025-02-23T04:50:39.759+0000] {processor.py:925} INFO - DAG(s) 'tutorial' retrieved from /home/airflow/.local/lib/python3.12/site-packages/airflow/example_dags/tutorial.py
[2025-02-23T04:50:39.776+0000] {logging_mixin.py:190} INFO - [2025-02-23T04:50:39.776+0000] {dag.py:3239} INFO - Sync 1 DAGs
[2025-02-23T04:50:39.800+0000] {logging_mixin.py:190} INFO - [2025-02-23T04:50:39.800+0000] {dag.py:4180} INFO - Setting next_dagrun for tutorial to 2025-02-22 00:00:00+00:00, run_after=2025-02-23 00:00:00+00:00
[2025-02-23T04:50:39.818+0000] {processor.py:208} INFO - Processing /home/airflow/.local/lib/python3.12/site-packages/airflow/example_dags/tutorial.py took 0.072 seconds
[2025-02-23T04:51:09.911+0000] {processor.py:186} INFO - Started process (PID=644) to work on /home/airflow/.local/lib/python3.12/site-packages/airflow/example_dags/tutorial.py
[2025-02-23T04:51:09.912+0000] {processor.py:914} INFO - Processing file /home/airflow/.local/lib/python3.12/site-packages/airflow/example_dags/tutorial.py for tasks to queue
[2025-02-23T04:51:09.913+0000] {logging_mixin.py:190} INFO - [2025-02-23T04:51:09.913+0000] {dagbag.py:588} INFO - Filling up the DagBag from /home/airflow/.local/lib/python3.12/site-packages/airflow/example_dags/tutorial.py
[2025-02-23T04:51:09.920+0000] {processor.py:925} INFO - DAG(s) 'tutorial' retrieved from /home/airflow/.local/lib/python3.12/site-packages/airflow/example_dags/tutorial.py
[2025-02-23T04:51:09.934+0000] {logging_mixin.py:190} INFO - [2025-02-23T04:51:09.933+0000] {dag.py:3239} INFO - Sync 1 DAGs
[2025-02-23T04:51:09.952+0000] {logging_mixin.py:190} INFO - [2025-02-23T04:51:09.952+0000] {dag.py:4180} INFO - Setting next_dagrun for tutorial to 2025-02-22 00:00:00+00:00, run_after=2025-02-23 00:00:00+00:00
[2025-02-23T04:51:09.966+0000] {processor.py:208} INFO - Processing /home/airflow/.local/lib/python3.12/site-packages/airflow/example_dags/tutorial.py took 0.059 seconds
[2025-02-23T04:51:40.045+0000] {processor.py:186} INFO - Started process (PID=707) to work on /home/airflow/.local/lib/python3.12/site-packages/airflow/example_dags/tutorial.py
[2025-02-23T04:51:40.045+0000] {processor.py:914} INFO - Processing file /home/airflow/.local/lib/python3.12/site-packages/airflow/example_dags/tutorial.py for tasks to queue
[2025-02-23T04:51:40.047+0000] {logging_mixin.py:190} INFO - [2025-02-23T04:51:40.046+0000] {dagbag.py:588} INFO - Filling up the DagBag from /home/airflow/.local/lib/python3.12/site-packages/airflow/example_dags/tutorial.py
[2025-02-23T04:51:40.053+0000] {processor.py:925} INFO - DAG(s) 'tutorial' retrieved from /home/airflow/.local/lib/python3.12/site-packages/airflow/example_dags/tutorial.py
[2025-02-23T04:51:40.070+0000] {logging_mixin.py:190} INFO - [2025-02-23T04:51:40.070+0000] {dag.py:3239} INFO - Sync 1 DAGs
[2025-02-23T04:51:40.095+0000] {logging_mixin.py:190} INFO - [2025-02-23T04:51:40.095+0000] {dag.py:4180} INFO - Setting next_dagrun for tutorial to 2025-02-22 00:00:00+00:00, run_after=2025-02-23 00:00:00+00:00
[2025-02-23T04:51:40.112+0000] {processor.py:208} INFO - Processing /home/airflow/.local/lib/python3.12/site-packages/airflow/example_dags/tutorial.py took 0.072 seconds
[2025-02-23T04:52:10.180+0000] {processor.py:186} INFO - Started process (PID=770) to work on /home/airflow/.local/lib/python3.12/site-packages/airflow/example_dags/tutorial.py
[2025-02-23T04:52:10.180+0000] {processor.py:914} INFO - Processing file /home/airflow/.local/lib/python3.12/site-packages/airflow/example_dags/tutorial.py for tasks to queue
[2025-02-23T04:52:10.182+0000] {logging_mixin.py:190} INFO - [2025-02-23T04:52:10.182+0000] {dagbag.py:588} INFO - Filling up the DagBag from /home/airflow/.local/lib/python3.12/site-packages/airflow/example_dags/tutorial.py
[2025-02-23T04:52:10.188+0000] {processor.py:925} INFO - DAG(s) 'tutorial' retrieved from /home/airflow/.local/lib/python3.12/site-packages/airflow/example_dags/tutorial.py
[2025-02-23T04:52:10.204+0000] {logging_mixin.py:190} INFO - [2025-02-23T04:52:10.203+0000] {dag.py:3239} INFO - Sync 1 DAGs
[2025-02-23T04:52:10.223+0000] {logging_mixin.py:190} INFO - [2025-02-23T04:52:10.223+0000] {dag.py:4180} INFO - Setting next_dagrun for tutorial to 2025-02-22 00:00:00+00:00, run_after=2025-02-23 00:00:00+00:00
[2025-02-23T04:52:10.237+0000] {processor.py:208} INFO - Processing /home/airflow/.local/lib/python3.12/site-packages/airflow/example_dags/tutorial.py took 0.062 seconds
[2025-02-23T04:52:40.286+0000] {processor.py:186} INFO - Started process (PID=833) to work on /home/airflow/.local/lib/python3.12/site-packages/airflow/example_dags/tutorial.py
[2025-02-23T04:52:40.286+0000] {processor.py:914} INFO - Processing file /home/airflow/.local/lib/python3.12/site-packages/airflow/example_dags/tutorial.py for tasks to queue
[2025-02-23T04:52:40.288+0000] {logging_mixin.py:190} INFO - [2025-02-23T04:52:40.288+0000] {dagbag.py:588} INFO - Filling up the DagBag from /home/airflow/.local/lib/python3.12/site-packages/airflow/example_dags/tutorial.py
[2025-02-23T04:52:40.294+0000] {processor.py:925} INFO - DAG(s) 'tutorial' retrieved from /home/airflow/.local/lib/python3.12/site-packages/airflow/example_dags/tutorial.py
[2025-02-23T04:52:40.307+0000] {logging_mixin.py:190} INFO - [2025-02-23T04:52:40.307+0000] {dag.py:3239} INFO - Sync 1 DAGs
[2025-02-23T04:52:40.324+0000] {logging_mixin.py:190} INFO - [2025-02-23T04:52:40.323+0000] {dag.py:4180} INFO - Setting next_dagrun for tutorial to 2025-02-22 00:00:00+00:00, run_after=2025-02-23 00:00:00+00:00
[2025-02-23T04:52:40.335+0000] {processor.py:208} INFO - Processing /home/airflow/.local/lib/python3.12/site-packages/airflow/example_dags/tutorial.py took 0.055 seconds
[2025-02-23T04:53:10.685+0000] {processor.py:186} INFO - Started process (PID=896) to work on /home/airflow/.local/lib/python3.12/site-packages/airflow/example_dags/tutorial.py
[2025-02-23T04:53:10.685+0000] {processor.py:914} INFO - Processing file /home/airflow/.local/lib/python3.12/site-packages/airflow/example_dags/tutorial.py for tasks to queue
[2025-02-23T04:53:10.687+0000] {logging_mixin.py:190} INFO - [2025-02-23T04:53:10.687+0000] {dagbag.py:588} INFO - Filling up the DagBag from /home/airflow/.local/lib/python3.12/site-packages/airflow/example_dags/tutorial.py
[2025-02-23T04:53:10.693+0000] {processor.py:925} INFO - DAG(s) 'tutorial' retrieved from /home/airflow/.local/lib/python3.12/site-packages/airflow/example_dags/tutorial.py
[2025-02-23T04:53:10.707+0000] {logging_mixin.py:190} INFO - [2025-02-23T04:53:10.707+0000] {dag.py:3239} INFO - Sync 1 DAGs
[2025-02-23T04:53:10.725+0000] {logging_mixin.py:190} INFO - [2025-02-23T04:53:10.725+0000] {dag.py:4180} INFO - Setting next_dagrun for tutorial to 2025-02-22 00:00:00+00:00, run_after=2025-02-23 00:00:00+00:00
[2025-02-23T04:53:10.739+0000] {processor.py:208} INFO - Processing /home/airflow/.local/lib/python3.12/site-packages/airflow/example_dags/tutorial.py took 0.058 seconds
[2025-02-23T04:53:41.223+0000] {processor.py:186} INFO - Started process (PID=959) to work on /home/airflow/.local/lib/python3.12/site-packages/airflow/example_dags/tutorial.py
[2025-02-23T04:53:41.224+0000] {processor.py:914} INFO - Processing file /home/airflow/.local/lib/python3.12/site-packages/airflow/example_dags/tutorial.py for tasks to queue
[2025-02-23T04:53:41.225+0000] {logging_mixin.py:190} INFO - [2025-02-23T04:53:41.225+0000] {dagbag.py:588} INFO - Filling up the DagBag from /home/airflow/.local/lib/python3.12/site-packages/airflow/example_dags/tutorial.py
[2025-02-23T04:53:41.232+0000] {processor.py:925} INFO - DAG(s) 'tutorial' retrieved from /home/airflow/.local/lib/python3.12/site-packages/airflow/example_dags/tutorial.py
[2025-02-23T04:53:41.249+0000] {logging_mixin.py:190} INFO - [2025-02-23T04:53:41.249+0000] {dag.py:3239} INFO - Sync 1 DAGs
[2025-02-23T04:53:41.272+0000] {logging_mixin.py:190} INFO - [2025-02-23T04:53:41.272+0000] {dag.py:4180} INFO - Setting next_dagrun for tutorial to 2025-02-22 00:00:00+00:00, run_after=2025-02-23 00:00:00+00:00
[2025-02-23T04:53:41.285+0000] {processor.py:208} INFO - Processing /home/airflow/.local/lib/python3.12/site-packages/airflow/example_dags/tutorial.py took 0.066 seconds
[2025-02-23T04:54:11.453+0000] {processor.py:186} INFO - Started process (PID=1022) to work on /home/airflow/.local/lib/python3.12/site-packages/airflow/example_dags/tutorial.py
[2025-02-23T04:54:11.453+0000] {processor.py:914} INFO - Processing file /home/airflow/.local/lib/python3.12/site-packages/airflow/example_dags/tutorial.py for tasks to queue
[2025-02-23T04:54:11.455+0000] {logging_mixin.py:190} INFO - [2025-02-23T04:54:11.455+0000] {dagbag.py:588} INFO - Filling up the DagBag from /home/airflow/.local/lib/python3.12/site-packages/airflow/example_dags/tutorial.py
[2025-02-23T04:54:11.461+0000] {processor.py:925} INFO - DAG(s) 'tutorial' retrieved from /home/airflow/.local/lib/python3.12/site-packages/airflow/example_dags/tutorial.py
[2025-02-23T04:54:11.476+0000] {logging_mixin.py:190} INFO - [2025-02-23T04:54:11.476+0000] {dag.py:3239} INFO - Sync 1 DAGs
[2025-02-23T04:54:11.494+0000] {logging_mixin.py:190} INFO - [2025-02-23T04:54:11.494+0000] {dag.py:4180} INFO - Setting next_dagrun for tutorial to 2025-02-22 00:00:00+00:00, run_after=2025-02-23 00:00:00+00:00
[2025-02-23T04:54:11.507+0000] {processor.py:208} INFO - Processing /home/airflow/.local/lib/python3.12/site-packages/airflow/example_dags/tutorial.py took 0.059 seconds
[2025-02-23T04:54:41.844+0000] {processor.py:186} INFO - Started process (PID=1085) to work on /home/airflow/.local/lib/python3.12/site-packages/airflow/example_dags/tutorial.py
[2025-02-23T04:54:41.845+0000] {processor.py:914} INFO - Processing file /home/airflow/.local/lib/python3.12/site-packages/airflow/example_dags/tutorial.py for tasks to queue
[2025-02-23T04:54:41.847+0000] {logging_mixin.py:190} INFO - [2025-02-23T04:54:41.847+0000] {dagbag.py:588} INFO - Filling up the DagBag from /home/airflow/.local/lib/python3.12/site-packages/airflow/example_dags/tutorial.py
[2025-02-23T04:54:41.855+0000] {processor.py:925} INFO - DAG(s) 'tutorial' retrieved from /home/airflow/.local/lib/python3.12/site-packages/airflow/example_dags/tutorial.py
[2025-02-23T04:54:41.882+0000] {logging_mixin.py:190} INFO - [2025-02-23T04:54:41.882+0000] {dag.py:3239} INFO - Sync 1 DAGs
[2025-02-23T04:54:41.901+0000] {logging_mixin.py:190} INFO - [2025-02-23T04:54:41.901+0000] {dag.py:4180} INFO - Setting next_dagrun for tutorial to 2025-02-22 00:00:00+00:00, run_after=2025-02-23 00:00:00+00:00
[2025-02-23T04:54:41.914+0000] {processor.py:208} INFO - Processing /home/airflow/.local/lib/python3.12/site-packages/airflow/example_dags/tutorial.py took 0.076 seconds
[2025-02-23T04:55:12.165+0000] {processor.py:186} INFO - Started process (PID=1148) to work on /home/airflow/.local/lib/python3.12/site-packages/airflow/example_dags/tutorial.py
[2025-02-23T04:55:12.166+0000] {processor.py:914} INFO - Processing file /home/airflow/.local/lib/python3.12/site-packages/airflow/example_dags/tutorial.py for tasks to queue
[2025-02-23T04:55:12.169+0000] {logging_mixin.py:190} INFO - [2025-02-23T04:55:12.168+0000] {dagbag.py:588} INFO - Filling up the DagBag from /home/airflow/.local/lib/python3.12/site-packages/airflow/example_dags/tutorial.py
[2025-02-23T04:55:12.175+0000] {processor.py:925} INFO - DAG(s) 'tutorial' retrieved from /home/airflow/.local/lib/python3.12/site-packages/airflow/example_dags/tutorial.py
[2025-02-23T04:55:12.195+0000] {logging_mixin.py:190} INFO - [2025-02-23T04:55:12.195+0000] {dag.py:3239} INFO - Sync 1 DAGs
[2025-02-23T04:55:12.223+0000] {logging_mixin.py:190} INFO - [2025-02-23T04:55:12.223+0000] {dag.py:4180} INFO - Setting next_dagrun for tutorial to 2025-02-22 00:00:00+00:00, run_after=2025-02-23 00:00:00+00:00
[2025-02-23T04:55:12.243+0000] {processor.py:208} INFO - Processing /home/airflow/.local/lib/python3.12/site-packages/airflow/example_dags/tutorial.py took 0.083 seconds
[2025-02-23T04:55:42.364+0000] {processor.py:186} INFO - Started process (PID=1211) to work on /home/airflow/.local/lib/python3.12/site-packages/airflow/example_dags/tutorial.py
[2025-02-23T04:55:42.365+0000] {processor.py:914} INFO - Processing file /home/airflow/.local/lib/python3.12/site-packages/airflow/example_dags/tutorial.py for tasks to queue
[2025-02-23T04:55:42.366+0000] {logging_mixin.py:190} INFO - [2025-02-23T04:55:42.366+0000] {dagbag.py:588} INFO - Filling up the DagBag from /home/airflow/.local/lib/python3.12/site-packages/airflow/example_dags/tutorial.py
[2025-02-23T04:55:42.373+0000] {processor.py:925} INFO - DAG(s) 'tutorial' retrieved from /home/airflow/.local/lib/python3.12/site-packages/airflow/example_dags/tutorial.py
[2025-02-23T04:55:42.390+0000] {logging_mixin.py:190} INFO - [2025-02-23T04:55:42.390+0000] {dag.py:3239} INFO - Sync 1 DAGs
[2025-02-23T04:55:42.412+0000] {logging_mixin.py:190} INFO - [2025-02-23T04:55:42.412+0000] {dag.py:4180} INFO - Setting next_dagrun for tutorial to 2025-02-22 00:00:00+00:00, run_after=2025-02-23 00:00:00+00:00
[2025-02-23T04:55:42.428+0000] {processor.py:208} INFO - Processing /home/airflow/.local/lib/python3.12/site-packages/airflow/example_dags/tutorial.py took 0.067 seconds
[2025-02-23T04:56:12.760+0000] {processor.py:186} INFO - Started process (PID=1275) to work on /home/airflow/.local/lib/python3.12/site-packages/airflow/example_dags/tutorial.py
[2025-02-23T04:56:12.761+0000] {processor.py:914} INFO - Processing file /home/airflow/.local/lib/python3.12/site-packages/airflow/example_dags/tutorial.py for tasks to queue
[2025-02-23T04:56:12.762+0000] {logging_mixin.py:190} INFO - [2025-02-23T04:56:12.762+0000] {dagbag.py:588} INFO - Filling up the DagBag from /home/airflow/.local/lib/python3.12/site-packages/airflow/example_dags/tutorial.py
[2025-02-23T04:56:12.771+0000] {processor.py:925} INFO - DAG(s) 'tutorial' retrieved from /home/airflow/.local/lib/python3.12/site-packages/airflow/example_dags/tutorial.py
[2025-02-23T04:56:12.788+0000] {logging_mixin.py:190} INFO - [2025-02-23T04:56:12.787+0000] {dag.py:3239} INFO - Sync 1 DAGs
[2025-02-23T04:56:12.808+0000] {logging_mixin.py:190} INFO - [2025-02-23T04:56:12.807+0000] {dag.py:4180} INFO - Setting next_dagrun for tutorial to 2025-02-22 00:00:00+00:00, run_after=2025-02-23 00:00:00+00:00
[2025-02-23T04:56:12.821+0000] {processor.py:208} INFO - Processing /home/airflow/.local/lib/python3.12/site-packages/airflow/example_dags/tutorial.py took 0.065 seconds
